<?xml version="1.0" encoding="UTF-8"?>
<coverage generated="1768529829334" clover="3.2.0">
  <project timestamp="1768529829334" name="All files">
    <metrics statements="1167" coveredstatements="749" conditionals="849" coveredconditionals="383" methods="202" coveredmethods="131" elements="2218" coveredelements="1263" complexity="0" loc="1167" ncloc="1167" packages="4" files="47" classes="47"/>
    <package name="controllers">
      <metrics statements="551" coveredstatements="319" conditionals="487" coveredconditionals="198" methods="71" coveredmethods="49"/>
      <file name="baseController.js" path="C:\Users\bianc\Desktop\Vivaigarassu\controllers\baseController.js">
        <metrics statements="25" coveredstatements="19" conditionals="7" coveredconditionals="5" methods="9" coveredmethods="7"/>
        <line num="2" count="89" type="stmt"/>
        <line num="3" count="28" type="stmt"/>
        <line num="8" count="6" type="cond" truecount="1" falsecount="1"/>
        <line num="11" count="30" type="stmt"/>
        <line num="12" count="46" type="cond" truecount="4" falsecount="0"/>
        <line num="14" count="8" type="stmt"/>
        <line num="17" count="6" type="stmt"/>
        <line num="18" count="6" type="stmt"/>
        <line num="19" count="6" type="stmt"/>
        <line num="20" count="6" type="stmt"/>
        <line num="21" count="6" type="stmt"/>
        <line num="23" count="6" type="stmt"/>
        <line num="25" count="2" type="stmt"/>
        <line num="26" count="2" type="stmt"/>
        <line num="30" count="1" type="stmt"/>
        <line num="31" count="1" type="stmt"/>
        <line num="35" count="0" type="stmt"/>
        <line num="36" count="0" type="stmt"/>
        <line num="37" count="0" type="stmt"/>
        <line num="41" count="0" type="stmt"/>
        <line num="42" count="0" type="stmt"/>
        <line num="43" count="0" type="stmt"/>
        <line num="47" count="1" type="stmt"/>
        <line num="48" count="1" type="stmt"/>
        <line num="49" count="1" type="stmt"/>
      </file>
      <file name="dashboardsController.js" path="C:\Users\bianc\Desktop\Vivaigarassu\controllers\dashboardsController.js">
        <metrics statements="63" coveredstatements="24" conditionals="64" coveredconditionals="17" methods="7" coveredmethods="4"/>
        <line num="7" count="2" type="stmt"/>
        <line num="8" count="2" type="cond" truecount="2" falsecount="0"/>
        <line num="9" count="2" type="cond" truecount="2" falsecount="0"/>
        <line num="10" count="1" type="stmt"/>
        <line num="13" count="1" type="stmt"/>
        <line num="14" count="1" type="stmt"/>
        <line num="17" count="0" type="cond" truecount="0" falsecount="2"/>
        <line num="24" count="1" type="stmt"/>
        <line num="25" count="1" type="cond" truecount="2" falsecount="0"/>
        <line num="26" count="1" type="cond" truecount="1" falsecount="1"/>
        <line num="27" count="0" type="stmt"/>
        <line num="30" count="1" type="stmt"/>
        <line num="31" count="1" type="stmt"/>
        <line num="34" count="0" type="cond" truecount="0" falsecount="2"/>
        <line num="41" count="0" type="stmt"/>
        <line num="42" count="0" type="cond" truecount="0" falsecount="2"/>
        <line num="43" count="0" type="cond" truecount="0" falsecount="2"/>
        <line num="44" count="0" type="stmt"/>
        <line num="47" count="0" type="stmt"/>
        <line num="48" count="0" type="stmt"/>
        <line num="51" count="0" type="stmt"/>
        <line num="58" count="1" type="stmt"/>
        <line num="59" count="1" type="cond" truecount="2" falsecount="0"/>
        <line num="60" count="1" type="cond" truecount="1" falsecount="1"/>
        <line num="61" count="0" type="stmt"/>
        <line num="64" count="1" type="stmt"/>
        <line num="65" count="1" type="cond" truecount="1" falsecount="1"/>
        <line num="66" count="1" type="stmt"/>
        <line num="69" count="0" type="stmt"/>
        <line num="76" count="1" type="stmt"/>
        <line num="77" count="1" type="cond" truecount="2" falsecount="0"/>
        <line num="78" count="1" type="cond" truecount="1" falsecount="1"/>
        <line num="79" count="0" type="stmt"/>
        <line num="82" count="1" type="stmt"/>
        <line num="83" count="1" type="stmt"/>
        <line num="85" count="1" type="cond" truecount="3" falsecount="1"/>
        <line num="86" count="1" type="stmt"/>
        <line num="89" count="0" type="stmt"/>
        <line num="90" count="0" type="stmt"/>
        <line num="93" count="0" type="cond" truecount="0" falsecount="2"/>
        <line num="100" count="0" type="stmt"/>
        <line num="101" count="0" type="cond" truecount="0" falsecount="2"/>
        <line num="102" count="0" type="cond" truecount="0" falsecount="2"/>
        <line num="103" count="0" type="stmt"/>
        <line num="106" count="0" type="stmt"/>
        <line num="107" count="0" type="stmt"/>
        <line num="108" count="0" type="stmt"/>
        <line num="110" count="0" type="cond" truecount="0" falsecount="4"/>
        <line num="111" count="0" type="stmt"/>
        <line num="114" count="0" type="cond" truecount="0" falsecount="2"/>
        <line num="115" count="0" type="stmt"/>
        <line num="118" count="0" type="stmt"/>
        <line num="125" count="0" type="stmt"/>
        <line num="126" count="0" type="cond" truecount="0" falsecount="2"/>
        <line num="127" count="0" type="cond" truecount="0" falsecount="2"/>
        <line num="128" count="0" type="stmt"/>
        <line num="131" count="0" type="stmt"/>
        <line num="132" count="0" type="stmt"/>
        <line num="134" count="0" type="cond" truecount="0" falsecount="4"/>
        <line num="135" count="0" type="stmt"/>
        <line num="138" count="0" type="stmt"/>
        <line num="139" count="0" type="stmt"/>
        <line num="142" count="0" type="stmt"/>
      </file>
      <file name="empresaController.js" path="C:\Users\bianc\Desktop\Vivaigarassu\controllers\empresaController.js">
        <metrics statements="58" coveredstatements="38" conditionals="56" coveredconditionals="27" methods="11" coveredmethods="8"/>
        <line num="5" count="4" type="stmt"/>
        <line num="8" count="3" type="stmt"/>
        <line num="9" count="3" type="stmt"/>
        <line num="10" count="3" type="cond" truecount="2" falsecount="0"/>
        <line num="14" count="3" type="stmt"/>
        <line num="16" count="0" type="stmt"/>
        <line num="21" count="3" type="stmt"/>
        <line num="22" count="3" type="stmt"/>
        <line num="23" count="3" type="stmt"/>
        <line num="24" count="1" type="cond" truecount="1" falsecount="1"/>
        <line num="25" count="1" type="stmt"/>
        <line num="27" count="2" type="cond" truecount="3" falsecount="1"/>
        <line num="28" count="0" type="stmt"/>
        <line num="33" count="3" type="stmt"/>
        <line num="34" count="3" type="stmt"/>
        <line num="39" count="3" type="cond" truecount="2" falsecount="1"/>
        <line num="40" count="3" type="cond" truecount="1" falsecount="1"/>
        <line num="41" count="0" type="cond" truecount="0" falsecount="7"/>
        <line num="44" count="3" type="stmt"/>
        <line num="45" count="2" type="stmt"/>
        <line num="47" count="1" type="cond" truecount="3" falsecount="1"/>
        <line num="52" count="0" type="stmt"/>
        <line num="53" count="0" type="stmt"/>
        <line num="54" count="0" type="stmt"/>
        <line num="58" count="0" type="stmt"/>
        <line num="59" count="0" type="stmt"/>
        <line num="60" count="0" type="stmt"/>
        <line num="64" count="0" type="stmt"/>
        <line num="65" count="0" type="stmt"/>
        <line num="66" count="0" type="stmt"/>
        <line num="70" count="3" type="stmt"/>
        <line num="71" count="3" type="stmt"/>
        <line num="72" count="3" type="cond" truecount="3" falsecount="1"/>
        <line num="73" count="3" type="stmt"/>
        <line num="75" count="0" type="stmt"/>
        <line num="76" count="0" type="stmt"/>
        <line num="80" count="1" type="stmt"/>
        <line num="81" count="1" type="stmt"/>
        <line num="82" count="1" type="cond" truecount="3" falsecount="1"/>
        <line num="83" count="1" type="stmt"/>
        <line num="85" count="0" type="stmt"/>
        <line num="86" count="0" type="stmt"/>
        <line num="94" count="1" type="stmt"/>
        <line num="95" count="1" type="stmt"/>
        <line num="96" count="1" type="stmt"/>
        <line num="100" count="1" type="cond" truecount="2" falsecount="1"/>
        <line num="101" count="1" type="cond" truecount="1" falsecount="1"/>
        <line num="102" count="0" type="cond" truecount="0" falsecount="7"/>
        <line num="104" count="1" type="stmt"/>
        <line num="105" count="0" type="stmt"/>
        <line num="107" count="1" type="cond" truecount="3" falsecount="1"/>
        <line num="108" count="0" type="cond" truecount="0" falsecount="4"/>
        <line num="112" count="1" type="stmt"/>
        <line num="113" count="1" type="stmt"/>
        <line num="114" count="1" type="stmt"/>
        <line num="115" count="0" type="stmt"/>
        <line num="117" count="1" type="cond" truecount="3" falsecount="1"/>
        <line num="118" count="1" type="stmt"/>
      </file>
      <file name="enderecosController.js" path="C:\Users\bianc\Desktop\Vivaigarassu\controllers\enderecosController.js">
        <metrics statements="63" coveredstatements="53" conditionals="86" coveredconditionals="37" methods="5" coveredmethods="5"/>
        <line num="4" count="2" type="stmt"/>
        <line num="5" count="2" type="stmt"/>
        <line num="6" count="2" type="stmt"/>
        <line num="7" count="2" type="cond" truecount="2" falsecount="0"/>
        <line num="8" count="1" type="stmt"/>
        <line num="10" count="1" type="stmt"/>
        <line num="12" count="0" type="stmt"/>
        <line num="17" count="1" type="stmt"/>
        <line num="18" count="1" type="cond" truecount="1" falsecount="1"/>
        <line num="20" count="1" type="cond" truecount="1" falsecount="4"/>
        <line num="21" count="1" type="cond" truecount="3" falsecount="3"/>
        <line num="22" count="1" type="stmt"/>
        <line num="23" count="1" type="stmt"/>
        <line num="28" count="1" type="stmt"/>
        <line num="29" count="1" type="cond" truecount="1" falsecount="1"/>
        <line num="30" count="1" type="cond" truecount="1" falsecount="1"/>
        <line num="31" count="1" type="cond" truecount="1" falsecount="1"/>
        <line num="32" count="1" type="cond" truecount="1" falsecount="1"/>
        <line num="33" count="1" type="cond" truecount="1" falsecount="1"/>
        <line num="34" count="1" type="cond" truecount="1" falsecount="1"/>
        <line num="36" count="1" type="cond" truecount="2" falsecount="3"/>
        <line num="37" count="0" type="stmt"/>
        <line num="38" count="0" type="cond" truecount="0" falsecount="2"/>
        <line num="40" count="1" type="cond" truecount="2" falsecount="3"/>
        <line num="41" count="0" type="stmt"/>
        <line num="42" count="0" type="cond" truecount="0" falsecount="2"/>
        <line num="45" count="1" type="cond" truecount="4" falsecount="1"/>
        <line num="46" count="0" type="stmt"/>
        <line num="49" count="6" type="cond" truecount="1" falsecount="1"/>
        <line num="52" count="1" type="stmt"/>
        <line num="53" count="1" type="stmt"/>
        <line num="54" count="1" type="stmt"/>
        <line num="56" count="0" type="cond" truecount="0" falsecount="4"/>
        <line num="57" count="0" type="cond" truecount="0" falsecount="4"/>
        <line num="60" count="0" type="stmt"/>
        <line num="61" count="0" type="stmt"/>
        <line num="66" count="5" type="stmt"/>
        <line num="68" count="1" type="stmt"/>
        <line num="69" count="1" type="stmt"/>
        <line num="70" count="1" type="stmt"/>
        <line num="71" count="1" type="stmt"/>
        <line num="72" count="1" type="stmt"/>
        <line num="74" count="1" type="cond" truecount="1" falsecount="1"/>
        <line num="75" count="1" type="stmt"/>
        <line num="76" count="1" type="cond" truecount="1" falsecount="1"/>
        <line num="77" count="1" type="stmt"/>
        <line num="78" count="1" type="stmt"/>
        <line num="82" count="1" type="cond" truecount="1" falsecount="1"/>
        <line num="83" count="1" type="stmt"/>
        <line num="84" count="1" type="cond" truecount="1" falsecount="1"/>
        <line num="85" count="1" type="stmt"/>
        <line num="86" count="1" type="stmt"/>
        <line num="90" count="1" type="cond" truecount="1" falsecount="1"/>
        <line num="91" count="1" type="cond" truecount="1" falsecount="1"/>
        <line num="92" count="1" type="stmt"/>
        <line num="94" count="1" type="cond" truecount="1" falsecount="1"/>
        <line num="95" count="1" type="stmt"/>
        <line num="96" count="1" type="cond" truecount="1" falsecount="1"/>
        <line num="97" count="1" type="stmt"/>
        <line num="98" count="1" type="cond" truecount="1" falsecount="1"/>
        <line num="99" count="1" type="stmt"/>
        <line num="100" count="1" type="stmt"/>
        <line num="104" count="1" type="stmt"/>
      </file>
      <file name="eventosController.js" path="C:\Users\bianc\Desktop\Vivaigarassu\controllers\eventosController.js">
        <metrics statements="66" coveredstatements="28" conditionals="83" coveredconditionals="24" methods="6" coveredmethods="4"/>
        <line num="6" count="2" type="stmt"/>
        <line num="7" count="2" type="stmt"/>
        <line num="8" count="2" type="cond" truecount="2" falsecount="0"/>
        <line num="12" count="2" type="stmt"/>
        <line num="14" count="0" type="stmt"/>
        <line num="19" count="0" type="stmt"/>
        <line num="20" count="0" type="stmt"/>
        <line num="21" count="0" type="stmt"/>
        <line num="22" count="0" type="cond" truecount="0" falsecount="2"/>
        <line num="23" count="0" type="stmt"/>
        <line num="25" count="0" type="stmt"/>
        <line num="27" count="0" type="stmt"/>
        <line num="34" count="3" type="stmt"/>
        <line num="35" count="3" type="cond" truecount="2" falsecount="0"/>
        <line num="38" count="3" type="stmt"/>
        <line num="39" count="3" type="cond" truecount="4" falsecount="1"/>
        <line num="40" count="0" type="stmt"/>
        <line num="43" count="3" type="stmt"/>
        <line num="44" count="3" type="cond" truecount="1" falsecount="1"/>
        <line num="45" count="0" type="stmt"/>
        <line num="48" count="3" type="cond" truecount="4" falsecount="0"/>
        <line num="49" count="1" type="cond" truecount="1" falsecount="1"/>
        <line num="50" count="1" type="cond" truecount="1" falsecount="1"/>
        <line num="51" count="1" type="stmt"/>
        <line num="57" count="1" type="stmt"/>
        <line num="59" count="1" type="stmt"/>
        <line num="62" count="3" type="cond" truecount="4" falsecount="0"/>
        <line num="63" count="2" type="stmt"/>
        <line num="64" count="2" type="cond" truecount="1" falsecount="1"/>
        <line num="67" count="3" type="stmt"/>
        <line num="73" count="3" type="cond" truecount="2" falsecount="1"/>
        <line num="74" count="3" type="cond" truecount="1" falsecount="1"/>
        <line num="75" count="0" type="cond" truecount="0" falsecount="7"/>
        <line num="78" count="3" type="stmt"/>
        <line num="79" count="3" type="stmt"/>
        <line num="81" count="0" type="stmt"/>
        <line num="88" count="0" type="stmt"/>
        <line num="89" count="0" type="stmt"/>
        <line num="91" count="0" type="cond" truecount="0" falsecount="4"/>
        <line num="92" count="0" type="stmt"/>
        <line num="93" count="0" type="cond" truecount="0" falsecount="2"/>
        <line num="94" count="0" type="cond" truecount="0" falsecount="2"/>
        <line num="95" count="0" type="cond" truecount="0" falsecount="4"/>
        <line num="96" count="0" type="cond" truecount="0" falsecount="2"/>
        <line num="97" count="0" type="cond" truecount="0" falsecount="2"/>
        <line num="98" count="0" type="stmt"/>
        <line num="104" count="0" type="stmt"/>
        <line num="106" count="0" type="stmt"/>
        <line num="109" count="0" type="cond" truecount="0" falsecount="4"/>
        <line num="110" count="0" type="stmt"/>
        <line num="111" count="0" type="cond" truecount="0" falsecount="2"/>
        <line num="114" count="0" type="stmt"/>
        <line num="120" count="0" type="cond" truecount="0" falsecount="3"/>
        <line num="121" count="0" type="cond" truecount="0" falsecount="2"/>
        <line num="122" count="0" type="cond" truecount="0" falsecount="7"/>
        <line num="125" count="0" type="stmt"/>
        <line num="126" count="0" type="stmt"/>
        <line num="128" count="0" type="stmt"/>
        <line num="135" count="2" type="stmt"/>
        <line num="136" count="2" type="stmt"/>
        <line num="137" count="2" type="cond" truecount="1" falsecount="1"/>
        <line num="138" count="2" type="stmt"/>
        <line num="140" count="0" type="stmt"/>
        <line num="145" count="0" type="stmt"/>
        <line num="146" count="0" type="stmt"/>
        <line num="150" count="0" type="stmt"/>
      </file>
      <file name="figurinhasController.js" path="C:\Users\bianc\Desktop\Vivaigarassu\controllers\figurinhasController.js">
        <metrics statements="1" coveredstatements="1" conditionals="0" coveredconditionals="0" methods="0" coveredmethods="0"/>
        <line num="4" count="2" type="stmt"/>
      </file>
      <file name="minhasFigurinhasController.js" path="C:\Users\bianc\Desktop\Vivaigarassu\controllers\minhasFigurinhasController.js">
        <metrics statements="3" coveredstatements="3" conditionals="0" coveredconditionals="0" methods="1" coveredmethods="1"/>
        <line num="5" count="1" type="stmt"/>
        <line num="6" count="1" type="stmt"/>
        <line num="7" count="1" type="stmt"/>
      </file>
      <file name="pontosTuristicosController.js" path="C:\Users\bianc\Desktop\Vivaigarassu\controllers\pontosTuristicosController.js">
        <metrics statements="101" coveredstatements="83" conditionals="93" coveredconditionals="64" methods="7" coveredmethods="6"/>
        <line num="7" count="2" type="stmt"/>
        <line num="8" count="2" type="stmt"/>
        <line num="9" count="2" type="stmt"/>
        <line num="12" count="0" type="cond" truecount="0" falsecount="2"/>
        <line num="13" count="0" type="stmt"/>
        <line num="18" count="0" type="stmt"/>
        <line num="19" count="0" type="stmt"/>
        <line num="20" count="0" type="stmt"/>
        <line num="21" count="0" type="stmt"/>
        <line num="23" count="0" type="cond" truecount="0" falsecount="2"/>
        <line num="24" count="0" type="stmt"/>
        <line num="29" count="8" type="stmt"/>
        <line num="30" count="8" type="stmt"/>
        <line num="31" count="8" type="cond" truecount="2" falsecount="0"/>
        <line num="34" count="8" type="stmt"/>
        <line num="35" count="8" type="cond" truecount="5" falsecount="0"/>
        <line num="37" count="8" type="stmt"/>
        <line num="38" count="8" type="cond" truecount="2" falsecount="0"/>
        <line num="40" count="8" type="cond" truecount="4" falsecount="0"/>
        <line num="41" count="2" type="cond" truecount="1" falsecount="1"/>
        <line num="42" count="2" type="cond" truecount="1" falsecount="1"/>
        <line num="43" count="2" type="stmt"/>
        <line num="50" count="2" type="stmt"/>
        <line num="53" count="8" type="cond" truecount="2" falsecount="0"/>
        <line num="54" count="3" type="stmt"/>
        <line num="57" count="5" type="stmt"/>
        <line num="58" count="5" type="cond" truecount="5" falsecount="0"/>
        <line num="59" count="5" type="cond" truecount="4" falsecount="0"/>
        <line num="60" count="4" type="stmt"/>
        <line num="61" count="4" type="cond" truecount="5" falsecount="0"/>
        <line num="62" count="2" type="stmt"/>
        <line num="64" count="2" type="stmt"/>
        <line num="65" count="2" type="stmt"/>
        <line num="66" count="1" type="stmt"/>
        <line num="68" count="1" type="stmt"/>
        <line num="69" count="1" type="stmt"/>
        <line num="73" count="2" type="stmt"/>
        <line num="74" count="2" type="cond" truecount="1" falsecount="1"/>
        <line num="75" count="2" type="cond" truecount="1" falsecount="1"/>
        <line num="76" count="2" type="stmt"/>
        <line num="81" count="2" type="stmt"/>
        <line num="82" count="2" type="stmt"/>
        <line num="85" count="2" type="stmt"/>
        <line num="91" count="2" type="stmt"/>
        <line num="92" count="2" type="stmt"/>
        <line num="93" count="2" type="stmt"/>
        <line num="94" count="2" type="stmt"/>
        <line num="95" count="2" type="stmt"/>
        <line num="96" count="2" type="stmt"/>
        <line num="100" count="2" type="stmt"/>
        <line num="101" count="2" type="stmt"/>
        <line num="102" count="2" type="stmt"/>
        <line num="104" count="0" type="cond" truecount="0" falsecount="4"/>
        <line num="105" count="0" type="cond" truecount="0" falsecount="2"/>
        <line num="106" count="0" type="cond" truecount="0" falsecount="8"/>
        <line num="110" count="0" type="stmt"/>
        <line num="112" count="0" type="cond" truecount="0" falsecount="2"/>
        <line num="113" count="0" type="stmt"/>
        <line num="118" count="12" type="stmt"/>
        <line num="120" count="4" type="stmt"/>
        <line num="121" count="4" type="stmt"/>
        <line num="122" count="4" type="stmt"/>
        <line num="123" count="4" type="stmt"/>
        <line num="124" count="4" type="stmt"/>
        <line num="126" count="4" type="cond" truecount="1" falsecount="1"/>
        <line num="127" count="4" type="stmt"/>
        <line num="128" count="4" type="cond" truecount="2" falsecount="0"/>
        <line num="129" count="2" type="stmt"/>
        <line num="130" count="2" type="stmt"/>
        <line num="134" count="4" type="cond" truecount="1" falsecount="1"/>
        <line num="135" count="4" type="stmt"/>
        <line num="136" count="4" type="cond" truecount="2" falsecount="0"/>
        <line num="137" count="2" type="stmt"/>
        <line num="138" count="2" type="stmt"/>
        <line num="142" count="4" type="cond" truecount="1" falsecount="1"/>
        <line num="143" count="4" type="cond" truecount="2" falsecount="0"/>
        <line num="144" count="4" type="stmt"/>
        <line num="146" count="4" type="cond" truecount="2" falsecount="0"/>
        <line num="147" count="4" type="stmt"/>
        <line num="148" count="4" type="cond" truecount="2" falsecount="0"/>
        <line num="149" count="2" type="stmt"/>
        <line num="150" count="2" type="cond" truecount="1" falsecount="1"/>
        <line num="151" count="2" type="stmt"/>
        <line num="152" count="2" type="stmt"/>
        <line num="156" count="4" type="stmt"/>
        <line num="167" count="2" type="stmt"/>
        <line num="168" count="2" type="stmt"/>
        <line num="169" count="2" type="stmt"/>
        <line num="171" count="2" type="cond" truecount="2" falsecount="0"/>
        <line num="172" count="1" type="stmt"/>
        <line num="175" count="1" type="stmt"/>
        <line num="178" count="0" type="stmt"/>
        <line num="179" count="0" type="stmt"/>
        <line num="184" count="2" type="stmt"/>
        <line num="185" count="2" type="stmt"/>
        <line num="186" count="2" type="stmt"/>
        <line num="188" count="2" type="cond" truecount="2" falsecount="0"/>
        <line num="189" count="1" type="stmt"/>
        <line num="192" count="1" type="stmt"/>
        <line num="194" count="0" type="stmt"/>
        <line num="195" count="0" type="stmt"/>
      </file>
      <file name="qrCodeController.js" path="C:\Users\bianc\Desktop\Vivaigarassu\controllers\qrCodeController.js">
        <metrics statements="9" coveredstatements="7" conditionals="4" coveredconditionals="0" methods="2" coveredmethods="2"/>
        <line num="5" count="1" type="stmt"/>
        <line num="6" count="1" type="stmt"/>
        <line num="8" count="1" type="stmt"/>
        <line num="10" count="1" type="stmt"/>
        <line num="13" count="0" type="stmt"/>
        <line num="20" count="1" type="stmt"/>
        <line num="21" count="1" type="stmt"/>
        <line num="22" count="1" type="stmt"/>
        <line num="24" count="0" type="stmt"/>
      </file>
      <file name="qrCodePdfController.js" path="C:\Users\bianc\Desktop\Vivaigarassu\controllers\qrCodePdfController.js">
        <metrics statements="27" coveredstatements="9" conditionals="4" coveredconditionals="1" methods="3" coveredmethods="2"/>
        <line num="6" count="1" type="stmt"/>
        <line num="7" count="1" type="stmt"/>
        <line num="9" count="1" type="stmt"/>
        <line num="11" count="1" type="stmt"/>
        <line num="13" count="0" type="stmt"/>
        <line num="18" count="1" type="stmt"/>
        <line num="19" count="1" type="stmt"/>
        <line num="20" count="1" type="stmt"/>
        <line num="22" count="1" type="cond" truecount="1" falsecount="1"/>
        <line num="23" count="1" type="stmt"/>
        <line num="26" count="0" type="stmt"/>
        <line num="27" count="0" type="stmt"/>
        <line num="29" count="0" type="stmt"/>
        <line num="30" count="0" type="stmt"/>
        <line num="32" count="0" type="stmt"/>
        <line num="33" count="0" type="stmt"/>
        <line num="38" count="0" type="stmt"/>
        <line num="39" count="0" type="stmt"/>
        <line num="40" count="0" type="stmt"/>
        <line num="42" count="0" type="cond" truecount="0" falsecount="2"/>
        <line num="43" count="0" type="stmt"/>
        <line num="46" count="0" type="stmt"/>
        <line num="47" count="0" type="stmt"/>
        <line num="49" count="0" type="stmt"/>
        <line num="50" count="0" type="stmt"/>
        <line num="52" count="0" type="stmt"/>
        <line num="53" count="0" type="stmt"/>
      </file>
      <file name="recompensasController.js" path="C:\Users\bianc\Desktop\Vivaigarassu\controllers\recompensasController.js">
        <metrics statements="60" coveredstatements="19" conditionals="62" coveredconditionals="11" methods="7" coveredmethods="3"/>
        <line num="8" count="2" type="stmt"/>
        <line num="9" count="2" type="stmt"/>
        <line num="11" count="2" type="stmt"/>
        <line num="12" count="2" type="cond" truecount="2" falsecount="0"/>
        <line num="16" count="2" type="stmt"/>
        <line num="18" count="0" type="stmt"/>
        <line num="23" count="1" type="stmt"/>
        <line num="24" count="1" type="stmt"/>
        <line num="25" count="1" type="stmt"/>
        <line num="26" count="1" type="cond" truecount="1" falsecount="1"/>
        <line num="27" count="0" type="stmt"/>
        <line num="29" count="1" type="stmt"/>
        <line num="31" count="0" type="stmt"/>
        <line num="36" count="1" type="stmt"/>
        <line num="40" count="1" type="stmt"/>
        <line num="41" count="1" type="stmt"/>
        <line num="43" count="1" type="cond" truecount="3" falsecount="3"/>
        <line num="44" count="0" type="stmt"/>
        <line num="47" count="1" type="stmt"/>
        <line num="48" count="1" type="cond" truecount="1" falsecount="1"/>
        <line num="49" count="0" type="stmt"/>
        <line num="52" count="1" type="cond" truecount="3" falsecount="1"/>
        <line num="53" count="0" type="cond" truecount="0" falsecount="2"/>
        <line num="54" count="0" type="cond" truecount="0" falsecount="2"/>
        <line num="55" count="0" type="stmt"/>
        <line num="61" count="0" type="stmt"/>
        <line num="65" count="1" type="cond" truecount="1" falsecount="1"/>
        <line num="66" count="1" type="stmt"/>
        <line num="69" count="0" type="stmt"/>
        <line num="74" count="0" type="cond" truecount="0" falsecount="3"/>
        <line num="75" count="0" type="cond" truecount="0" falsecount="2"/>
        <line num="76" count="0" type="cond" truecount="0" falsecount="7"/>
        <line num="79" count="0" type="stmt"/>
        <line num="80" count="0" type="stmt"/>
        <line num="82" count="0" type="cond" truecount="0" falsecount="2"/>
        <line num="83" count="0" type="stmt"/>
        <line num="88" count="0" type="stmt"/>
        <line num="89" count="0" type="stmt"/>
        <line num="90" count="0" type="stmt"/>
        <line num="92" count="0" type="cond" truecount="0" falsecount="3"/>
        <line num="93" count="0" type="cond" truecount="0" falsecount="2"/>
        <line num="94" count="0" type="cond" truecount="0" falsecount="7"/>
        <line num="97" count="0" type="stmt"/>
        <line num="98" count="0" type="stmt"/>
        <line num="100" count="0" type="cond" truecount="0" falsecount="2"/>
        <line num="101" count="0" type="stmt"/>
        <line num="106" count="0" type="stmt"/>
        <line num="107" count="0" type="stmt"/>
        <line num="108" count="0" type="stmt"/>
        <line num="109" count="0" type="stmt"/>
        <line num="113" count="0" type="stmt"/>
        <line num="118" count="0" type="stmt"/>
        <line num="119" count="0" type="stmt"/>
        <line num="121" count="0" type="cond" truecount="0" falsecount="3"/>
        <line num="122" count="0" type="cond" truecount="0" falsecount="2"/>
        <line num="123" count="0" type="stmt"/>
        <line num="126" count="0" type="cond" truecount="0" falsecount="7"/>
        <line num="127" count="0" type="stmt"/>
        <line num="129" count="0" type="stmt"/>
        <line num="134" count="0" type="stmt"/>
      </file>
      <file name="resgatesController.js" path="C:\Users\bianc\Desktop\Vivaigarassu\controllers\resgatesController.js">
        <metrics statements="7" coveredstatements="6" conditionals="2" coveredconditionals="1" methods="2" coveredmethods="2"/>
        <line num="5" count="1" type="stmt"/>
        <line num="7" count="1" type="stmt"/>
        <line num="13" count="1" type="stmt"/>
        <line num="17" count="1" type="stmt"/>
        <line num="19" count="1" type="cond" truecount="1" falsecount="1"/>
        <line num="20" count="1" type="stmt"/>
        <line num="26" count="0" type="stmt"/>
      </file>
      <file name="userController.js" path="C:\Users\bianc\Desktop\Vivaigarassu\controllers\userController.js">
        <metrics statements="54" coveredstatements="16" conditionals="12" coveredconditionals="3" methods="9" coveredmethods="3"/>
        <line num="4" count="2" type="stmt"/>
        <line num="5" count="2" type="stmt"/>
        <line num="7" count="2" type="stmt"/>
        <line num="9" count="1" type="stmt"/>
        <line num="12" count="1" type="stmt"/>
        <line num="17" count="2" type="stmt"/>
        <line num="18" count="2" type="stmt"/>
        <line num="19" count="1" type="stmt"/>
        <line num="22" count="1" type="cond" truecount="1" falsecount="1"/>
        <line num="23" count="1" type="stmt"/>
        <line num="28" count="2" type="stmt"/>
        <line num="29" count="2" type="stmt"/>
        <line num="31" count="2" type="stmt"/>
        <line num="33" count="2" type="cond" truecount="2" falsecount="0"/>
        <line num="34" count="1" type="stmt"/>
        <line num="37" count="1" type="stmt"/>
        <line num="40" count="0" type="stmt"/>
        <line num="45" count="0" type="stmt"/>
        <line num="46" count="0" type="stmt"/>
        <line num="47" count="0" type="stmt"/>
        <line num="49" count="0" type="stmt"/>
        <line num="51" count="0" type="stmt"/>
        <line num="54" count="0" type="cond" truecount="0" falsecount="2"/>
        <line num="55" count="0" type="stmt"/>
        <line num="60" count="0" type="stmt"/>
        <line num="61" count="0" type="stmt"/>
        <line num="62" count="0" type="stmt"/>
        <line num="63" count="0" type="stmt"/>
        <line num="65" count="0" type="stmt"/>
        <line num="66" count="0" type="stmt"/>
        <line num="71" count="0" type="stmt"/>
        <line num="72" count="0" type="stmt"/>
        <line num="73" count="0" type="stmt"/>
        <line num="75" count="0" type="stmt"/>
        <line num="76" count="0" type="stmt"/>
        <line num="81" count="0" type="stmt"/>
        <line num="82" count="0" type="stmt"/>
        <line num="83" count="0" type="stmt"/>
        <line num="84" count="0" type="stmt"/>
        <line num="86" count="0" type="cond" truecount="0" falsecount="2"/>
        <line num="87" count="0" type="stmt"/>
        <line num="92" count="0" type="stmt"/>
        <line num="93" count="0" type="stmt"/>
        <line num="94" count="0" type="stmt"/>
        <line num="95" count="0" type="stmt"/>
        <line num="97" count="0" type="cond" truecount="0" falsecount="2"/>
        <line num="98" count="0" type="stmt"/>
        <line num="103" count="0" type="stmt"/>
        <line num="104" count="0" type="stmt"/>
        <line num="105" count="0" type="stmt"/>
        <line num="106" count="0" type="stmt"/>
        <line num="107" count="0" type="stmt"/>
        <line num="109" count="0" type="cond" truecount="0" falsecount="2"/>
        <line num="110" count="0" type="stmt"/>
      </file>
      <file name="userFigurinhaController.js" path="C:\Users\bianc\Desktop\Vivaigarassu\controllers\userFigurinhaController.js">
        <metrics statements="7" coveredstatements="7" conditionals="8" coveredconditionals="6" methods="1" coveredmethods="1"/>
        <line num="5" count="2" type="stmt"/>
        <line num="6" count="2" type="stmt"/>
        <line num="7" count="2" type="stmt"/>
        <line num="8" count="2" type="stmt"/>
        <line num="12" count="1" type="stmt"/>
        <line num="14" count="1" type="cond" truecount="3" falsecount="1"/>
        <line num="15" count="1" type="cond" truecount="3" falsecount="1"/>
      </file>
      <file name="visitasPontoFigController.js" path="C:\Users\bianc\Desktop\Vivaigarassu\controllers\visitasPontoFigController.js">
        <metrics statements="7" coveredstatements="6" conditionals="6" coveredconditionals="2" methods="1" coveredmethods="1"/>
        <line num="4" count="2" type="stmt"/>
        <line num="5" count="2" type="stmt"/>
        <line num="7" count="2" type="cond" truecount="2" falsecount="0"/>
        <line num="8" count="1" type="stmt"/>
        <line num="11" count="1" type="stmt"/>
        <line num="17" count="1" type="stmt"/>
        <line num="20" count="0" type="cond" truecount="0" falsecount="2"/>
      </file>
    </package>
    <package name="repositories">
      <metrics statements="97" coveredstatements="53" conditionals="28" coveredconditionals="9" methods="47" coveredmethods="29"/>
      <file name="empresaRepository.js" path="C:\Users\bianc\Desktop\Vivaigarassu\repositories\empresaRepository.js">
        <metrics statements="21" coveredstatements="12" conditionals="8" coveredconditionals="2" methods="10" coveredmethods="4"/>
        <line num="5" count="1" type="stmt"/>
        <line num="13" count="1" type="stmt"/>
        <line num="22" count="0" type="stmt"/>
        <line num="28" count="0" type="cond" truecount="0" falsecount="2"/>
        <line num="29" count="0" type="stmt"/>
        <line num="35" count="0" type="stmt"/>
        <line num="41" count="0" type="stmt"/>
        <line num="48" count="0" type="stmt"/>
        <line num="54" count="0" type="stmt"/>
        <line num="60" count="1" type="cond" truecount="1" falsecount="1"/>
        <line num="61" count="1" type="stmt"/>
        <line num="62" count="1" type="stmt"/>
        <line num="64" count="1" type="stmt"/>
        <line num="77" count="1" type="stmt"/>
        <line num="78" count="1" type="stmt"/>
        <line num="79" count="3" type="cond" truecount="1" falsecount="1"/>
        <line num="80" count="3" type="stmt"/>
        <line num="81" count="3" type="stmt"/>
        <line num="83" count="0" type="stmt"/>
        <line num="84" count="0" type="cond" truecount="0" falsecount="2"/>
        <line num="88" count="1" type="stmt"/>
      </file>
      <file name="enderecosRepository.js" path="C:\Users\bianc\Desktop\Vivaigarassu\repositories\enderecosRepository.js">
        <metrics statements="2" coveredstatements="2" conditionals="0" coveredconditionals="0" methods="2" coveredmethods="2"/>
        <line num="4" count="1" type="stmt"/>
        <line num="10" count="1" type="stmt"/>
      </file>
      <file name="eventosRepository.js" path="C:\Users\bianc\Desktop\Vivaigarassu\repositories\eventosRepository.js">
        <metrics statements="22" coveredstatements="14" conditionals="8" coveredconditionals="4" methods="6" coveredmethods="6"/>
        <line num="4" count="1" type="stmt"/>
        <line num="13" count="1" type="cond" truecount="1" falsecount="1"/>
        <line num="14" count="1" type="stmt"/>
        <line num="15" count="1" type="stmt"/>
        <line num="16" count="1" type="stmt"/>
        <line num="19" count="0" type="stmt"/>
        <line num="30" count="1" type="cond" truecount="1" falsecount="1"/>
        <line num="31" count="1" type="stmt"/>
        <line num="32" count="1" type="stmt"/>
        <line num="33" count="1" type="stmt"/>
        <line num="36" count="0" type="stmt"/>
        <line num="46" count="1" type="stmt"/>
        <line num="52" count="1" type="cond" truecount="1" falsecount="1"/>
        <line num="53" count="0" type="stmt"/>
        <line num="54" count="0" type="stmt"/>
        <line num="55" count="0" type="stmt"/>
        <line num="58" count="1" type="stmt"/>
        <line num="65" count="1" type="cond" truecount="1" falsecount="1"/>
        <line num="66" count="0" type="stmt"/>
        <line num="67" count="0" type="stmt"/>
        <line num="68" count="0" type="stmt"/>
        <line num="71" count="1" type="stmt"/>
      </file>
      <file name="figurinhasRepository.js" path="C:\Users\bianc\Desktop\Vivaigarassu\repositories\figurinhasRepository.js">
        <metrics statements="5" coveredstatements="3" conditionals="0" coveredconditionals="0" methods="5" coveredmethods="3"/>
        <line num="4" count="1" type="stmt"/>
        <line num="10" count="1" type="stmt"/>
        <line num="18" count="1" type="stmt"/>
        <line num="26" count="0" type="stmt"/>
        <line num="35" count="0" type="stmt"/>
      </file>
      <file name="minhasFigurinhasRepository.js" path="C:\Users\bianc\Desktop\Vivaigarassu\repositories\minhasFigurinhasRepository.js">
        <metrics statements="1" coveredstatements="1" conditionals="0" coveredconditionals="0" methods="1" coveredmethods="1"/>
        <line num="4" count="1" type="stmt"/>
      </file>
      <file name="pontosTuristicosRepository.js" path="C:\Users\bianc\Desktop\Vivaigarassu\repositories\pontosTuristicosRepository.js">
        <metrics statements="13" coveredstatements="5" conditionals="4" coveredconditionals="1" methods="5" coveredmethods="2"/>
        <line num="4" count="1" type="stmt"/>
        <line num="22" count="0" type="cond" truecount="0" falsecount="2"/>
        <line num="23" count="0" type="stmt"/>
        <line num="24" count="0" type="stmt"/>
        <line num="25" count="0" type="stmt"/>
        <line num="28" count="0" type="stmt"/>
        <line num="48" count="0" type="stmt"/>
        <line num="54" count="0" type="stmt"/>
        <line num="61" count="1" type="stmt"/>
        <line num="62" count="1" type="stmt"/>
        <line num="66" count="1" type="cond" truecount="1" falsecount="1"/>
        <line num="67" count="1" type="stmt"/>
        <line num="69" count="0" type="stmt"/>
      </file>
      <file name="qrCodeRepository.js" path="C:\Users\bianc\Desktop\Vivaigarassu\repositories\qrCodeRepository.js">
        <metrics statements="3" coveredstatements="3" conditionals="0" coveredconditionals="0" methods="3" coveredmethods="3"/>
        <line num="4" count="1" type="stmt"/>
        <line num="13" count="1" type="stmt"/>
        <line num="22" count="1" type="stmt"/>
      </file>
      <file name="qrCodepdfRepository.js" path="C:\Users\bianc\Desktop\Vivaigarassu\repositories\qrCodepdfRepository.js">
        <metrics statements="2" coveredstatements="1" conditionals="0" coveredconditionals="0" methods="2" coveredmethods="1"/>
        <line num="4" count="1" type="stmt"/>
        <line num="11" count="0" type="stmt"/>
      </file>
      <file name="recompensasRepository.js" path="C:\Users\bianc\Desktop\Vivaigarassu\repositories\recompensasRepository.js">
        <metrics statements="21" coveredstatements="7" conditionals="8" coveredconditionals="2" methods="6" coveredmethods="2"/>
        <line num="4" count="2" type="stmt"/>
        <line num="11" count="2" type="cond" truecount="1" falsecount="1"/>
        <line num="12" count="2" type="stmt"/>
        <line num="23" count="0" type="stmt"/>
        <line num="32" count="2" type="cond" truecount="1" falsecount="1"/>
        <line num="33" count="2" type="stmt"/>
        <line num="34" count="2" type="stmt"/>
        <line num="35" count="2" type="stmt"/>
        <line num="38" count="0" type="stmt"/>
        <line num="47" count="0" type="stmt"/>
        <line num="53" count="0" type="cond" truecount="0" falsecount="2"/>
        <line num="54" count="0" type="stmt"/>
        <line num="55" count="0" type="stmt"/>
        <line num="56" count="0" type="stmt"/>
        <line num="59" count="0" type="stmt"/>
        <line num="66" count="0" type="cond" truecount="0" falsecount="2"/>
        <line num="67" count="0" type="stmt"/>
        <line num="68" count="0" type="stmt"/>
        <line num="69" count="0" type="stmt"/>
        <line num="72" count="0" type="stmt"/>
        <line num="78" count="0" type="stmt"/>
      </file>
      <file name="resgatesRepository.js" path="C:\Users\bianc\Desktop\Vivaigarassu\repositories\resgatesRepository.js">
        <metrics statements="2" coveredstatements="1" conditionals="0" coveredconditionals="0" methods="2" coveredmethods="1"/>
        <line num="4" count="1" type="stmt"/>
        <line num="10" count="0" type="stmt"/>
      </file>
      <file name="userFigurinhaRepository.js" path="C:\Users\bianc\Desktop\Vivaigarassu\repositories\userFigurinhaRepository.js">
        <metrics statements="3" coveredstatements="2" conditionals="0" coveredconditionals="0" methods="3" coveredmethods="2"/>
        <line num="4" count="1" type="stmt"/>
        <line num="17" count="1" type="stmt"/>
        <line num="26" count="0" type="stmt"/>
      </file>
      <file name="userRepository.js" path="C:\Users\bianc\Desktop\Vivaigarassu\repositories\userRepository.js">
        <metrics statements="2" coveredstatements="2" conditionals="0" coveredconditionals="0" methods="2" coveredmethods="2"/>
        <line num="5" count="1" type="stmt"/>
        <line num="21" count="1" type="stmt"/>
      </file>
    </package>
    <package name="services">
      <metrics statements="450" coveredstatements="318" conditionals="268" coveredconditionals="133" methods="68" coveredmethods="41"/>
      <file name="dashboardAdmService.js" path="C:\Users\bianc\Desktop\Vivaigarassu\services\dashboardAdmService.js">
        <metrics statements="25" coveredstatements="17" conditionals="19" coveredconditionals="6" methods="8" coveredmethods="3"/>
        <line num="14" count="1" type="stmt"/>
        <line num="28" count="1" type="stmt"/>
        <line num="42" count="0" type="stmt"/>
        <line num="56" count="0" type="stmt"/>
        <line num="63" count="0" type="stmt"/>
        <line num="67" count="1" type="stmt"/>
        <line num="68" count="1" type="stmt"/>
        <line num="69" count="1" type="stmt"/>
        <line num="71" count="1" type="stmt"/>
        <line num="72" count="1" type="stmt"/>
        <line num="74" count="1" type="stmt"/>
        <line num="89" count="1" type="stmt"/>
        <line num="90" count="1" type="stmt"/>
        <line num="91" count="1" type="stmt"/>
        <line num="92" count="1" type="stmt"/>
        <line num="93" count="1" type="stmt"/>
        <line num="94" count="1" type="stmt"/>
        <line num="96" count="1" type="stmt"/>
        <line num="97" count="0" type="cond" truecount="0" falsecount="2"/>
        <line num="98" count="0" type="stmt"/>
        <line num="99" count="0" type="cond" truecount="0" falsecount="2"/>
        <line num="100" count="0" type="stmt"/>
        <line num="105" count="1" type="stmt"/>
        <line num="106" count="1" type="stmt"/>
        <line num="110" count="0" type="stmt"/>
      </file>
      <file name="dashboardEmpresaService.js" path="C:\Users\bianc\Desktop\Vivaigarassu\services\dashboardEmpresaService.js">
        <metrics statements="12" coveredstatements="8" conditionals="27" coveredconditionals="7" methods="5" coveredmethods="1"/>
        <line num="5" count="2" type="stmt"/>
        <line num="9" count="2" type="cond" truecount="2" falsecount="0"/>
        <line num="10" count="1" type="stmt"/>
        <line num="11" count="1" type="stmt"/>
        <line num="12" count="1" type="stmt"/>
        <line num="20" count="1" type="stmt"/>
        <line num="32" count="1" type="cond" truecount="1" falsecount="1"/>
        <line num="36" count="1" type="stmt"/>
        <line num="49" count="0" type="stmt"/>
        <line num="59" count="0" type="stmt"/>
        <line num="74" count="0" type="stmt"/>
        <line num="83" count="0" type="stmt"/>
      </file>
      <file name="dashboardUsuarioService.js" path="C:\Users\bianc\Desktop\Vivaigarassu\services\dashboardUsuarioService.js">
        <metrics statements="7" coveredstatements="7" conditionals="4" coveredconditionals="3" methods="2" coveredmethods="1"/>
        <line num="5" count="2" type="stmt"/>
        <line num="13" count="2" type="cond" truecount="2" falsecount="0"/>
        <line num="14" count="1" type="stmt"/>
        <line num="17" count="1" type="stmt"/>
        <line num="21" count="1" type="stmt"/>
        <line num="35" count="1" type="stmt"/>
        <line num="45" count="1" type="stmt"/>
      </file>
      <file name="empresaService.js" path="C:\Users\bianc\Desktop\Vivaigarassu\services\empresaService.js">
        <metrics statements="45" coveredstatements="23" conditionals="18" coveredconditionals="7" methods="10" coveredmethods="5"/>
        <line num="5" count="0" type="stmt"/>
        <line num="9" count="4" type="stmt"/>
        <line num="11" count="4" type="cond" truecount="2" falsecount="0"/>
        <line num="12" count="2" type="stmt"/>
        <line num="13" count="2" type="stmt"/>
        <line num="14" count="2" type="stmt"/>
        <line num="17" count="2" type="stmt"/>
        <line num="27" count="2" type="stmt"/>
        <line num="29" count="2" type="cond" truecount="3" falsecount="3"/>
        <line num="30" count="2" type="stmt"/>
        <line num="31" count="2" type="stmt"/>
        <line num="32" count="2" type="stmt"/>
        <line num="35" count="0" type="stmt"/>
        <line num="46" count="0" type="stmt"/>
        <line num="54" count="0" type="stmt"/>
        <line num="56" count="0" type="stmt"/>
        <line num="66" count="0" type="stmt"/>
        <line num="67" count="0" type="stmt"/>
        <line num="71" count="2" type="stmt"/>
        <line num="72" count="2" type="stmt"/>
        <line num="73" count="2" type="stmt"/>
        <line num="77" count="2" type="stmt"/>
        <line num="78" count="2" type="cond" truecount="1" falsecount="1"/>
        <line num="79" count="2" type="stmt"/>
        <line num="80" count="2" type="stmt"/>
        <line num="81" count="2" type="stmt"/>
        <line num="84" count="0" type="stmt"/>
        <line num="85" count="0" type="stmt"/>
        <line num="89" count="0" type="stmt"/>
        <line num="90" count="0" type="stmt"/>
        <line num="91" count="0" type="stmt"/>
        <line num="95" count="0" type="stmt"/>
        <line num="96" count="0" type="cond" truecount="0" falsecount="2"/>
        <line num="97" count="0" type="stmt"/>
        <line num="98" count="0" type="stmt"/>
        <line num="99" count="0" type="stmt"/>
        <line num="102" count="0" type="stmt"/>
        <line num="103" count="0" type="stmt"/>
        <line num="107" count="2" type="stmt"/>
        <line num="108" count="2" type="cond" truecount="1" falsecount="1"/>
        <line num="109" count="0" type="stmt"/>
        <line num="110" count="0" type="stmt"/>
        <line num="111" count="0" type="stmt"/>
        <line num="114" count="2" type="stmt"/>
        <line num="115" count="2" type="stmt"/>
      </file>
      <file name="eventosService.js" path="C:\Users\bianc\Desktop\Vivaigarassu\services\eventosService.js">
        <metrics statements="83" coveredstatements="60" conditionals="74" coveredconditionals="38" methods="7" coveredmethods="5"/>
        <line num="5" count="0" type="stmt"/>
        <line num="9" count="3" type="stmt"/>
        <line num="11" count="3" type="cond" truecount="2" falsecount="0"/>
        <line num="12" count="1" type="stmt"/>
        <line num="13" count="1" type="stmt"/>
        <line num="14" count="1" type="stmt"/>
        <line num="17" count="2" type="stmt"/>
        <line num="30" count="2" type="stmt"/>
        <line num="32" count="2" type="cond" truecount="5" falsecount="0"/>
        <line num="33" count="1" type="stmt"/>
        <line num="34" count="1" type="stmt"/>
        <line num="35" count="1" type="stmt"/>
        <line num="37" count="1" type="stmt"/>
        <line num="39" count="1" type="cond" truecount="3" falsecount="1"/>
        <line num="40" count="1" type="stmt"/>
        <line num="42" count="1" type="cond" truecount="4" falsecount="1"/>
        <line num="43" count="0" type="stmt"/>
        <line num="44" count="0" type="stmt"/>
        <line num="45" count="0" type="stmt"/>
        <line num="48" count="1" type="stmt"/>
        <line num="49" count="1" type="stmt"/>
        <line num="52" count="1" type="cond" truecount="1" falsecount="1"/>
        <line num="53" count="0" type="stmt"/>
        <line num="54" count="0" type="stmt"/>
        <line num="55" count="0" type="stmt"/>
        <line num="57" count="1" type="stmt"/>
        <line num="59" count="1" type="cond" truecount="1" falsecount="1"/>
        <line num="63" count="1" type="stmt"/>
        <line num="72" count="1" type="cond" truecount="1" falsecount="1"/>
        <line num="74" count="1" type="stmt"/>
        <line num="78" count="5" type="stmt"/>
        <line num="80" count="1" type="stmt"/>
        <line num="81" count="1" type="stmt"/>
        <line num="82" count="1" type="stmt"/>
        <line num="83" count="1" type="stmt"/>
        <line num="84" count="1" type="stmt"/>
        <line num="86" count="1" type="cond" truecount="1" falsecount="1"/>
        <line num="87" count="1" type="stmt"/>
        <line num="88" count="1" type="cond" truecount="1" falsecount="1"/>
        <line num="89" count="1" type="stmt"/>
        <line num="90" count="1" type="stmt"/>
        <line num="94" count="1" type="cond" truecount="1" falsecount="1"/>
        <line num="95" count="1" type="stmt"/>
        <line num="96" count="1" type="cond" truecount="1" falsecount="1"/>
        <line num="97" count="1" type="stmt"/>
        <line num="98" count="1" type="stmt"/>
        <line num="102" count="1" type="cond" truecount="1" falsecount="1"/>
        <line num="103" count="1" type="stmt"/>
        <line num="106" count="1" type="cond" truecount="1" falsecount="1"/>
        <line num="107" count="1" type="stmt"/>
        <line num="110" count="1" type="stmt"/>
        <line num="112" count="1" type="cond" truecount="1" falsecount="1"/>
        <line num="113" count="1" type="stmt"/>
        <line num="115" count="1" type="cond" truecount="1" falsecount="1"/>
        <line num="116" count="1" type="stmt"/>
        <line num="117" count="1" type="cond" truecount="1" falsecount="1"/>
        <line num="118" count="1" type="stmt"/>
        <line num="119" count="1" type="stmt"/>
        <line num="123" count="1" type="stmt"/>
        <line num="134" count="0" type="stmt"/>
        <line num="145" count="0" type="stmt"/>
        <line num="147" count="0" type="cond" truecount="0" falsecount="2"/>
        <line num="149" count="0" type="cond" truecount="0" falsecount="2"/>
        <line num="153" count="0" type="stmt"/>
        <line num="154" count="0" type="cond" truecount="0" falsecount="4"/>
        <line num="155" count="0" type="stmt"/>
        <line num="156" count="0" type="stmt"/>
        <line num="157" count="0" type="stmt"/>
        <line num="160" count="0" type="stmt"/>
        <line num="169" count="0" type="cond" truecount="0" falsecount="2"/>
        <line num="171" count="0" type="stmt"/>
        <line num="175" count="2" type="stmt"/>
        <line num="176" count="2" type="cond" truecount="1" falsecount="1"/>
        <line num="177" count="0" type="stmt"/>
        <line num="178" count="0" type="stmt"/>
        <line num="179" count="0" type="stmt"/>
        <line num="182" count="2" type="cond" truecount="2" falsecount="0"/>
        <line num="183" count="1" type="stmt"/>
        <line num="186" count="1" type="cond" truecount="3" falsecount="1"/>
        <line num="187" count="0" type="stmt"/>
        <line num="190" count="1" type="stmt"/>
        <line num="191" count="1" type="stmt"/>
        <line num="192" count="1" type="stmt"/>
      </file>
      <file name="figurinhasService.js" path="C:\Users\bianc\Desktop\Vivaigarassu\services\figurinhasService.js">
        <metrics statements="8" coveredstatements="5" conditionals="2" coveredconditionals="1" methods="5" coveredmethods="3"/>
        <line num="4" count="1" type="stmt"/>
        <line num="8" count="1" type="stmt"/>
        <line num="12" count="1" type="stmt"/>
        <line num="14" count="1" type="cond" truecount="1" falsecount="1"/>
        <line num="15" count="1" type="stmt"/>
        <line num="18" count="0" type="stmt"/>
        <line num="22" count="0" type="stmt"/>
        <line num="26" count="0" type="stmt"/>
      </file>
      <file name="minhasFigurinhasService.js" path="C:\Users\bianc\Desktop\Vivaigarassu\services\minhasFigurinhasService.js">
        <metrics statements="6" coveredstatements="6" conditionals="0" coveredconditionals="0" methods="3" coveredmethods="3"/>
        <line num="6" count="1" type="stmt"/>
        <line num="9" count="1" type="stmt"/>
        <line num="11" count="1" type="stmt"/>
        <line num="12" count="1" type="stmt"/>
        <line num="15" count="1" type="stmt"/>
        <line num="20" count="1" type="stmt"/>
      </file>
      <file name="pontosTuristicosService.js" path="C:\Users\bianc\Desktop\Vivaigarassu\services\pontosTuristicosService.js">
        <metrics statements="23" coveredstatements="11" conditionals="18" coveredconditionals="5" methods="5" coveredmethods="3"/>
        <line num="5" count="1" type="stmt"/>
        <line num="9" count="0" type="stmt"/>
        <line num="10" count="0" type="cond" truecount="0" falsecount="2"/>
        <line num="11" count="0" type="stmt"/>
        <line num="12" count="0" type="stmt"/>
        <line num="13" count="0" type="stmt"/>
        <line num="15" count="0" type="stmt"/>
        <line num="19" count="2" type="stmt"/>
        <line num="20" count="2" type="stmt"/>
        <line num="21" count="2" type="stmt"/>
        <line num="22" count="2" type="stmt"/>
        <line num="23" count="1" type="stmt"/>
        <line num="28" count="1" type="cond" truecount="3" falsecount="1"/>
        <line num="29" count="1" type="stmt"/>
        <line num="32" count="0" type="cond" truecount="0" falsecount="4"/>
        <line num="33" count="0" type="cond" truecount="0" falsecount="2"/>
        <line num="34" count="0" type="cond" truecount="0" falsecount="2"/>
        <line num="35" count="0" type="cond" truecount="0" falsecount="2"/>
        <line num="36" count="0" type="stmt"/>
        <line num="41" count="0" type="stmt"/>
        <line num="45" count="2" type="stmt"/>
        <line num="46" count="2" type="cond" truecount="2" falsecount="0"/>
        <line num="47" count="1" type="stmt"/>
      </file>
      <file name="qrCodePDFService.js" path="C:\Users\bianc\Desktop\Vivaigarassu\services\qrCodePDFService.js">
        <metrics statements="38" coveredstatements="36" conditionals="4" coveredconditionals="2" methods="1" coveredmethods="1"/>
        <line num="9" count="1" type="stmt"/>
        <line num="11" count="1" type="cond" truecount="1" falsecount="1"/>
        <line num="12" count="0" type="stmt"/>
        <line num="15" count="1" type="stmt"/>
        <line num="19" count="1" type="cond" truecount="1" falsecount="1"/>
        <line num="20" count="0" type="stmt"/>
        <line num="23" count="1" type="stmt"/>
        <line num="25" count="1" type="stmt"/>
        <line num="26" count="1" type="stmt"/>
        <line num="28" count="1" type="stmt"/>
        <line num="29" count="1" type="stmt"/>
        <line num="31" count="1" type="stmt"/>
        <line num="32" count="1" type="stmt"/>
        <line num="34" count="1" type="stmt"/>
        <line num="35" count="1" type="stmt"/>
        <line num="37" count="1" type="stmt"/>
        <line num="39" count="1" type="stmt"/>
        <line num="40" count="1" type="stmt"/>
        <line num="42" count="1" type="stmt"/>
        <line num="43" count="1" type="stmt"/>
        <line num="44" count="1" type="stmt"/>
        <line num="46" count="1" type="stmt"/>
        <line num="47" count="1" type="stmt"/>
        <line num="49" count="1" type="stmt"/>
        <line num="50" count="1" type="stmt"/>
        <line num="51" count="1" type="stmt"/>
        <line num="54" count="1" type="stmt"/>
        <line num="55" count="1" type="stmt"/>
        <line num="56" count="1" type="stmt"/>
        <line num="57" count="1" type="stmt"/>
        <line num="58" count="1" type="stmt"/>
        <line num="59" count="1" type="stmt"/>
        <line num="60" count="1" type="stmt"/>
        <line num="63" count="1" type="stmt"/>
        <line num="64" count="1" type="stmt"/>
        <line num="66" count="1" type="stmt"/>
        <line num="68" count="1" type="stmt"/>
        <line num="74" count="1" type="stmt"/>
      </file>
      <file name="qrCodeService.js" path="C:\Users\bianc\Desktop\Vivaigarassu\services\qrCodeService.js">
        <metrics statements="68" coveredstatements="51" conditionals="12" coveredconditionals="11" methods="3" coveredmethods="2"/>
        <line num="11" count="3" type="stmt"/>
        <line num="15" count="3" type="cond" truecount="2" falsecount="0"/>
        <line num="16" count="1" type="stmt"/>
        <line num="19" count="2" type="stmt"/>
        <line num="26" count="2" type="cond" truecount="2" falsecount="0"/>
        <line num="27" count="1" type="stmt"/>
        <line num="28" count="1" type="stmt"/>
        <line num="30" count="1" type="stmt"/>
        <line num="33" count="2" type="cond" truecount="2" falsecount="0"/>
        <line num="35" count="2" type="stmt"/>
        <line num="36" count="2" type="stmt"/>
        <line num="38" count="2" type="stmt"/>
        <line num="39" count="2" type="stmt"/>
        <line num="41" count="2" type="stmt"/>
        <line num="42" count="2" type="stmt"/>
        <line num="44" count="2" type="stmt"/>
        <line num="50" count="2" type="stmt"/>
        <line num="51" count="2" type="stmt"/>
        <line num="53" count="2" type="stmt"/>
        <line num="54" count="2" type="stmt"/>
        <line num="55" count="2" type="stmt"/>
        <line num="56" count="2" type="stmt"/>
        <line num="58" count="2" type="stmt"/>
        <line num="61" count="2" type="stmt"/>
        <line num="62" count="2" type="cond" truecount="1" falsecount="1"/>
        <line num="63" count="0" type="stmt"/>
        <line num="64" count="0" type="stmt"/>
        <line num="65" count="0" type="stmt"/>
        <line num="66" count="0" type="stmt"/>
        <line num="67" count="0" type="stmt"/>
        <line num="72" count="0" type="stmt"/>
        <line num="73" count="0" type="stmt"/>
        <line num="75" count="0" type="stmt"/>
        <line num="79" count="2" type="stmt"/>
        <line num="81" count="2" type="stmt"/>
        <line num="84" count="2" type="stmt"/>
        <line num="85" count="2" type="stmt"/>
        <line num="90" count="2" type="stmt"/>
        <line num="92" count="2" type="stmt"/>
        <line num="94" count="2" type="stmt"/>
        <line num="95" count="2" type="stmt"/>
        <line num="97" count="2" type="stmt"/>
        <line num="98" count="2" type="stmt"/>
        <line num="99" count="2" type="stmt"/>
        <line num="100" count="2" type="stmt"/>
        <line num="102" count="2" type="stmt"/>
        <line num="104" count="2" type="stmt"/>
        <line num="107" count="2" type="stmt"/>
        <line num="109" count="2" type="stmt"/>
        <line num="111" count="2" type="stmt"/>
        <line num="113" count="2" type="stmt"/>
        <line num="114" count="2" type="stmt"/>
        <line num="117" count="2" type="stmt"/>
        <line num="119" count="2" type="stmt"/>
        <line num="120" count="2" type="stmt"/>
        <line num="124" count="2" type="cond" truecount="2" falsecount="0"/>
        <line num="125" count="1" type="stmt"/>
        <line num="133" count="1" type="stmt"/>
        <line num="143" count="2" type="stmt"/>
        <line num="154" count="0" type="stmt"/>
        <line num="160" count="0" type="stmt"/>
        <line num="161" count="0" type="stmt"/>
        <line num="163" count="0" type="stmt"/>
        <line num="164" count="0" type="stmt"/>
        <line num="165" count="0" type="stmt"/>
        <line num="166" count="0" type="stmt"/>
        <line num="173" count="0" type="stmt"/>
        <line num="181" count="0" type="stmt"/>
      </file>
      <file name="recompensasService.js" path="C:\Users\bianc\Desktop\Vivaigarassu\services\recompensasService.js">
        <metrics statements="32" coveredstatements="13" conditionals="35" coveredconditionals="15" methods="6" coveredmethods="2"/>
        <line num="4" count="0" type="stmt"/>
        <line num="8" count="1" type="stmt"/>
        <line num="10" count="1" type="cond" truecount="1" falsecount="1"/>
        <line num="11" count="1" type="stmt"/>
        <line num="14" count="0" type="stmt"/>
        <line num="25" count="2" type="stmt"/>
        <line num="27" count="2" type="cond" truecount="5" falsecount="0"/>
        <line num="28" count="1" type="stmt"/>
        <line num="31" count="1" type="cond" truecount="1" falsecount="1"/>
        <line num="32" count="1" type="cond" truecount="1" falsecount="1"/>
        <line num="34" count="1" type="cond" truecount="3" falsecount="1"/>
        <line num="35" count="0" type="stmt"/>
        <line num="37" count="1" type="cond" truecount="3" falsecount="1"/>
        <line num="38" count="0" type="stmt"/>
        <line num="41" count="1" type="stmt"/>
        <line num="49" count="1" type="cond" truecount="1" falsecount="1"/>
        <line num="51" count="1" type="stmt"/>
        <line num="55" count="0" type="stmt"/>
        <line num="63" count="0" type="stmt"/>
        <line num="65" count="0" type="cond" truecount="0" falsecount="2"/>
        <line num="66" count="0" type="cond" truecount="0" falsecount="2"/>
        <line num="68" count="0" type="cond" truecount="0" falsecount="4"/>
        <line num="69" count="0" type="stmt"/>
        <line num="71" count="0" type="cond" truecount="0" falsecount="4"/>
        <line num="72" count="0" type="stmt"/>
        <line num="75" count="0" type="stmt"/>
        <line num="82" count="0" type="cond" truecount="0" falsecount="2"/>
        <line num="84" count="0" type="stmt"/>
        <line num="88" count="0" type="stmt"/>
        <line num="89" count="0" type="stmt"/>
        <line num="93" count="0" type="stmt"/>
        <line num="94" count="0" type="stmt"/>
      </file>
      <file name="resgatesService.js" path="C:\Users\bianc\Desktop\Vivaigarassu\services\resgatesService.js">
        <metrics statements="18" coveredstatements="18" conditionals="10" coveredconditionals="10" methods="3" coveredmethods="3"/>
        <line num="6" count="6" type="cond" truecount="2" falsecount="0"/>
        <line num="7" count="1" type="stmt"/>
        <line num="13" count="5" type="stmt"/>
        <line num="17" count="5" type="cond" truecount="2" falsecount="0"/>
        <line num="18" count="1" type="stmt"/>
        <line num="21" count="4" type="cond" truecount="2" falsecount="0"/>
        <line num="22" count="1" type="stmt"/>
        <line num="25" count="3" type="stmt"/>
        <line num="29" count="3" type="cond" truecount="2" falsecount="0"/>
        <line num="30" count="1" type="stmt"/>
        <line num="33" count="2" type="cond" truecount="2" falsecount="0"/>
        <line num="34" count="1" type="stmt"/>
        <line num="37" count="1" type="stmt"/>
        <line num="39" count="1" type="stmt"/>
        <line num="46" count="1" type="stmt"/>
        <line num="53" count="1" type="stmt"/>
        <line num="62" count="1" type="stmt"/>
        <line num="69" count="1" type="stmt"/>
      </file>
      <file name="userService.js" path="C:\Users\bianc\Desktop\Vivaigarassu\services\userService.js">
        <metrics statements="71" coveredstatements="58" conditionals="37" coveredconditionals="25" methods="9" coveredmethods="8"/>
        <line num="9" count="3" type="stmt"/>
        <line num="13" count="3" type="cond" truecount="2" falsecount="0"/>
        <line num="14" count="1" type="stmt"/>
        <line num="17" count="2" type="stmt"/>
        <line num="19" count="2" type="cond" truecount="2" falsecount="0"/>
        <line num="20" count="1" type="stmt"/>
        <line num="23" count="1" type="stmt"/>
        <line num="32" count="1" type="stmt"/>
        <line num="34" count="1" type="stmt"/>
        <line num="38" count="4" type="stmt"/>
        <line num="40" count="4" type="cond" truecount="5" falsecount="0"/>
        <line num="41" count="1" type="stmt"/>
        <line num="44" count="3" type="stmt"/>
        <line num="45" count="3" type="cond" truecount="2" falsecount="0"/>
        <line num="46" count="1" type="stmt"/>
        <line num="52" count="2" type="stmt"/>
        <line num="56" count="2" type="cond" truecount="2" falsecount="0"/>
        <line num="57" count="1" type="stmt"/>
        <line num="60" count="1" type="stmt"/>
        <line num="62" count="1" type="stmt"/>
        <line num="71" count="1" type="stmt"/>
        <line num="72" count="1" type="stmt"/>
        <line num="77" count="2" type="stmt"/>
        <line num="81" count="2" type="cond" truecount="2" falsecount="0"/>
        <line num="83" count="1" type="stmt"/>
        <line num="84" count="1" type="stmt"/>
        <line num="90" count="2" type="stmt"/>
        <line num="91" count="2" type="stmt"/>
        <line num="92" count="2" type="stmt"/>
        <line num="94" count="2" type="cond" truecount="2" falsecount="0"/>
        <line num="95" count="1" type="stmt"/>
        <line num="98" count="2" type="stmt"/>
        <line num="99" count="2" type="stmt"/>
        <line num="104" count="1" type="stmt"/>
        <line num="105" count="1" type="stmt"/>
        <line num="108" count="1" type="cond" truecount="1" falsecount="1"/>
        <line num="109" count="1" type="stmt"/>
        <line num="111" count="0" type="stmt"/>
        <line num="117" count="1" type="stmt"/>
        <line num="118" count="1" type="stmt"/>
        <line num="120" count="1" type="stmt"/>
        <line num="127" count="1" type="stmt"/>
        <line num="131" count="1" type="stmt"/>
        <line num="146" count="1" type="stmt"/>
        <line num="150" count="2" type="cond" truecount="1" falsecount="1"/>
        <line num="152" count="2" type="stmt"/>
        <line num="153" count="2" type="cond" truecount="2" falsecount="0"/>
        <line num="154" count="1" type="stmt"/>
        <line num="157" count="1" type="stmt"/>
        <line num="159" count="1" type="stmt"/>
        <line num="160" count="1" type="stmt"/>
        <line num="162" count="0" type="stmt"/>
        <line num="164" count="1" type="stmt"/>
        <line num="168" count="1" type="cond" truecount="3" falsecount="1"/>
        <line num="170" count="1" type="stmt"/>
        <line num="171" count="1" type="cond" truecount="1" falsecount="1"/>
        <line num="173" count="1" type="stmt"/>
        <line num="175" count="1" type="stmt"/>
        <line num="180" count="1" type="stmt"/>
        <line num="182" count="1" type="stmt"/>
        <line num="186" count="0" type="cond" truecount="0" falsecount="4"/>
        <line num="187" count="0" type="stmt"/>
        <line num="190" count="0" type="stmt"/>
        <line num="194" count="0" type="cond" truecount="0" falsecount="2"/>
        <line num="195" count="0" type="stmt"/>
        <line num="198" count="0" type="stmt"/>
        <line num="200" count="0" type="cond" truecount="0" falsecount="2"/>
        <line num="201" count="0" type="stmt"/>
        <line num="204" count="0" type="stmt"/>
        <line num="206" count="0" type="stmt"/>
        <line num="211" count="0" type="stmt"/>
      </file>
      <file name="visitasPontoFigService.js" path="C:\Users\bianc\Desktop\Vivaigarassu\services\visitasPontoFigService.js">
        <metrics statements="14" coveredstatements="5" conditionals="8" coveredconditionals="3" methods="1" coveredmethods="1"/>
        <line num="5" count="2" type="cond" truecount="2" falsecount="0"/>
        <line num="6" count="1" type="stmt"/>
        <line num="12" count="1" type="stmt"/>
        <line num="23" count="1" type="cond" truecount="1" falsecount="1"/>
        <line num="24" count="1" type="stmt"/>
        <line num="27" count="0" type="stmt"/>
        <line num="29" count="0" type="cond" truecount="0" falsecount="2"/>
        <line num="30" count="0" type="stmt"/>
        <line num="33" count="0" type="stmt"/>
        <line num="40" count="0" type="cond" truecount="0" falsecount="2"/>
        <line num="41" count="0" type="stmt"/>
        <line num="47" count="0" type="stmt"/>
        <line num="54" count="0" type="stmt"/>
        <line num="63" count="0" type="stmt"/>
      </file>
    </package>
    <package name="utils">
      <metrics statements="69" coveredstatements="59" conditionals="66" coveredconditionals="43" methods="16" coveredmethods="12"/>
      <file name="bcrypt.js" path="C:\Users\bianc\Desktop\Vivaigarassu\utils\bcrypt.js">
        <metrics statements="12" coveredstatements="12" conditionals="16" coveredconditionals="10" methods="2" coveredmethods="2"/>
        <line num="4" count="1" type="stmt"/>
        <line num="5" count="1" type="stmt"/>
        <line num="7" count="1" type="stmt"/>
        <line num="8" count="1" type="cond" truecount="2" falsecount="2"/>
        <line num="10" count="1" type="stmt"/>
        <line num="11" count="1" type="cond" truecount="3" falsecount="1"/>
        <line num="19" count="2" type="cond" truecount="2" falsecount="0"/>
        <line num="20" count="1" type="cond" truecount="1" falsecount="1"/>
        <line num="21" count="1" type="stmt"/>
        <line num="31" count="1" type="cond" truecount="1" falsecount="1"/>
        <line num="32" count="1" type="cond" truecount="1" falsecount="1"/>
        <line num="33" count="1" type="stmt"/>
      </file>
      <file name="email.js" path="C:\Users\bianc\Desktop\Vivaigarassu\utils\email.js">
        <metrics statements="20" coveredstatements="18" conditionals="12" coveredconditionals="12" methods="1" coveredmethods="1"/>
        <line num="3" count="7" type="stmt"/>
        <line num="4" count="7" type="stmt"/>
        <line num="5" count="7" type="stmt"/>
        <line num="6" count="7" type="stmt"/>
        <line num="7" count="7" type="cond" truecount="2" falsecount="0"/>
        <line num="10" count="7" type="cond" truecount="6" falsecount="0"/>
        <line num="11" count="2" type="stmt"/>
        <line num="18" count="5" type="stmt"/>
        <line num="22" count="2" type="cond" truecount="2" falsecount="0"/>
        <line num="23" count="2" type="stmt"/>
        <line num="25" count="2" type="stmt"/>
        <line num="26" count="2" type="stmt"/>
        <line num="27" count="2" type="stmt"/>
        <line num="29" count="2" type="cond" truecount="2" falsecount="0"/>
        <line num="31" count="1" type="stmt"/>
        <line num="34" count="1" type="stmt"/>
        <line num="35" count="1" type="stmt"/>
        <line num="43" count="1" type="stmt"/>
        <line num="45" count="0" type="stmt"/>
        <line num="46" count="0" type="stmt"/>
      </file>
      <file name="imageUrl.js" path="C:\Users\bianc\Desktop\Vivaigarassu\utils\imageUrl.js">
        <metrics statements="7" coveredstatements="6" conditionals="15" coveredconditionals="10" methods="1" coveredmethods="1"/>
        <line num="2" count="9" type="cond" truecount="2" falsecount="0"/>
        <line num="3" count="6" type="stmt"/>
        <line num="4" count="6" type="cond" truecount="5" falsecount="0"/>
        <line num="5" count="5" type="cond" truecount="1" falsecount="1"/>
        <line num="6" count="5" type="cond" truecount="1" falsecount="3"/>
        <line num="7" count="5" type="cond" truecount="1" falsecount="1"/>
        <line num="8" count="0" type="stmt"/>
      </file>
      <file name="jwt.js" path="C:\Users\bianc\Desktop\Vivaigarassu\utils\jwt.js">
        <metrics statements="7" coveredstatements="5" conditionals="11" coveredconditionals="9" methods="3" coveredmethods="2"/>
        <line num="3" count="1" type="cond" truecount="1" falsecount="1"/>
        <line num="4" count="1" type="cond" truecount="2" falsecount="0"/>
        <line num="7" count="1" type="cond" truecount="4" falsecount="0"/>
        <line num="8" count="1" type="stmt"/>
        <line num="12" count="1" type="cond" truecount="1" falsecount="1"/>
        <line num="13" count="0" type="stmt"/>
        <line num="17" count="0" type="stmt"/>
      </file>
      <file name="resetTokens.js" path="C:\Users\bianc\Desktop\Vivaigarassu\utils\resetTokens.js">
        <metrics statements="21" coveredstatements="16" conditionals="7" coveredconditionals="2" methods="7" coveredmethods="4"/>
        <line num="5" count="6" type="stmt"/>
        <line num="8" count="2" type="stmt"/>
        <line num="9" count="2" type="stmt"/>
        <line num="10" count="1" type="cond" truecount="1" falsecount="1"/>
        <line num="12" count="1" type="stmt"/>
        <line num="17" count="1" type="stmt"/>
        <line num="18" count="1" type="stmt"/>
        <line num="22" count="1" type="stmt"/>
        <line num="23" count="1" type="stmt"/>
        <line num="25" count="1" type="stmt"/>
        <line num="26" count="1" type="stmt"/>
        <line num="27" count="1" type="stmt"/>
        <line num="28" count="1" type="stmt"/>
        <line num="32" count="1" type="stmt"/>
        <line num="33" count="1" type="stmt"/>
        <line num="34" count="1" type="cond" truecount="1" falsecount="1"/>
        <line num="35" count="0" type="cond" truecount="0" falsecount="2"/>
        <line num="36" count="0" type="stmt"/>
        <line num="40" count="0" type="stmt"/>
        <line num="41" count="0" type="stmt"/>
        <line num="42" count="0" type="stmt"/>
      </file>
      <file name="response.js" path="C:\Users\bianc\Desktop\Vivaigarassu\utils\response.js">
        <metrics statements="2" coveredstatements="2" conditionals="5" coveredconditionals="0" methods="2" coveredmethods="2"/>
        <line num="2" count="1" type="stmt"/>
        <line num="6" count="1" type="stmt"/>
      </file>
    </package>
  </project>
</coverage>
