{"C:\\Users\\bianc\\Desktop\\Vivaigarassu\\controllers\\baseController.js": {"path":"C:\\Users\\bianc\\Desktop\\Vivaigarassu\\controllers\\baseController.js","statementMap":{"0":{"start":{"line":2,"column":2},"end":{"line":4,"column":4}},"1":{"start":{"line":3,"column":4},"end":{"line":3,"column":52}},"2":{"start":{"line":8,"column":18},"end":{"line":8,"column":41}},"3":{"start":{"line":11,"column":4},"end":{"line":13,"column":5}},"4":{"start":{"line":12,"column":6},"end":{"line":12,"column":71}},"5":{"start":{"line":12,"column":47},"end":{"line":12,"column":71}},"6":{"start":{"line":14,"column":4},"end":{"line":14,"column":16}},"7":{"start":{"line":17,"column":20},"end":{"line":17,"column":59}},"8":{"start":{"line":18,"column":21},"end":{"line":18,"column":62}},"9":{"start":{"line":19,"column":19},"end":{"line":19,"column":47}},"10":{"start":{"line":20,"column":19},"end":{"line":20,"column":56}},"11":{"start":{"line":21,"column":19},"end":{"line":21,"column":57}},"12":{"start":{"line":23,"column":2},"end":{"line":51,"column":4}},"13":{"start":{"line":25,"column":21},"end":{"line":25,"column":45}},"14":{"start":{"line":26,"column":6},"end":{"line":26,"column":42}},"15":{"start":{"line":30,"column":21},"end":{"line":30,"column":47}},"16":{"start":{"line":31,"column":6},"end":{"line":31,"column":30}},"17":{"start":{"line":35,"column":17},"end":{"line":35,"column":36}},"18":{"start":{"line":36,"column":21},"end":{"line":36,"column":41}},"19":{"start":{"line":37,"column":6},"end":{"line":37,"column":30}},"20":{"start":{"line":41,"column":17},"end":{"line":41,"column":36}},"21":{"start":{"line":42,"column":21},"end":{"line":42,"column":49}},"22":{"start":{"line":43,"column":6},"end":{"line":43,"column":30}},"23":{"start":{"line":47,"column":17},"end":{"line":47,"column":36}},"24":{"start":{"line":48,"column":6},"end":{"line":48,"column":25}},"25":{"start":{"line":49,"column":6},"end":{"line":49,"column":36}}},"fnMap":{"0":{"name":"wrap","decl":{"start":{"line":1,"column":16},"end":{"line":1,"column":20}},"loc":{"start":{"line":1,"column":25},"end":{"line":5,"column":1}},"line":1},"1":{"name":"(anonymous_1)","decl":{"start":{"line":2,"column":9},"end":{"line":2,"column":10}},"loc":{"start":{"line":2,"column":35},"end":{"line":4,"column":3}},"line":2},"2":{"name":"crud","decl":{"start":{"line":7,"column":16},"end":{"line":7,"column":20}},"loc":{"start":{"line":7,"column":44},"end":{"line":52,"column":1}},"line":7},"3":{"name":"getMethod","decl":{"start":{"line":10,"column":11},"end":{"line":10,"column":20}},"loc":{"start":{"line":10,"column":36},"end":{"line":15,"column":3}},"line":10},"4":{"name":"(anonymous_4)","decl":{"start":{"line":24,"column":17},"end":{"line":24,"column":18}},"loc":{"start":{"line":24,"column":37},"end":{"line":27,"column":5}},"line":24},"5":{"name":"(anonymous_5)","decl":{"start":{"line":29,"column":18},"end":{"line":29,"column":19}},"loc":{"start":{"line":29,"column":38},"end":{"line":32,"column":5}},"line":29},"6":{"name":"(anonymous_6)","decl":{"start":{"line":34,"column":18},"end":{"line":34,"column":19}},"loc":{"start":{"line":34,"column":38},"end":{"line":38,"column":5}},"line":34},"7":{"name":"(anonymous_7)","decl":{"start":{"line":40,"column":17},"end":{"line":40,"column":18}},"loc":{"start":{"line":40,"column":37},"end":{"line":44,"column":5}},"line":40},"8":{"name":"(anonymous_8)","decl":{"start":{"line":46,"column":17},"end":{"line":46,"column":18}},"loc":{"start":{"line":46,"column":37},"end":{"line":50,"column":5}},"line":46}},"branchMap":{"0":{"loc":{"start":{"line":7,"column":30},"end":{"line":7,"column":42}},"type":"default-arg","locations":[{"start":{"line":7,"column":40},"end":{"line":7,"column":42}}],"line":7},"1":{"loc":{"start":{"line":8,"column":18},"end":{"line":8,"column":41}},"type":"binary-expr","locations":[{"start":{"line":8,"column":18},"end":{"line":8,"column":33}},{"start":{"line":8,"column":37},"end":{"line":8,"column":41}}],"line":8},"2":{"loc":{"start":{"line":12,"column":6},"end":{"line":12,"column":71}},"type":"if","locations":[{"start":{"line":12,"column":6},"end":{"line":12,"column":71}},{"start":{},"end":{}}],"line":12},"3":{"loc":{"start":{"line":12,"column":10},"end":{"line":12,"column":45}},"type":"binary-expr","locations":[{"start":{"line":12,"column":10},"end":{"line":12,"column":13}},{"start":{"line":12,"column":17},"end":{"line":12,"column":45}}],"line":12}},"s":{"0":89,"1":28,"2":6,"3":30,"4":46,"5":22,"6":8,"7":6,"8":6,"9":6,"10":6,"11":6,"12":6,"13":2,"14":2,"15":1,"16":1,"17":0,"18":0,"19":0,"20":0,"21":0,"22":0,"23":1,"24":1,"25":1},"f":{"0":89,"1":28,"2":6,"3":30,"4":2,"5":1,"6":0,"7":0,"8":1},"b":{"0":[0],"1":[6,0],"2":[22,24],"3":[46,46]},"_coverageSchema":"1a1c01bbd47fc00a2c39e90264f33305004495a9","hash":"da2c4d963200aed55b6e8c37f6571e4947d5861b"}
,"C:\\Users\\bianc\\Desktop\\Vivaigarassu\\controllers\\dashboardsController.js": {"path":"C:\\Users\\bianc\\Desktop\\Vivaigarassu\\controllers\\dashboardsController.js","statementMap":{"0":{"start":{"line":7,"column":2},"end":{"line":20,"column":3}},"1":{"start":{"line":8,"column":17},"end":{"line":8,"column":41}},"2":{"start":{"line":9,"column":4},"end":{"line":11,"column":5}},"3":{"start":{"line":10,"column":6},"end":{"line":10,"column":95}},"4":{"start":{"line":13,"column":17},"end":{"line":13,"column":78}},"5":{"start":{"line":14,"column":4},"end":{"line":14,"column":38}},"6":{"start":{"line":17,"column":4},"end":{"line":19,"column":7}},"7":{"start":{"line":24,"column":2},"end":{"line":37,"column":3}},"8":{"start":{"line":25,"column":15},"end":{"line":25,"column":39}},"9":{"start":{"line":26,"column":2},"end":{"line":28,"column":5}},"10":{"start":{"line":27,"column":4},"end":{"line":27,"column":100}},"11":{"start":{"line":30,"column":15},"end":{"line":30,"column":67}},"12":{"start":{"line":31,"column":2},"end":{"line":31,"column":36}},"13":{"start":{"line":34,"column":4},"end":{"line":36,"column":7}},"14":{"start":{"line":41,"column":2},"end":{"line":54,"column":3}},"15":{"start":{"line":42,"column":17},"end":{"line":42,"column":41}},"16":{"start":{"line":43,"column":4},"end":{"line":45,"column":5}},"17":{"start":{"line":44,"column":6},"end":{"line":44,"column":95}},"18":{"start":{"line":47,"column":17},"end":{"line":47,"column":63}},"19":{"start":{"line":48,"column":4},"end":{"line":48,"column":38}},"20":{"start":{"line":51,"column":4},"end":{"line":53,"column":7}},"21":{"start":{"line":58,"column":2},"end":{"line":72,"column":3}},"22":{"start":{"line":59,"column":17},"end":{"line":59,"column":41}},"23":{"start":{"line":60,"column":4},"end":{"line":62,"column":5}},"24":{"start":{"line":61,"column":6},"end":{"line":61,"column":95}},"25":{"start":{"line":64,"column":21},"end":{"line":64,"column":30}},"26":{"start":{"line":65,"column":17},"end":{"line":65,"column":91}},"27":{"start":{"line":66,"column":4},"end":{"line":66,"column":38}},"28":{"start":{"line":69,"column":4},"end":{"line":71,"column":7}},"29":{"start":{"line":76,"column":2},"end":{"line":96,"column":3}},"30":{"start":{"line":77,"column":17},"end":{"line":77,"column":41}},"31":{"start":{"line":78,"column":4},"end":{"line":80,"column":5}},"32":{"start":{"line":79,"column":6},"end":{"line":79,"column":113}},"33":{"start":{"line":82,"column":19},"end":{"line":82,"column":29}},"34":{"start":{"line":83,"column":22},"end":{"line":83,"column":54}},"35":{"start":{"line":85,"column":6},"end":{"line":87,"column":7}},"36":{"start":{"line":86,"column":8},"end":{"line":86,"column":76}},"37":{"start":{"line":89,"column":19},"end":{"line":89,"column":72}},"38":{"start":{"line":90,"column":4},"end":{"line":90,"column":38}},"39":{"start":{"line":93,"column":4},"end":{"line":95,"column":7}},"40":{"start":{"line":100,"column":2},"end":{"line":121,"column":3}},"41":{"start":{"line":101,"column":17},"end":{"line":101,"column":41}},"42":{"start":{"line":102,"column":4},"end":{"line":104,"column":5}},"43":{"start":{"line":103,"column":6},"end":{"line":103,"column":113}},"44":{"start":{"line":106,"column":19},"end":{"line":106,"column":29}},"45":{"start":{"line":107,"column":22},"end":{"line":107,"column":31}},"46":{"start":{"line":108,"column":22},"end":{"line":108,"column":54}},"47":{"start":{"line":110,"column":6},"end":{"line":112,"column":7}},"48":{"start":{"line":111,"column":8},"end":{"line":111,"column":76}},"49":{"start":{"line":114,"column":19},"end":{"line":114,"column":102}},"50":{"start":{"line":115,"column":4},"end":{"line":115,"column":38}},"51":{"start":{"line":118,"column":4},"end":{"line":120,"column":7}},"52":{"start":{"line":125,"column":2},"end":{"line":145,"column":3}},"53":{"start":{"line":126,"column":17},"end":{"line":126,"column":41}},"54":{"start":{"line":127,"column":4},"end":{"line":129,"column":5}},"55":{"start":{"line":128,"column":6},"end":{"line":128,"column":113}},"56":{"start":{"line":131,"column":19},"end":{"line":131,"column":29}},"57":{"start":{"line":132,"column":22},"end":{"line":132,"column":54}},"58":{"start":{"line":134,"column":6},"end":{"line":136,"column":7}},"59":{"start":{"line":135,"column":8},"end":{"line":135,"column":76}},"60":{"start":{"line":138,"column":19},"end":{"line":138,"column":77}},"61":{"start":{"line":139,"column":4},"end":{"line":139,"column":38}},"62":{"start":{"line":142,"column":4},"end":{"line":144,"column":7}}},"fnMap":{"0":{"name":"dashboardUsuario","decl":{"start":{"line":6,"column":15},"end":{"line":6,"column":31}},"loc":{"start":{"line":6,"column":42},"end":{"line":21,"column":1}},"line":6},"1":{"name":"dashboardAdmin","decl":{"start":{"line":23,"column":15},"end":{"line":23,"column":29}},"loc":{"start":{"line":23,"column":40},"end":{"line":38,"column":1}},"line":23},"2":{"name":"getVisitasPorPonto","decl":{"start":{"line":40,"column":15},"end":{"line":40,"column":33}},"loc":{"start":{"line":40,"column":44},"end":{"line":55,"column":1}},"line":40},"3":{"name":"getVisitasPorPeriodo","decl":{"start":{"line":57,"column":15},"end":{"line":57,"column":35}},"loc":{"start":{"line":57,"column":46},"end":{"line":73,"column":1}},"line":57},"4":{"name":"dashboardEmpresa","decl":{"start":{"line":75,"column":15},"end":{"line":75,"column":31}},"loc":{"start":{"line":75,"column":42},"end":{"line":97,"column":1}},"line":75},"5":{"name":"getResgatesEmpresa","decl":{"start":{"line":99,"column":15},"end":{"line":99,"column":33}},"loc":{"start":{"line":99,"column":44},"end":{"line":122,"column":1}},"line":99},"6":{"name":"getRecompensasEmpresa","decl":{"start":{"line":124,"column":15},"end":{"line":124,"column":36}},"loc":{"start":{"line":124,"column":47},"end":{"line":146,"column":1}},"line":124}},"branchMap":{"0":{"loc":{"start":{"line":8,"column":17},"end":{"line":8,"column":41}},"type":"binary-expr","locations":[{"start":{"line":8,"column":17},"end":{"line":8,"column":29}},{"start":{"line":8,"column":33},"end":{"line":8,"column":41}}],"line":8},"1":{"loc":{"start":{"line":9,"column":4},"end":{"line":11,"column":5}},"type":"if","locations":[{"start":{"line":9,"column":4},"end":{"line":11,"column":5}},{"start":{},"end":{}}],"line":9},"2":{"loc":{"start":{"line":17,"column":22},"end":{"line":17,"column":41}},"type":"binary-expr","locations":[{"start":{"line":17,"column":22},"end":{"line":17,"column":34}},{"start":{"line":17,"column":38},"end":{"line":17,"column":41}}],"line":17},"3":{"loc":{"start":{"line":18,"column":15},"end":{"line":18,"column":60}},"type":"binary-expr","locations":[{"start":{"line":18,"column":15},"end":{"line":18,"column":28}},{"start":{"line":18,"column":32},"end":{"line":18,"column":60}}],"line":18},"4":{"loc":{"start":{"line":25,"column":15},"end":{"line":25,"column":39}},"type":"binary-expr","locations":[{"start":{"line":25,"column":15},"end":{"line":25,"column":27}},{"start":{"line":25,"column":31},"end":{"line":25,"column":39}}],"line":25},"5":{"loc":{"start":{"line":26,"column":2},"end":{"line":28,"column":5}},"type":"if","locations":[{"start":{"line":26,"column":2},"end":{"line":28,"column":5}},{"start":{},"end":{}}],"line":26},"6":{"loc":{"start":{"line":34,"column":22},"end":{"line":34,"column":41}},"type":"binary-expr","locations":[{"start":{"line":34,"column":22},"end":{"line":34,"column":34}},{"start":{"line":34,"column":38},"end":{"line":34,"column":41}}],"line":34},"7":{"loc":{"start":{"line":35,"column":15},"end":{"line":35,"column":60}},"type":"binary-expr","locations":[{"start":{"line":35,"column":15},"end":{"line":35,"column":28}},{"start":{"line":35,"column":32},"end":{"line":35,"column":60}}],"line":35},"8":{"loc":{"start":{"line":42,"column":17},"end":{"line":42,"column":41}},"type":"binary-expr","locations":[{"start":{"line":42,"column":17},"end":{"line":42,"column":29}},{"start":{"line":42,"column":33},"end":{"line":42,"column":41}}],"line":42},"9":{"loc":{"start":{"line":43,"column":4},"end":{"line":45,"column":5}},"type":"if","locations":[{"start":{"line":43,"column":4},"end":{"line":45,"column":5}},{"start":{},"end":{}}],"line":43},"10":{"loc":{"start":{"line":52,"column":15},"end":{"line":52,"column":66}},"type":"binary-expr","locations":[{"start":{"line":52,"column":15},"end":{"line":52,"column":28}},{"start":{"line":52,"column":32},"end":{"line":52,"column":66}}],"line":52},"11":{"loc":{"start":{"line":59,"column":17},"end":{"line":59,"column":41}},"type":"binary-expr","locations":[{"start":{"line":59,"column":17},"end":{"line":59,"column":29}},{"start":{"line":59,"column":33},"end":{"line":59,"column":41}}],"line":59},"12":{"loc":{"start":{"line":60,"column":4},"end":{"line":62,"column":5}},"type":"if","locations":[{"start":{"line":60,"column":4},"end":{"line":62,"column":5}},{"start":{},"end":{}}],"line":60},"13":{"loc":{"start":{"line":65,"column":64},"end":{"line":65,"column":90}},"type":"cond-expr","locations":[{"start":{"line":65,"column":71},"end":{"line":65,"column":85}},{"start":{"line":65,"column":88},"end":{"line":65,"column":90}}],"line":65},"14":{"loc":{"start":{"line":70,"column":15},"end":{"line":70,"column":68}},"type":"binary-expr","locations":[{"start":{"line":70,"column":15},"end":{"line":70,"column":28}},{"start":{"line":70,"column":32},"end":{"line":70,"column":68}}],"line":70},"15":{"loc":{"start":{"line":77,"column":17},"end":{"line":77,"column":41}},"type":"binary-expr","locations":[{"start":{"line":77,"column":17},"end":{"line":77,"column":29}},{"start":{"line":77,"column":33},"end":{"line":77,"column":41}}],"line":77},"16":{"loc":{"start":{"line":78,"column":4},"end":{"line":80,"column":5}},"type":"if","locations":[{"start":{"line":78,"column":4},"end":{"line":80,"column":5}},{"start":{},"end":{}}],"line":78},"17":{"loc":{"start":{"line":85,"column":6},"end":{"line":87,"column":7}},"type":"if","locations":[{"start":{"line":85,"column":6},"end":{"line":87,"column":7}},{"start":{},"end":{}}],"line":85},"18":{"loc":{"start":{"line":85,"column":10},"end":{"line":85,"column":70}},"type":"binary-expr","locations":[{"start":{"line":85,"column":10},"end":{"line":85,"column":33}},{"start":{"line":85,"column":37},"end":{"line":85,"column":70}}],"line":85},"19":{"loc":{"start":{"line":93,"column":22},"end":{"line":93,"column":41}},"type":"binary-expr","locations":[{"start":{"line":93,"column":22},"end":{"line":93,"column":34}},{"start":{"line":93,"column":38},"end":{"line":93,"column":41}}],"line":93},"20":{"loc":{"start":{"line":94,"column":15},"end":{"line":94,"column":71}},"type":"binary-expr","locations":[{"start":{"line":94,"column":15},"end":{"line":94,"column":28}},{"start":{"line":94,"column":32},"end":{"line":94,"column":71}}],"line":94},"21":{"loc":{"start":{"line":101,"column":17},"end":{"line":101,"column":41}},"type":"binary-expr","locations":[{"start":{"line":101,"column":17},"end":{"line":101,"column":29}},{"start":{"line":101,"column":33},"end":{"line":101,"column":41}}],"line":101},"22":{"loc":{"start":{"line":102,"column":4},"end":{"line":104,"column":5}},"type":"if","locations":[{"start":{"line":102,"column":4},"end":{"line":104,"column":5}},{"start":{},"end":{}}],"line":102},"23":{"loc":{"start":{"line":110,"column":6},"end":{"line":112,"column":7}},"type":"if","locations":[{"start":{"line":110,"column":6},"end":{"line":112,"column":7}},{"start":{},"end":{}}],"line":110},"24":{"loc":{"start":{"line":110,"column":10},"end":{"line":110,"column":70}},"type":"binary-expr","locations":[{"start":{"line":110,"column":10},"end":{"line":110,"column":33}},{"start":{"line":110,"column":37},"end":{"line":110,"column":70}}],"line":110},"25":{"loc":{"start":{"line":114,"column":73},"end":{"line":114,"column":101}},"type":"cond-expr","locations":[{"start":{"line":114,"column":81},"end":{"line":114,"column":96}},{"start":{"line":114,"column":99},"end":{"line":114,"column":101}}],"line":114},"26":{"loc":{"start":{"line":119,"column":15},"end":{"line":119,"column":68}},"type":"binary-expr","locations":[{"start":{"line":119,"column":15},"end":{"line":119,"column":28}},{"start":{"line":119,"column":32},"end":{"line":119,"column":68}}],"line":119},"27":{"loc":{"start":{"line":126,"column":17},"end":{"line":126,"column":41}},"type":"binary-expr","locations":[{"start":{"line":126,"column":17},"end":{"line":126,"column":29}},{"start":{"line":126,"column":33},"end":{"line":126,"column":41}}],"line":126},"28":{"loc":{"start":{"line":127,"column":4},"end":{"line":129,"column":5}},"type":"if","locations":[{"start":{"line":127,"column":4},"end":{"line":129,"column":5}},{"start":{},"end":{}}],"line":127},"29":{"loc":{"start":{"line":134,"column":6},"end":{"line":136,"column":7}},"type":"if","locations":[{"start":{"line":134,"column":6},"end":{"line":136,"column":7}},{"start":{},"end":{}}],"line":134},"30":{"loc":{"start":{"line":134,"column":10},"end":{"line":134,"column":70}},"type":"binary-expr","locations":[{"start":{"line":134,"column":10},"end":{"line":134,"column":33}},{"start":{"line":134,"column":37},"end":{"line":134,"column":70}}],"line":134},"31":{"loc":{"start":{"line":143,"column":15},"end":{"line":143,"column":71}},"type":"binary-expr","locations":[{"start":{"line":143,"column":15},"end":{"line":143,"column":28}},{"start":{"line":143,"column":32},"end":{"line":143,"column":71}}],"line":143}},"s":{"0":2,"1":2,"2":2,"3":1,"4":1,"5":1,"6":0,"7":1,"8":1,"9":1,"10":0,"11":1,"12":1,"13":0,"14":0,"15":0,"16":0,"17":0,"18":0,"19":0,"20":0,"21":1,"22":1,"23":1,"24":0,"25":1,"26":1,"27":1,"28":0,"29":1,"30":1,"31":1,"32":0,"33":1,"34":1,"35":1,"36":1,"37":0,"38":0,"39":0,"40":0,"41":0,"42":0,"43":0,"44":0,"45":0,"46":0,"47":0,"48":0,"49":0,"50":0,"51":0,"52":0,"53":0,"54":0,"55":0,"56":0,"57":0,"58":0,"59":0,"60":0,"61":0,"62":0},"f":{"0":2,"1":1,"2":0,"3":1,"4":1,"5":0,"6":0},"b":{"0":[2,2],"1":[1,1],"2":[0,0],"3":[0,0],"4":[1,1],"5":[0,1],"6":[0,0],"7":[0,0],"8":[0,0],"9":[0,0],"10":[0,0],"11":[1,1],"12":[0,1],"13":[1,0],"14":[0,0],"15":[1,1],"16":[0,1],"17":[1,0],"18":[1,1],"19":[0,0],"20":[0,0],"21":[0,0],"22":[0,0],"23":[0,0],"24":[0,0],"25":[0,0],"26":[0,0],"27":[0,0],"28":[0,0],"29":[0,0],"30":[0,0],"31":[0,0]},"_coverageSchema":"1a1c01bbd47fc00a2c39e90264f33305004495a9","hash":"7638ca1b5f2d32d59486368f889dc97612ebbe33"}
,"C:\\Users\\bianc\\Desktop\\Vivaigarassu\\controllers\\empresaController.js": {"path":"C:\\Users\\bianc\\Desktop\\Vivaigarassu\\controllers\\empresaController.js","statementMap":{"0":{"start":{"line":5,"column":17},"end":{"line":5,"column":56}},"1":{"start":{"line":8,"column":2},"end":{"line":17,"column":3}},"2":{"start":{"line":9,"column":21},"end":{"line":9,"column":50}},"3":{"start":{"line":10,"column":19},"end":{"line":13,"column":7}},"4":{"start":{"line":10,"column":46},"end":{"line":13,"column":5}},"5":{"start":{"line":14,"column":4},"end":{"line":14,"column":40}},"6":{"start":{"line":16,"column":4},"end":{"line":16,"column":73}},"7":{"start":{"line":21,"column":2},"end":{"line":29,"column":3}},"8":{"start":{"line":22,"column":19},"end":{"line":22,"column":29}},"9":{"start":{"line":23,"column":20},"end":{"line":23,"column":52}},"10":{"start":{"line":24,"column":4},"end":{"line":24,"column":69}},"11":{"start":{"line":24,"column":17},"end":{"line":24,"column":69}},"12":{"start":{"line":25,"column":4},"end":{"line":25,"column":41}},"13":{"start":{"line":27,"column":4},"end":{"line":27,"column":111}},"14":{"start":{"line":27,"column":57},"end":{"line":27,"column":111}},"15":{"start":{"line":28,"column":4},"end":{"line":28,"column":73}},"16":{"start":{"line":33,"column":2},"end":{"line":48,"column":3}},"17":{"start":{"line":34,"column":17},"end":{"line":37,"column":5}},"18":{"start":{"line":39,"column":17},"end":{"line":39,"column":71}},"19":{"start":{"line":40,"column":4},"end":{"line":42,"column":5}},"20":{"start":{"line":41,"column":6},"end":{"line":41,"column":148}},"21":{"start":{"line":44,"column":20},"end":{"line":44,"column":53}},"22":{"start":{"line":45,"column":4},"end":{"line":45,"column":41}},"23":{"start":{"line":47,"column":4},"end":{"line":47,"column":105}},"24":{"start":{"line":52,"column":17},"end":{"line":52,"column":27}},"25":{"start":{"line":53,"column":17},"end":{"line":53,"column":54}},"26":{"start":{"line":54,"column":2},"end":{"line":54,"column":38}},"27":{"start":{"line":58,"column":17},"end":{"line":58,"column":27}},"28":{"start":{"line":59,"column":17},"end":{"line":59,"column":64}},"29":{"start":{"line":60,"column":2},"end":{"line":60,"column":38}},"30":{"start":{"line":64,"column":17},"end":{"line":64,"column":27}},"31":{"start":{"line":65,"column":18},"end":{"line":65,"column":59}},"32":{"start":{"line":66,"column":2},"end":{"line":66,"column":39}},"33":{"start":{"line":70,"column":17},"end":{"line":70,"column":27}},"34":{"start":{"line":71,"column":19},"end":{"line":71,"column":28}},"35":{"start":{"line":72,"column":2},"end":{"line":74,"column":3}},"36":{"start":{"line":73,"column":4},"end":{"line":73,"column":61}},"37":{"start":{"line":75,"column":17},"end":{"line":75,"column":67}},"38":{"start":{"line":76,"column":2},"end":{"line":76,"column":38}},"39":{"start":{"line":80,"column":17},"end":{"line":80,"column":27}},"40":{"start":{"line":81,"column":19},"end":{"line":81,"column":28}},"41":{"start":{"line":82,"column":2},"end":{"line":84,"column":3}},"42":{"start":{"line":83,"column":4},"end":{"line":83,"column":61}},"43":{"start":{"line":85,"column":17},"end":{"line":85,"column":73}},"44":{"start":{"line":86,"column":2},"end":{"line":86,"column":38}},"45":{"start":{"line":94,"column":4},"end":{"line":109,"column":5}},"46":{"start":{"line":95,"column":21},"end":{"line":95,"column":31}},"47":{"start":{"line":96,"column":19},"end":{"line":99,"column":7}},"48":{"start":{"line":100,"column":19},"end":{"line":100,"column":73}},"49":{"start":{"line":101,"column":6},"end":{"line":103,"column":7}},"50":{"start":{"line":102,"column":8},"end":{"line":102,"column":150}},"51":{"start":{"line":104,"column":22},"end":{"line":104,"column":59}},"52":{"start":{"line":105,"column":6},"end":{"line":105,"column":43}},"53":{"start":{"line":107,"column":6},"end":{"line":107,"column":113}},"54":{"start":{"line":107,"column":59},"end":{"line":107,"column":113}},"55":{"start":{"line":108,"column":6},"end":{"line":108,"column":111}},"56":{"start":{"line":112,"column":4},"end":{"line":119,"column":5}},"57":{"start":{"line":113,"column":17},"end":{"line":113,"column":30}},"58":{"start":{"line":114,"column":6},"end":{"line":114,"column":38}},"59":{"start":{"line":115,"column":6},"end":{"line":115,"column":36}},"60":{"start":{"line":117,"column":6},"end":{"line":117,"column":113}},"61":{"start":{"line":117,"column":59},"end":{"line":117,"column":113}},"62":{"start":{"line":118,"column":6},"end":{"line":118,"column":75}}},"fnMap":{"0":{"name":"getAll","decl":{"start":{"line":7,"column":15},"end":{"line":7,"column":21}},"loc":{"start":{"line":7,"column":32},"end":{"line":18,"column":1}},"line":7},"1":{"name":"(anonymous_1)","decl":{"start":{"line":10,"column":40},"end":{"line":10,"column":41}},"loc":{"start":{"line":10,"column":46},"end":{"line":13,"column":5}},"line":10},"2":{"name":"getById","decl":{"start":{"line":20,"column":15},"end":{"line":20,"column":22}},"loc":{"start":{"line":20,"column":33},"end":{"line":30,"column":1}},"line":20},"3":{"name":"create","decl":{"start":{"line":32,"column":15},"end":{"line":32,"column":21}},"loc":{"start":{"line":32,"column":32},"end":{"line":49,"column":1}},"line":32},"4":{"name":"getEventosCount","decl":{"start":{"line":51,"column":15},"end":{"line":51,"column":30}},"loc":{"start":{"line":51,"column":41},"end":{"line":55,"column":1}},"line":51},"5":{"name":"getMeEventosCount","decl":{"start":{"line":57,"column":15},"end":{"line":57,"column":32}},"loc":{"start":{"line":57,"column":43},"end":{"line":61,"column":1}},"line":57},"6":{"name":"getMeEventos","decl":{"start":{"line":63,"column":15},"end":{"line":63,"column":27}},"loc":{"start":{"line":63,"column":38},"end":{"line":67,"column":1}},"line":63},"7":{"name":"getEventosCountByMonth","decl":{"start":{"line":69,"column":15},"end":{"line":69,"column":37}},"loc":{"start":{"line":69,"column":48},"end":{"line":77,"column":1}},"line":69},"8":{"name":"getMeEventosCountByMonth","decl":{"start":{"line":79,"column":15},"end":{"line":79,"column":39}},"loc":{"start":{"line":79,"column":50},"end":{"line":87,"column":1}},"line":79},"9":{"name":"(anonymous_9)","decl":{"start":{"line":93,"column":15},"end":{"line":93,"column":16}},"loc":{"start":{"line":93,"column":35},"end":{"line":110,"column":3}},"line":93},"10":{"name":"(anonymous_10)","decl":{"start":{"line":111,"column":15},"end":{"line":111,"column":16}},"loc":{"start":{"line":111,"column":35},"end":{"line":120,"column":3}},"line":111}},"branchMap":{"0":{"loc":{"start":{"line":10,"column":20},"end":{"line":10,"column":34}},"type":"binary-expr","locations":[{"start":{"line":10,"column":20},"end":{"line":10,"column":28}},{"start":{"line":10,"column":32},"end":{"line":10,"column":34}}],"line":10},"1":{"loc":{"start":{"line":24,"column":4},"end":{"line":24,"column":69}},"type":"if","locations":[{"start":{"line":24,"column":4},"end":{"line":24,"column":69}},{"start":{},"end":{}}],"line":24},"2":{"loc":{"start":{"line":27,"column":4},"end":{"line":27,"column":111}},"type":"if","locations":[{"start":{"line":27,"column":4},"end":{"line":27,"column":111}},{"start":{},"end":{}}],"line":27},"3":{"loc":{"start":{"line":27,"column":8},"end":{"line":27,"column":55}},"type":"binary-expr","locations":[{"start":{"line":27,"column":8},"end":{"line":27,"column":11}},{"start":{"line":27,"column":15},"end":{"line":27,"column":55}}],"line":27},"4":{"loc":{"start":{"line":39,"column":17},"end":{"line":39,"column":71}},"type":"binary-expr","locations":[{"start":{"line":39,"column":17},"end":{"line":39,"column":25}},{"start":{"line":39,"column":30},"end":{"line":39,"column":54}},{"start":{"line":39,"column":58},"end":{"line":39,"column":70}}],"line":39},"5":{"loc":{"start":{"line":40,"column":4},"end":{"line":42,"column":5}},"type":"if","locations":[{"start":{"line":40,"column":4},"end":{"line":42,"column":5}},{"start":{},"end":{}}],"line":40},"6":{"loc":{"start":{"line":41,"column":25},"end":{"line":41,"column":147}},"type":"binary-expr","locations":[{"start":{"line":41,"column":25},"end":{"line":41,"column":34}},{"start":{"line":41,"column":38},"end":{"line":41,"column":53}},{"start":{"line":41,"column":57},"end":{"line":41,"column":65}},{"start":{"line":41,"column":69},"end":{"line":41,"column":82}},{"start":{"line":41,"column":87},"end":{"line":41,"column":146}}],"line":41},"7":{"loc":{"start":{"line":41,"column":87},"end":{"line":41,"column":146}},"type":"cond-expr","locations":[{"start":{"line":41,"column":103},"end":{"line":41,"column":139}},{"start":{"line":41,"column":142},"end":{"line":41,"column":146}}],"line":41},"8":{"loc":{"start":{"line":47,"column":43},"end":{"line":47,"column":101}},"type":"cond-expr","locations":[{"start":{"line":47,"column":64},"end":{"line":47,"column":75}},{"start":{"line":47,"column":78},"end":{"line":47,"column":101}}],"line":47},"9":{"loc":{"start":{"line":47,"column":43},"end":{"line":47,"column":61}},"type":"binary-expr","locations":[{"start":{"line":47,"column":43},"end":{"line":47,"column":46}},{"start":{"line":47,"column":50},"end":{"line":47,"column":61}}],"line":47},"10":{"loc":{"start":{"line":72,"column":2},"end":{"line":74,"column":3}},"type":"if","locations":[{"start":{"line":72,"column":2},"end":{"line":74,"column":3}},{"start":{},"end":{}}],"line":72},"11":{"loc":{"start":{"line":72,"column":6},"end":{"line":72,"column":47}},"type":"binary-expr","locations":[{"start":{"line":72,"column":6},"end":{"line":72,"column":24}},{"start":{"line":72,"column":28},"end":{"line":72,"column":47}}],"line":72},"12":{"loc":{"start":{"line":82,"column":2},"end":{"line":84,"column":3}},"type":"if","locations":[{"start":{"line":82,"column":2},"end":{"line":84,"column":3}},{"start":{},"end":{}}],"line":82},"13":{"loc":{"start":{"line":82,"column":6},"end":{"line":82,"column":47}},"type":"binary-expr","locations":[{"start":{"line":82,"column":6},"end":{"line":82,"column":24}},{"start":{"line":82,"column":28},"end":{"line":82,"column":47}}],"line":82},"14":{"loc":{"start":{"line":100,"column":19},"end":{"line":100,"column":73}},"type":"binary-expr","locations":[{"start":{"line":100,"column":19},"end":{"line":100,"column":27}},{"start":{"line":100,"column":32},"end":{"line":100,"column":56}},{"start":{"line":100,"column":60},"end":{"line":100,"column":72}}],"line":100},"15":{"loc":{"start":{"line":101,"column":6},"end":{"line":103,"column":7}},"type":"if","locations":[{"start":{"line":101,"column":6},"end":{"line":103,"column":7}},{"start":{},"end":{}}],"line":101},"16":{"loc":{"start":{"line":102,"column":27},"end":{"line":102,"column":149}},"type":"binary-expr","locations":[{"start":{"line":102,"column":27},"end":{"line":102,"column":36}},{"start":{"line":102,"column":40},"end":{"line":102,"column":55}},{"start":{"line":102,"column":59},"end":{"line":102,"column":67}},{"start":{"line":102,"column":71},"end":{"line":102,"column":84}},{"start":{"line":102,"column":89},"end":{"line":102,"column":148}}],"line":102},"17":{"loc":{"start":{"line":102,"column":89},"end":{"line":102,"column":148}},"type":"cond-expr","locations":[{"start":{"line":102,"column":105},"end":{"line":102,"column":141}},{"start":{"line":102,"column":144},"end":{"line":102,"column":148}}],"line":102},"18":{"loc":{"start":{"line":107,"column":6},"end":{"line":107,"column":113}},"type":"if","locations":[{"start":{"line":107,"column":6},"end":{"line":107,"column":113}},{"start":{},"end":{}}],"line":107},"19":{"loc":{"start":{"line":107,"column":10},"end":{"line":107,"column":57}},"type":"binary-expr","locations":[{"start":{"line":107,"column":10},"end":{"line":107,"column":13}},{"start":{"line":107,"column":17},"end":{"line":107,"column":57}}],"line":107},"20":{"loc":{"start":{"line":108,"column":45},"end":{"line":108,"column":107}},"type":"cond-expr","locations":[{"start":{"line":108,"column":66},"end":{"line":108,"column":77}},{"start":{"line":108,"column":80},"end":{"line":108,"column":107}}],"line":108},"21":{"loc":{"start":{"line":108,"column":45},"end":{"line":108,"column":63}},"type":"binary-expr","locations":[{"start":{"line":108,"column":45},"end":{"line":108,"column":48}},{"start":{"line":108,"column":52},"end":{"line":108,"column":63}}],"line":108},"22":{"loc":{"start":{"line":117,"column":6},"end":{"line":117,"column":113}},"type":"if","locations":[{"start":{"line":117,"column":6},"end":{"line":117,"column":113}},{"start":{},"end":{}}],"line":117},"23":{"loc":{"start":{"line":117,"column":10},"end":{"line":117,"column":57}},"type":"binary-expr","locations":[{"start":{"line":117,"column":10},"end":{"line":117,"column":13}},{"start":{"line":117,"column":17},"end":{"line":117,"column":57}}],"line":117}},"s":{"0":4,"1":3,"2":3,"3":3,"4":3,"5":3,"6":0,"7":3,"8":3,"9":3,"10":1,"11":1,"12":1,"13":2,"14":2,"15":0,"16":3,"17":3,"18":3,"19":3,"20":0,"21":3,"22":2,"23":1,"24":0,"25":0,"26":0,"27":0,"28":0,"29":0,"30":0,"31":0,"32":0,"33":3,"34":3,"35":3,"36":3,"37":0,"38":0,"39":1,"40":1,"41":1,"42":1,"43":0,"44":0,"45":1,"46":1,"47":1,"48":1,"49":1,"50":0,"51":1,"52":0,"53":1,"54":1,"55":0,"56":1,"57":1,"58":1,"59":0,"60":1,"61":0,"62":1},"f":{"0":3,"1":3,"2":3,"3":3,"4":0,"5":0,"6":0,"7":3,"8":1,"9":1,"10":1},"b":{"0":[3,1],"1":[1,0],"2":[2,0],"3":[2,2],"4":[3,3,0],"5":[0,3],"6":[0,0,0,0,0],"7":[0,0],"8":[1,0],"9":[1,1],"10":[3,0],"11":[3,3],"12":[1,0],"13":[1,1],"14":[1,1,0],"15":[0,1],"16":[0,0,0,0,0],"17":[0,0],"18":[1,0],"19":[1,1],"20":[0,0],"21":[0,0],"22":[0,1],"23":[1,1]},"_coverageSchema":"1a1c01bbd47fc00a2c39e90264f33305004495a9","hash":"f3728088da4d18f6f9ffbc1d7f6932a8bb2b44ab"}
,"C:\\Users\\bianc\\Desktop\\Vivaigarassu\\controllers\\enderecosController.js": {"path":"C:\\Users\\bianc\\Desktop\\Vivaigarassu\\controllers\\enderecosController.js","statementMap":{"0":{"start":{"line":4,"column":2},"end":{"line":13,"column":3}},"1":{"start":{"line":5,"column":19},"end":{"line":5,"column":29}},"2":{"start":{"line":6,"column":21},"end":{"line":6,"column":59}},"3":{"start":{"line":7,"column":4},"end":{"line":9,"column":5}},"4":{"start":{"line":8,"column":6},"end":{"line":8,"column":74}},"5":{"start":{"line":10,"column":4},"end":{"line":10,"column":42}},"6":{"start":{"line":12,"column":4},"end":{"line":12,"column":72}},"7":{"start":{"line":17,"column":2},"end":{"line":62,"column":3}},"8":{"start":{"line":18,"column":15},"end":{"line":18,"column":29}},"9":{"start":{"line":20,"column":32},"end":{"line":20,"column":133}},"10":{"start":{"line":21,"column":4},"end":{"line":24,"column":5}},"11":{"start":{"line":22,"column":21},"end":{"line":22,"column":55}},"12":{"start":{"line":23,"column":6},"end":{"line":23,"column":36}},"13":{"start":{"line":28,"column":20},"end":{"line":28,"column":22}},"14":{"start":{"line":29,"column":4},"end":{"line":29,"column":80}},"15":{"start":{"line":30,"column":4},"end":{"line":30,"column":82}},"16":{"start":{"line":31,"column":4},"end":{"line":31,"column":83}},"17":{"start":{"line":32,"column":4},"end":{"line":32,"column":72}},"18":{"start":{"line":33,"column":4},"end":{"line":33,"column":102}},"19":{"start":{"line":34,"column":4},"end":{"line":34,"column":72}},"20":{"start":{"line":36,"column":4},"end":{"line":39,"column":5}},"21":{"start":{"line":37,"column":18},"end":{"line":37,"column":69}},"22":{"start":{"line":38,"column":6},"end":{"line":38,"column":55}},"23":{"start":{"line":38,"column":32},"end":{"line":38,"column":55}},"24":{"start":{"line":40,"column":4},"end":{"line":43,"column":5}},"25":{"start":{"line":41,"column":18},"end":{"line":41,"column":70}},"26":{"start":{"line":42,"column":6},"end":{"line":42,"column":56}},"27":{"start":{"line":42,"column":32},"end":{"line":42,"column":56}},"28":{"start":{"line":45,"column":4},"end":{"line":47,"column":5}},"29":{"start":{"line":46,"column":6},"end":{"line":46,"column":98}},"30":{"start":{"line":49,"column":4},"end":{"line":49,"column":85}},"31":{"start":{"line":49,"column":38},"end":{"line":49,"column":83}},"32":{"start":{"line":52,"column":4},"end":{"line":58,"column":5}},"33":{"start":{"line":53,"column":23},"end":{"line":53,"column":64}},"34":{"start":{"line":54,"column":6},"end":{"line":54,"column":44}},"35":{"start":{"line":56,"column":6},"end":{"line":56,"column":92}},"36":{"start":{"line":57,"column":6},"end":{"line":57,"column":129}},"37":{"start":{"line":60,"column":4},"end":{"line":60,"column":52}},"38":{"start":{"line":61,"column":4},"end":{"line":61,"column":71}},"39":{"start":{"line":66,"column":16},"end":{"line":66,"column":78}},"40":{"start":{"line":66,"column":53},"end":{"line":66,"column":61}},"41":{"start":{"line":68,"column":12},"end":{"line":68,"column":16}},"42":{"start":{"line":69,"column":15},"end":{"line":69,"column":19}},"43":{"start":{"line":70,"column":15},"end":{"line":70,"column":19}},"44":{"start":{"line":71,"column":15},"end":{"line":71,"column":19}},"45":{"start":{"line":72,"column":17},"end":{"line":72,"column":19}},"46":{"start":{"line":74,"column":2},"end":{"line":80,"column":3}},"47":{"start":{"line":75,"column":17},"end":{"line":75,"column":40}},"48":{"start":{"line":76,"column":4},"end":{"line":79,"column":5}},"49":{"start":{"line":77,"column":6},"end":{"line":77,"column":42}},"50":{"start":{"line":78,"column":6},"end":{"line":78,"column":18}},"51":{"start":{"line":82,"column":2},"end":{"line":88,"column":3}},"52":{"start":{"line":83,"column":17},"end":{"line":83,"column":40}},"53":{"start":{"line":84,"column":4},"end":{"line":87,"column":5}},"54":{"start":{"line":85,"column":6},"end":{"line":85,"column":34}},"55":{"start":{"line":86,"column":6},"end":{"line":86,"column":18}},"56":{"start":{"line":90,"column":2},"end":{"line":90,"column":45}},"57":{"start":{"line":90,"column":24},"end":{"line":90,"column":45}},"58":{"start":{"line":91,"column":2},"end":{"line":91,"column":45}},"59":{"start":{"line":91,"column":24},"end":{"line":91,"column":45}},"60":{"start":{"line":92,"column":2},"end":{"line":92,"column":19}},"61":{"start":{"line":94,"column":19},"end":{"line":94,"column":44}},"62":{"start":{"line":95,"column":15},"end":{"line":95,"column":19}},"63":{"start":{"line":96,"column":2},"end":{"line":102,"column":3}},"64":{"start":{"line":97,"column":14},"end":{"line":97,"column":63}},"65":{"start":{"line":98,"column":4},"end":{"line":101,"column":5}},"66":{"start":{"line":99,"column":6},"end":{"line":99,"column":31}},"67":{"start":{"line":100,"column":6},"end":{"line":100,"column":27}},"68":{"start":{"line":104,"column":2},"end":{"line":111,"column":4}}},"fnMap":{"0":{"name":"getById","decl":{"start":{"line":3,"column":15},"end":{"line":3,"column":22}},"loc":{"start":{"line":3,"column":33},"end":{"line":14,"column":1}},"line":3},"1":{"name":"create","decl":{"start":{"line":16,"column":15},"end":{"line":16,"column":21}},"loc":{"start":{"line":16,"column":32},"end":{"line":63,"column":1}},"line":16},"2":{"name":"(anonymous_2)","decl":{"start":{"line":49,"column":33},"end":{"line":49,"column":34}},"loc":{"start":{"line":49,"column":38},"end":{"line":49,"column":83}},"line":49},"3":{"name":"parseEndereco","decl":{"start":{"line":65,"column":9},"end":{"line":65,"column":22}},"loc":{"start":{"line":65,"column":33},"end":{"line":112,"column":1}},"line":65},"4":{"name":"(anonymous_4)","decl":{"start":{"line":66,"column":48},"end":{"line":66,"column":49}},"loc":{"start":{"line":66,"column":53},"end":{"line":66,"column":61}},"line":66}},"branchMap":{"0":{"loc":{"start":{"line":7,"column":4},"end":{"line":9,"column":5}},"type":"if","locations":[{"start":{"line":7,"column":4},"end":{"line":9,"column":5}},{"start":{},"end":{}}],"line":7},"1":{"loc":{"start":{"line":18,"column":15},"end":{"line":18,"column":29}},"type":"binary-expr","locations":[{"start":{"line":18,"column":15},"end":{"line":18,"column":23}},{"start":{"line":18,"column":27},"end":{"line":18,"column":29}}],"line":18},"2":{"loc":{"start":{"line":20,"column":32},"end":{"line":20,"column":133}},"type":"binary-expr","locations":[{"start":{"line":20,"column":32},"end":{"line":20,"column":54}},{"start":{"line":20,"column":58},"end":{"line":20,"column":79}},{"start":{"line":20,"column":83},"end":{"line":20,"column":96}},{"start":{"line":20,"column":100},"end":{"line":20,"column":112}},{"start":{"line":20,"column":116},"end":{"line":20,"column":133}}],"line":20},"3":{"loc":{"start":{"line":21,"column":4},"end":{"line":24,"column":5}},"type":"if","locations":[{"start":{"line":21,"column":4},"end":{"line":24,"column":5}},{"start":{},"end":{}}],"line":21},"4":{"loc":{"start":{"line":21,"column":8},"end":{"line":21,"column":81}},"type":"binary-expr","locations":[{"start":{"line":21,"column":8},"end":{"line":21,"column":27}},{"start":{"line":21,"column":32},"end":{"line":21,"column":48}},{"start":{"line":21,"column":52},"end":{"line":21,"column":64}},{"start":{"line":21,"column":68},"end":{"line":21,"column":80}}],"line":21},"5":{"loc":{"start":{"line":29,"column":26},"end":{"line":29,"column":47}},"type":"binary-expr","locations":[{"start":{"line":29,"column":26},"end":{"line":29,"column":41}},{"start":{"line":29,"column":45},"end":{"line":29,"column":47}}],"line":29},"6":{"loc":{"start":{"line":30,"column":21},"end":{"line":30,"column":81}},"type":"cond-expr","locations":[{"start":{"line":30,"column":35},"end":{"line":30,"column":76}},{"start":{"line":30,"column":79},"end":{"line":30,"column":81}}],"line":30},"7":{"loc":{"start":{"line":31,"column":21},"end":{"line":31,"column":82}},"type":"cond-expr","locations":[{"start":{"line":31,"column":35},"end":{"line":31,"column":77}},{"start":{"line":31,"column":80},"end":{"line":31,"column":82}}],"line":31},"8":{"loc":{"start":{"line":32,"column":22},"end":{"line":32,"column":39}},"type":"binary-expr","locations":[{"start":{"line":32,"column":22},"end":{"line":32,"column":33}},{"start":{"line":32,"column":37},"end":{"line":32,"column":39}}],"line":32},"9":{"loc":{"start":{"line":33,"column":21},"end":{"line":33,"column":101}},"type":"cond-expr","locations":[{"start":{"line":33,"column":35},"end":{"line":33,"column":89}},{"start":{"line":33,"column":92},"end":{"line":33,"column":101}}],"line":33},"10":{"loc":{"start":{"line":34,"column":18},"end":{"line":34,"column":71}},"type":"cond-expr","locations":[{"start":{"line":34,"column":29},"end":{"line":34,"column":66}},{"start":{"line":34,"column":69},"end":{"line":34,"column":71}}],"line":34},"11":{"loc":{"start":{"line":36,"column":4},"end":{"line":39,"column":5}},"type":"if","locations":[{"start":{"line":36,"column":4},"end":{"line":39,"column":5}},{"start":{},"end":{}}],"line":36},"12":{"loc":{"start":{"line":36,"column":8},"end":{"line":36,"column":85}},"type":"binary-expr","locations":[{"start":{"line":36,"column":8},"end":{"line":36,"column":35}},{"start":{"line":36,"column":39},"end":{"line":36,"column":61}},{"start":{"line":36,"column":65},"end":{"line":36,"column":85}}],"line":36},"13":{"loc":{"start":{"line":38,"column":6},"end":{"line":38,"column":55}},"type":"if","locations":[{"start":{"line":38,"column":6},"end":{"line":38,"column":55}},{"start":{},"end":{}}],"line":38},"14":{"loc":{"start":{"line":40,"column":4},"end":{"line":43,"column":5}},"type":"if","locations":[{"start":{"line":40,"column":4},"end":{"line":43,"column":5}},{"start":{},"end":{}}],"line":40},"15":{"loc":{"start":{"line":40,"column":8},"end":{"line":40,"column":88}},"type":"binary-expr","locations":[{"start":{"line":40,"column":8},"end":{"line":40,"column":36}},{"start":{"line":40,"column":40},"end":{"line":40,"column":63}},{"start":{"line":40,"column":67},"end":{"line":40,"column":88}}],"line":40},"16":{"loc":{"start":{"line":42,"column":6},"end":{"line":42,"column":56}},"type":"if","locations":[{"start":{"line":42,"column":6},"end":{"line":42,"column":56}},{"start":{},"end":{}}],"line":42},"17":{"loc":{"start":{"line":45,"column":4},"end":{"line":47,"column":5}},"type":"if","locations":[{"start":{"line":45,"column":4},"end":{"line":47,"column":5}},{"start":{},"end":{}}],"line":45},"18":{"loc":{"start":{"line":45,"column":8},"end":{"line":45,"column":65}},"type":"binary-expr","locations":[{"start":{"line":45,"column":8},"end":{"line":45,"column":27}},{"start":{"line":45,"column":31},"end":{"line":45,"column":46}},{"start":{"line":45,"column":50},"end":{"line":45,"column":65}}],"line":45},"19":{"loc":{"start":{"line":49,"column":38},"end":{"line":49,"column":83}},"type":"binary-expr","locations":[{"start":{"line":49,"column":38},"end":{"line":49,"column":62}},{"start":{"line":49,"column":66},"end":{"line":49,"column":83}}],"line":49},"20":{"loc":{"start":{"line":56,"column":56},"end":{"line":56,"column":90}},"type":"cond-expr","locations":[{"start":{"line":56,"column":75},"end":{"line":56,"column":84}},{"start":{"line":56,"column":87},"end":{"line":56,"column":90}}],"line":56},"21":{"loc":{"start":{"line":56,"column":56},"end":{"line":56,"column":72}},"type":"binary-expr","locations":[{"start":{"line":56,"column":56},"end":{"line":56,"column":59}},{"start":{"line":56,"column":63},"end":{"line":56,"column":72}}],"line":56},"22":{"loc":{"start":{"line":57,"column":79},"end":{"line":57,"column":125}},"type":"cond-expr","locations":[{"start":{"line":57,"column":100},"end":{"line":57,"column":111}},{"start":{"line":57,"column":114},"end":{"line":57,"column":125}}],"line":57},"23":{"loc":{"start":{"line":57,"column":79},"end":{"line":57,"column":97}},"type":"binary-expr","locations":[{"start":{"line":57,"column":79},"end":{"line":57,"column":82}},{"start":{"line":57,"column":86},"end":{"line":57,"column":97}}],"line":57},"24":{"loc":{"start":{"line":74,"column":2},"end":{"line":80,"column":3}},"type":"if","locations":[{"start":{"line":74,"column":2},"end":{"line":80,"column":3}},{"start":{},"end":{}}],"line":74},"25":{"loc":{"start":{"line":76,"column":4},"end":{"line":79,"column":5}},"type":"if","locations":[{"start":{"line":76,"column":4},"end":{"line":79,"column":5}},{"start":{},"end":{}}],"line":76},"26":{"loc":{"start":{"line":82,"column":2},"end":{"line":88,"column":3}},"type":"if","locations":[{"start":{"line":82,"column":2},"end":{"line":88,"column":3}},{"start":{},"end":{}}],"line":82},"27":{"loc":{"start":{"line":84,"column":4},"end":{"line":87,"column":5}},"type":"if","locations":[{"start":{"line":84,"column":4},"end":{"line":87,"column":5}},{"start":{},"end":{}}],"line":84},"28":{"loc":{"start":{"line":90,"column":2},"end":{"line":90,"column":45}},"type":"if","locations":[{"start":{"line":90,"column":2},"end":{"line":90,"column":45}},{"start":{},"end":{}}],"line":90},"29":{"loc":{"start":{"line":91,"column":2},"end":{"line":91,"column":45}},"type":"if","locations":[{"start":{"line":91,"column":2},"end":{"line":91,"column":45}},{"start":{},"end":{}}],"line":91},"30":{"loc":{"start":{"line":94,"column":19},"end":{"line":94,"column":44}},"type":"binary-expr","locations":[{"start":{"line":94,"column":19},"end":{"line":94,"column":38}},{"start":{"line":94,"column":42},"end":{"line":94,"column":44}}],"line":94},"31":{"loc":{"start":{"line":96,"column":2},"end":{"line":102,"column":3}},"type":"if","locations":[{"start":{"line":96,"column":2},"end":{"line":102,"column":3}},{"start":{},"end":{}}],"line":96},"32":{"loc":{"start":{"line":98,"column":4},"end":{"line":101,"column":5}},"type":"if","locations":[{"start":{"line":98,"column":4},"end":{"line":101,"column":5}},{"start":{},"end":{}}],"line":98},"33":{"loc":{"start":{"line":105,"column":16},"end":{"line":105,"column":32}},"type":"binary-expr","locations":[{"start":{"line":105,"column":16},"end":{"line":105,"column":26}},{"start":{"line":105,"column":30},"end":{"line":105,"column":32}}],"line":105},"34":{"loc":{"start":{"line":106,"column":12},"end":{"line":106,"column":24}},"type":"binary-expr","locations":[{"start":{"line":106,"column":12},"end":{"line":106,"column":18}},{"start":{"line":106,"column":22},"end":{"line":106,"column":24}}],"line":106},"35":{"loc":{"start":{"line":107,"column":12},"end":{"line":107,"column":24}},"type":"binary-expr","locations":[{"start":{"line":107,"column":12},"end":{"line":107,"column":18}},{"start":{"line":107,"column":22},"end":{"line":107,"column":24}}],"line":107},"36":{"loc":{"start":{"line":108,"column":12},"end":{"line":108,"column":24}},"type":"binary-expr","locations":[{"start":{"line":108,"column":12},"end":{"line":108,"column":18}},{"start":{"line":108,"column":22},"end":{"line":108,"column":24}}],"line":108},"37":{"loc":{"start":{"line":109,"column":12},"end":{"line":109,"column":24}},"type":"binary-expr","locations":[{"start":{"line":109,"column":12},"end":{"line":109,"column":18}},{"start":{"line":109,"column":22},"end":{"line":109,"column":24}}],"line":109},"38":{"loc":{"start":{"line":110,"column":9},"end":{"line":110,"column":18}},"type":"binary-expr","locations":[{"start":{"line":110,"column":9},"end":{"line":110,"column":12}},{"start":{"line":110,"column":16},"end":{"line":110,"column":18}}],"line":110}},"s":{"0":2,"1":2,"2":2,"3":2,"4":1,"5":1,"6":0,"7":1,"8":1,"9":1,"10":1,"11":1,"12":1,"13":1,"14":1,"15":1,"16":1,"17":1,"18":1,"19":1,"20":1,"21":0,"22":0,"23":0,"24":1,"25":0,"26":0,"27":0,"28":1,"29":0,"30":1,"31":6,"32":1,"33":1,"34":1,"35":0,"36":0,"37":0,"38":0,"39":1,"40":5,"41":1,"42":1,"43":1,"44":1,"45":1,"46":1,"47":1,"48":1,"49":1,"50":1,"51":1,"52":1,"53":1,"54":1,"55":1,"56":1,"57":1,"58":1,"59":1,"60":1,"61":1,"62":1,"63":1,"64":1,"65":1,"66":1,"67":1,"68":1},"f":{"0":2,"1":1,"2":6,"3":1,"4":5},"b":{"0":[1,1],"1":[1,0],"2":[1,0,0,0,0],"3":[1,0],"4":[1,1,0,0],"5":[1,0],"6":[1,0],"7":[1,0],"8":[1,0],"9":[1,0],"10":[1,0],"11":[0,1],"12":[1,0,0],"13":[0,0],"14":[0,1],"15":[1,0,0],"16":[0,0],"17":[0,1],"18":[1,1,1],"19":[6,0],"20":[0,0],"21":[0,0],"22":[0,0],"23":[0,0],"24":[1,0],"25":[1,0],"26":[1,0],"27":[1,0],"28":[1,0],"29":[1,0],"30":[1,0],"31":[1,0],"32":[1,0],"33":[1,0],"34":[1,0],"35":[1,0],"36":[1,0],"37":[1,0],"38":[1,0]},"_coverageSchema":"1a1c01bbd47fc00a2c39e90264f33305004495a9","hash":"fa25c9978a9001bbfc71eb561af87b36d75537ed"}
,"C:\\Users\\bianc\\Desktop\\Vivaigarassu\\controllers\\eventosController.js": {"path":"C:\\Users\\bianc\\Desktop\\Vivaigarassu\\controllers\\eventosController.js","statementMap":{"0":{"start":{"line":6,"column":2},"end":{"line":15,"column":3}},"1":{"start":{"line":7,"column":20},"end":{"line":7,"column":49}},"2":{"start":{"line":8,"column":19},"end":{"line":11,"column":7}},"3":{"start":{"line":8,"column":45},"end":{"line":11,"column":5}},"4":{"start":{"line":12,"column":4},"end":{"line":12,"column":40}},"5":{"start":{"line":14,"column":4},"end":{"line":14,"column":73}},"6":{"start":{"line":19,"column":2},"end":{"line":30,"column":3}},"7":{"start":{"line":20,"column":19},"end":{"line":20,"column":29}},"8":{"start":{"line":21,"column":19},"end":{"line":21,"column":51}},"9":{"start":{"line":22,"column":4},"end":{"line":24,"column":5}},"10":{"start":{"line":23,"column":6},"end":{"line":23,"column":56}},"11":{"start":{"line":25,"column":4},"end":{"line":25,"column":40}},"12":{"start":{"line":27,"column":4},"end":{"line":29,"column":40}},"13":{"start":{"line":34,"column":2},"end":{"line":84,"column":3}},"14":{"start":{"line":35,"column":17},"end":{"line":35,"column":41}},"15":{"start":{"line":38,"column":21},"end":{"line":38,"column":35}},"16":{"start":{"line":39,"column":4},"end":{"line":41,"column":5}},"17":{"start":{"line":40,"column":6},"end":{"line":40,"column":39}},"18":{"start":{"line":43,"column":18},"end":{"line":43,"column":22}},"19":{"start":{"line":44,"column":4},"end":{"line":46,"column":5}},"20":{"start":{"line":45,"column":6},"end":{"line":45,"column":61}},"21":{"start":{"line":48,"column":4},"end":{"line":60,"column":5}},"22":{"start":{"line":49,"column":6},"end":{"line":49,"column":108}},"23":{"start":{"line":50,"column":6},"end":{"line":58,"column":7}},"24":{"start":{"line":51,"column":33},"end":{"line":56,"column":9}},"25":{"start":{"line":57,"column":8},"end":{"line":57,"column":67}},"26":{"start":{"line":59,"column":6},"end":{"line":59,"column":38}},"27":{"start":{"line":62,"column":4},"end":{"line":65,"column":5}},"28":{"start":{"line":63,"column":6},"end":{"line":63,"column":65}},"29":{"start":{"line":64,"column":6},"end":{"line":64,"column":51}},"30":{"start":{"line":64,"column":19},"end":{"line":64,"column":51}},"31":{"start":{"line":67,"column":17},"end":{"line":71,"column":5}},"32":{"start":{"line":73,"column":17},"end":{"line":73,"column":71}},"33":{"start":{"line":74,"column":4},"end":{"line":76,"column":5}},"34":{"start":{"line":75,"column":6},"end":{"line":75,"column":147}},"35":{"start":{"line":78,"column":19},"end":{"line":78,"column":52}},"36":{"start":{"line":79,"column":4},"end":{"line":79,"column":40}},"37":{"start":{"line":81,"column":4},"end":{"line":83,"column":40}},"38":{"start":{"line":88,"column":2},"end":{"line":131,"column":3}},"39":{"start":{"line":89,"column":19},"end":{"line":89,"column":29}},"40":{"start":{"line":91,"column":21},"end":{"line":91,"column":91}},"41":{"start":{"line":92,"column":18},"end":{"line":92,"column":22}},"42":{"start":{"line":93,"column":4},"end":{"line":93,"column":75}},"43":{"start":{"line":93,"column":20},"end":{"line":93,"column":75}},"44":{"start":{"line":94,"column":17},"end":{"line":94,"column":41}},"45":{"start":{"line":95,"column":4},"end":{"line":107,"column":5}},"46":{"start":{"line":96,"column":6},"end":{"line":96,"column":108}},"47":{"start":{"line":97,"column":6},"end":{"line":105,"column":7}},"48":{"start":{"line":98,"column":33},"end":{"line":103,"column":9}},"49":{"start":{"line":104,"column":8},"end":{"line":104,"column":67}},"50":{"start":{"line":106,"column":6},"end":{"line":106,"column":38}},"51":{"start":{"line":109,"column":4},"end":{"line":112,"column":5}},"52":{"start":{"line":110,"column":6},"end":{"line":110,"column":65}},"53":{"start":{"line":111,"column":6},"end":{"line":111,"column":51}},"54":{"start":{"line":111,"column":19},"end":{"line":111,"column":51}},"55":{"start":{"line":114,"column":17},"end":{"line":118,"column":5}},"56":{"start":{"line":120,"column":17},"end":{"line":120,"column":71}},"57":{"start":{"line":121,"column":4},"end":{"line":123,"column":5}},"58":{"start":{"line":122,"column":6},"end":{"line":122,"column":147}},"59":{"start":{"line":125,"column":19},"end":{"line":125,"column":56}},"60":{"start":{"line":126,"column":4},"end":{"line":126,"column":40}},"61":{"start":{"line":128,"column":4},"end":{"line":130,"column":40}},"62":{"start":{"line":135,"column":2},"end":{"line":153,"column":3}},"63":{"start":{"line":136,"column":19},"end":{"line":136,"column":29}},"64":{"start":{"line":137,"column":4},"end":{"line":139,"column":5}},"65":{"start":{"line":138,"column":6},"end":{"line":138,"column":90}},"66":{"start":{"line":140,"column":20},"end":{"line":144,"column":5}},"67":{"start":{"line":145,"column":4},"end":{"line":145,"column":45}},"68":{"start":{"line":146,"column":4},"end":{"line":148,"column":7}},"69":{"start":{"line":150,"column":4},"end":{"line":152,"column":40}}},"fnMap":{"0":{"name":"getAll","decl":{"start":{"line":5,"column":15},"end":{"line":5,"column":21}},"loc":{"start":{"line":5,"column":32},"end":{"line":16,"column":1}},"line":5},"1":{"name":"(anonymous_1)","decl":{"start":{"line":8,"column":39},"end":{"line":8,"column":40}},"loc":{"start":{"line":8,"column":45},"end":{"line":11,"column":5}},"line":8},"2":{"name":"getById","decl":{"start":{"line":18,"column":15},"end":{"line":18,"column":22}},"loc":{"start":{"line":18,"column":33},"end":{"line":31,"column":1}},"line":18},"3":{"name":"create","decl":{"start":{"line":33,"column":15},"end":{"line":33,"column":21}},"loc":{"start":{"line":33,"column":32},"end":{"line":85,"column":1}},"line":33},"4":{"name":"update","decl":{"start":{"line":87,"column":15},"end":{"line":87,"column":21}},"loc":{"start":{"line":87,"column":32},"end":{"line":132,"column":1}},"line":87},"5":{"name":"deleteEvento","decl":{"start":{"line":134,"column":15},"end":{"line":134,"column":27}},"loc":{"start":{"line":134,"column":38},"end":{"line":154,"column":1}},"line":134}},"branchMap":{"0":{"loc":{"start":{"line":8,"column":20},"end":{"line":8,"column":33}},"type":"binary-expr","locations":[{"start":{"line":8,"column":20},"end":{"line":8,"column":27}},{"start":{"line":8,"column":31},"end":{"line":8,"column":33}}],"line":8},"1":{"loc":{"start":{"line":22,"column":4},"end":{"line":24,"column":5}},"type":"if","locations":[{"start":{"line":22,"column":4},"end":{"line":24,"column":5}},{"start":{},"end":{}}],"line":22},"2":{"loc":{"start":{"line":28,"column":14},"end":{"line":28,"column":33}},"type":"binary-expr","locations":[{"start":{"line":28,"column":14},"end":{"line":28,"column":26}},{"start":{"line":28,"column":30},"end":{"line":28,"column":33}}],"line":28},"3":{"loc":{"start":{"line":35,"column":17},"end":{"line":35,"column":41}},"type":"binary-expr","locations":[{"start":{"line":35,"column":17},"end":{"line":35,"column":29}},{"start":{"line":35,"column":33},"end":{"line":35,"column":41}}],"line":35},"4":{"loc":{"start":{"line":39,"column":4},"end":{"line":41,"column":5}},"type":"if","locations":[{"start":{"line":39,"column":4},"end":{"line":41,"column":5}},{"start":{},"end":{}}],"line":39},"5":{"loc":{"start":{"line":39,"column":8},"end":{"line":39,"column":54}},"type":"binary-expr","locations":[{"start":{"line":39,"column":8},"end":{"line":39,"column":19}},{"start":{"line":39,"column":23},"end":{"line":39,"column":31}},{"start":{"line":39,"column":35},"end":{"line":39,"column":54}}],"line":39},"6":{"loc":{"start":{"line":44,"column":4},"end":{"line":46,"column":5}},"type":"if","locations":[{"start":{"line":44,"column":4},"end":{"line":46,"column":5}},{"start":{},"end":{}}],"line":44},"7":{"loc":{"start":{"line":48,"column":4},"end":{"line":60,"column":5}},"type":"if","locations":[{"start":{"line":48,"column":4},"end":{"line":60,"column":5}},{"start":{},"end":{}}],"line":48},"8":{"loc":{"start":{"line":48,"column":8},"end":{"line":48,"column":34}},"type":"binary-expr","locations":[{"start":{"line":48,"column":8},"end":{"line":48,"column":16}},{"start":{"line":48,"column":20},"end":{"line":48,"column":34}}],"line":48},"9":{"loc":{"start":{"line":49,"column":16},"end":{"line":49,"column":107}},"type":"cond-expr","locations":[{"start":{"line":49,"column":49},"end":{"line":49,"column":100}},{"start":{"line":49,"column":103},"end":{"line":49,"column":107}}],"line":49},"10":{"loc":{"start":{"line":50,"column":6},"end":{"line":58,"column":7}},"type":"if","locations":[{"start":{"line":50,"column":6},"end":{"line":58,"column":7}},{"start":{},"end":{}}],"line":50},"11":{"loc":{"start":{"line":62,"column":4},"end":{"line":65,"column":5}},"type":"if","locations":[{"start":{"line":62,"column":4},"end":{"line":65,"column":5}},{"start":{},"end":{}}],"line":62},"12":{"loc":{"start":{"line":62,"column":8},"end":{"line":62,"column":30}},"type":"binary-expr","locations":[{"start":{"line":62,"column":8},"end":{"line":62,"column":16}},{"start":{"line":62,"column":20},"end":{"line":62,"column":30}}],"line":62},"13":{"loc":{"start":{"line":64,"column":6},"end":{"line":64,"column":51}},"type":"if","locations":[{"start":{"line":64,"column":6},"end":{"line":64,"column":51}},{"start":{},"end":{}}],"line":64},"14":{"loc":{"start":{"line":73,"column":17},"end":{"line":73,"column":71}},"type":"binary-expr","locations":[{"start":{"line":73,"column":17},"end":{"line":73,"column":25}},{"start":{"line":73,"column":30},"end":{"line":73,"column":54}},{"start":{"line":73,"column":58},"end":{"line":73,"column":70}}],"line":73},"15":{"loc":{"start":{"line":74,"column":4},"end":{"line":76,"column":5}},"type":"if","locations":[{"start":{"line":74,"column":4},"end":{"line":76,"column":5}},{"start":{},"end":{}}],"line":74},"16":{"loc":{"start":{"line":75,"column":25},"end":{"line":75,"column":146}},"type":"binary-expr","locations":[{"start":{"line":75,"column":25},"end":{"line":75,"column":34}},{"start":{"line":75,"column":38},"end":{"line":75,"column":53}},{"start":{"line":75,"column":57},"end":{"line":75,"column":65}},{"start":{"line":75,"column":69},"end":{"line":75,"column":82}},{"start":{"line":75,"column":87},"end":{"line":75,"column":145}}],"line":75},"17":{"loc":{"start":{"line":75,"column":87},"end":{"line":75,"column":145}},"type":"cond-expr","locations":[{"start":{"line":75,"column":103},"end":{"line":75,"column":138}},{"start":{"line":75,"column":141},"end":{"line":75,"column":145}}],"line":75},"18":{"loc":{"start":{"line":82,"column":14},"end":{"line":82,"column":33}},"type":"binary-expr","locations":[{"start":{"line":82,"column":14},"end":{"line":82,"column":26}},{"start":{"line":82,"column":30},"end":{"line":82,"column":33}}],"line":82},"19":{"loc":{"start":{"line":91,"column":21},"end":{"line":91,"column":91}},"type":"cond-expr","locations":[{"start":{"line":91,"column":55},"end":{"line":91,"column":74}},{"start":{"line":91,"column":77},"end":{"line":91,"column":91}}],"line":91},"20":{"loc":{"start":{"line":91,"column":21},"end":{"line":91,"column":52}},"type":"binary-expr","locations":[{"start":{"line":91,"column":21},"end":{"line":91,"column":29}},{"start":{"line":91,"column":33},"end":{"line":91,"column":52}}],"line":91},"21":{"loc":{"start":{"line":93,"column":4},"end":{"line":93,"column":75}},"type":"if","locations":[{"start":{"line":93,"column":4},"end":{"line":93,"column":75}},{"start":{},"end":{}}],"line":93},"22":{"loc":{"start":{"line":94,"column":17},"end":{"line":94,"column":41}},"type":"binary-expr","locations":[{"start":{"line":94,"column":17},"end":{"line":94,"column":29}},{"start":{"line":94,"column":33},"end":{"line":94,"column":41}}],"line":94},"23":{"loc":{"start":{"line":95,"column":4},"end":{"line":107,"column":5}},"type":"if","locations":[{"start":{"line":95,"column":4},"end":{"line":107,"column":5}},{"start":{},"end":{}}],"line":95},"24":{"loc":{"start":{"line":95,"column":8},"end":{"line":95,"column":34}},"type":"binary-expr","locations":[{"start":{"line":95,"column":8},"end":{"line":95,"column":16}},{"start":{"line":95,"column":20},"end":{"line":95,"column":34}}],"line":95},"25":{"loc":{"start":{"line":96,"column":16},"end":{"line":96,"column":107}},"type":"cond-expr","locations":[{"start":{"line":96,"column":49},"end":{"line":96,"column":100}},{"start":{"line":96,"column":103},"end":{"line":96,"column":107}}],"line":96},"26":{"loc":{"start":{"line":97,"column":6},"end":{"line":105,"column":7}},"type":"if","locations":[{"start":{"line":97,"column":6},"end":{"line":105,"column":7}},{"start":{},"end":{}}],"line":97},"27":{"loc":{"start":{"line":109,"column":4},"end":{"line":112,"column":5}},"type":"if","locations":[{"start":{"line":109,"column":4},"end":{"line":112,"column":5}},{"start":{},"end":{}}],"line":109},"28":{"loc":{"start":{"line":109,"column":8},"end":{"line":109,"column":30}},"type":"binary-expr","locations":[{"start":{"line":109,"column":8},"end":{"line":109,"column":16}},{"start":{"line":109,"column":20},"end":{"line":109,"column":30}}],"line":109},"29":{"loc":{"start":{"line":111,"column":6},"end":{"line":111,"column":51}},"type":"if","locations":[{"start":{"line":111,"column":6},"end":{"line":111,"column":51}},{"start":{},"end":{}}],"line":111},"30":{"loc":{"start":{"line":120,"column":17},"end":{"line":120,"column":71}},"type":"binary-expr","locations":[{"start":{"line":120,"column":17},"end":{"line":120,"column":25}},{"start":{"line":120,"column":30},"end":{"line":120,"column":54}},{"start":{"line":120,"column":58},"end":{"line":120,"column":70}}],"line":120},"31":{"loc":{"start":{"line":121,"column":4},"end":{"line":123,"column":5}},"type":"if","locations":[{"start":{"line":121,"column":4},"end":{"line":123,"column":5}},{"start":{},"end":{}}],"line":121},"32":{"loc":{"start":{"line":122,"column":25},"end":{"line":122,"column":146}},"type":"binary-expr","locations":[{"start":{"line":122,"column":25},"end":{"line":122,"column":34}},{"start":{"line":122,"column":38},"end":{"line":122,"column":53}},{"start":{"line":122,"column":57},"end":{"line":122,"column":65}},{"start":{"line":122,"column":69},"end":{"line":122,"column":82}},{"start":{"line":122,"column":87},"end":{"line":122,"column":145}}],"line":122},"33":{"loc":{"start":{"line":122,"column":87},"end":{"line":122,"column":145}},"type":"cond-expr","locations":[{"start":{"line":122,"column":103},"end":{"line":122,"column":138}},{"start":{"line":122,"column":141},"end":{"line":122,"column":145}}],"line":122},"34":{"loc":{"start":{"line":129,"column":14},"end":{"line":129,"column":33}},"type":"binary-expr","locations":[{"start":{"line":129,"column":14},"end":{"line":129,"column":26}},{"start":{"line":129,"column":30},"end":{"line":129,"column":33}}],"line":129},"35":{"loc":{"start":{"line":137,"column":4},"end":{"line":139,"column":5}},"type":"if","locations":[{"start":{"line":137,"column":4},"end":{"line":139,"column":5}},{"start":{},"end":{}}],"line":137},"36":{"loc":{"start":{"line":151,"column":14},"end":{"line":151,"column":33}},"type":"binary-expr","locations":[{"start":{"line":151,"column":14},"end":{"line":151,"column":26}},{"start":{"line":151,"column":30},"end":{"line":151,"column":33}}],"line":151}},"s":{"0":2,"1":2,"2":2,"3":1,"4":2,"5":0,"6":0,"7":0,"8":0,"9":0,"10":0,"11":0,"12":0,"13":3,"14":3,"15":3,"16":3,"17":0,"18":3,"19":3,"20":0,"21":3,"22":1,"23":1,"24":1,"25":1,"26":1,"27":3,"28":2,"29":2,"30":2,"31":3,"32":3,"33":3,"34":0,"35":3,"36":3,"37":0,"38":0,"39":0,"40":0,"41":0,"42":0,"43":0,"44":0,"45":0,"46":0,"47":0,"48":0,"49":0,"50":0,"51":0,"52":0,"53":0,"54":0,"55":0,"56":0,"57":0,"58":0,"59":0,"60":0,"61":0,"62":2,"63":2,"64":2,"65":2,"66":0,"67":0,"68":0,"69":0},"f":{"0":2,"1":1,"2":0,"3":3,"4":0,"5":2},"b":{"0":[2,1],"1":[0,0],"2":[0,0],"3":[3,3],"4":[0,3],"5":[3,3,3],"6":[0,3],"7":[1,2],"8":[3,3],"9":[1,0],"10":[1,0],"11":[2,1],"12":[3,2],"13":[2,0],"14":[3,3,0],"15":[0,3],"16":[0,0,0,0,0],"17":[0,0],"18":[0,0],"19":[0,0],"20":[0,0],"21":[0,0],"22":[0,0],"23":[0,0],"24":[0,0],"25":[0,0],"26":[0,0],"27":[0,0],"28":[0,0],"29":[0,0],"30":[0,0,0],"31":[0,0],"32":[0,0,0,0,0],"33":[0,0],"34":[0,0],"35":[2,0],"36":[0,0]},"_coverageSchema":"1a1c01bbd47fc00a2c39e90264f33305004495a9","hash":"c4117aeada365d3e4fe75557abdf6aedec55aa73"}
,"C:\\Users\\bianc\\Desktop\\Vivaigarassu\\controllers\\figurinhasController.js": {"path":"C:\\Users\\bianc\\Desktop\\Vivaigarassu\\controllers\\figurinhasController.js","statementMap":{"0":{"start":{"line":4,"column":17},"end":{"line":4,"column":59}}},"fnMap":{},"branchMap":{},"s":{"0":2},"f":{},"b":{},"_coverageSchema":"1a1c01bbd47fc00a2c39e90264f33305004495a9","hash":"17a02c13a3cd1b93f9b0c46f4ad3c34aa1c91cfe"}
,"C:\\Users\\bianc\\Desktop\\Vivaigarassu\\controllers\\minhasFigurinhasController.js": {"path":"C:\\Users\\bianc\\Desktop\\Vivaigarassu\\controllers\\minhasFigurinhasController.js","statementMap":{"0":{"start":{"line":5,"column":20},"end":{"line":5,"column":30}},"1":{"start":{"line":6,"column":21},"end":{"line":6,"column":78}},"2":{"start":{"line":7,"column":2},"end":{"line":7,"column":42}}},"fnMap":{"0":{"name":"listar","decl":{"start":{"line":4,"column":15},"end":{"line":4,"column":21}},"loc":{"start":{"line":4,"column":32},"end":{"line":8,"column":1}},"line":4}},"branchMap":{},"s":{"0":1,"1":1,"2":1},"f":{"0":1},"b":{},"_coverageSchema":"1a1c01bbd47fc00a2c39e90264f33305004495a9","hash":"ea0103b3d33ebbb1e7152b878033222735065779"}
,"C:\\Users\\bianc\\Desktop\\Vivaigarassu\\controllers\\pontosTuristicosController.js": {"path":"C:\\Users\\bianc\\Desktop\\Vivaigarassu\\controllers\\pontosTuristicosController.js","statementMap":{"0":{"start":{"line":7,"column":2},"end":{"line":14,"column":3}},"1":{"start":{"line":8,"column":19},"end":{"line":8,"column":54}},"2":{"start":{"line":9,"column":4},"end":{"line":9,"column":40}},"3":{"start":{"line":12,"column":19},"end":{"line":12,"column":38}},"4":{"start":{"line":13,"column":4},"end":{"line":13,"column":84}},"5":{"start":{"line":18,"column":2},"end":{"line":25,"column":3}},"6":{"start":{"line":19,"column":19},"end":{"line":19,"column":29}},"7":{"start":{"line":20,"column":18},"end":{"line":20,"column":49}},"8":{"start":{"line":21,"column":4},"end":{"line":21,"column":39}},"9":{"start":{"line":23,"column":19},"end":{"line":23,"column":38}},"10":{"start":{"line":24,"column":4},"end":{"line":24,"column":63}},"11":{"start":{"line":29,"column":2},"end":{"line":114,"column":3}},"12":{"start":{"line":30,"column":21},"end":{"line":30,"column":24}},"13":{"start":{"line":31,"column":17},"end":{"line":31,"column":41}},"14":{"start":{"line":34,"column":21},"end":{"line":34,"column":35}},"15":{"start":{"line":35,"column":4},"end":{"line":35,"column":77}},"16":{"start":{"line":35,"column":48},"end":{"line":35,"column":77}},"17":{"start":{"line":37,"column":18},"end":{"line":37,"column":22}},"18":{"start":{"line":38,"column":4},"end":{"line":38,"column":75}},"19":{"start":{"line":38,"column":20},"end":{"line":38,"column":75}},"20":{"start":{"line":40,"column":4},"end":{"line":51,"column":5}},"21":{"start":{"line":41,"column":6},"end":{"line":41,"column":108}},"22":{"start":{"line":42,"column":6},"end":{"line":49,"column":7}},"23":{"start":{"line":43,"column":8},"end":{"line":48,"column":11}},"24":{"start":{"line":50,"column":6},"end":{"line":50,"column":38}},"25":{"start":{"line":53,"column":4},"end":{"line":55,"column":5}},"26":{"start":{"line":54,"column":6},"end":{"line":54,"column":88}},"27":{"start":{"line":57,"column":28},"end":{"line":57,"column":44}},"28":{"start":{"line":58,"column":24},"end":{"line":58,"column":125}},"29":{"start":{"line":59,"column":4},"end":{"line":71,"column":5}},"30":{"start":{"line":60,"column":21},"end":{"line":60,"column":47}},"31":{"start":{"line":61,"column":6},"end":{"line":63,"column":7}},"32":{"start":{"line":62,"column":8},"end":{"line":62,"column":111}},"33":{"start":{"line":64,"column":6},"end":{"line":70,"column":7}},"34":{"start":{"line":65,"column":31},"end":{"line":65,"column":71}},"35":{"start":{"line":66,"column":8},"end":{"line":66,"column":55}},"36":{"start":{"line":68,"column":8},"end":{"line":68,"column":84}},"37":{"start":{"line":69,"column":8},"end":{"line":69,"column":103}},"38":{"start":{"line":73,"column":29},"end":{"line":73,"column":46}},"39":{"start":{"line":74,"column":4},"end":{"line":83,"column":5}},"40":{"start":{"line":75,"column":22},"end":{"line":75,"column":90}},"41":{"start":{"line":76,"column":23},"end":{"line":80,"column":7}},"42":{"start":{"line":81,"column":30},"end":{"line":81,"column":82}},"43":{"start":{"line":82,"column":6},"end":{"line":82,"column":56}},"44":{"start":{"line":85,"column":27},"end":{"line":89,"column":5}},"45":{"start":{"line":91,"column":4},"end":{"line":91,"column":44}},"46":{"start":{"line":92,"column":4},"end":{"line":92,"column":43}},"47":{"start":{"line":93,"column":4},"end":{"line":93,"column":35}},"48":{"start":{"line":94,"column":4},"end":{"line":94,"column":34}},"49":{"start":{"line":95,"column":4},"end":{"line":95,"column":39}},"50":{"start":{"line":96,"column":4},"end":{"line":96,"column":37}},"51":{"start":{"line":100,"column":4},"end":{"line":107,"column":5}},"52":{"start":{"line":101,"column":24},"end":{"line":101,"column":70}},"53":{"start":{"line":102,"column":6},"end":{"line":102,"column":45}},"54":{"start":{"line":104,"column":6},"end":{"line":104,"column":102}},"55":{"start":{"line":105,"column":21},"end":{"line":105,"column":38}},"56":{"start":{"line":106,"column":6},"end":{"line":106,"column":187}},"57":{"start":{"line":110,"column":4},"end":{"line":110,"column":59}},"58":{"start":{"line":112,"column":19},"end":{"line":112,"column":38}},"59":{"start":{"line":113,"column":4},"end":{"line":113,"column":81}},"60":{"start":{"line":118,"column":16},"end":{"line":118,"column":70}},"61":{"start":{"line":118,"column":45},"end":{"line":118,"column":53}},"62":{"start":{"line":120,"column":12},"end":{"line":120,"column":16}},"63":{"start":{"line":121,"column":15},"end":{"line":121,"column":19}},"64":{"start":{"line":122,"column":15},"end":{"line":122,"column":19}},"65":{"start":{"line":123,"column":15},"end":{"line":123,"column":19}},"66":{"start":{"line":124,"column":17},"end":{"line":124,"column":19}},"67":{"start":{"line":126,"column":2},"end":{"line":132,"column":3}},"68":{"start":{"line":127,"column":17},"end":{"line":127,"column":40}},"69":{"start":{"line":128,"column":4},"end":{"line":131,"column":5}},"70":{"start":{"line":129,"column":6},"end":{"line":129,"column":42}},"71":{"start":{"line":130,"column":6},"end":{"line":130,"column":18}},"72":{"start":{"line":134,"column":2},"end":{"line":140,"column":3}},"73":{"start":{"line":135,"column":17},"end":{"line":135,"column":40}},"74":{"start":{"line":136,"column":4},"end":{"line":139,"column":5}},"75":{"start":{"line":137,"column":6},"end":{"line":137,"column":34}},"76":{"start":{"line":138,"column":6},"end":{"line":138,"column":18}},"77":{"start":{"line":142,"column":2},"end":{"line":142,"column":45}},"78":{"start":{"line":142,"column":24},"end":{"line":142,"column":45}},"79":{"start":{"line":143,"column":2},"end":{"line":143,"column":45}},"80":{"start":{"line":143,"column":24},"end":{"line":143,"column":45}},"81":{"start":{"line":144,"column":2},"end":{"line":144,"column":19}},"82":{"start":{"line":146,"column":19},"end":{"line":146,"column":44}},"83":{"start":{"line":147,"column":15},"end":{"line":147,"column":19}},"84":{"start":{"line":148,"column":2},"end":{"line":154,"column":3}},"85":{"start":{"line":149,"column":14},"end":{"line":149,"column":63}},"86":{"start":{"line":150,"column":4},"end":{"line":153,"column":5}},"87":{"start":{"line":151,"column":6},"end":{"line":151,"column":31}},"88":{"start":{"line":152,"column":6},"end":{"line":152,"column":27}},"89":{"start":{"line":156,"column":2},"end":{"line":163,"column":4}},"90":{"start":{"line":167,"column":2},"end":{"line":180,"column":3}},"91":{"start":{"line":168,"column":15},"end":{"line":168,"column":28}},"92":{"start":{"line":169,"column":28},"end":{"line":169,"column":76}},"93":{"start":{"line":171,"column":4},"end":{"line":173,"column":5}},"94":{"start":{"line":172,"column":6},"end":{"line":172,"column":81}},"95":{"start":{"line":175,"column":4},"end":{"line":175,"column":49}},"96":{"start":{"line":178,"column":4},"end":{"line":178,"column":63}},"97":{"start":{"line":179,"column":4},"end":{"line":179,"column":82}},"98":{"start":{"line":184,"column":2},"end":{"line":196,"column":3}},"99":{"start":{"line":185,"column":15},"end":{"line":185,"column":28}},"100":{"start":{"line":186,"column":22},"end":{"line":186,"column":58}},"101":{"start":{"line":188,"column":4},"end":{"line":190,"column":5}},"102":{"start":{"line":189,"column":6},"end":{"line":189,"column":81}},"103":{"start":{"line":192,"column":4},"end":{"line":192,"column":34}},"104":{"start":{"line":194,"column":4},"end":{"line":194,"column":61}},"105":{"start":{"line":195,"column":4},"end":{"line":195,"column":80}}},"fnMap":{"0":{"name":"listarPublico","decl":{"start":{"line":6,"column":15},"end":{"line":6,"column":28}},"loc":{"start":{"line":6,"column":39},"end":{"line":15,"column":1}},"line":6},"1":{"name":"getById","decl":{"start":{"line":17,"column":15},"end":{"line":17,"column":22}},"loc":{"start":{"line":17,"column":33},"end":{"line":26,"column":1}},"line":17},"2":{"name":"criarPonto","decl":{"start":{"line":28,"column":15},"end":{"line":28,"column":25}},"loc":{"start":{"line":28,"column":36},"end":{"line":115,"column":1}},"line":28},"3":{"name":"parseEndereco","decl":{"start":{"line":117,"column":9},"end":{"line":117,"column":22}},"loc":{"start":{"line":117,"column":33},"end":{"line":164,"column":1}},"line":117},"4":{"name":"(anonymous_4)","decl":{"start":{"line":118,"column":40},"end":{"line":118,"column":41}},"loc":{"start":{"line":118,"column":45},"end":{"line":118,"column":53}},"line":118},"5":{"name":"atualizarPonto","decl":{"start":{"line":166,"column":15},"end":{"line":166,"column":29}},"loc":{"start":{"line":166,"column":40},"end":{"line":181,"column":1}},"line":166},"6":{"name":"deletarPonto","decl":{"start":{"line":183,"column":15},"end":{"line":183,"column":27}},"loc":{"start":{"line":183,"column":38},"end":{"line":197,"column":1}},"line":183}},"branchMap":{"0":{"loc":{"start":{"line":12,"column":19},"end":{"line":12,"column":38}},"type":"binary-expr","locations":[{"start":{"line":12,"column":19},"end":{"line":12,"column":31}},{"start":{"line":12,"column":35},"end":{"line":12,"column":38}}],"line":12},"1":{"loc":{"start":{"line":23,"column":19},"end":{"line":23,"column":38}},"type":"binary-expr","locations":[{"start":{"line":23,"column":19},"end":{"line":23,"column":31}},{"start":{"line":23,"column":35},"end":{"line":23,"column":38}}],"line":23},"2":{"loc":{"start":{"line":31,"column":17},"end":{"line":31,"column":41}},"type":"binary-expr","locations":[{"start":{"line":31,"column":17},"end":{"line":31,"column":29}},{"start":{"line":31,"column":33},"end":{"line":31,"column":41}}],"line":31},"3":{"loc":{"start":{"line":35,"column":4},"end":{"line":35,"column":77}},"type":"if","locations":[{"start":{"line":35,"column":4},"end":{"line":35,"column":77}},{"start":{},"end":{}}],"line":35},"4":{"loc":{"start":{"line":35,"column":8},"end":{"line":35,"column":46}},"type":"binary-expr","locations":[{"start":{"line":35,"column":8},"end":{"line":35,"column":19}},{"start":{"line":35,"column":23},"end":{"line":35,"column":27}},{"start":{"line":35,"column":31},"end":{"line":35,"column":46}}],"line":35},"5":{"loc":{"start":{"line":38,"column":4},"end":{"line":38,"column":75}},"type":"if","locations":[{"start":{"line":38,"column":4},"end":{"line":38,"column":75}},{"start":{},"end":{}}],"line":38},"6":{"loc":{"start":{"line":40,"column":4},"end":{"line":51,"column":5}},"type":"if","locations":[{"start":{"line":40,"column":4},"end":{"line":51,"column":5}},{"start":{},"end":{}}],"line":40},"7":{"loc":{"start":{"line":40,"column":8},"end":{"line":40,"column":34}},"type":"binary-expr","locations":[{"start":{"line":40,"column":8},"end":{"line":40,"column":16}},{"start":{"line":40,"column":20},"end":{"line":40,"column":34}}],"line":40},"8":{"loc":{"start":{"line":41,"column":16},"end":{"line":41,"column":107}},"type":"cond-expr","locations":[{"start":{"line":41,"column":49},"end":{"line":41,"column":100}},{"start":{"line":41,"column":103},"end":{"line":41,"column":107}}],"line":41},"9":{"loc":{"start":{"line":42,"column":6},"end":{"line":49,"column":7}},"type":"if","locations":[{"start":{"line":42,"column":6},"end":{"line":49,"column":7}},{"start":{},"end":{}}],"line":42},"10":{"loc":{"start":{"line":53,"column":4},"end":{"line":55,"column":5}},"type":"if","locations":[{"start":{"line":53,"column":4},"end":{"line":55,"column":5}},{"start":{},"end":{}}],"line":53},"11":{"loc":{"start":{"line":58,"column":24},"end":{"line":58,"column":125}},"type":"binary-expr","locations":[{"start":{"line":58,"column":24},"end":{"line":58,"column":46}},{"start":{"line":58,"column":50},"end":{"line":58,"column":71}},{"start":{"line":58,"column":75},"end":{"line":58,"column":88}},{"start":{"line":58,"column":92},"end":{"line":58,"column":104}},{"start":{"line":58,"column":108},"end":{"line":58,"column":125}}],"line":58},"12":{"loc":{"start":{"line":59,"column":4},"end":{"line":71,"column":5}},"type":"if","locations":[{"start":{"line":59,"column":4},"end":{"line":71,"column":5}},{"start":{},"end":{}}],"line":59},"13":{"loc":{"start":{"line":59,"column":8},"end":{"line":59,"column":41}},"type":"binary-expr","locations":[{"start":{"line":59,"column":8},"end":{"line":59,"column":26}},{"start":{"line":59,"column":30},"end":{"line":59,"column":41}}],"line":59},"14":{"loc":{"start":{"line":61,"column":6},"end":{"line":63,"column":7}},"type":"if","locations":[{"start":{"line":61,"column":6},"end":{"line":63,"column":7}},{"start":{},"end":{}}],"line":61},"15":{"loc":{"start":{"line":61,"column":10},"end":{"line":61,"column":64}},"type":"binary-expr","locations":[{"start":{"line":61,"column":10},"end":{"line":61,"column":28}},{"start":{"line":61,"column":32},"end":{"line":61,"column":46}},{"start":{"line":61,"column":50},"end":{"line":61,"column":64}}],"line":61},"16":{"loc":{"start":{"line":74,"column":4},"end":{"line":83,"column":5}},"type":"if","locations":[{"start":{"line":74,"column":4},"end":{"line":83,"column":5}},{"start":{},"end":{}}],"line":74},"17":{"loc":{"start":{"line":75,"column":22},"end":{"line":75,"column":90}},"type":"cond-expr","locations":[{"start":{"line":75,"column":36},"end":{"line":75,"column":62}},{"start":{"line":75,"column":65},"end":{"line":75,"column":90}}],"line":75},"18":{"loc":{"start":{"line":78,"column":19},"end":{"line":78,"column":39}},"type":"binary-expr","locations":[{"start":{"line":78,"column":19},"end":{"line":78,"column":33}},{"start":{"line":78,"column":37},"end":{"line":78,"column":39}}],"line":78},"19":{"loc":{"start":{"line":104,"column":66},"end":{"line":104,"column":100}},"type":"cond-expr","locations":[{"start":{"line":104,"column":85},"end":{"line":104,"column":94}},{"start":{"line":104,"column":97},"end":{"line":104,"column":100}}],"line":104},"20":{"loc":{"start":{"line":1
[...]
,"C:\\Users\\bianc\\Desktop\\Vivaigarassu\\utils\\bcrypt.js": {"path":"C:\\Users\\bianc\\Desktop\\Vivaigarassu\\utils\\bcrypt.js","statementMap":{"0":{"start":{"line":4,"column":28},"end":{"line":4,"column":30}},"1":{"start":{"line":5,"column":36},"end":{"line":5,"column":37}},"2":{"start":{"line":7,"column":21},"end":{"line":7,"column":54}},"3":{"start":{"line":8,"column":27},"end":{"line":8,"column":114}},"4":{"start":{"line":10,"column":18},"end":{"line":10,"column":57}},"5":{"start":{"line":11,"column":35},"end":{"line":11,"column":121}},"6":{"start":{"line":19,"column":2},"end":{"line":19,"column":87}},"7":{"start":{"line":19,"column":36},"end":{"line":19,"column":87}},"8":{"start":{"line":20,"column":2},"end":{"line":20,"column":124}},"9":{"start":{"line":20,"column":45},"end":{"line":20,"column":124}},"10":{"start":{"line":21,"column":2},"end":{"line":21,"column":50}},"11":{"start":{"line":31,"column":2},"end":{"line":31,"column":87}},"12":{"start":{"line":31,"column":36},"end":{"line":31,"column":87}},"13":{"start":{"line":32,"column":2},"end":{"line":32,"column":80}},"14":{"start":{"line":32,"column":32},"end":{"line":32,"column":80}},"15":{"start":{"line":33,"column":2},"end":{"line":33,"column":46}}},"fnMap":{"0":{"name":"hashPassword","decl":{"start":{"line":18,"column":22},"end":{"line":18,"column":34}},"loc":{"start":{"line":18,"column":45},"end":{"line":22,"column":1}},"line":18},"1":{"name":"comparePassword","decl":{"start":{"line":30,"column":22},"end":{"line":30,"column":37}},"loc":{"start":{"line":30,"column":54},"end":{"line":34,"column":1}},"line":30}},"branchMap":{"0":{"loc":{"start":{"line":8,"column":27},"end":{"line":8,"column":114}},"type":"cond-expr","locations":[{"start":{"line":8,"column":80},"end":{"line":8,"column":92}},{"start":{"line":8,"column":95},"end":{"line":8,"column":114}}],"line":8},"1":{"loc":{"start":{"line":8,"column":27},"end":{"line":8,"column":77}},"type":"binary-expr","locations":[{"start":{"line":8,"column":27},"end":{"line":8,"column":57}},{"start":{"line":8,"column":61},"end":{"line":8,"column":77}}],"line":8},"2":{"loc":{"start":{"line":11,"column":35},"end":{"line":11,"column":121}},"type":"cond-expr","locations":[{"start":{"line":11,"column":82},"end":{"line":11,"column":91}},{"start":{"line":11,"column":94},"end":{"line":11,"column":121}}],"line":11},"3":{"loc":{"start":{"line":11,"column":35},"end":{"line":11,"column":79}},"type":"binary-expr","locations":[{"start":{"line":11,"column":35},"end":{"line":11,"column":62}},{"start":{"line":11,"column":66},"end":{"line":11,"column":79}}],"line":11},"4":{"loc":{"start":{"line":19,"column":2},"end":{"line":19,"column":87}},"type":"if","locations":[{"start":{"line":19,"column":2},"end":{"line":19,"column":87}},{"start":{},"end":{}}],"line":19},"5":{"loc":{"start":{"line":20,"column":2},"end":{"line":20,"column":124}},"type":"if","locations":[{"start":{"line":20,"column":2},"end":{"line":20,"column":124}},{"start":{},"end":{}}],"line":20},"6":{"loc":{"start":{"line":31,"column":2},"end":{"line":31,"column":87}},"type":"if","locations":[{"start":{"line":31,"column":2},"end":{"line":31,"column":87}},{"start":{},"end":{}}],"line":31},"7":{"loc":{"start":{"line":32,"column":2},"end":{"line":32,"column":80}},"type":"if","locations":[{"start":{"line":32,"column":2},"end":{"line":32,"column":80}},{"start":{},"end":{}}],"line":32}},"s":{"0":1,"1":1,"2":1,"3":1,"4":1,"5":1,"6":2,"7":1,"8":1,"9":0,"10":1,"11":1,"12":0,"13":1,"14":0,"15":1},"f":{"0":2,"1":1},"b":{"0":[0,1],"1":[1,0],"2":[1,0],"3":[1,1],"4":[1,1],"5":[0,1],"6":[0,1],"7":[0,1]},"_coverageSchema":"1a1c01bbd47fc00a2c39e90264f33305004495a9","hash":"32077281b05a835edadb87afe474bb4de779f02e"}
,"C:\\Users\\bianc\\Desktop\\Vivaigarassu\\utils\\email.js": {"path":"C:\\Users\\bianc\\Desktop\\Vivaigarassu\\utils\\email.js","statementMap":{"0":{"start":{"line":3,"column":13},"end":{"line":3,"column":34}},"1":{"start":{"line":4,"column":13},"end":{"line":4,"column":34}},"2":{"start":{"line":5,"column":13},"end":{"line":5,"column":34}},"3":{"start":{"line":6,"column":13},"end":{"line":6,"column":34}},"4":{"start":{"line":7,"column":13},"end":{"line":7,"column":59}},"5":{"start":{"line":10,"column":0},"end":{"line":19,"column":1}},"6":{"start":{"line":11,"column":2},"end":{"line":16,"column":5}},"7":{"start":{"line":18,"column":2},"end":{"line":18,"column":21}},"8":{"start":{"line":22,"column":19},"end":{"line":22,"column":70}},"9":{"start":{"line":23,"column":19},"end":{"line":23,"column":62}},"10":{"start":{"line":25,"column":18},"end":{"line":25,"column":40}},"11":{"start":{"line":26,"column":15},"end":{"line":26,"column":62}},"12":{"start":{"line":27,"column":15},"end":{"line":27,"column":116}},"13":{"start":{"line":29,"column":2},"end":{"line":32,"column":3}},"14":{"start":{"line":31,"column":4},"end":{"line":31,"column":57}},"15":{"start":{"line":34,"column":2},"end":{"line":47,"column":3}},"16":{"start":{"line":35,"column":17},"end":{"line":41,"column":6}},"17":{"start":{"line":43,"column":4},"end":{"line":43,"column":16}},"18":{"start":{"line":45,"column":4},"end":{"line":45,"column":57}},"19":{"start":{"line":46,"column":4},"end":{"line":46,"column":14}}},"fnMap":{"0":{"name":"sendResetPasswordEmail","decl":{"start":{"line":21,"column":22},"end":{"line":21,"column":44}},"loc":{"start":{"line":21,"column":56},"end":{"line":48,"column":1}},"line":21}},"branchMap":{"0":{"loc":{"start":{"line":7,"column":13},"end":{"line":7,"column":59}},"type":"binary-expr","locations":[{"start":{"line":7,"column":13},"end":{"line":7,"column":35}},{"start":{"line":7,"column":39},"end":{"line":7,"column":59}}],"line":7},"1":{"loc":{"start":{"line":10,"column":0},"end":{"line":19,"column":1}},"type":"if","locations":[{"start":{"line":10,"column":0},"end":{"line":19,"column":1}},{"start":{"line":17,"column":7},"end":{"line":19,"column":1}}],"line":10},"2":{"loc":{"start":{"line":10,"column":4},"end":{"line":10,"column":32}},"type":"binary-expr","locations":[{"start":{"line":10,"column":4},"end":{"line":10,"column":8}},{"start":{"line":10,"column":12},"end":{"line":10,"column":16}},{"start":{"line":10,"column":20},"end":{"line":10,"column":24}},{"start":{"line":10,"column":28},"end":{"line":10,"column":32}}],"line":10},"3":{"loc":{"start":{"line":22,"column":19},"end":{"line":22,"column":70}},"type":"binary-expr","locations":[{"start":{"line":22,"column":19},"end":{"line":22,"column":43}},{"start":{"line":22,"column":47},"end":{"line":22,"column":70}}],"line":22},"4":{"loc":{"start":{"line":29,"column":2},"end":{"line":32,"column":3}},"type":"if","locations":[{"start":{"line":29,"column":2},"end":{"line":32,"column":3}},{"start":{},"end":{}}],"line":29}},"s":{"0":7,"1":7,"2":7,"3":7,"4":7,"5":7,"6":2,"7":5,"8":2,"9":2,"10":2,"11":2,"12":2,"13":2,"14":1,"15":1,"16":1,"17":1,"18":0,"19":0},"f":{"0":2},"b":{"0":[7,6],"1":[2,5],"2":[7,2,2,2],"3":[2,2],"4":[1,1]},"_coverageSchema":"1a1c01bbd47fc00a2c39e90264f33305004495a9","hash":"e390755344c9af6b9f562123697d859c8d3a666c"}
,"C:\\Users\\bianc\\Desktop\\Vivaigarassu\\utils\\imageUrl.js": {"path":"C:\\Users\\bianc\\Desktop\\Vivaigarassu\\utils\\imageUrl.js","statementMap":{"0":{"start":{"line":2,"column":2},"end":{"line":2,"column":22}},"1":{"start":{"line":2,"column":10},"end":{"line":2,"column":22}},"2":{"start":{"line":3,"column":16},"end":{"line":3,"column":25}},"3":{"start":{"line":4,"column":2},"end":{"line":4,"column":106}},"4":{"start":{"line":4,"column":93},"end":{"line":4,"column":106}},"5":{"start":{"line":5,"column":14},"end":{"line":5,"column":39}},"6":{"start":{"line":6,"column":2},"end":{"line":6,"column":63}},"7":{"start":{"line":6,"column":12},"end":{"line":6,"column":63}},"8":{"start":{"line":7,"column":2},"end":{"line":7,"column":53}},"9":{"start":{"line":7,"column":29},"end":{"line":7,"column":53}},"10":{"start":{"line":8,"column":2},"end":{"line":8,"column":27}}},"fnMap":{"0":{"name":"buildImageUrl","decl":{"start":{"line":1,"column":16},"end":{"line":1,"column":29}},"loc":{"start":{"line":1,"column":33},"end":{"line":9,"column":1}},"line":1}},"branchMap":{"0":{"loc":{"start":{"line":2,"column":2},"end":{"line":2,"column":22}},"type":"if","locations":[{"start":{"line":2,"column":2},"end":{"line":2,"column":22}},{"start":{},"end":{}}],"line":2},"1":{"loc":{"start":{"line":4,"column":2},"end":{"line":4,"column":106}},"type":"if","locations":[{"start":{"line":4,"column":2},"end":{"line":4,"column":106}},{"start":{},"end":{}}],"line":4},"2":{"loc":{"start":{"line":4,"column":6},"end":{"line":4,"column":91}},"type":"binary-expr","locations":[{"start":{"line":4,"column":6},"end":{"line":4,"column":33}},{"start":{"line":4,"column":37},"end":{"line":4,"column":65}},{"start":{"line":4,"column":69},"end":{"line":4,"column":91}}],"line":4},"3":{"loc":{"start":{"line":5,"column":14},"end":{"line":5,"column":39}},"type":"binary-expr","locations":[{"start":{"line":5,"column":14},"end":{"line":5,"column":33}},{"start":{"line":5,"column":37},"end":{"line":5,"column":39}}],"line":5},"4":{"loc":{"start":{"line":6,"column":2},"end":{"line":6,"column":63}},"type":"if","locations":[{"start":{"line":6,"column":2},"end":{"line":6,"column":63}},{"start":{},"end":{}}],"line":6},"5":{"loc":{"start":{"line":6,"column":19},"end":{"line":6,"column":62}},"type":"cond-expr","locations":[{"start":{"line":6,"column":43},"end":{"line":6,"column":48}},{"start":{"line":6,"column":51},"end":{"line":6,"column":62}}],"line":6},"6":{"loc":{"start":{"line":7,"column":2},"end":{"line":7,"column":53}},"type":"if","locations":[{"start":{"line":7,"column":2},"end":{"line":7,"column":53}},{"start":{},"end":{}}],"line":7}},"s":{"0":9,"1":3,"2":6,"3":6,"4":1,"5":5,"6":5,"7":0,"8":5,"9":5,"10":0},"f":{"0":9},"b":{"0":[3,6],"1":[1,5],"2":[6,6,5],"3":[5,0],"4":[0,5],"5":[0,0],"6":[5,0]},"_coverageSchema":"1a1c01bbd47fc00a2c39e90264f33305004495a9","hash":"c243124a3d52bb4e259e65fc158cdaa29b6bb476"}
,"C:\\Users\\bianc\\Desktop\\Vivaigarassu\\utils\\jwt.js": {"path":"C:\\Users\\bianc\\Desktop\\Vivaigarassu\\utils\\jwt.js","statementMap":{"0":{"start":{"line":3,"column":15},"end":{"line":3,"column":58}},"1":{"start":{"line":4,"column":20},"end":{"line":4,"column":47}},"2":{"start":{"line":7,"column":18},"end":{"line":7,"column":85}},"3":{"start":{"line":8,"column":2},"end":{"line":8,"column":44}},"4":{"start":{"line":12,"column":2},"end":{"line":12,"column":51}},"5":{"start":{"line":12,"column":14},"end":{"line":12,"column":51}},"6":{"start":{"line":13,"column":2},"end":{"line":13,"column":35}},"7":{"start":{"line":17,"column":2},"end":{"line":17,"column":27}}},"fnMap":{"0":{"name":"sign","decl":{"start":{"line":6,"column":16},"end":{"line":6,"column":20}},"loc":{"start":{"line":6,"column":41},"end":{"line":9,"column":1}},"line":6},"1":{"name":"verify","decl":{"start":{"line":11,"column":16},"end":{"line":11,"column":22}},"loc":{"start":{"line":11,"column":30},"end":{"line":14,"column":1}},"line":11},"2":{"name":"decode","decl":{"start":{"line":16,"column":16},"end":{"line":16,"column":22}},"loc":{"start":{"line":16,"column":30},"end":{"line":18,"column":1}},"line":16}},"branchMap":{"0":{"loc":{"start":{"line":3,"column":15},"end":{"line":3,"column":58}},"type":"binary-expr","locations":[{"start":{"line":3,"column":15},"end":{"line":3,"column":37}},{"start":{"line":3,"column":41},"end":{"line":3,"column":58}}],"line":3},"1":{"loc":{"start":{"line":4,"column":20},"end":{"line":4,"column":47}},"type":"binary-expr","locations":[{"start":{"line":4,"column":20},"end":{"line":4,"column":39}},{"start":{"line":4,"column":43},"end":{"line":4,"column":47}}],"line":4},"2":{"loc":{"start":{"line":6,"column":30},"end":{"line":6,"column":39}},"type":"default-arg","locations":[{"start":{"line":6,"column":37},"end":{"line":6,"column":39}}],"line":6},"3":{"loc":{"start":{"line":7,"column":31},"end":{"line":7,"column":60}},"type":"binary-expr","locations":[{"start":{"line":7,"column":31},"end":{"line":7,"column":45}},{"start":{"line":7,"column":49},"end":{"line":7,"column":60}}],"line":7},"4":{"loc":{"start":{"line":7,"column":66},"end":{"line":7,"column":82}},"type":"binary-expr","locations":[{"start":{"line":7,"column":66},"end":{"line":7,"column":76}},{"start":{"line":7,"column":80},"end":{"line":7,"column":82}}],"line":7},"5":{"loc":{"start":{"line":12,"column":2},"end":{"line":12,"column":51}},"type":"if","locations":[{"start":{"line":12,"column":2},"end":{"line":12,"column":51}},{"start":{},"end":{}}],"line":12}},"s":{"0":1,"1":1,"2":1,"3":1,"4":1,"5":1,"6":0,"7":0},"f":{"0":1,"1":1,"2":0},"b":{"0":[1,0],"1":[1,1],"2":[1],"3":[1,1],"4":[1,1],"5":[1,0]},"_coverageSchema":"1a1c01bbd47fc00a2c39e90264f33305004495a9","hash":"5741ee95ce641b4dc8f5d416f170a51d4e22a19d"}
,"C:\\Users\\bianc\\Desktop\\Vivaigarassu\\utils\\resetTokens.js": {"path":"C:\\Users\\bianc\\Desktop\\Vivaigarassu\\utils\\resetTokens.js","statementMap":{"0":{"start":{"line":5,"column":17},"end":{"line":5,"column":61}},"1":{"start":{"line":8,"column":2},"end":{"line":13,"column":3}},"2":{"start":{"line":9,"column":20},"end":{"line":9,"column":55}},"3":{"start":{"line":10,"column":4},"end":{"line":10,"column":39}},"4":{"start":{"line":12,"column":4},"end":{"line":12,"column":14}},"5":{"start":{"line":17,"column":2},"end":{"line":17,"column":62}},"6":{"start":{"line":18,"column":2},"end":{"line":18,"column":71}},"7":{"start":{"line":22,"column":16},"end":{"line":22,"column":54}},"8":{"start":{"line":23,"column":20},"end":{"line":23,"column":44}},"9":{"start":{"line":25,"column":16},"end":{"line":25,"column":33}},"10":{"start":{"line":26,"column":2},"end":{"line":26,"column":43}},"11":{"start":{"line":27,"column":2},"end":{"line":27,"column":26}},"12":{"start":{"line":28,"column":2},"end":{"line":28,"column":15}},"13":{"start":{"line":32,"column":16},"end":{"line":32,"column":33}},"14":{"start":{"line":33,"column":15},"end":{"line":33,"column":51}},"15":{"start":{"line":33,"column":33},"end":{"line":33,"column":50}},"16":{"start":{"line":34,"column":2},"end":{"line":34,"column":25}},"17":{"start":{"line":34,"column":13},"end":{"line":34,"column":25}},"18":{"start":{"line":35,"column":2},"end":{"line":35,"column":47}},"19":{"start":{"line":35,"column":35},"end":{"line":35,"column":47}},"20":{"start":{"line":36,"column":2},"end":{"line":36,"column":60}},"21":{"start":{"line":40,"column":16},"end":{"line":40,"column":33}},"22":{"start":{"line":41,"column":19},"end":{"line":41,"column":57}},"23":{"start":{"line":41,"column":39},"end":{"line":41,"column":56}},"24":{"start":{"line":42,"column":2},"end":{"line":42,"column":29}}},"fnMap":{"0":{"name":"readStore","decl":{"start":{"line":7,"column":15},"end":{"line":7,"column":24}},"loc":{"start":{"line":7,"column":27},"end":{"line":14,"column":1}},"line":7},"1":{"name":"writeStore","decl":{"start":{"line":16,"column":15},"end":{"line":16,"column":25}},"loc":{"start":{"line":16,"column":33},"end":{"line":19,"column":1}},"line":16},"2":{"name":"createToken","decl":{"start":{"line":21,"column":22},"end":{"line":21,"column":33}},"loc":{"start":{"line":21,"column":72},"end":{"line":29,"column":1}},"line":21},"3":{"name":"findToken","decl":{"start":{"line":31,"column":22},"end":{"line":31,"column":31}},"loc":{"start":{"line":31,"column":39},"end":{"line":37,"column":1}},"line":31},"4":{"name":"(anonymous_4)","decl":{"start":{"line":33,"column":26},"end":{"line":33,"column":27}},"loc":{"start":{"line":33,"column":33},"end":{"line":33,"column":50}},"line":33},"5":{"name":"removeToken","decl":{"start":{"line":39,"column":22},"end":{"line":39,"column":33}},"loc":{"start":{"line":39,"column":41},"end":{"line":43,"column":1}},"line":39},"6":{"name":"(anonymous_6)","decl":{"start":{"line":41,"column":32},"end":{"line":41,"column":33}},"loc":{"start":{"line":41,"column":39},"end":{"line":41,"column":56}},"line":41}},"branchMap":{"0":{"loc":{"start":{"line":10,"column":22},"end":{"line":10,"column":37}},"type":"binary-expr","locations":[{"start":{"line":10,"column":22},"end":{"line":10,"column":29}},{"start":{"line":10,"column":33},"end":{"line":10,"column":37}}],"line":10},"1":{"loc":{"start":{"line":21,"column":42},"end":{"line":21,"column":70}},"type":"default-arg","locations":[{"start":{"line":21,"column":56},"end":{"line":21,"column":70}}],"line":21},"2":{"loc":{"start":{"line":34,"column":2},"end":{"line":34,"column":25}},"type":"if","locations":[{"start":{"line":34,"column":2},"end":{"line":34,"column":25}},{"start":{},"end":{}}],"line":34},"3":{"loc":{"start":{"line":35,"column":2},"end":{"line":35,"column":47}},"type":"if","locations":[{"start":{"line":35,"column":2},"end":{"line":35,"column":47}},{"start":{},"end":{}}],"line":35}},"s":{"0":6,"1":2,"2":2,"3":1,"4":1,"5":1,"6":1,"7":1,"8":1,"9":1,"10":1,"11":1,"12":1,"13":1,"14":1,"15":0,"16":1,"17":1,"18":0,"19":0,"20":0,"21":0,"22":0,"23":0,"24":0},"f":{"0":2,"1":1,"2":1,"3":1,"4":0,"5":0,"6":0},"b":{"0":[1,0],"1":[0],"2":[1,0],"3":[0,0]},"_coverageSchema":"1a1c01bbd47fc00a2c39e90264f33305004495a9","hash":"2cc12279dec6de4f7470d49cb53febfdab168c70"}
,"C:\\Users\\bianc\\Desktop\\Vivaigarassu\\utils\\response.js": {"path":"C:\\Users\\bianc\\Desktop\\Vivaigarassu\\utils\\response.js","statementMap":{"0":{"start":{"line":2,"column":2},"end":{"line":2,"column":58}},"1":{"start":{"line":6,"column":2},"end":{"line":6,"column":68}}},"fnMap":{"0":{"name":"success","decl":{"start":{"line":1,"column":16},"end":{"line":1,"column":23}},"loc":{"start":{"line":1,"column":56},"end":{"line":3,"column":1}},"line":1},"1":{"name":"error","decl":{"start":{"line":5,"column":16},"end":{"line":5,"column":21}},"loc":{"start":{"line":5,"column":92},"end":{"line":7,"column":1}},"line":5}},"branchMap":{"0":{"loc":{"start":{"line":1,"column":29},"end":{"line":1,"column":40}},"type":"default-arg","locations":[{"start":{"line":1,"column":36},"end":{"line":1,"column":40}}],"line":1},"1":{"loc":{"start":{"line":1,"column":42},"end":{"line":1,"column":54}},"type":"default-arg","locations":[{"start":{"line":1,"column":51},"end":{"line":1,"column":54}}],"line":1},"2":{"loc":{"start":{"line":5,"column":27},"end":{"line":5,"column":63}},"type":"default-arg","locations":[{"start":{"line":5,"column":37},"end":{"line":5,"column":63}}],"line":5},"3":{"loc":{"start":{"line":5,"column":65},"end":{"line":5,"column":77}},"type":"default-arg","locations":[{"start":{"line":5,"column":74},"end":{"line":5,"column":77}}],"line":5},"4":{"loc":{"start":{"line":5,"column":79},"end":{"line":5,"column":90}},"type":"default-arg","locations":[{"start":{"line":5,"column":86},"end":{"line":5,"column":90}}],"line":5}},"s":{"0":1,"1":1},"f":{"0":1,"1":1},"b":{"0":[0],"1":[0],"2":[0],"3":[0],"4":[0]},"_coverageSchema":"1a1c01bbd47fc00a2c39e90264f33305004495a9","hash":"4c438a5ae14d6d88fe891e394f92543d7da1c40c"}
}
