{"C:\\Users\\bianc\\Desktop\\Vivaigarassu\\controllers\\dashboardsController.js": {"path":"C:\\Users\\bianc\\Desktop\\Vivaigarassu\\controllers\\dashboardsController.js","statementMap":{"0":{"start":{"line":7,"column":2},"end":{"line":19,"column":3}},"1":{"start":{"line":8,"column":4},"end":{"line":10,"column":5}},"2":{"start":{"line":9,"column":6},"end":{"line":9,"column":95}},"3":{"start":{"line":12,"column":17},"end":{"line":12,"column":78}},"4":{"start":{"line":13,"column":4},"end":{"line":13,"column":38}},"5":{"start":{"line":16,"column":4},"end":{"line":18,"column":7}},"6":{"start":{"line":23,"column":2},"end":{"line":35,"column":3}},"7":{"start":{"line":24,"column":2},"end":{"line":26,"column":5}},"8":{"start":{"line":25,"column":4},"end":{"line":25,"column":100}},"9":{"start":{"line":28,"column":15},"end":{"line":28,"column":67}},"10":{"start":{"line":29,"column":2},"end":{"line":29,"column":36}},"11":{"start":{"line":32,"column":4},"end":{"line":34,"column":7}},"12":{"start":{"line":39,"column":2},"end":{"line":51,"column":3}},"13":{"start":{"line":40,"column":4},"end":{"line":42,"column":5}},"14":{"start":{"line":41,"column":6},"end":{"line":41,"column":95}},"15":{"start":{"line":44,"column":17},"end":{"line":44,"column":63}},"16":{"start":{"line":45,"column":4},"end":{"line":45,"column":38}},"17":{"start":{"line":48,"column":4},"end":{"line":50,"column":7}},"18":{"start":{"line":55,"column":2},"end":{"line":68,"column":3}},"19":{"start":{"line":56,"column":4},"end":{"line":58,"column":5}},"20":{"start":{"line":57,"column":6},"end":{"line":57,"column":95}},"21":{"start":{"line":60,"column":21},"end":{"line":60,"column":30}},"22":{"start":{"line":61,"column":17},"end":{"line":61,"column":91}},"23":{"start":{"line":62,"column":4},"end":{"line":62,"column":38}},"24":{"start":{"line":65,"column":4},"end":{"line":67,"column":7}},"25":{"start":{"line":72,"column":2},"end":{"line":91,"column":3}},"26":{"start":{"line":73,"column":4},"end":{"line":75,"column":5}},"27":{"start":{"line":74,"column":6},"end":{"line":74,"column":113}},"28":{"start":{"line":77,"column":19},"end":{"line":77,"column":29}},"29":{"start":{"line":78,"column":22},"end":{"line":78,"column":54}},"30":{"start":{"line":80,"column":6},"end":{"line":82,"column":7}},"31":{"start":{"line":81,"column":8},"end":{"line":81,"column":76}},"32":{"start":{"line":84,"column":19},"end":{"line":84,"column":72}},"33":{"start":{"line":85,"column":4},"end":{"line":85,"column":38}},"34":{"start":{"line":88,"column":4},"end":{"line":90,"column":7}},"35":{"start":{"line":95,"column":2},"end":{"line":115,"column":3}},"36":{"start":{"line":96,"column":4},"end":{"line":98,"column":5}},"37":{"start":{"line":97,"column":6},"end":{"line":97,"column":113}},"38":{"start":{"line":100,"column":19},"end":{"line":100,"column":29}},"39":{"start":{"line":101,"column":22},"end":{"line":101,"column":31}},"40":{"start":{"line":102,"column":22},"end":{"line":102,"column":54}},"41":{"start":{"line":104,"column":6},"end":{"line":106,"column":7}},"42":{"start":{"line":105,"column":8},"end":{"line":105,"column":76}},"43":{"start":{"line":108,"column":19},"end":{"line":108,"column":102}},"44":{"start":{"line":109,"column":4},"end":{"line":109,"column":38}},"45":{"start":{"line":112,"column":4},"end":{"line":114,"column":7}},"46":{"start":{"line":119,"column":2},"end":{"line":138,"column":3}},"47":{"start":{"line":120,"column":4},"end":{"line":122,"column":5}},"48":{"start":{"line":121,"column":6},"end":{"line":121,"column":113}},"49":{"start":{"line":124,"column":19},"end":{"line":124,"column":29}},"50":{"start":{"line":125,"column":22},"end":{"line":125,"column":54}},"51":{"start":{"line":127,"column":6},"end":{"line":129,"column":7}},"52":{"start":{"line":128,"column":8},"end":{"line":128,"column":76}},"53":{"start":{"line":131,"column":19},"end":{"line":131,"column":77}},"54":{"start":{"line":132,"column":4},"end":{"line":132,"column":38}},"55":{"start":{"line":135,"column":4},"end":{"line":137,"column":7}}},"fnMap":{"0":{"name":"dashboardUsuario","decl":{"start":{"line":6,"column":15},"end":{"line":6,"column":31}},"loc":{"start":{"line":6,"column":42},"end":{"line":20,"column":1}},"line":6},"1":{"name":"dashboardAdmin","decl":{"start":{"line":22,"column":15},"end":{"line":22,"column":29}},"loc":{"start":{"line":22,"column":40},"end":{"line":36,"column":1}},"line":22},"2":{"name":"getVisitasPorPonto","decl":{"start":{"line":38,"column":15},"end":{"line":38,"column":33}},"loc":{"start":{"line":38,"column":44},"end":{"line":52,"column":1}},"line":38},"3":{"name":"getVisitasPorPeriodo","decl":{"start":{"line":54,"column":15},"end":{"line":54,"column":35}},"loc":{"start":{"line":54,"column":46},"end":{"line":69,"column":1}},"line":54},"4":{"name":"dashboardEmpresa","decl":{"start":{"line":71,"column":15},"end":{"line":71,"column":31}},"loc":{"start":{"line":71,"column":42},"end":{"line":92,"column":1}},"line":71},"5":{"name":"getResgatesEmpresa","decl":{"start":{"line":94,"column":15},"end":{"line":94,"column":33}},"loc":{"start":{"line":94,"column":44},"end":{"line":116,"column":1}},"line":94},"6":{"name":"getRecompensasEmpresa","decl":{"start":{"line":118,"column":15},"end":{"line":118,"column":36}},"loc":{"start":{"line":118,"column":47},"end":{"line":139,"column":1}},"line":118}},"branchMap":{"0":{"loc":{"start":{"line":8,"column":4},"end":{"line":10,"column":5}},"type":"if","locations":[{"start":{"line":8,"column":4},"end":{"line":10,"column":5}},{"start":{},"end":{}}],"line":8},"1":{"loc":{"start":{"line":16,"column":22},"end":{"line":16,"column":41}},"type":"binary-expr","locations":[{"start":{"line":16,"column":22},"end":{"line":16,"column":34}},{"start":{"line":16,"column":38},"end":{"line":16,"column":41}}],"line":16},"2":{"loc":{"start":{"line":17,"column":15},"end":{"line":17,"column":60}},"type":"binary-expr","locations":[{"start":{"line":17,"column":15},"end":{"line":17,"column":28}},{"start":{"line":17,"column":32},"end":{"line":17,"column":60}}],"line":17},"3":{"loc":{"start":{"line":24,"column":2},"end":{"line":26,"column":5}},"type":"if","locations":[{"start":{"line":24,"column":2},"end":{"line":26,"column":5}},{"start":{},"end":{}}],"line":24},"4":{"loc":{"start":{"line":32,"column":22},"end":{"line":32,"column":41}},"type":"binary-expr","locations":[{"start":{"line":32,"column":22},"end":{"line":32,"column":34}},{"start":{"line":32,"column":38},"end":{"line":32,"column":41}}],"line":32},"5":{"loc":{"start":{"line":33,"column":15},"end":{"line":33,"column":60}},"type":"binary-expr","locations":[{"start":{"line":33,"column":15},"end":{"line":33,"column":28}},{"start":{"line":33,"column":32},"end":{"line":33,"column":60}}],"line":33},"6":{"loc":{"start":{"line":40,"column":4},"end":{"line":42,"column":5}},"type":"if","locations":[{"start":{"line":40,"column":4},"end":{"line":42,"column":5}},{"start":{},"end":{}}],"line":40},"7":{"loc":{"start":{"line":49,"column":15},"end":{"line":49,"column":66}},"type":"binary-expr","locations":[{"start":{"line":49,"column":15},"end":{"line":49,"column":28}},{"start":{"line":49,"column":32},"end":{"line":49,"column":66}}],"line":49},"8":{"loc":{"start":{"line":56,"column":4},"end":{"line":58,"column":5}},"type":"if","locations":[{"start":{"line":56,"column":4},"end":{"line":58,"column":5}},{"start":{},"end":{}}],"line":56},"9":{"loc":{"start":{"line":61,"column":64},"end":{"line":61,"column":90}},"type":"cond-expr","locations":[{"start":{"line":61,"column":71},"end":{"line":61,"column":85}},{"start":{"line":61,"column":88},"end":{"line":61,"column":90}}],"line":61},"10":{"loc":{"start":{"line":66,"column":15},"end":{"line":66,"column":68}},"type":"binary-expr","locations":[{"start":{"line":66,"column":15},"end":{"line":66,"column":28}},{"start":{"line":66,"column":32},"end":{"line":66,"column":68}}],"line":66},"11":{"loc":{"start":{"line":73,"column":4},"end":{"line":75,"column":5}},"type":"if","locations":[{"start":{"line":73,"column":4},"end":{"line":75,"column":5}},{"start":{},"end":{}}],"line":73},"12":{"loc":{"start":{"line":80,"column":6},"end":{"line":82,"column":7}},"type":"if","locations":[{"start":{"line":80,"column":6},"end":{"line":82,"column":7}},{"start":{},"end":{}}],"line":80},"13":{"loc":{"start":{"line":80,"column":10},"end":{"line":80,"column":74}},"type":"binary-expr","locations":[{"start":{"line":80,"column":10},"end":{"line":80,"column":37}},{"start":{"line":80,"column":41},"end":{"line":80,"column":74}}],"line":80},"14":{"loc":{"start":{"line":88,"column":22},"end":{"line":88,"column":41}},"type":"binary-expr","locations":[{"start":{"line":88,"column":22},"end":{"line":88,"column":34}},{"start":{"line":88,"column":38},"end":{"line":88,"column":41}}],"line":88},"15":{"loc":{"start":{"line":89,"column":15},"end":{"line":89,"column":71}},"type":"binary-expr","locations":[{"start":{"line":89,"column":15},"end":{"line":89,"column":28}},{"start":{"line":89,"column":32},"end":{"line":89,"column":71}}],"line":89},"16":{"loc":{"start":{"line":96,"column":4},"end":{"line":98,"column":5}},"type":"if","locations":[{"start":{"line":96,"column":4},"end":{"line":98,"column":5}},{"start":{},"end":{}}],"line":96},"17":{"loc":{"start":{"line":104,"column":6},"end":{"line":106,"column":7}},"type":"if","locations":[{"start":{"line":104,"column":6},"end":{"line":106,"column":7}},{"start":{},"end":{}}],"line":104},"18":{"loc":{"start":{"line":104,"column":10},"end":{"line":104,"column":74}},"type":"binary-expr","locations":[{"start":{"line":104,"column":10},"end":{"line":104,"column":37}},{"start":{"line":104,"column":41},"end":{"line":104,"column":74}}],"line":104},"19":{"loc":{"start":{"line":108,"column":73},"end":{"line":108,"column":101}},"type":"cond-expr","locations":[{"start":{"line":108,"column":81},"end":{"line":108,"column":96}},{"start":{"line":108,"column":99},"end":{"line":108,"column":101}}],"line":108},"20":{"loc":{"start":{"line":113,"column":15},"end":{"line":113,"column":68}},"type":"binary-expr","locations":[{"start":{"line":113,"column":15},"end":{"line":113,"column":28}},{"start":{"line":113,"column":32},"end":{"line":113,"column":68}}],"line":113},"21":{"loc":{"start":{"line":120,"column":4},"end":{"line":122,"column":5}},"type":"if","locations":[{"start":{"line":120,"column":4},"end":{"line":122,"column":5}},{"start":{},"end":{}}],"line":120},"22":{"loc":{"start":{"line":127,"column":6},"end":{"line":129,"column":7}},"type":"if","locations":[{"start":{"line":127,"column":6},"end":{"line":129,"column":7}},{"start":{},"end":{}}],"line":127},"23":{"loc":{"start":{"line":127,"column":10},"end":{"line":127,"column":74}},"type":"binary-expr","locations":[{"start":{"line":127,"column":10},"end":{"line":127,"column":37}},{"start":{"line":127,"column":41},"end":{"line":127,"column":74}}],"line":127},"24":{"loc":{"start":{"line":136,"column":15},"end":{"line":136,"column":71}},"type":"binary-expr","locations":[{"start":{"line":136,"column":15},"end":{"line":136,"column":28}},{"start":{"line":136,"column":32},"end":{"line":136,"column":71}}],"line":136}},"s":{"0":2,"1":2,"2":1,"3":1,"4":1,"5":0,"6":1,"7":1,"8":0,"9":1,"10":1,"11":0,"12":0,"13":0,"14":0,"15":0,"16":0,"17":0,"18":1,"19":1,"20":0,"21":1,"22":1,"23":1,"24":0,"25":1,"26":1,"27":0,"28":1,"29":1,"30":1,"31":1,"32":0,"33":0,"34":0,"35":0,"36":0,"37":0,"38":0,"39":0,"40":0,"41":0,"42":0,"43":0,"44":0,"45":0,"46":0,"47":0,"48":0,"49":0,"50":0,"51":0,"52":0,"53":0,"54":0,"55":0},"f":{"0":2,"1":1,"2":0,"3":1,"4":1,"5":0,"6":0},"b":{"0":[1,1],"1":[0,0],"2":[0,0],"3":[0,1],"4":[0,0],"5":[0,0],"6":[0,0],"7":[0,0],"8":[0,1],"9":[1,0],"10":[0,0],"11":[0,1],"12":[1,0],"13":[1,1],"14":[0,0],"15":[0,0],"16":[0,0],"17":[0,0],"18":[0,0],"19":[0,0],"20":[0,0],"21":[0,0],"22":[0,0],"23":[0,0],"24":[0,0]},"_coverageSchema":"1a1c01bbd47fc00a2c39e90264f33305004495a9","hash":"fa3c2ae59c9ca00a9f8bc2c19fc773695592ee15"}
,"C:\\Users\\bianc\\Desktop\\Vivaigarassu\\controllers\\empresaController.js": {"path":"C:\\Users\\bianc\\Desktop\\Vivaigarassu\\controllers\\empresaController.js","statementMap":{"0":{"start":{"line":4,"column":2},"end":{"line":9,"column":3}},"1":{"start":{"line":5,"column":21},"end":{"line":5,"column":50}},"2":{"start":{"line":6,"column":4},"end":{"line":6,"column":42}},"3":{"start":{"line":8,"column":4},"end":{"line":8,"column":73}},"4":{"start":{"line":13,"column":2},"end":{"line":22,"column":3}},"5":{"start":{"line":14,"column":19},"end":{"line":14,"column":29}},"6":{"start":{"line":15,"column":20},"end":{"line":15,"column":52}},"7":{"start":{"line":16,"column":4},"end":{"line":16,"column":41}},"8":{"start":{"line":18,"column":4},"end":{"line":20,"column":5}},"9":{"start":{"line":19,"column":6},"end":{"line":19,"column":62}},"10":{"start":{"line":21,"column":4},"end":{"line":21,"column":73}},"11":{"start":{"line":26,"column":2},"end":{"line":35,"column":3}},"12":{"start":{"line":27,"column":17},"end":{"line":30,"column":5}},"13":{"start":{"line":31,"column":20},"end":{"line":31,"column":53}},"14":{"start":{"line":32,"column":4},"end":{"line":32,"column":41}},"15":{"start":{"line":34,"column":4},"end":{"line":34,"column":60}},"16":{"start":{"line":39,"column":2},"end":{"line":48,"column":3}},"17":{"start":{"line":40,"column":19},"end":{"line":40,"column":29}},"18":{"start":{"line":41,"column":20},"end":{"line":41,"column":61}},"19":{"start":{"line":42,"column":4},"end":{"line":42,"column":41}},"20":{"start":{"line":44,"column":4},"end":{"line":46,"column":5}},"21":{"start":{"line":45,"column":6},"end":{"line":45,"column":62}},"22":{"start":{"line":47,"column":4},"end":{"line":47,"column":60}},"23":{"start":{"line":52,"column":2},"end":{"line":61,"column":3}},"24":{"start":{"line":53,"column":19},"end":{"line":53,"column":29}},"25":{"start":{"line":54,"column":4},"end":{"line":54,"column":36}},"26":{"start":{"line":55,"column":4},"end":{"line":55,"column":77}},"27":{"start":{"line":57,"column":4},"end":{"line":59,"column":5}},"28":{"start":{"line":58,"column":6},"end":{"line":58,"column":62}},"29":{"start":{"line":60,"column":4},"end":{"line":60,"column":73}},"30":{"start":{"line":65,"column":2},"end":{"line":74,"column":3}},"31":{"start":{"line":66,"column":19},"end":{"line":66,"column":29}},"32":{"start":{"line":67,"column":19},"end":{"line":67,"column":56}},"33":{"start":{"line":68,"column":4},"end":{"line":68,"column":40}},"34":{"start":{"line":70,"column":4},"end":{"line":72,"column":5}},"35":{"start":{"line":71,"column":6},"end":{"line":71,"column":62}},"36":{"start":{"line":73,"column":4},"end":{"line":73,"column":73}},"37":{"start":{"line":78,"column":2},"end":{"line":87,"column":3}},"38":{"start":{"line":79,"column":19},"end":{"line":79,"column":29}},"39":{"start":{"line":80,"column":19},"end":{"line":80,"column":66}},"40":{"start":{"line":81,"column":4},"end":{"line":81,"column":40}},"41":{"start":{"line":83,"column":4},"end":{"line":85,"column":5}},"42":{"start":{"line":84,"column":6},"end":{"line":84,"column":62}},"43":{"start":{"line":86,"column":4},"end":{"line":86,"column":73}},"44":{"start":{"line":91,"column":2},"end":{"line":100,"column":3}},"45":{"start":{"line":92,"column":19},"end":{"line":92,"column":29}},"46":{"start":{"line":93,"column":20},"end":{"line":93,"column":61}},"47":{"start":{"line":94,"column":4},"end":{"line":94,"column":41}},"48":{"start":{"line":96,"column":4},"end":{"line":98,"column":5}},"49":{"start":{"line":97,"column":6},"end":{"line":97,"column":62}},"50":{"start":{"line":99,"column":4},"end":{"line":99,"column":73}},"51":{"start":{"line":104,"column":2},"end":{"line":117,"column":3}},"52":{"start":{"line":105,"column":19},"end":{"line":105,"column":29}},"53":{"start":{"line":106,"column":21},"end":{"line":106,"column":30}},"54":{"start":{"line":107,"column":4},"end":{"line":109,"column":5}},"55":{"start":{"line":108,"column":6},"end":{"line":108,"column":63}},"56":{"start":{"line":110,"column":19},"end":{"line":110,"column":69}},"57":{"start":{"line":111,"column":4},"end":{"line":111,"column":40}},"58":{"start":{"line":113,"column":4},"end":{"line":115,"column":5}},"59":{"start":{"line":114,"column":6},"end":{"line":114,"column":62}},"60":{"start":{"line":116,"column":4},"end":{"line":116,"column":73}},"61":{"start":{"line":121,"column":2},"end":{"line":134,"column":3}},"62":{"start":{"line":122,"column":19},"end":{"line":122,"column":29}},"63":{"start":{"line":123,"column":21},"end":{"line":123,"column":30}},"64":{"start":{"line":124,"column":4},"end":{"line":126,"column":5}},"65":{"start":{"line":125,"column":6},"end":{"line":125,"column":63}},"66":{"start":{"line":127,"column":19},"end":{"line":127,"column":75}},"67":{"start":{"line":128,"column":4},"end":{"line":128,"column":40}},"68":{"start":{"line":130,"column":4},"end":{"line":132,"column":5}},"69":{"start":{"line":131,"column":6},"end":{"line":131,"column":62}},"70":{"start":{"line":133,"column":4},"end":{"line":133,"column":73}}},"fnMap":{"0":{"name":"getAll","decl":{"start":{"line":3,"column":15},"end":{"line":3,"column":21}},"loc":{"start":{"line":3,"column":32},"end":{"line":10,"column":1}},"line":3},"1":{"name":"getById","decl":{"start":{"line":12,"column":15},"end":{"line":12,"column":22}},"loc":{"start":{"line":12,"column":33},"end":{"line":23,"column":1}},"line":12},"2":{"name":"create","decl":{"start":{"line":25,"column":15},"end":{"line":25,"column":21}},"loc":{"start":{"line":25,"column":32},"end":{"line":36,"column":1}},"line":25},"3":{"name":"update","decl":{"start":{"line":38,"column":15},"end":{"line":38,"column":21}},"loc":{"start":{"line":38,"column":32},"end":{"line":49,"column":1}},"line":38},"4":{"name":"deleteEmpresa","decl":{"start":{"line":51,"column":15},"end":{"line":51,"column":28}},"loc":{"start":{"line":51,"column":39},"end":{"line":62,"column":1}},"line":51},"5":{"name":"getEventosCount","decl":{"start":{"line":64,"column":15},"end":{"line":64,"column":30}},"loc":{"start":{"line":64,"column":41},"end":{"line":75,"column":1}},"line":64},"6":{"name":"getMeEventosCount","decl":{"start":{"line":77,"column":15},"end":{"line":77,"column":32}},"loc":{"start":{"line":77,"column":43},"end":{"line":88,"column":1}},"line":77},"7":{"name":"getMeEventos","decl":{"start":{"line":90,"column":15},"end":{"line":90,"column":27}},"loc":{"start":{"line":90,"column":38},"end":{"line":101,"column":1}},"line":90},"8":{"name":"getEventosCountByMonth","decl":{"start":{"line":103,"column":15},"end":{"line":103,"column":37}},"loc":{"start":{"line":103,"column":48},"end":{"line":118,"column":1}},"line":103},"9":{"name":"getMeEventosCountByMonth","decl":{"start":{"line":120,"column":15},"end":{"line":120,"column":39}},"loc":{"start":{"line":120,"column":50},"end":{"line":135,"column":1}},"line":120}},"branchMap":{"0":{"loc":{"start":{"line":18,"column":4},"end":{"line":20,"column":5}},"type":"if","locations":[{"start":{"line":18,"column":4},"end":{"line":20,"column":5}},{"start":{},"end":{}}],"line":18},"1":{"loc":{"start":{"line":44,"column":4},"end":{"line":46,"column":5}},"type":"if","locations":[{"start":{"line":44,"column":4},"end":{"line":46,"column":5}},{"start":{},"end":{}}],"line":44},"2":{"loc":{"start":{"line":57,"column":4},"end":{"line":59,"column":5}},"type":"if","locations":[{"start":{"line":57,"column":4},"end":{"line":59,"column":5}},{"start":{},"end":{}}],"line":57},"3":{"loc":{"start":{"line":70,"column":4},"end":{"line":72,"column":5}},"type":"if","locations":[{"start":{"line":70,"column":4},"end":{"line":72,"column":5}},{"start":{},"end":{}}],"line":70},"4":{"loc":{"start":{"line":83,"column":4},"end":{"line":85,"column":5}},"type":"if","locations":[{"start":{"line":83,"column":4},"end":{"line":85,"column":5}},{"start":{},"end":{}}],"line":83},"5":{"loc":{"start":{"line":96,"column":4},"end":{"line":98,"column":5}},"type":"if","locations":[{"start":{"line":96,"column":4},"end":{"line":98,"column":5}},{"start":{},"end":{}}],"line":96},"6":{"loc":{"start":{"line":107,"column":4},"end":{"line":109,"column":5}},"type":"if","locations":[{"start":{"line":107,"column":4},"end":{"line":109,"column":5}},{"start":{},"end":{}}],"line":107},"7":{"loc":{"start":{"line":107,"column":8},"end":{"line":107,"column":49}},"type":"binary-expr","locations":[{"start":{"line":107,"column":8},"end":{"line":107,"column":26}},{"start":{"line":107,"column":30},"end":{"line":107,"column":49}}],"line":107},"8":{"loc":{"start":{"line":113,"column":4},"end":{"line":115,"column":5}},"type":"if","locations":[{"start":{"line":113,"column":4},"end":{"line":115,"column":5}},{"start":{},"end":{}}],"line":113},"9":{"loc":{"start":{"line":124,"column":4},"end":{"line":126,"column":5}},"type":"if","locations":[{"start":{"line":124,"column":4},"end":{"line":126,"column":5}},{"start":{},"end":{}}],"line":124},"10":{"loc":{"start":{"line":124,"column":8},"end":{"line":124,"column":49}},"type":"binary-expr","locations":[{"start":{"line":124,"column":8},"end":{"line":124,"column":26}},{"start":{"line":124,"column":30},"end":{"line":124,"column":49}}],"line":124},"11":{"loc":{"start":{"line":130,"column":4},"end":{"line":132,"column":5}},"type":"if","locations":[{"start":{"line":130,"column":4},"end":{"line":132,"column":5}},{"start":{},"end":{}}],"line":130}},"s":{"0":2,"1":2,"2":2,"3":0,"4":3,"5":3,"6":3,"7":1,"8":2,"9":2,"10":0,"11":3,"12":3,"13":3,"14":2,"15":1,"16":1,"17":1,"18":1,"19":0,"20":1,"21":1,"22":0,"23":1,"24":1,"25":1,"26":0,"27":1,"28":0,"29":1,"30":0,"31":0,"32":0,"33":0,"34":0,"35":0,"36":0,"37":0,"38":0,"39":0,"40":0,"41":0,"42":0,"43":0,"44":0,"45":0,"46":0,"47":0,"48":0,"49":0,"50":0,"51":3,"52":3,"53":3,"54":3,"55":3,"56":0,"57":0,"58":0,"59":0,"60":0,"61":1,"62":1,"63":1,"64":1,"65":1,"66":0,"67":0,"68":0,"69":0,"70":0},"f":{"0":2,"1":3,"2":3,"3":1,"4":1,"5":0,"6":0,"7":0,"8":3,"9":1},"b":{"0":[2,0],"1":[1,0],"2":[0,1],"3":[0,0],"4":[0,0],"5":[0,0],"6":[3,0],"7":[3,3],"8":[0,0],"9":[1,0],"10":[1,1],"11":[0,0]},"_coverageSchema":"1a1c01bbd47fc00a2c39e90264f33305004495a9","hash":"1a60964b6c444ca7c4c40f2a7ec7bf29b8bb2042"}
,"C:\\Users\\bianc\\Desktop\\Vivaigarassu\\controllers\\enderecosController.js": {"path":"C:\\Users\\bianc\\Desktop\\Vivaigarassu\\controllers\\enderecosController.js","statementMap":{"0":{"start":{"line":4,"column":2},"end":{"line":13,"column":3}},"1":{"start":{"line":5,"column":19},"end":{"line":5,"column":29}},"2":{"start":{"line":6,"column":21},"end":{"line":6,"column":59}},"3":{"start":{"line":7,"column":4},"end":{"line":9,"column":5}},"4":{"start":{"line":8,"column":6},"end":{"line":8,"column":74}},"5":{"start":{"line":10,"column":4},"end":{"line":10,"column":42}},"6":{"start":{"line":12,"column":4},"end":{"line":12,"column":72}},"7":{"start":{"line":17,"column":2},"end":{"line":63,"column":3}},"8":{"start":{"line":18,"column":15},"end":{"line":18,"column":29}},"9":{"start":{"line":20,"column":32},"end":{"line":20,"column":133}},"10":{"start":{"line":21,"column":4},"end":{"line":24,"column":5}},"11":{"start":{"line":22,"column":21},"end":{"line":22,"column":55}},"12":{"start":{"line":23,"column":6},"end":{"line":23,"column":36}},"13":{"start":{"line":26,"column":4},"end":{"line":26,"column":89}},"14":{"start":{"line":27,"column":4},"end":{"line":27,"column":66}},"15":{"start":{"line":29,"column":20},"end":{"line":29,"column":22}},"16":{"start":{"line":30,"column":4},"end":{"line":30,"column":80}},"17":{"start":{"line":31,"column":4},"end":{"line":31,"column":82}},"18":{"start":{"line":32,"column":4},"end":{"line":32,"column":83}},"19":{"start":{"line":33,"column":4},"end":{"line":33,"column":72}},"20":{"start":{"line":34,"column":4},"end":{"line":34,"column":102}},"21":{"start":{"line":35,"column":4},"end":{"line":35,"column":72}},"22":{"start":{"line":37,"column":4},"end":{"line":40,"column":5}},"23":{"start":{"line":38,"column":18},"end":{"line":38,"column":69}},"24":{"start":{"line":39,"column":6},"end":{"line":39,"column":55}},"25":{"start":{"line":39,"column":32},"end":{"line":39,"column":55}},"26":{"start":{"line":41,"column":4},"end":{"line":44,"column":5}},"27":{"start":{"line":42,"column":18},"end":{"line":42,"column":70}},"28":{"start":{"line":43,"column":6},"end":{"line":43,"column":56}},"29":{"start":{"line":43,"column":32},"end":{"line":43,"column":56}},"30":{"start":{"line":46,"column":4},"end":{"line":48,"column":5}},"31":{"start":{"line":47,"column":6},"end":{"line":47,"column":98}},"32":{"start":{"line":50,"column":4},"end":{"line":50,"column":85}},"33":{"start":{"line":50,"column":38},"end":{"line":50,"column":83}},"34":{"start":{"line":52,"column":4},"end":{"line":52,"column":71}},"35":{"start":{"line":53,"column":4},"end":{"line":59,"column":5}},"36":{"start":{"line":54,"column":23},"end":{"line":54,"column":64}},"37":{"start":{"line":55,"column":6},"end":{"line":55,"column":44}},"38":{"start":{"line":57,"column":6},"end":{"line":57,"column":92}},"39":{"start":{"line":58,"column":6},"end":{"line":58,"column":129}},"40":{"start":{"line":61,"column":4},"end":{"line":61,"column":52}},"41":{"start":{"line":62,"column":4},"end":{"line":62,"column":71}},"42":{"start":{"line":67,"column":16},"end":{"line":67,"column":78}},"43":{"start":{"line":67,"column":53},"end":{"line":67,"column":61}},"44":{"start":{"line":69,"column":12},"end":{"line":69,"column":16}},"45":{"start":{"line":70,"column":15},"end":{"line":70,"column":19}},"46":{"start":{"line":71,"column":15},"end":{"line":71,"column":19}},"47":{"start":{"line":72,"column":15},"end":{"line":72,"column":19}},"48":{"start":{"line":73,"column":17},"end":{"line":73,"column":19}},"49":{"start":{"line":75,"column":2},"end":{"line":81,"column":3}},"50":{"start":{"line":76,"column":17},"end":{"line":76,"column":40}},"51":{"start":{"line":77,"column":4},"end":{"line":80,"column":5}},"52":{"start":{"line":78,"column":6},"end":{"line":78,"column":42}},"53":{"start":{"line":79,"column":6},"end":{"line":79,"column":18}},"54":{"start":{"line":83,"column":2},"end":{"line":89,"column":3}},"55":{"start":{"line":84,"column":17},"end":{"line":84,"column":40}},"56":{"start":{"line":85,"column":4},"end":{"line":88,"column":5}},"57":{"start":{"line":86,"column":6},"end":{"line":86,"column":34}},"58":{"start":{"line":87,"column":6},"end":{"line":87,"column":18}},"59":{"start":{"line":91,"column":2},"end":{"line":91,"column":45}},"60":{"start":{"line":91,"column":24},"end":{"line":91,"column":45}},"61":{"start":{"line":92,"column":2},"end":{"line":92,"column":45}},"62":{"start":{"line":92,"column":24},"end":{"line":92,"column":45}},"63":{"start":{"line":93,"column":2},"end":{"line":93,"column":19}},"64":{"start":{"line":95,"column":19},"end":{"line":95,"column":44}},"65":{"start":{"line":96,"column":15},"end":{"line":96,"column":19}},"66":{"start":{"line":97,"column":2},"end":{"line":103,"column":3}},"67":{"start":{"line":98,"column":14},"end":{"line":98,"column":63}},"68":{"start":{"line":99,"column":4},"end":{"line":102,"column":5}},"69":{"start":{"line":100,"column":6},"end":{"line":100,"column":31}},"70":{"start":{"line":101,"column":6},"end":{"line":101,"column":27}},"71":{"start":{"line":105,"column":2},"end":{"line":112,"column":4}}},"fnMap":{"0":{"name":"getById","decl":{"start":{"line":3,"column":15},"end":{"line":3,"column":22}},"loc":{"start":{"line":3,"column":33},"end":{"line":14,"column":1}},"line":3},"1":{"name":"create","decl":{"start":{"line":16,"column":15},"end":{"line":16,"column":21}},"loc":{"start":{"line":16,"column":32},"end":{"line":64,"column":1}},"line":16},"2":{"name":"(anonymous_2)","decl":{"start":{"line":50,"column":33},"end":{"line":50,"column":34}},"loc":{"start":{"line":50,"column":38},"end":{"line":50,"column":83}},"line":50},"3":{"name":"parseEndereco","decl":{"start":{"line":66,"column":9},"end":{"line":66,"column":22}},"loc":{"start":{"line":66,"column":33},"end":{"line":113,"column":1}},"line":66},"4":{"name":"(anonymous_4)","decl":{"start":{"line":67,"column":48},"end":{"line":67,"column":49}},"loc":{"start":{"line":67,"column":53},"end":{"line":67,"column":61}},"line":67}},"branchMap":{"0":{"loc":{"start":{"line":7,"column":4},"end":{"line":9,"column":5}},"type":"if","locations":[{"start":{"line":7,"column":4},"end":{"line":9,"column":5}},{"start":{},"end":{}}],"line":7},"1":{"loc":{"start":{"line":18,"column":15},"end":{"line":18,"column":29}},"type":"binary-expr","locations":[{"start":{"line":18,"column":15},"end":{"line":18,"column":23}},{"start":{"line":18,"column":27},"end":{"line":18,"column":29}}],"line":18},"2":{"loc":{"start":{"line":20,"column":32},"end":{"line":20,"column":133}},"type":"binary-expr","locations":[{"start":{"line":20,"column":32},"end":{"line":20,"column":54}},{"start":{"line":20,"column":58},"end":{"line":20,"column":79}},{"start":{"line":20,"column":83},"end":{"line":20,"column":96}},{"start":{"line":20,"column":100},"end":{"line":20,"column":112}},{"start":{"line":20,"column":116},"end":{"line":20,"column":133}}],"line":20},"3":{"loc":{"start":{"line":21,"column":4},"end":{"line":24,"column":5}},"type":"if","locations":[{"start":{"line":21,"column":4},"end":{"line":24,"column":5}},{"start":{},"end":{}}],"line":21},"4":{"loc":{"start":{"line":21,"column":8},"end":{"line":21,"column":81}},"type":"binary-expr","locations":[{"start":{"line":21,"column":8},"end":{"line":21,"column":27}},{"start":{"line":21,"column":32},"end":{"line":21,"column":48}},{"start":{"line":21,"column":52},"end":{"line":21,"column":64}},{"start":{"line":21,"column":68},"end":{"line":21,"column":80}}],"line":21},"5":{"loc":{"start":{"line":30,"column":26},"end":{"line":30,"column":47}},"type":"binary-expr","locations":[{"start":{"line":30,"column":26},"end":{"line":30,"column":41}},{"start":{"line":30,"column":45},"end":{"line":30,"column":47}}],"line":30},"6":{"loc":{"start":{"line":31,"column":21},"end":{"line":31,"column":81}},"type":"cond-expr","locations":[{"start":{"line":31,"column":35},"end":{"line":31,"column":76}},{"start":{"line":31,"column":79},"end":{"line":31,"column":81}}],"line":31},"7":{"loc":{"start":{"line":32,"column":21},"end":{"line":32,"column":82}},"type":"cond-expr","locations":[{"start":{"line":32,"column":35},"end":{"line":32,"column":77}},{"start":{"line":32,"column":80},"end":{"line":32,"column":82}}],"line":32},"8":{"loc":{"start":{"line":33,"column":22},"end":{"line":33,"column":39}},"type":"binary-expr","locations":[{"start":{"line":33,"column":22},"end":{"line":33,"column":33}},{"start":{"line":33,"column":37},"end":{"line":33,"column":39}}],"line":33},"9":{"loc":{"start":{"line":34,"column":21},"end":{"line":34,"column":101}},"type":"cond-expr","locations":[{"start":{"line":34,"column":35},"end":{"line":34,"column":89}},{"start":{"line":34,"column":92},"end":{"line":34,"column":101}}],"line":34},"10":{"loc":{"start":{"line":35,"column":18},"end":{"line":35,"column":71}},"type":"cond-expr","locations":[{"start":{"line":35,"column":29},"end":{"line":35,"column":66}},{"start":{"line":35,"column":69},"end":{"line":35,"column":71}}],"line":35},"11":{"loc":{"start":{"line":37,"column":4},"end":{"line":40,"column":5}},"type":"if","locations":[{"start":{"line":37,"column":4},"end":{"line":40,"column":5}},{"start":{},"end":{}}],"line":37},"12":{"loc":{"start":{"line":37,"column":8},"end":{"line":37,"column":85}},"type":"binary-expr","locations":[{"start":{"line":37,"column":8},"end":{"line":37,"column":35}},{"start":{"line":37,"column":39},"end":{"line":37,"column":61}},{"start":{"line":37,"column":65},"end":{"line":37,"column":85}}],"line":37},"13":{"loc":{"start":{"line":39,"column":6},"end":{"line":39,"column":55}},"type":"if","locations":[{"start":{"line":39,"column":6},"end":{"line":39,"column":55}},{"start":{},"end":{}}],"line":39},"14":{"loc":{"start":{"line":41,"column":4},"end":{"line":44,"column":5}},"type":"if","locations":[{"start":{"line":41,"column":4},"end":{"line":44,"column":5}},{"start":{},"end":{}}],"line":41},"15":{"loc":{"start":{"line":41,"column":8},"end":{"line":41,"column":88}},"type":"binary-expr","locations":[{"start":{"line":41,"column":8},"end":{"line":41,"column":36}},{"start":{"line":41,"column":40},"end":{"line":41,"column":63}},{"start":{"line":41,"column":67},"end":{"line":41,"column":88}}],"line":41},"16":{"loc":{"start":{"line":43,"column":6},"end":{"line":43,"column":56}},"type":"if","locations":[{"start":{"line":43,"column":6},"end":{"line":43,"column":56}},{"start":{},"end":{}}],"line":43},"17":{"loc":{"start":{"line":46,"column":4},"end":{"line":48,"column":5}},"type":"if","locations":[{"start":{"line":46,"column":4},"end":{"line":48,"column":5}},{"start":{},"end":{}}],"line":46},"18":{"loc":{"start":{"line":46,"column":8},"end":{"line":46,"column":65}},"type":"binary-expr","locations":[{"start":{"line":46,"column":8},"end":{"line":46,"column":27}},{"start":{"line":46,"column":31},"end":{"line":46,"column":46}},{"start":{"line":46,"column":50},"end":{"line":46,"column":65}}],"line":46},"19":{"loc":{"start":{"line":50,"column":38},"end":{"line":50,"column":83}},"type":"binary-expr","locations":[{"start":{"line":50,"column":38},"end":{"line":50,"column":62}},{"start":{"line":50,"column":66},"end":{"line":50,"column":83}}],"line":50},"20":{"loc":{"start":{"line":57,"column":56},"end":{"line":57,"column":90}},"type":"cond-expr","locations":[{"start":{"line":57,"column":75},"end":{"line":57,"column":84}},{"start":{"line":57,"column":87},"end":{"line":57,"column":90}}],"line":57},"21":{"loc":{"start":{"line":57,"column":56},"end":{"line":57,"column":72}},"type":"binary-expr","locations":[{"start":{"line":57,"column":56},"end":{"line":57,"column":59}},{"start":{"line":57,"column":63},"end":{"line":57,"column":72}}],"line":57},"22":{"loc":{"start":{"line":58,"column":79},"end":{"line":58,"column":125}},"type":"cond-expr","locations":[{"start":{"line":58,"column":100},"end":{"line":58,"column":111}},{"start":{"line":58,"column":114},"end":{"line":58,"column":125}}],"line":58},"23":{"loc":{"start":{"line":58,"column":79},"end":{"line":58,"column":97}},"type":"binary-expr","locations":[{"start":{"line":58,"column":79},"end":{"line":58,"column":82}},{"start":{"line":58,"column":86},"end":{"line":58,"column":97}}],"line":58},"24":{"loc":{"start":{"line":75,"column":2},"end":{"line":81,"column":3}},"type":"if","locations":[{"start":{"line":75,"column":2},"end":{"line":81,"column":3}},{"start":{},"end":{}}],"line":75},"25":{"loc":{"start":{"line":77,"column":4},"end":{"line":80,"column":5}},"type":"if","locations":[{"start":{"line":77,"column":4},"end":{"line":80,"column":5}},{"start":{},"end":{}}],"line":77},"26":{"loc":{"start":{"line":83,"column":2},"end":{"line":89,"column":3}},"type":"if","locations":[{"start":{"line":83,"column":2},"end":{"line":89,"column":3}},{"start":{},"end":{}}],"line":83},"27":{"loc":{"start":{"line":85,"column":4},"end":{"line":88,"column":5}},"type":"if","locations":[{"start":{"line":85,"column":4},"end":{"line":88,"column":5}},{"start":{},"end":{}}],"line":85},"28":{"loc":{"start":{"line":91,"column":2},"end":{"line":91,"column":45}},"type":"if","locations":[{"start":{"line":91,"column":2},"end":{"line":91,"column":45}},{"start":{},"end":{}}],"line":91},"29":{"loc":{"start":{"line":92,"column":2},"end":{"line":92,"column":45}},"type":"if","locations":[{"start":{"line":92,"column":2},"end":{"line":92,"column":45}},{"start":{},"end":{}}],"line":92},"30":{"loc":{"start":{"line":95,"column":19},"end":{"line":95,"column":44}},"type":"binary-expr","locations":[{"start":{"line":95,"column":19},"end":{"line":95,"column":38}},{"start":{"line":95,"column":42},"end":{"line":95,"column":44}}],"line":95},"31":{"loc":{"start":{"line":97,"column":2},"end":{"line":103,"column":3}},"type":"if","locations":[{"start":{"line":97,"column":2},"end":{"line":103,"column":3}},{"start":{},"end":{}}],"line":97},"32":{"loc":{"start":{"line":99,"column":4},"end":{"line":102,"column":5}},"type":"if","locations":[{"start":{"line":99,"column":4},"end":{"line":102,"column":5}},{"start":{},"end":{}}],"line":99},"33":{"loc":{"start":{"line":106,"column":16},"end":{"line":106,"column":32}},"type":"binary-expr","locations":[{"start":{"line":106,"column":16},"end":{"line":106,"column":26}},{"start":{"line":106,"column":30},"end":{"line":106,"column":32}}],"line":106},"34":{"loc":{"start":{"line":107,"column":12},"end":{"line":107,"column":24}},"type":"binary-expr","locations":[{"start":{"line":107,"column":12},"end":{"line":107,"column":18}},{"start":{"line":107,"column":22},"end":{"line":107,"column":24}}],"line":107},"35":{"loc":{"start":{"line":108,"column":12},"end":{"line":108,"column":24}},"type":"binary-expr","locations":[{"start":{"line":108,"column":12},"end":{"line":108,"column":18}},{"start":{"line":108,"column":22},"end":{"line":108,"column":24}}],"line":108},"36":{"loc":{"start":{"line":109,"column":12},"end":{"line":109,"column":24}},"type":"binary-expr","locations":[{"start":{"line":109,"column":12},"end":{"line":109,"column":18}},{"start":{"line":109,"column":22},"end":{"line":109,"column":24}}],"line":109},"37":{"loc":{"start":{"line":110,"column":12},"end":{"line":110,"column":24}},"type":"binary-expr","locations":[{"start":{"line":110,"column":12},"end":{"line":110,"column":18}},{"start":{"line":110,"column":22},"end":{"line":110,"column":24}}],"line":110},"38":{"loc":{"start":{"line":111,"column":9},"end":{"line":111,"column":18}},"type":"binary-expr","locations":[{"start":{"line":111,"column":9},"end":{"line":111,"column":12}},{"start":{"line":111,"column":16},"end":{"line":111,"column":18}}],"line":111}},"s":{"0":2,"1":2,"2":2,"3":2,"4":1,"5":1,"6":0,"7":1,"8":1,"9":1,"10":1,"11":1,"12":1,"13":1,"14":1,"15":1,"16":1,"17":1,"18":1,"19":1,"20":1,"21":1,"22":1,"23":0,"24":0,"25":0,"26":1,"27":0,"28":0,"29":0,"30":1,"31":0,"32":1,"33":6,"34":1,"35":1,"36":1,"37":1,"38":0,"39":0,"40":0,"41":0,"42":1,"43":5,"44":1,"45":1,"46":1,"47":1,"48":1,"49":1,"50":1,"51":1,"52":1,"53":1,"54":1,"55":1,"56":1,"57":1,"58":1,"59":1,"60":1,"61":1,"62":1,"63":1,"64":1,"65":1,"66":1,"67":1,"68":1,"69":1,"70":1,"71":1},"f":{"0":2,"1":1,"2":6,"3":1,"4":5},"b":{"0":[1,1],"1":[1,0],"2":[1,0,0,0,0],"3":[1,0],"4":[1,1,0,0],"5":[1,0],"6":[1,0],"7":[1,0],"8":[1,0],"9":[1,0],"10":[1,0],"11":[0,1],"12":[1,0,0],"13":[0,0],"14":[0,1],"15":[1,0,0],"16":[0,0],"17":[0,1],"18":[1,1,1],"19":[6,0],"20":[0,0],"21":[0,0],"22":[0,0],"23":[0,0],"24":[1,0],"25":[1,0],"26":[1,0],"27":[1,0],"28":[1,0],"29":[1,0],"30":[1,0],"31":[1,0],"32":[1,0],"33":[1,0],"34":[1,0],"35":[1,0],"36":[1,0],"37":[1,0],"38":[1,0]},"_coverageSchema":"1a1c01bbd47fc00a2c39e90264f33305004495a9","hash":"e96ee8531257e5ee5a475e5b2f2e2d17fc88695f"}
,"C:\\Users\\bianc\\Desktop\\Vivaigarassu\\controllers\\eventosController.js": {"path":"C:\\Users\\bianc\\Desktop\\Vivaigarassu\\controllers\\eventosController.js","statementMap":{"0":{"start":{"line":5,"column":2},"end":{"line":10,"column":3}},"1":{"start":{"line":6,"column":20},"end":{"line":6,"column":49}},"2":{"start":{"line":7,"column":4},"end":{"line":7,"column":41}},"3":{"start":{"line":9,"column":4},"end":{"line":9,"column":73}},"4":{"start":{"line":14,"column":2},"end":{"line":22,"column":3}},"5":{"start":{"line":15,"column":19},"end":{"line":15,"column":29}},"6":{"start":{"line":16,"column":19},"end":{"line":16,"column":51}},"7":{"start":{"line":17,"column":4},"end":{"line":17,"column":40}},"8":{"start":{"line":19,"column":4},"end":{"line":21,"column":40}},"9":{"start":{"line":26,"column":2},"end":{"line":71,"column":3}},"10":{"start":{"line":27,"column":4},"end":{"line":27,"column":83}},"11":{"start":{"line":28,"column":4},"end":{"line":28,"column":60}},"12":{"start":{"line":30,"column":21},"end":{"line":30,"column":35}},"13":{"start":{"line":31,"column":4},"end":{"line":33,"column":5}},"14":{"start":{"line":32,"column":6},"end":{"line":32,"column":39}},"15":{"start":{"line":35,"column":18},"end":{"line":35,"column":22}},"16":{"start":{"line":36,"column":4},"end":{"line":38,"column":5}},"17":{"start":{"line":37,"column":6},"end":{"line":37,"column":61}},"18":{"start":{"line":40,"column":4},"end":{"line":52,"column":5}},"19":{"start":{"line":41,"column":6},"end":{"line":41,"column":108}},"20":{"start":{"line":42,"column":6},"end":{"line":50,"column":7}},"21":{"start":{"line":43,"column":33},"end":{"line":48,"column":9}},"22":{"start":{"line":49,"column":8},"end":{"line":49,"column":67}},"23":{"start":{"line":51,"column":6},"end":{"line":51,"column":38}},"24":{"start":{"line":54,"column":4},"end":{"line":57,"column":5}},"25":{"start":{"line":55,"column":6},"end":{"line":55,"column":65}},"26":{"start":{"line":56,"column":6},"end":{"line":56,"column":51}},"27":{"start":{"line":56,"column":19},"end":{"line":56,"column":51}},"28":{"start":{"line":59,"column":17},"end":{"line":63,"column":5}},"29":{"start":{"line":65,"column":19},"end":{"line":65,"column":52}},"30":{"start":{"line":66,"column":4},"end":{"line":66,"column":40}},"31":{"start":{"line":68,"column":4},"end":{"line":70,"column":40}},"32":{"start":{"line":75,"column":2},"end":{"line":112,"column":3}},"33":{"start":{"line":76,"column":19},"end":{"line":76,"column":29}},"34":{"start":{"line":78,"column":21},"end":{"line":78,"column":91}},"35":{"start":{"line":79,"column":18},"end":{"line":79,"column":22}},"36":{"start":{"line":80,"column":4},"end":{"line":80,"column":75}},"37":{"start":{"line":80,"column":20},"end":{"line":80,"column":75}},"38":{"start":{"line":81,"column":4},"end":{"line":93,"column":5}},"39":{"start":{"line":82,"column":6},"end":{"line":82,"column":108}},"40":{"start":{"line":83,"column":6},"end":{"line":91,"column":7}},"41":{"start":{"line":84,"column":33},"end":{"line":89,"column":9}},"42":{"start":{"line":90,"column":8},"end":{"line":90,"column":67}},"43":{"start":{"line":92,"column":6},"end":{"line":92,"column":38}},"44":{"start":{"line":95,"column":4},"end":{"line":98,"column":5}},"45":{"start":{"line":96,"column":6},"end":{"line":96,"column":65}},"46":{"start":{"line":97,"column":6},"end":{"line":97,"column":51}},"47":{"start":{"line":97,"column":19},"end":{"line":97,"column":51}},"48":{"start":{"line":100,"column":17},"end":{"line":104,"column":5}},"49":{"start":{"line":106,"column":19},"end":{"line":106,"column":56}},"50":{"start":{"line":107,"column":4},"end":{"line":107,"column":40}},"51":{"start":{"line":109,"column":4},"end":{"line":111,"column":40}},"52":{"start":{"line":116,"column":2},"end":{"line":134,"column":3}},"53":{"start":{"line":117,"column":19},"end":{"line":117,"column":29}},"54":{"start":{"line":118,"column":4},"end":{"line":120,"column":5}},"55":{"start":{"line":119,"column":6},"end":{"line":119,"column":90}},"56":{"start":{"line":121,"column":20},"end":{"line":125,"column":5}},"57":{"start":{"line":126,"column":4},"end":{"line":126,"column":45}},"58":{"start":{"line":127,"column":4},"end":{"line":129,"column":7}},"59":{"start":{"line":131,"column":4},"end":{"line":133,"column":40}}},"fnMap":{"0":{"name":"getAll","decl":{"start":{"line":4,"column":15},"end":{"line":4,"column":21}},"loc":{"start":{"line":4,"column":32},"end":{"line":11,"column":1}},"line":4},"1":{"name":"getById","decl":{"start":{"line":13,"column":15},"end":{"line":13,"column":22}},"loc":{"start":{"line":13,"column":33},"end":{"line":23,"column":1}},"line":13},"2":{"name":"create","decl":{"start":{"line":25,"column":15},"end":{"line":25,"column":21}},"loc":{"start":{"line":25,"column":32},"end":{"line":72,"column":1}},"line":25},"3":{"name":"update","decl":{"start":{"line":74,"column":15},"end":{"line":74,"column":21}},"loc":{"start":{"line":74,"column":32},"end":{"line":113,"column":1}},"line":74},"4":{"name":"deleteEvento","decl":{"start":{"line":115,"column":15},"end":{"line":115,"column":27}},"loc":{"start":{"line":115,"column":38},"end":{"line":135,"column":1}},"line":115}},"branchMap":{"0":{"loc":{"start":{"line":20,"column":14},"end":{"line":20,"column":33}},"type":"binary-expr","locations":[{"start":{"line":20,"column":14},"end":{"line":20,"column":26}},{"start":{"line":20,"column":30},"end":{"line":20,"column":33}}],"line":20},"1":{"loc":{"start":{"line":31,"column":4},"end":{"line":33,"column":5}},"type":"if","locations":[{"start":{"line":31,"column":4},"end":{"line":33,"column":5}},{"start":{},"end":{}}],"line":31},"2":{"loc":{"start":{"line":31,"column":8},"end":{"line":31,"column":54}},"type":"binary-expr","locations":[{"start":{"line":31,"column":8},"end":{"line":31,"column":19}},{"start":{"line":31,"column":23},"end":{"line":31,"column":31}},{"start":{"line":31,"column":35},"end":{"line":31,"column":54}}],"line":31},"3":{"loc":{"start":{"line":36,"column":4},"end":{"line":38,"column":5}},"type":"if","locations":[{"start":{"line":36,"column":4},"end":{"line":38,"column":5}},{"start":{},"end":{}}],"line":36},"4":{"loc":{"start":{"line":40,"column":4},"end":{"line":52,"column":5}},"type":"if","locations":[{"start":{"line":40,"column":4},"end":{"line":52,"column":5}},{"start":{},"end":{}}],"line":40},"5":{"loc":{"start":{"line":40,"column":8},"end":{"line":40,"column":38}},"type":"binary-expr","locations":[{"start":{"line":40,"column":8},"end":{"line":40,"column":16}},{"start":{"line":40,"column":20},"end":{"line":40,"column":38}}],"line":40},"6":{"loc":{"start":{"line":41,"column":16},"end":{"line":41,"column":107}},"type":"cond-expr","locations":[{"start":{"line":41,"column":49},"end":{"line":41,"column":100}},{"start":{"line":41,"column":103},"end":{"line":41,"column":107}}],"line":41},"7":{"loc":{"start":{"line":42,"column":6},"end":{"line":50,"column":7}},"type":"if","locations":[{"start":{"line":42,"column":6},"end":{"line":50,"column":7}},{"start":{},"end":{}}],"line":42},"8":{"loc":{"start":{"line":54,"column":4},"end":{"line":57,"column":5}},"type":"if","locations":[{"start":{"line":54,"column":4},"end":{"line":57,"column":5}},{"start":{},"end":{}}],"line":54},"9":{"loc":{"start":{"line":54,"column":8},"end":{"line":54,"column":30}},"type":"binary-expr","locations":[{"start":{"line":54,"column":8},"end":{"line":54,"column":16}},{"start":{"line":54,"column":20},"end":{"line":54,"column":30}}],"line":54},"10":{"loc":{"start":{"line":56,"column":6},"end":{"line":56,"column":51}},"type":"if","locations":[{"start":{"line":56,"column":6},"end":{"line":56,"column":51}},{"start":{},"end":{}}],"line":56},"11":{"loc":{"start":{"line":69,"column":14},"end":{"line":69,"column":33}},"type":"binary-expr","locations":[{"start":{"line":69,"column":14},"end":{"line":69,"column":26}},{"start":{"line":69,"column":30},"end":{"line":69,"column":33}}],"line":69},"12":{"loc":{"start":{"line":78,"column":21},"end":{"line":78,"column":91}},"type":"cond-expr","locations":[{"start":{"line":78,"column":55},"end":{"line":78,"column":74}},{"start":{"line":78,"column":77},"end":{"line":78,"column":91}}],"line":78},"13":{"loc":{"start":{"line":78,"column":21},"end":{"line":78,"column":52}},"type":"binary-expr","locations":[{"start":{"line":78,"column":21},"end":{"line":78,"column":29}},{"start":{"line":78,"column":33},"end":{"line":78,"column":52}}],"line":78},"14":{"loc":{"start":{"line":80,"column":4},"end":{"line":80,"column":75}},"type":"if","locations":[{"start":{"line":80,"column":4},"end":{"line":80,"column":75}},{"start":{},"end":{}}],"line":80},"15":{"loc":{"start":{"line":81,"column":4},"end":{"line":93,"column":5}},"type":"if","locations":[{"start":{"line":81,"column":4},"end":{"line":93,"column":5}},{"start":{},"end":{}}],"line":81},"16":{"loc":{"start":{"line":81,"column":8},"end":{"line":81,"column":38}},"type":"binary-expr","locations":[{"start":{"line":81,"column":8},"end":{"line":81,"column":16}},{"start":{"line":81,"column":20},"end":{"line":81,"column":38}}],"line":81},"17":{"loc":{"start":{"line":82,"column":16},"end":{"line":82,"column":107}},"type":"cond-expr","locations":[{"start":{"line":82,"column":49},"end":{"line":82,"column":100}},{"start":{"line":82,"column":103},"end":{"line":82,"column":107}}],"line":82},"18":{"loc":{"start":{"line":83,"column":6},"end":{"line":91,"column":7}},"type":"if","locations":[{"start":{"line":83,"column":6},"end":{"line":91,"column":7}},{"start":{},"end":{}}],"line":83},"19":{"loc":{"start":{"line":95,"column":4},"end":{"line":98,"column":5}},"type":"if","locations":[{"start":{"line":95,"column":4},"end":{"line":98,"column":5}},{"start":{},"end":{}}],"line":95},"20":{"loc":{"start":{"line":95,"column":8},"end":{"line":95,"column":30}},"type":"binary-expr","locations":[{"start":{"line":95,"column":8},"end":{"line":95,"column":16}},{"start":{"line":95,"column":20},"end":{"line":95,"column":30}}],"line":95},"21":{"loc":{"start":{"line":97,"column":6},"end":{"line":97,"column":51}},"type":"if","locations":[{"start":{"line":97,"column":6},"end":{"line":97,"column":51}},{"start":{},"end":{}}],"line":97},"22":{"loc":{"start":{"line":110,"column":14},"end":{"line":110,"column":33}},"type":"binary-expr","locations":[{"start":{"line":110,"column":14},"end":{"line":110,"column":26}},{"start":{"line":110,"column":30},"end":{"line":110,"column":33}}],"line":110},"23":{"loc":{"start":{"line":118,"column":4},"end":{"line":120,"column":5}},"type":"if","locations":[{"start":{"line":118,"column":4},"end":{"line":120,"column":5}},{"start":{},"end":{}}],"line":118},"24":{"loc":{"start":{"line":132,"column":14},"end":{"line":132,"column":33}},"type":"binary-expr","locations":[{"start":{"line":132,"column":14},"end":{"line":132,"column":26}},{"start":{"line":132,"column":30},"end":{"line":132,"column":33}}],"line":132}},"s":{"0":2,"1":2,"2":2,"3":0,"4":0,"5":0,"6":0,"7":0,"8":0,"9":3,"10":3,"11":3,"12":3,"13":3,"14":0,"15":3,"16":3,"17":0,"18":3,"19":1,"20":1,"21":1,"22":1,"23":1,"24":3,"25":2,"26":2,"27":2,"28":3,"29":3,"30":3,"31":0,"32":0,"33":0,"34":0,"35":0,"36":0,"37":0,"38":0,"39":0,"40":0,"41":0,"42":0,"43":0,"44":0,"45":0,"46":0,"47":0,"48":0,"49":0,"50":0,"51":0,"52":2,"53":2,"54":2,"55":2,"56":0,"57":0,"58":0,"59":0},"f":{"0":2,"1":0,"2":3,"3":0,"4":2},"b":{"0":[0,0],"1":[0,3],"2":[3,3,3],"3":[0,3],"4":[1,2],"5":[3,3],"6":[1,0],"7":[1,0],"8":[2,1],"9":[3,2],"10":[2,0],"11":[0,0],"12":[0,0],"13":[0,0],"14":[0,0],"15":[0,0],"16":[0,0],"17":[0,0],"18":[0,0],"19":[0,0],"20":[0,0],"21":[0,0],"22":[0,0],"23":[2,0],"24":[0,0]},"_coverageSchema":"1a1c01bbd47fc00a2c39e90264f33305004495a9","hash":"d3edb62a7718bf20960fce67704545ff34d9ac41"}
,"C:\\Users\\bianc\\Desktop\\Vivaigarassu\\controllers\\figurinhasController.js": {"path":"C:\\Users\\bianc\\Desktop\\Vivaigarassu\\controllers\\figurinhasController.js","statementMap":{"0":{"start":{"line":4,"column":20},"end":{"line":4,"column":60}},"1":{"start":{"line":5,"column":2},"end":{"line":5,"column":41}},"2":{"start":{"line":9,"column":21},"end":{"line":9,"column":54}},"3":{"start":{"line":10,"column":2},"end":{"line":10,"column":30}},"4":{"start":{"line":14,"column":2},"end":{"line":19,"column":3}},"5":{"start":{"line":15,"column":22},"end":{"line":15,"column":69}},"6":{"start":{"line":16,"column":4},"end":{"line":16,"column":31}},"7":{"start":{"line":18,"column":4},"end":{"line":18,"column":58}},"8":{"start":{"line":23,"column":20},"end":{"line":26,"column":3}},"9":{"start":{"line":27,"column":2},"end":{"line":27,"column":29}},"10":{"start":{"line":31,"column":2},"end":{"line":31,"column":48}},"11":{"start":{"line":32,"column":2},"end":{"line":32,"column":32}}},"fnMap":{"0":{"name":"createFigurinha","decl":{"start":{"line":3,"column":15},"end":{"line":3,"column":30}},"loc":{"start":{"line":3,"column":41},"end":{"line":6,"column":1}},"line":3},"1":{"name":"findAllFigurinha","decl":{"start":{"line":8,"column":15},"end":{"line":8,"column":31}},"loc":{"start":{"line":8,"column":42},"end":{"line":11,"column":1}},"line":8},"2":{"name":"findById","decl":{"start":{"line":13,"column":15},"end":{"line":13,"column":23}},"loc":{"start":{"line":13,"column":34},"end":{"line":20,"column":1}},"line":13},"3":{"name":"updateFigurinha","decl":{"start":{"line":22,"column":15},"end":{"line":22,"column":30}},"loc":{"start":{"line":22,"column":41},"end":{"line":28,"column":1}},"line":22},"4":{"name":"removeFigurinha","decl":{"start":{"line":30,"column":15},"end":{"line":30,"column":30}},"loc":{"start":{"line":30,"column":41},"end":{"line":33,"column":1}},"line":30}},"branchMap":{},"s":{"0":2,"1":2,"2":1,"3":1,"4":0,"5":0,"6":0,"7":0,"8":0,"9":0,"10":1,"11":1},"f":{"0":2,"1":1,"2":0,"3":0,"4":1},"b":{},"_coverageSchema":"1a1c01bbd47fc00a2c39e90264f33305004495a9","hash":"b22bbf9b8ab342d36c4d814a23efa54a33b025cd"}
,"C:\\Users\\bianc\\Desktop\\Vivaigarassu\\controllers\\minhasFigurinhasController.js": {"path":"C:\\Users\\bianc\\Desktop\\Vivaigarassu\\controllers\\minhasFigurinhasController.js","statementMap":{"0":{"start":{"line":4,"column":2},"end":{"line":15,"column":3}},"1":{"start":{"line":5,"column":22},"end":{"line":5,"column":32}},"2":{"start":{"line":7,"column":23},"end":{"line":7,"column":80}},"3":{"start":{"line":9,"column":4},"end":{"line":9,"column":44}},"4":{"start":{"line":11,"column":4},"end":{"line":14,"column":7}}},"fnMap":{"0":{"name":"listar","decl":{"start":{"line":3,"column":15},"end":{"line":3,"column":21}},"loc":{"start":{"line":3,"column":32},"end":{"line":16,"column":1}},"line":3}},"branchMap":{},"s":{"0":1,"1":1,"2":1,"3":1,"4":0},"f":{"0":1},"b":{},"_coverageSchema":"1a1c01bbd47fc00a2c39e90264f33305004495a9","hash":"2ca432cb2cd1a1d44dc85f0a2c0b73139eca1c20"}
,"C:\\Users\\bianc\\Desktop\\Vivaigarassu\\controllers\\pontosTuristicosController.js": {"path":"C:\\Users\\bianc\\Desktop\\Vivaigarassu\\controllers\\pontosTuristicosController.js","statementMap":{"0":{"start":{"line":7,"column":2},"end":{"line":14,"column":3}},"1":{"start":{"line":8,"column":19},"end":{"line":8,"column":54}},"2":{"start":{"line":9,"column":4},"end":{"line":9,"column":40}},"3":{"start":{"line":12,"column":19},"end":{"line":12,"column":38}},"4":{"start":{"line":13,"column":4},"end":{"line":13,"column":84}},"5":{"start":{"line":18,"column":2},"end":{"line":112,"column":3}},"6":{"start":{"line":19,"column":21},"end":{"line":19,"column":24}},"7":{"start":{"line":20,"column":4},"end":{"line":20,"column":81}},"8":{"start":{"line":21,"column":4},"end":{"line":21,"column":54}},"9":{"start":{"line":25,"column":21},"end":{"line":25,"column":35}},"10":{"start":{"line":26,"column":4},"end":{"line":26,"column":77}},"11":{"start":{"line":26,"column":48},"end":{"line":26,"column":77}},"12":{"start":{"line":28,"column":18},"end":{"line":28,"column":22}},"13":{"start":{"line":29,"column":4},"end":{"line":29,"column":75}},"14":{"start":{"line":29,"column":20},"end":{"line":29,"column":75}},"15":{"start":{"line":31,"column":4},"end":{"line":42,"column":5}},"16":{"start":{"line":32,"column":6},"end":{"line":32,"column":108}},"17":{"start":{"line":33,"column":6},"end":{"line":40,"column":7}},"18":{"start":{"line":34,"column":8},"end":{"line":39,"column":11}},"19":{"start":{"line":41,"column":6},"end":{"line":41,"column":38}},"20":{"start":{"line":45,"column":4},"end":{"line":47,"column":5}},"21":{"start":{"line":46,"column":6},"end":{"line":46,"column":88}},"22":{"start":{"line":50,"column":28},"end":{"line":50,"column":44}},"23":{"start":{"line":51,"column":24},"end":{"line":51,"column":125}},"24":{"start":{"line":52,"column":4},"end":{"line":66,"column":5}},"25":{"start":{"line":53,"column":6},"end":{"line":53,"column":71}},"26":{"start":{"line":54,"column":21},"end":{"line":54,"column":47}},"27":{"start":{"line":55,"column":6},"end":{"line":55,"column":69}},"28":{"start":{"line":56,"column":6},"end":{"line":58,"column":7}},"29":{"start":{"line":57,"column":8},"end":{"line":57,"column":111}},"30":{"start":{"line":59,"column":6},"end":{"line":65,"column":7}},"31":{"start":{"line":60,"column":31},"end":{"line":60,"column":71}},"32":{"start":{"line":61,"column":8},"end":{"line":61,"column":55}},"33":{"start":{"line":63,"column":8},"end":{"line":63,"column":84}},"34":{"start":{"line":64,"column":8},"end":{"line":64,"column":103}},"35":{"start":{"line":69,"column":29},"end":{"line":69,"column":46}},"36":{"start":{"line":70,"column":4},"end":{"line":79,"column":5}},"37":{"start":{"line":71,"column":22},"end":{"line":71,"column":90}},"38":{"start":{"line":72,"column":23},"end":{"line":76,"column":7}},"39":{"start":{"line":77,"column":30},"end":{"line":77,"column":82}},"40":{"start":{"line":78,"column":6},"end":{"line":78,"column":56}},"41":{"start":{"line":81,"column":27},"end":{"line":85,"column":5}},"42":{"start":{"line":88,"column":4},"end":{"line":88,"column":44}},"43":{"start":{"line":89,"column":4},"end":{"line":89,"column":43}},"44":{"start":{"line":90,"column":4},"end":{"line":90,"column":35}},"45":{"start":{"line":91,"column":4},"end":{"line":91,"column":34}},"46":{"start":{"line":92,"column":4},"end":{"line":92,"column":39}},"47":{"start":{"line":94,"column":4},"end":{"line":94,"column":37}},"48":{"start":{"line":96,"column":4},"end":{"line":96,"column":90}},"49":{"start":{"line":98,"column":4},"end":{"line":105,"column":5}},"50":{"start":{"line":99,"column":24},"end":{"line":99,"column":70}},"51":{"start":{"line":100,"column":6},"end":{"line":100,"column":45}},"52":{"start":{"line":102,"column":6},"end":{"line":102,"column":102}},"53":{"start":{"line":103,"column":21},"end":{"line":103,"column":38}},"54":{"start":{"line":104,"column":6},"end":{"line":104,"column":187}},"55":{"start":{"line":108,"column":4},"end":{"line":108,"column":59}},"56":{"start":{"line":110,"column":19},"end":{"line":110,"column":38}},"57":{"start":{"line":111,"column":4},"end":{"line":111,"column":81}},"58":{"start":{"line":117,"column":16},"end":{"line":117,"column":70}},"59":{"start":{"line":117,"column":45},"end":{"line":117,"column":53}},"60":{"start":{"line":119,"column":12},"end":{"line":119,"column":16}},"61":{"start":{"line":120,"column":15},"end":{"line":120,"column":19}},"62":{"start":{"line":121,"column":15},"end":{"line":121,"column":19}},"63":{"start":{"line":122,"column":15},"end":{"line":122,"column":19}},"64":{"start":{"line":123,"column":17},"end":{"line":123,"column":19}},"65":{"start":{"line":125,"column":2},"end":{"line":131,"column":3}},"66":{"start":{"line":126,"column":17},"end":{"line":126,"column":40}},"67":{"start":{"line":127,"column":4},"end":{"line":130,"column":5}},"68":{"start":{"line":128,"column":6},"end":{"line":128,"column":42}},"69":{"start":{"line":129,"column":6},"end":{"line":129,"column":18}},"70":{"start":{"line":133,"column":2},"end":{"line":139,"column":3}},"71":{"start":{"line":134,"column":17},"end":{"line":134,"column":40}},"72":{"start":{"line":135,"column":4},"end":{"line":138,"column":5}},"73":{"start":{"line":136,"column":6},"end":{"line":136,"column":34}},"74":{"start":{"line":137,"column":6},"end":{"line":137,"column":18}},"75":{"start":{"line":141,"column":2},"end":{"line":141,"column":45}},"76":{"start":{"line":141,"column":24},"end":{"line":141,"column":45}},"77":{"start":{"line":142,"column":2},"end":{"line":142,"column":45}},"78":{"start":{"line":142,"column":24},"end":{"line":142,"column":45}},"79":{"start":{"line":143,"column":2},"end":{"line":143,"column":19}},"80":{"start":{"line":145,"column":19},"end":{"line":145,"column":44}},"81":{"start":{"line":146,"column":15},"end":{"line":146,"column":19}},"82":{"start":{"line":147,"column":2},"end":{"line":153,"column":3}},"83":{"start":{"line":148,"column":14},"end":{"line":148,"column":63}},"84":{"start":{"line":149,"column":4},"end":{"line":152,"column":5}},"85":{"start":{"line":150,"column":6},"end":{"line":150,"column":31}},"86":{"start":{"line":151,"column":6},"end":{"line":151,"column":27}},"87":{"start":{"line":155,"column":2},"end":{"line":162,"column":4}},"88":{"start":{"line":166,"column":2},"end":{"line":179,"column":3}},"89":{"start":{"line":167,"column":15},"end":{"line":167,"column":28}},"90":{"start":{"line":168,"column":28},"end":{"line":168,"column":76}},"91":{"start":{"line":170,"column":4},"end":{"line":172,"column":5}},"92":{"start":{"line":171,"column":6},"end":{"line":171,"column":81}},"93":{"start":{"line":174,"column":4},"end":{"line":174,"column":49}},"94":{"start":{"line":177,"column":4},"end":{"line":177,"column":63}},"95":{"start":{"line":178,"column":4},"end":{"line":178,"column":82}},"96":{"start":{"line":183,"column":2},"end":{"line":195,"column":3}},"97":{"start":{"line":184,"column":15},"end":{"line":184,"column":28}},"98":{"start":{"line":185,"column":22},"end":{"line":185,"column":58}},"99":{"start":{"line":187,"column":4},"end":{"line":189,"column":5}},"100":{"start":{"line":188,"column":6},"end":{"line":188,"column":81}},"101":{"start":{"line":191,"column":4},"end":{"line":191,"column":34}},"102":{"start":{"line":193,"column":4},"end":{"line":193,"column":61}},"103":{"start":{"line":194,"column":4},"end":{"line":194,"column":80}}},"fnMap":{"0":{"name":"listarPublico","decl":{"start":{"line":6,"column":15},"end":{"line":6,"column":28}},"loc":{"start":{"line":6,"column":39},"end":{"line":15,"column":1}},"line":6},"1":{"name":"criarPonto","decl":{"start":{"line":17,"column":15},"end":{"line":17,"column":25}},"loc":{"start":{"line":17,"column":36},"end":{"line":113,"column":1}},"line":17},"2":{"name":"parseEndereco","decl":{"start":{"line":116,"column":9},"end":{"line":116,"column":22}},"loc":{"start":{"line":116,"column":33},"end":{"line":163,"column":1}},"line":116},"3":{"name":"(anonymous_3)","decl":{"start":{"line":117,"column":40},"end":{"line":117,"column":41}},"loc":{"start":{"line":117,"column":45},"end":{"line":117,"column":53}},"line":117},"4":{"name":"atualizarPonto","decl":{"start":{"line":165,"column":15},"end":{"line":165,"column":29}},"loc":{"start":{"line":165,"column":40},"end":{"line":180,"column":1}},"line":165},"5":{"name":"deletarPonto","decl":{"start":{"line":182,"column":15},"end":{"line":182,"column":27}},"loc":{"start":{"line":182,"column":38},"end":{"line":196,"column":1}},"line":182}},"branchMap":{"0":{"loc":{"start":{"line":12,"column":19},"end":{"line":12,"column":38}},"type":"binary-expr","locations":[{"start":{"line":12,"column":19},"end":{"line":12,"column":31}},{"start":{"line":12,"column":35},"end":{"line":12,"column":38}}],"line":12},"1":{"loc":{"start":{"line":26,"column":4},"end":{"line":26,"column":77}},"type":"if","locations":[{"start":{"line":26,"column":4},"end":{"line":26,"column":77}},{"start":{},"end":{}}],"line":26},"2":{"loc":{"start":{"line":26,"column":8},"end":{"line":26,"column":46}},"type":"binary-expr","locations":[{"start":{"line":26,"column":8},"end":{"line":26,"column":19}},{"start":{"line":26,"column":23},"end":{"line":26,"column":27}},{"start":{"line":26,"column":31},"end":{"line":26,"column":46}}],"line":26},"3":{"loc":{"start":{"line":29,"column":4},"end":{"line":29,"column":75}},"type":"if","locations":[{"start":{"line":29,"column":4},"end":{"line":29,"column":75}},{"start":{},"end":{}}],"line":29},"4":{"loc":{"start":{"line":31,"column":4},"end":{"line":42,"column":5}},"type":"if","locations":[{"start":{"line":31,"column":4},"end":{"line":42,"column":5}},{"start":{},"end":{}}],"line":31},"5":{"loc":{"start":{"line":31,"column":8},"end":{"line":31,"column":38}},"type":"binary-expr","locations":[{"start":{"line":31,"column":8},"end":{"line":31,"column":16}},{"start":{"line":31,"column":20},"end":{"line":31,"column":38}}],"line":31},"6":{"loc":{"start":{"line":32,"column":16},"end":{"line":32,"column":107}},"type":"cond-expr","locations":[{"start":{"line":32,"column":49},"end":{"line":32,"column":100}},{"start":{"line":32,"column":103},"end":{"line":32,"column":107}}],"line":32},"7":{"loc":{"start":{"line":33,"column":6},"end":{"line":40,"column":7}},"type":"if","locations":[{"start":{"line":33,"column":6},"end":{"line":40,"column":7}},{"start":{},"end":{}}],"line":33},"8":{"loc":{"start":{"line":45,"column":4},"end":{"line":47,"column":5}},"type":"if","locations":[{"start":{"line":45,"column":4},"end":{"line":47,"column":5}},{"start":{},"end":{}}],"line":45},"9":{"loc":{"start":{"line":51,"column":24},"end":{"line":51,"column":125}},"type":"binary-expr","locations":[{"start":{"line":51,"column":24},"end":{"line":51,"column":46}},{"start":{"line":51,"column":50},"end":{"line":51,"column":71}},{"start":{"line":51,"column":75},"end":{"line":51,"column":88}},{"start":{"line":51,"column":92},"end":{"line":51,"column":104}},{"start":{"line":51,"column":108},"end":{"line":51,"column":125}}],"line":51},"10":{"loc":{"start":{"line":52,"column":4},"end":{"line":66,"column":5}},"type":"if","locations":[{"start":{"line":52,"column":4},"end":{"line":66,"column":5}},{"start":{},"end":{}}],"line":52},"11":{"loc":{"start":{"line":52,"column":8},"end":{"line":52,"column":41}},"type":"binary-expr","locations":[{"start":{"line":52,"column":8},"end":{"line":52,"column":26}},{"start":{"line":52,"column":30},"end":{"line":52,"column":41}}],"line":52},"12":{"loc":{"start":{"line":56,"column":6},"end":{"line":58,"column":7}},"type":"if","locations":[{"start":{"line":56,"column":6},"end":{"line":58,"column":7}},{"start":{},"end":{}}],"line":56},"13":{"loc":{"start":{"line":56,"column":10},"end":{"line":56,"column":64}},"type":"binary-expr","locations":[{"start":{"line":56,"column":10},"end":{"line":56,"column":28}},{"start":{"line":56,"column":32},"end":{"line":56,"column":46}},{"start":{"line":56,"column":50},"end":{"line":56,"column":64}}],"line":56},"14":{"loc":{"start":{"line":70,"column":4},"end":{"line":79,"column":5}},"type":"if","locations":[{"start":{"line":70,"column":4},"end":{"line":79,"column":5}},{"start":{},"end":{}}],"line":70},"15":{"loc":{"start":{"line":71,"column":22},"end":{"line":71,"column":90}},"type":"cond-expr","locations":[{"start":{"line":71,"column":36},"end":{"line":71,"column":62}},{"start":{"line":71,"column":65},"end":{"line":71,"column":90}}],"line":71},"16":{"loc":{"start":{"line":74,"column":19},"end":{"line":74,"column":39}},"type":"binary-expr","locations":[{"start":{"line":74,"column":19},"end":{"line":74,"column":33}},{"start":{"line":74,"column":37},"end":{"line":74,"column":39}}],"line":74},"17":{"loc":{"start":{"line":102,"column":66},"end":{"line":102,"column":100}},"type":"cond-expr","locations":[{"start":{"line":102,"column":85},"end":{"line":102,"column":94}},{"start":{"line":102,"column":97},"end":{"line":102,"column":100}}],"line":102},"18":{"loc":{"start":{"line":102,"column":66},"end":{"line":102,"column":82}},"type":"binary-expr","locations":[{"start":{"line":102,"column":66},"end":{"line":102,"column":69}},{"start":{"line":102,"column":73},"end":{"line":102,"column":82}}],"line":102},"19":{"loc":{"start":{"line":103,"column":21},"end":{"line":103,"column":38}},"type":"binary-expr","locations":[{"start":{"line":103,"column":21},"end":{"line":103,"column":31}},{"start":{"line":103,"column":35},"end":{"line":103,"column":38}}],"line":103},"20":{"loc":{"start":{"line":104,"column":89},"end":{"line":104,"column":135}},"type":"cond-expr","locations":[{"start":{"line":104,"column":110},"end":{"line":104,"column":121}},{"start":{"line":104,"column":124},"end":{"line":104,"column":135}}],"line":104},"21":{"loc":{"start":{"line":104,"column":89},"end":{"line":104,"column":107}},"type":"binary-expr","locations":[{"start":{"line":104,"column":89},"end":{"line":104,"column":92}},{"start":{"line":104,"column":96},"end":{"line":104,"column":107}}],"line":104},"22":{"loc":{"start":{"line":104,"column":143},"end":{"line":104,"column":159}},"type":"binary-expr","locations":[{"start":{"line":104,"column":143},"end":{"line":104,"column":151}},{"start":{"line":104,"column":155},"end":{"line":104,"column":159}}],"line":104},"23":{"loc":{"start":{"line":104,"column":167},"end":{"line":104,"column":183}},"type":"binary-expr","locations":[{"start":{"line":104,"column":167},"end":{"line":104,"column":175}},{"start":{"line":104,"column":179},"end":{"line":104,"column":183}}],"line":104},"24":{"loc":{"start":{"line":110,"column":19},"end":{"line":110,"column":38}},"type":"binary-expr","locations":[{"start":{"line":110,"column":19},"end":{"line":110,"column":31}},{"start":{"line":110,"column":35},"end":{"line":110,"column":38}}],"line":110},"25":{"loc":{"start":{"line":125,"column":2},"end":{"line":131,"column":3}},"type":"if","locations":[{"start":{"line":125,"column":2},"end":{"line":131,"column":3}},{"start":{},"end":{}}],"line":125},"26":{"loc":{"start":{"line":127,"column":4},"end":{"line":130,"column":5}},"type":"if","locations":[{"start":{"line":127,"column":4},"end":{"line":130,"column":5}},{"start":{},"end":{}}],"line":127},"27":{"loc":{"start":{"line":133,"column":2},"end":{"line":139,"column":3}},"type":"if","locations":[{"start":{"line":133,"column":2},"end":{"line":139,"column":3}},{"start":{},"end":{}}],"line":133},"28":{"loc":{"start":{"line":135,"column":4},"end":{"line":138,"column":5}},"type":"if","locations":[{"start":{"line":135,"column":4},"end":{"line":138,"column":5}},{"start":{},"end":{}}],"line":135},"29":{"loc":{"start":{"line":141,"column":2},"end":{"line":141,"column":45}},"type":"if","locations":[{"start":{"line":141,"column":2},"end":{"line":141,"column":45}},{"start":{},"end":{}}],"line":141},"30":{"loc":{"start":{"line":142,"column":2},"end":{"line":142,"column":45}},"type":"if","locations":[{"start":{"line":142,"column":2},"end":{"line":142,"column":45}},{"start":{},"end":{}}],"line":142},"31":{"loc":{"start":{"line":145,"column":19},"end":{"line":145,"column":44}},"type":"binary-expr","locations":[{"start":{"line":145,"column":19},"end":{"line":145,"column":38}},{"start":{"line":145,"column":42},"end":{"line":145,"column":44}}],"line":145},"32":{"loc":{"start":{"line":147,"column":2},"end":{"line":153,"column":3}},"type":"if","locations":[{"start":{"line":147,"column":2},"end":{"line":153,"column":3}},{"start":{},"end":{}}],"line":147},"33":{"loc":{"start":{"line":149,"column":4},"end":{"line":152,"column":5}},"type":"if","locations":[{"start":{"line":149,"column":4},"end":{"line":152,"column":5}},{"start":{},"end":{}}],"line":149},"34":{"loc":{"start":{"line":156,"column":16},"end":{"line":156,"column":32}},"type":"binary-expr","locations":[{"start":{"line":156,"column":16},"end":{"line":156,"column":26}},{"start":{"line":156,"column":30},"end":{"line":156,"column":32}}],"line":156},"35":{"loc":{"start":{"line":157,"column":12},"end":{"line":157,"column":24}},"type":"binary-expr","locations":[{"start":{"line":157,"column":12},"end":{"line":157,"column":18}},{"start":{"line":157,"column":22},"end":{"line":157,"column":24}}],"line":157},"36":{"loc":{"start":{"line":158,"column":12},"end":{"line":158,"column":24}},"type":"binary-expr","locations":[{"start":{"line":158,"column":12},"end":{"line":158,"column":18}},{"start":{"line":158,"column":22},"end":{"line":158,"column":24}}],"line":158},"37":{"loc":{"start":{"line":159,"column":12},"end":{"line":159,"column":24}},"type":"binary-expr","locations":[{"start":{"line":159,"column":12},"end":{"line":159,"column":18}},{"start":{"line":159,"column":22},"end":{"line":159,"column":24}}],"line":159},"38":{"loc":{"start":{"line":160,"column":12},"end":{"line":160,"column":24}},"type":"binary-expr","locations":[{"start":{"line":160,"column":12},"end":{"line":160,"column":18}},{"start":{"line":160,"column":22},"end":{"line":160,"column":24}}],"line":160},"39":{"loc":{"start":{"line":161,"column":9},"end":{"line":161,"column":18}},"type":"binary-expr","locations":[{"start":{"line":161,"column":9},"end":{"line":161,"column":12}},{"start":{"line":161,"column":16},"end":{"line":161,"column":18}}],"line":161},"40":{"loc":{"start":{"line":170,"column":4},"end":{"line":172,"column":5}},"type":"if","locations":[{"start":{"line":170,"column":4},"end":{"line":172,"column":5}},{"start":{},"end":{}}],"line":170},"41":{"loc":{"start":{"line":187,"column":4},"end":{"line":189,"column":5}},"type":"if","locations":[{"start":{"line":187,"column":4},"end":{"line":189,"column":5}},{"start":{},"end":{}}],"line":187}},"s":{"0":2,"1":2,"2":2,"3":0,"4":0,"5":8,"6":8,"7":8,"8":8,"9":8,"10":8,"11":3,"12":8,"13":8,"14":3,"15":8,"16":2,"17":2,"18":2,"19":2,"20":8,"21":3,"22":5,"23":5,"24":5,"25":4,"26":4,"27":4,"28":4,"29":2,"30":2,"31":2,"32":1,"33":1,"34":1,"35":2,"36":2,"37":2,"38":2,"39":2,"40":2,"41":2,"42":2,"43":2,"44":2,"45":2,"46":2,"47":2,"48":2,"49":2,"50":2,"51":2,"52":0,"53":0,"54":0,"55":0,"56":0,"57":0,"58":4,"59":12,"60":4,"61":4,"62":4,"63":4,"64":4,"65":4,"66":4,"67":4,"68":2,"69":2,"70":4,"71":4,"72":4,"73":2,"74":2,"75":4,"76":4,"77":4,"78":2,"79":4,"80":4,"81":4,"82":4,"83":2,"84":2,"85":2,"86":2,"87":4,"88":2,"89":2,"90":2,"91":2,"92":1,"93":1,"94":0,"95":0,"96":2,"97":2,"98":2,"99":2,"100":1,"101":1,"102":0,"103":0},"f":{"0":2,"1":8,"2":4,"3":12,"4":2,"5":2},"b":{"0":[0,0],"1":[3,5],"2":[8,8,8],"3":[3,5],"4":[2,6],"5":[8,5],"6":[2,0],"7":[2,0],"8":[3,5],"9":[5,1,1,1,1],"10":[4,1],"11":[5,5],"12":[2,2],"13":[4,2,2],"14":[2,0],"15":[0,2],"16":[2,2],"17":[0,0],"18":[0,0],"19":[0,0],"20":[0,0],"21":[0,0],"22":[0,0],"23":[0,0],"24":[0,0],"25":[4,0],"26":[2,2],"27":[4,0],"28":[2,2],"29":[4,0],"30":[2,2],"31":[4,2],"32":[2,2],"33":[2,0],"34":[4,2],"35":[4,2],"36":[4,2],"37":[4,0],"38":[4,2],"39":[4,2],"40":[1,1],"41":[1,1]},"_coverageSchema":"1a1c01bbd47fc00a2c39e90264f33305004495a9","hash":"0938b5547d07cf08568faab437640016a71045b9"}
,"C:\\Users\\bianc\\Desktop\\Vivaigarassu\\controllers\\qrCodeController.js": {"path":"C:\\Users\\bianc\\Desktop\\Vivaigarassu\\controllers\\qrCodeController.js","statementMap":{"0":{"start":{"line":5,"column":2},"end":{"line":16,"column":3}},"1":{"start":{"line":6,"column":19},"end":{"line":6,"column":29}},"2":{"start":{"line":8,"column":22},"end":{"line":8,"column":57}},"3":{"start":{"line":10,"column":4},"end":{"line":10,"column":43}},"4":{"start":{"line":13,"column":4},"end":{"line":15,"column":7}},"5":{"start":{"line":20,"column":2},"end":{"line":27,"column":3}},"6":{"start":{"line":21,"column":22},"end":{"line":21,"column":71}},"7":{"start":{"line":22,"column":4},"end":{"line":22,"column":43}},"8":{"start":{"line":24,"column":4},"end":{"line":26,"column":7}}},"fnMap":{"0":{"name":"gerarParaPonto","decl":{"start":{"line":3,"column":15},"end":{"line":3,"column":29}},"loc":{"start":{"line":3,"column":40},"end":{"line":17,"column":1}},"line":3},"1":{"name":"gerarParaTodosPontos","decl":{"start":{"line":19,"column":15},"end":{"line":19,"column":35}},"loc":{"start":{"line":19,"column":46},"end":{"line":28,"column":1}},"line":19}},"branchMap":{"0":{"loc":{"start":{"line":14,"column":15},"end":{"line":14,"column":55}},"type":"binary-expr","locations":[{"start":{"line":14,"column":15},"end":{"line":14,"column":28}},{"start":{"line":14,"column":32},"end":{"line":14,"column":55}}],"line":14},"1":{"loc":{"start":{"line":25,"column":15},"end":{"line":25,"column":56}},"type":"binary-expr","locations":[{"start":{"line":25,"column":15},"end":{"line":25,"column":28}},{"start":{"line":25,"column":32},"end":{"line":25,"column":56}}],"line":25}},"s":{"0":1,"1":1,"2":1,"3":1,"4":0,"5":1,"6":1,"7":1,"8":0},"f":{"0":1,"1":1},"b":{"0":[0,0],"1":[0,0]},"_coverageSchema":"1a1c01bbd47fc00a2c39e90264f33305004495a9","hash":"82b538253e66bc9b6dd6d3cc364ac116ddb7e3c3"}
,"C:\\Users\\bianc\\Desktop\\Vivaigarassu\\controllers\\qrCodePdfController.js": {"path":"C:\\Users\\bianc\\Desktop\\Vivaigarassu\\controllers\\qrCodePdfController.js","statementMap":{"0":{"start":{"line":6,"column":2},"end":{"line":14,"column":3}},"1":{"start":{"line":7,"column":19},"end":{"line":7,"column":29}},"2":{"start":{"line":9,"column":19},"end":{"line":9,"column":54}},"3":{"start":{"line":11,"column":4},"end":{"line":11,"column":40}},"4":{"start":{"line":13,"column":4},"end":{"line":13,"column":60}},"5":{"start":{"line":18,"column":2},"end":{"line":34,"column":3}},"6":{"start":{"line":19,"column":19},"end":{"line":19,"column":29}},"7":{"start":{"line":20,"column":27},"end":{"line":20,"column":74}},"8":{"start":{"line":22,"column":4},"end":{"line":24,"column":5}},"9":{"start":{"line":23,"column":6},"end":{"line":23,"column":77}},"10":{"start":{"line":26,"column":4},"end":{"line":26,"column":53}},"11":{"start":{"line":27,"column":4},"end":{"line":27,"column":86}},"12":{"start":{"line":29,"column":23},"end":{"line":29,"column":58}},"13":{"start":{"line":30,"column":4},"end":{"line":30,"column":25}},"14":{"start":{"line":32,"column":4},"end":{"line":32,"column":48}},"15":{"start":{"line":33,"column":4},"end":{"line":33,"column":67}},"16":{"start":{"line":38,"column":2},"end":{"line":54,"column":3}},"17":{"start":{"line":39,"column":19},"end":{"line":39,"column":29}},"18":{"start":{"line":40,"column":27},"end":{"line":40,"column":74}},"19":{"start":{"line":42,"column":4},"end":{"line":44,"column":5}},"20":{"start":{"line":43,"column":6},"end":{"line":43,"column":81}},"21":{"start":{"line":46,"column":4},"end":{"line":46,"column":47}},"22":{"start":{"line":47,"column":4},"end":{"line":47,"column":90}},"23":{"start":{"line":49,"column":23},"end":{"line":49,"column":58}},"24":{"start":{"line":50,"column":4},"end":{"line":50,"column":25}},"25":{"start":{"line":52,"column":4},"end":{"line":52,"column":52}},"26":{"start":{"line":53,"column":4},"end":{"line":53,"column":71}}},"fnMap":{"0":{"name":"gerarArquivosQr","decl":{"start":{"line":5,"column":15},"end":{"line":5,"column":30}},"loc":{"start":{"line":5,"column":41},"end":{"line":15,"column":1}},"line":5},"1":{"name":"downloadPdf","decl":{"start":{"line":17,"column":15},"end":{"line":17,"column":26}},"loc":{"start":{"line":17,"column":37},"end":{"line":35,"column":1}},"line":17},"2":{"name":"downloadQrCode","decl":{"start":{"line":37,"column":15},"end":{"line":37,"column":29}},"loc":{"start":{"line":37,"column":40},"end":{"line":55,"column":1}},"line":37}},"branchMap":{"0":{"loc":{"start":{"line":22,"column":4},"end":{"line":24,"column":5}},"type":"if","locations":[{"start":{"line":22,"column":4},"end":{"line":24,"column":5}},{"start":{},"end":{}}],"line":22},"1":{"loc":{"start":{"line":42,"column":4},"end":{"line":44,"column":5}},"type":"if","locations":[{"start":{"line":42,"column":4},"end":{"line":44,"column":5}},{"start":{},"end":{}}],"line":42}},"s":{"0":1,"1":1,"2":1,"3":1,"4":0,"5":1,"6":1,"7":1,"8":1,"9":1,"10":0,"11":0,"12":0,"13":0,"14":0,"15":0,"16":0,"17":0,"18":0,"19":0,"20":0,"21":0,"22":0,"23":0,"24":0,"25":0,"26":0},"f":{"0":1,"1":1,"2":0},"b":{"0":[1,0],"1":[0,0]},"_coverageSchema":"1a1c01bbd47fc00a2c39e90264f33305004495a9","hash":"f6fab133e40fcd0df3aefe8a6e2fdebd5888b43c"}
[...]
28}},"loc":{"start":{"line":167,"column":47},"end":{"line":183,"column":1}},"line":167}},"branchMap":{"0":{"loc":{"start":{"line":13,"column":2},"end":{"line":15,"column":3}},"type":"if","locations":[{"start":{"line":13,"column":2},"end":{"line":15,"column":3}},{"start":{},"end":{}}],"line":13},"1":{"loc":{"start":{"line":19,"column":2},"end":{"line":21,"column":3}},"type":"if","locations":[{"start":{"line":19,"column":2},"end":{"line":21,"column":3}},{"start":{},"end":{}}],"line":19},"2":{"loc":{"start":{"line":40,"column":2},"end":{"line":42,"column":3}},"type":"if","locations":[{"start":{"line":40,"column":2},"end":{"line":42,"column":3}},{"start":{},"end":{}}],"line":40},"3":{"loc":{"start":{"line":40,"column":6},"end":{"line":40,"column":40}},"type":"binary-expr","locations":[{"start":{"line":40,"column":6},"end":{"line":40,"column":20}},{"start":{"line":40,"column":24},"end":{"line":40,"column":30}},{"start":{"line":40,"column":34},"end":{"line":40,"column":40}}],"line":40},"4":{"loc":{"start":{"line":45,"column":2},"end":{"line":50,"column":3}},"type":"if","locations":[{"start":{"line":45,"column":2},"end":{"line":50,"column":3}},{"start":{},"end":{}}],"line":45},"5":{"loc":{"start":{"line":56,"column":2},"end":{"line":58,"column":3}},"type":"if","locations":[{"start":{"line":56,"column":2},"end":{"line":58,"column":3}},{"start":{},"end":{}}],"line":56},"6":{"loc":{"start":{"line":81,"column":2},"end":{"line":81,"column":25}},"type":"if","locations":[{"start":{"line":81,"column":2},"end":{"line":81,"column":25}},{"start":{},"end":{}}],"line":81},"7":{"loc":{"start":{"line":94,"column":2},"end":{"line":96,"column":3}},"type":"if","locations":[{"start":{"line":94,"column":2},"end":{"line":96,"column":3}},{"start":{},"end":{}}],"line":94},"8":{"loc":{"start":{"line":108,"column":2},"end":{"line":110,"column":3}},"type":"if","locations":[{"start":{"line":108,"column":2},"end":{"line":110,"column":3}},{"start":{},"end":{}}],"line":108},"9":{"loc":{"start":{"line":150,"column":2},"end":{"line":150,"column":68}},"type":"if","locations":[{"start":{"line":150,"column":2},"end":{"line":150,"column":68}},{"start":{},"end":{}}],"line":150},"10":{"loc":{"start":{"line":153,"column":2},"end":{"line":155,"column":3}},"type":"if","locations":[{"start":{"line":153,"column":2},"end":{"line":155,"column":3}},{"start":{},"end":{}}],"line":153},"11":{"loc":{"start":{"line":168,"column":2},"end":{"line":168,"column":98}},"type":"if","locations":[{"start":{"line":168,"column":2},"end":{"line":168,"column":98}},{"start":{},"end":{}}],"line":168},"12":{"loc":{"start":{"line":168,"column":6},"end":{"line":168,"column":26}},"type":"binary-expr","locations":[{"start":{"line":168,"column":6},"end":{"line":168,"column":12}},{"start":{"line":168,"column":16},"end":{"line":168,"column":26}}],"line":168},"13":{"loc":{"start":{"line":171,"column":2},"end":{"line":171,"column":74}},"type":"if","locations":[{"start":{"line":171,"column":2},"end":{"line":171,"column":74}},{"start":{},"end":{}}],"line":171}},"s":{"0":3,"1":3,"2":1,"3":2,"4":2,"5":1,"6":1,"7":1,"8":1,"9":4,"10":4,"11":1,"12":3,"13":3,"14":1,"15":2,"16":2,"17":1,"18":1,"19":1,"20":1,"21":1,"22":2,"23":2,"24":1,"25":1,"26":1,"27":2,"28":2,"29":2,"30":2,"31":1,"32":2,"33":2,"34":1,"35":1,"36":1,"37":1,"38":0,"39":1,"40":1,"41":1,"42":1,"43":1,"44":1,"45":2,"46":0,"47":2,"48":2,"49":1,"50":1,"51":1,"52":1,"53":0,"54":1,"55":1,"56":0,"57":1,"58":1,"59":0,"60":1,"61":1,"62":1,"63":1},"f":{"0":3,"1":4,"2":2,"3":2,"4":1,"5":1,"6":2,"7":1},"b":{"0":[1,2],"1":[1,1],"2":[1,3],"3":[4,4,3],"4":[1,2],"5":[1,1],"6":[1,1],"7":[1,1],"8":[1,0],"9":[0,2],"10":[1,1],"11":[0,1],"12":[1,1],"13":[0,1]},"_coverageSchema":"1a1c01bbd47fc00a2c39e90264f33305004495a9","hash":"c517194fdffc2204cc69310ed27f9f82f70f9fdb"}
,"C:\\Users\\bianc\\Desktop\\Vivaigarassu\\services\\visitasPontoFigService.js": {"path":"C:\\Users\\bianc\\Desktop\\Vivaigarassu\\services\\visitasPontoFigService.js","statementMap":{"0":{"start":{"line":5,"column":2},"end":{"line":10,"column":3}},"1":{"start":{"line":6,"column":4},"end":{"line":9,"column":6}},"2":{"start":{"line":12,"column":13},"end":{"line":21,"column":4}},"3":{"start":{"line":23,"column":2},"end":{"line":25,"column":3}},"4":{"start":{"line":24,"column":4},"end":{"line":24,"column":55}},"5":{"start":{"line":27,"column":20},"end":{"line":27,"column":39}},"6":{"start":{"line":29,"column":2},"end":{"line":31,"column":3}},"7":{"start":{"line":30,"column":4},"end":{"line":30,"column":68}},"8":{"start":{"line":33,"column":19},"end":{"line":38,"column":4}},"9":{"start":{"line":40,"column":2},"end":{"line":45,"column":3}},"10":{"start":{"line":41,"column":4},"end":{"line":44,"column":6}},"11":{"start":{"line":47,"column":2},"end":{"line":52,"column":5}},"12":{"start":{"line":54,"column":2},"end":{"line":61,"column":5}},"13":{"start":{"line":63,"column":2},"end":{"line":70,"column":4}}},"fnMap":{"0":{"name":"visitarViaQr","decl":{"start":{"line":3,"column":15},"end":{"line":3,"column":27}},"loc":{"start":{"line":3,"column":56},"end":{"line":71,"column":1}},"line":3}},"branchMap":{"0":{"loc":{"start":{"line":5,"column":2},"end":{"line":10,"column":3}},"type":"if","locations":[{"start":{"line":5,"column":2},"end":{"line":10,"column":3}},{"start":{},"end":{}}],"line":5},"1":{"loc":{"start":{"line":23,"column":2},"end":{"line":25,"column":3}},"type":"if","locations":[{"start":{"line":23,"column":2},"end":{"line":25,"column":3}},{"start":{},"end":{}}],"line":23},"2":{"loc":{"start":{"line":29,"column":2},"end":{"line":31,"column":3}},"type":"if","locations":[{"start":{"line":29,"column":2},"end":{"line":31,"column":3}},{"start":{},"end":{}}],"line":29},"3":{"loc":{"start":{"line":40,"column":2},"end":{"line":45,"column":3}},"type":"if","locations":[{"start":{"line":40,"column":2},"end":{"line":45,"column":3}},{"start":{},"end":{}}],"line":40}},"s":{"0":2,"1":1,"2":1,"3":1,"4":1,"5":0,"6":0,"7":0,"8":0,"9":0,"10":0,"11":0,"12":0,"13":0},"f":{"0":2},"b":{"0":[1,1],"1":[1,0],"2":[0,0],"3":[0,0]},"_coverageSchema":"1a1c01bbd47fc00a2c39e90264f33305004495a9","hash":"7312ca2e8b841dd2ed1602aa93c4ff9badf7f426"}
,"C:\\Users\\bianc\\Desktop\\Vivaigarassu\\utils\\bcrypt.js": {"path":"C:\\Users\\bianc\\Desktop\\Vivaigarassu\\utils\\bcrypt.js","statementMap":{"0":{"start":{"line":3,"column":20},"end":{"line":3,"column":59}},"1":{"start":{"line":6,"column":2},"end":{"line":6,"column":85}},"2":{"start":{"line":6,"column":36},"end":{"line":6,"column":85}},"3":{"start":{"line":7,"column":2},"end":{"line":7,"column":50}},"4":{"start":{"line":11,"column":2},"end":{"line":11,"column":85}},"5":{"start":{"line":11,"column":36},"end":{"line":11,"column":85}},"6":{"start":{"line":12,"column":2},"end":{"line":12,"column":46}}},"fnMap":{"0":{"name":"hashPassword","decl":{"start":{"line":5,"column":22},"end":{"line":5,"column":34}},"loc":{"start":{"line":5,"column":45},"end":{"line":8,"column":1}},"line":5},"1":{"name":"comparePassword","decl":{"start":{"line":10,"column":22},"end":{"line":10,"column":37}},"loc":{"start":{"line":10,"column":54},"end":{"line":13,"column":1}},"line":10}},"branchMap":{"0":{"loc":{"start":{"line":3,"column":20},"end":{"line":3,"column":59}},"type":"binary-expr","locations":[{"start":{"line":3,"column":20},"end":{"line":3,"column":53}},{"start":{"line":3,"column":57},"end":{"line":3,"column":59}}],"line":3},"1":{"loc":{"start":{"line":6,"column":2},"end":{"line":6,"column":85}},"type":"if","locations":[{"start":{"line":6,"column":2},"end":{"line":6,"column":85}},{"start":{},"end":{}}],"line":6},"2":{"loc":{"start":{"line":11,"column":2},"end":{"line":11,"column":85}},"type":"if","locations":[{"start":{"line":11,"column":2},"end":{"line":11,"column":85}},{"start":{},"end":{}}],"line":11}},"s":{"0":1,"1":2,"2":1,"3":1,"4":1,"5":0,"6":1},"f":{"0":2,"1":1},"b":{"0":[1,1],"1":[1,1],"2":[0,1]},"_coverageSchema":"1a1c01bbd47fc00a2c39e90264f33305004495a9","hash":"3f9acb84b63ae5277c35936bfdda2bd4cce5c8e0"}
,"C:\\Users\\bianc\\Desktop\\Vivaigarassu\\utils\\email.js": {"path":"C:\\Users\\bianc\\Desktop\\Vivaigarassu\\utils\\email.js","statementMap":{"0":{"start":{"line":3,"column":13},"end":{"line":3,"column":34}},"1":{"start":{"line":4,"column":13},"end":{"line":4,"column":34}},"2":{"start":{"line":5,"column":13},"end":{"line":5,"column":34}},"3":{"start":{"line":6,"column":13},"end":{"line":6,"column":34}},"4":{"start":{"line":7,"column":13},"end":{"line":7,"column":59}},"5":{"start":{"line":10,"column":0},"end":{"line":19,"column":1}},"6":{"start":{"line":11,"column":2},"end":{"line":16,"column":5}},"7":{"start":{"line":18,"column":2},"end":{"line":18,"column":21}},"8":{"start":{"line":22,"column":19},"end":{"line":22,"column":70}},"9":{"start":{"line":23,"column":19},"end":{"line":23,"column":62}},"10":{"start":{"line":25,"column":18},"end":{"line":25,"column":40}},"11":{"start":{"line":26,"column":15},"end":{"line":26,"column":62}},"12":{"start":{"line":27,"column":15},"end":{"line":27,"column":116}},"13":{"start":{"line":29,"column":2},"end":{"line":32,"column":3}},"14":{"start":{"line":30,"column":4},"end":{"line":30,"column":70}},"15":{"start":{"line":31,"column":4},"end":{"line":31,"column":57}},"16":{"start":{"line":34,"column":15},"end":{"line":40,"column":4}},"17":{"start":{"line":42,"column":2},"end":{"line":42,"column":14}}},"fnMap":{"0":{"name":"sendResetPasswordEmail","decl":{"start":{"line":21,"column":22},"end":{"line":21,"column":44}},"loc":{"start":{"line":21,"column":56},"end":{"line":43,"column":1}},"line":21}},"branchMap":{"0":{"loc":{"start":{"line":7,"column":13},"end":{"line":7,"column":59}},"type":"binary-expr","locations":[{"start":{"line":7,"column":13},"end":{"line":7,"column":35}},{"start":{"line":7,"column":39},"end":{"line":7,"column":59}}],"line":7},"1":{"loc":{"start":{"line":10,"column":0},"end":{"line":19,"column":1}},"type":"if","locations":[{"start":{"line":10,"column":0},"end":{"line":19,"column":1}},{"start":{"line":17,"column":7},"end":{"line":19,"column":1}}],"line":10},"2":{"loc":{"start":{"line":10,"column":4},"end":{"line":10,"column":32}},"type":"binary-expr","locations":[{"start":{"line":10,"column":4},"end":{"line":10,"column":8}},{"start":{"line":10,"column":12},"end":{"line":10,"column":16}},{"start":{"line":10,"column":20},"end":{"line":10,"column":24}},{"start":{"line":10,"column":28},"end":{"line":10,"column":32}}],"line":10},"3":{"loc":{"start":{"line":22,"column":19},"end":{"line":22,"column":70}},"type":"binary-expr","locations":[{"start":{"line":22,"column":19},"end":{"line":22,"column":43}},{"start":{"line":22,"column":47},"end":{"line":22,"column":70}}],"line":22},"4":{"loc":{"start":{"line":29,"column":2},"end":{"line":32,"column":3}},"type":"if","locations":[{"start":{"line":29,"column":2},"end":{"line":32,"column":3}},{"start":{},"end":{}}],"line":29}},"s":{"0":6,"1":6,"2":6,"3":6,"4":6,"5":6,"6":1,"7":5,"8":2,"9":2,"10":2,"11":2,"12":2,"13":2,"14":1,"15":1,"16":1,"17":1},"f":{"0":2},"b":{"0":[6,6],"1":[1,5],"2":[6,1,1,1],"3":[2,2],"4":[1,1]},"_coverageSchema":"1a1c01bbd47fc00a2c39e90264f33305004495a9","hash":"aab50ebd685fa8c6c1ab864b827793eac0c1677a"}
,"C:\\Users\\bianc\\Desktop\\Vivaigarassu\\utils\\jwt.js": {"path":"C:\\Users\\bianc\\Desktop\\Vivaigarassu\\utils\\jwt.js","statementMap":{"0":{"start":{"line":3,"column":15},"end":{"line":3,"column":58}},"1":{"start":{"line":4,"column":20},"end":{"line":4,"column":47}},"2":{"start":{"line":7,"column":18},"end":{"line":7,"column":85}},"3":{"start":{"line":8,"column":2},"end":{"line":8,"column":44}},"4":{"start":{"line":12,"column":2},"end":{"line":12,"column":51}},"5":{"start":{"line":12,"column":14},"end":{"line":12,"column":51}},"6":{"start":{"line":13,"column":2},"end":{"line":13,"column":35}},"7":{"start":{"line":17,"column":2},"end":{"line":17,"column":27}}},"fnMap":{"0":{"name":"sign","decl":{"start":{"line":6,"column":16},"end":{"line":6,"column":20}},"loc":{"start":{"line":6,"column":41},"end":{"line":9,"column":1}},"line":6},"1":{"name":"verify","decl":{"start":{"line":11,"column":16},"end":{"line":11,"column":22}},"loc":{"start":{"line":11,"column":30},"end":{"line":14,"column":1}},"line":11},"2":{"name":"decode","decl":{"start":{"line":16,"column":16},"end":{"line":16,"column":22}},"loc":{"start":{"line":16,"column":30},"end":{"line":18,"column":1}},"line":16}},"branchMap":{"0":{"loc":{"start":{"line":3,"column":15},"end":{"line":3,"column":58}},"type":"binary-expr","locations":[{"start":{"line":3,"column":15},"end":{"line":3,"column":37}},{"start":{"line":3,"column":41},"end":{"line":3,"column":58}}],"line":3},"1":{"loc":{"start":{"line":4,"column":20},"end":{"line":4,"column":47}},"type":"binary-expr","locations":[{"start":{"line":4,"column":20},"end":{"line":4,"column":39}},{"start":{"line":4,"column":43},"end":{"line":4,"column":47}}],"line":4},"2":{"loc":{"start":{"line":6,"column":30},"end":{"line":6,"column":39}},"type":"default-arg","locations":[{"start":{"line":6,"column":37},"end":{"line":6,"column":39}}],"line":6},"3":{"loc":{"start":{"line":7,"column":31},"end":{"line":7,"column":60}},"type":"binary-expr","locations":[{"start":{"line":7,"column":31},"end":{"line":7,"column":45}},{"start":{"line":7,"column":49},"end":{"line":7,"column":60}}],"line":7},"4":{"loc":{"start":{"line":7,"column":66},"end":{"line":7,"column":82}},"type":"binary-expr","locations":[{"start":{"line":7,"column":66},"end":{"line":7,"column":76}},{"start":{"line":7,"column":80},"end":{"line":7,"column":82}}],"line":7},"5":{"loc":{"start":{"line":12,"column":2},"end":{"line":12,"column":51}},"type":"if","locations":[{"start":{"line":12,"column":2},"end":{"line":12,"column":51}},{"start":{},"end":{}}],"line":12}},"s":{"0":1,"1":1,"2":1,"3":1,"4":1,"5":1,"6":0,"7":0},"f":{"0":1,"1":1,"2":0},"b":{"0":[1,1],"1":[1,1],"2":[1],"3":[1,1],"4":[1,1],"5":[1,0]},"_coverageSchema":"1a1c01bbd47fc00a2c39e90264f33305004495a9","hash":"5741ee95ce641b4dc8f5d416f170a51d4e22a19d"}
,"C:\\Users\\bianc\\Desktop\\Vivaigarassu\\utils\\resetTokens.js": {"path":"C:\\Users\\bianc\\Desktop\\Vivaigarassu\\utils\\resetTokens.js","statementMap":{"0":{"start":{"line":5,"column":17},"end":{"line":5,"column":61}},"1":{"start":{"line":8,"column":2},"end":{"line":13,"column":3}},"2":{"start":{"line":9,"column":20},"end":{"line":9,"column":55}},"3":{"start":{"line":10,"column":4},"end":{"line":10,"column":39}},"4":{"start":{"line":12,"column":4},"end":{"line":12,"column":14}},"5":{"start":{"line":17,"column":2},"end":{"line":17,"column":62}},"6":{"start":{"line":18,"column":2},"end":{"line":18,"column":71}},"7":{"start":{"line":22,"column":16},"end":{"line":22,"column":54}},"8":{"start":{"line":23,"column":20},"end":{"line":23,"column":44}},"9":{"start":{"line":25,"column":16},"end":{"line":25,"column":33}},"10":{"start":{"line":26,"column":2},"end":{"line":26,"column":43}},"11":{"start":{"line":27,"column":2},"end":{"line":27,"column":26}},"12":{"start":{"line":28,"column":2},"end":{"line":28,"column":15}},"13":{"start":{"line":32,"column":16},"end":{"line":32,"column":33}},"14":{"start":{"line":33,"column":15},"end":{"line":33,"column":51}},"15":{"start":{"line":33,"column":33},"end":{"line":33,"column":50}},"16":{"start":{"line":34,"column":2},"end":{"line":34,"column":25}},"17":{"start":{"line":34,"column":13},"end":{"line":34,"column":25}},"18":{"start":{"line":35,"column":2},"end":{"line":35,"column":47}},"19":{"start":{"line":35,"column":35},"end":{"line":35,"column":47}},"20":{"start":{"line":36,"column":2},"end":{"line":36,"column":60}},"21":{"start":{"line":40,"column":16},"end":{"line":40,"column":33}},"22":{"start":{"line":41,"column":19},"end":{"line":41,"column":57}},"23":{"start":{"line":41,"column":39},"end":{"line":41,"column":56}},"24":{"start":{"line":42,"column":2},"end":{"line":42,"column":29}}},"fnMap":{"0":{"name":"readStore","decl":{"start":{"line":7,"column":15},"end":{"line":7,"column":24}},"loc":{"start":{"line":7,"column":27},"end":{"line":14,"column":1}},"line":7},"1":{"name":"writeStore","decl":{"start":{"line":16,"column":15},"end":{"line":16,"column":25}},"loc":{"start":{"line":16,"column":33},"end":{"line":19,"column":1}},"line":16},"2":{"name":"createToken","decl":{"start":{"line":21,"column":22},"end":{"line":21,"column":33}},"loc":{"start":{"line":21,"column":72},"end":{"line":29,"column":1}},"line":21},"3":{"name":"findToken","decl":{"start":{"line":31,"column":22},"end":{"line":31,"column":31}},"loc":{"start":{"line":31,"column":39},"end":{"line":37,"column":1}},"line":31},"4":{"name":"(anonymous_4)","decl":{"start":{"line":33,"column":26},"end":{"line":33,"column":27}},"loc":{"start":{"line":33,"column":33},"end":{"line":33,"column":50}},"line":33},"5":{"name":"removeToken","decl":{"start":{"line":39,"column":22},"end":{"line":39,"column":33}},"loc":{"start":{"line":39,"column":41},"end":{"line":43,"column":1}},"line":39},"6":{"name":"(anonymous_6)","decl":{"start":{"line":41,"column":32},"end":{"line":41,"column":33}},"loc":{"start":{"line":41,"column":39},"end":{"line":41,"column":56}},"line":41}},"branchMap":{"0":{"loc":{"start":{"line":10,"column":22},"end":{"line":10,"column":37}},"type":"binary-expr","locations":[{"start":{"line":10,"column":22},"end":{"line":10,"column":29}},{"start":{"line":10,"column":33},"end":{"line":10,"column":37}}],"line":10},"1":{"loc":{"start":{"line":21,"column":42},"end":{"line":21,"column":70}},"type":"default-arg","locations":[{"start":{"line":21,"column":56},"end":{"line":21,"column":70}}],"line":21},"2":{"loc":{"start":{"line":34,"column":2},"end":{"line":34,"column":25}},"type":"if","locations":[{"start":{"line":34,"column":2},"end":{"line":34,"column":25}},{"start":{},"end":{}}],"line":34},"3":{"loc":{"start":{"line":35,"column":2},"end":{"line":35,"column":47}},"type":"if","locations":[{"start":{"line":35,"column":2},"end":{"line":35,"column":47}},{"start":{},"end":{}}],"line":35}},"s":{"0":5,"1":2,"2":2,"3":1,"4":1,"5":1,"6":1,"7":1,"8":1,"9":1,"10":1,"11":1,"12":1,"13":1,"14":1,"15":0,"16":1,"17":1,"18":0,"19":0,"20":0,"21":0,"22":0,"23":0,"24":0},"f":{"0":2,"1":1,"2":1,"3":1,"4":0,"5":0,"6":0},"b":{"0":[1,0],"1":[0],"2":[1,0],"3":[0,0]},"_coverageSchema":"1a1c01bbd47fc00a2c39e90264f33305004495a9","hash":"2cc12279dec6de4f7470d49cb53febfdab168c70"}
,"C:\\Users\\bianc\\Desktop\\Vivaigarassu\\utils\\response.js": {"path":"C:\\Users\\bianc\\Desktop\\Vivaigarassu\\utils\\response.js","statementMap":{"0":{"start":{"line":2,"column":2},"end":{"line":2,"column":58}},"1":{"start":{"line":6,"column":2},"end":{"line":6,"column":68}}},"fnMap":{"0":{"name":"success","decl":{"start":{"line":1,"column":16},"end":{"line":1,"column":23}},"loc":{"start":{"line":1,"column":56},"end":{"line":3,"column":1}},"line":1},"1":{"name":"error","decl":{"start":{"line":5,"column":16},"end":{"line":5,"column":21}},"loc":{"start":{"line":5,"column":92},"end":{"line":7,"column":1}},"line":5}},"branchMap":{"0":{"loc":{"start":{"line":1,"column":29},"end":{"line":1,"column":40}},"type":"default-arg","locations":[{"start":{"line":1,"column":36},"end":{"line":1,"column":40}}],"line":1},"1":{"loc":{"start":{"line":1,"column":42},"end":{"line":1,"column":54}},"type":"default-arg","locations":[{"start":{"line":1,"column":51},"end":{"line":1,"column":54}}],"line":1},"2":{"loc":{"start":{"line":5,"column":27},"end":{"line":5,"column":63}},"type":"default-arg","locations":[{"start":{"line":5,"column":37},"end":{"line":5,"column":63}}],"line":5},"3":{"loc":{"start":{"line":5,"column":65},"end":{"line":5,"column":77}},"type":"default-arg","locations":[{"start":{"line":5,"column":74},"end":{"line":5,"column":77}}],"line":5},"4":{"loc":{"start":{"line":5,"column":79},"end":{"line":5,"column":90}},"type":"default-arg","locations":[{"start":{"line":5,"column":86},"end":{"line":5,"column":90}}],"line":5}},"s":{"0":1,"1":1},"f":{"0":1,"1":1},"b":{"0":[0],"1":[0],"2":[0],"3":[0],"4":[0]},"_coverageSchema":"1a1c01bbd47fc00a2c39e90264f33305004495a9","hash":"4c438a5ae14d6d88fe891e394f92543d7da1c40c"}
}
