TN:
SF:controllers\dashboardsController.js
FN:6,dashboardUsuario
FN:22,dashboardAdmin
FN:38,getVisitasPorPonto
FN:54,getVisitasPorPeriodo
FN:71,dashboardEmpresa
FN:94,getResgatesEmpresa
FN:118,getRecompensasEmpresa
FNF:7
FNH:4
FNDA:2,dashboardUsuario
FNDA:1,dashboardAdmin
FNDA:0,getVisitasPorPonto
FNDA:1,getVisitasPorPeriodo
FNDA:1,dashboardEmpresa
FNDA:0,getResgatesEmpresa
FNDA:0,getRecompensasEmpresa
DA:7,2
DA:8,2
DA:9,1
DA:12,1
DA:13,1
DA:16,0
DA:23,1
DA:24,1
DA:25,0
DA:28,1
DA:29,1
DA:32,0
DA:39,0
DA:40,0
DA:41,0
DA:44,0
DA:45,0
DA:48,0
DA:55,1
DA:56,1
DA:57,0
DA:60,1
DA:61,1
DA:62,1
DA:65,0
DA:72,1
DA:73,1
DA:74,0
DA:77,1
DA:78,1
DA:80,1
DA:81,1
DA:84,0
DA:85,0
DA:88,0
DA:95,0
DA:96,0
DA:97,0
DA:100,0
DA:101,0
DA:102,0
DA:104,0
DA:105,0
DA:108,0
DA:109,0
DA:112,0
DA:119,0
DA:120,0
DA:121,0
DA:124,0
DA:125,0
DA:127,0
DA:128,0
DA:131,0
DA:132,0
DA:135,0
LF:56
LH:20
BRDA:8,0,0,1
BRDA:8,0,1,1
BRDA:16,1,0,0
BRDA:16,1,1,0
BRDA:17,2,0,0
BRDA:17,2,1,0
BRDA:24,3,0,0
BRDA:24,3,1,1
BRDA:32,4,0,0
BRDA:32,4,1,0
BRDA:33,5,0,0
BRDA:33,5,1,0
BRDA:40,6,0,0
BRDA:40,6,1,0
BRDA:49,7,0,0
BRDA:49,7,1,0
BRDA:56,8,0,0
BRDA:56,8,1,1
BRDA:61,9,0,1
BRDA:61,9,1,0
BRDA:66,10,0,0
BRDA:66,10,1,0
BRDA:73,11,0,0
BRDA:73,11,1,1
BRDA:80,12,0,1
BRDA:80,12,1,0
BRDA:80,13,0,1
BRDA:80,13,1,1
BRDA:88,14,0,0
BRDA:88,14,1,0
BRDA:89,15,0,0
BRDA:89,15,1,0
BRDA:96,16,0,0
BRDA:96,16,1,0
BRDA:104,17,0,0
BRDA:104,17,1,0
BRDA:104,18,0,0
BRDA:104,18,1,0
BRDA:108,19,0,0
BRDA:108,19,1,0
BRDA:113,20,0,0
BRDA:113,20,1,0
BRDA:120,21,0,0
BRDA:120,21,1,0
BRDA:127,22,0,0
BRDA:127,22,1,0
BRDA:127,23,0,0
BRDA:127,23,1,0
BRDA:136,24,0,0
BRDA:136,24,1,0
BRF:50
BRH:9
end_of_record
TN:
SF:controllers\empresaController.js
FN:3,getAll
FN:12,getById
FN:25,create
FN:38,update
FN:51,deleteEmpresa
FN:64,getEventosCount
FN:77,getMeEventosCount
FN:90,getMeEventos
FN:103,getEventosCountByMonth
FN:120,getMeEventosCountByMonth
FNF:10
FNH:7
FNDA:2,getAll
FNDA:3,getById
FNDA:3,create
FNDA:1,update
FNDA:1,deleteEmpresa
FNDA:0,getEventosCount
FNDA:0,getMeEventosCount
FNDA:0,getMeEventos
FNDA:3,getEventosCountByMonth
FNDA:1,getMeEventosCountByMonth
DA:4,2
DA:5,2
DA:6,2
DA:8,0
DA:13,3
DA:14,3
DA:15,3
DA:16,1
DA:18,2
DA:19,2
DA:21,0
DA:26,3
DA:27,3
DA:31,3
DA:32,2
DA:34,1
DA:39,1
DA:40,1
DA:41,1
DA:42,0
DA:44,1
DA:45,1
DA:47,0
DA:52,1
DA:53,1
DA:54,1
DA:55,0
DA:57,1
DA:58,0
DA:60,1
DA:65,0
DA:66,0
DA:67,0
DA:68,0
DA:70,0
DA:71,0
DA:73,0
DA:78,0
DA:79,0
DA:80,0
DA:81,0
DA:83,0
DA:84,0
DA:86,0
DA:91,0
DA:92,0
DA:93,0
DA:94,0
DA:96,0
DA:97,0
DA:99,0
DA:104,3
DA:105,3
DA:106,3
DA:107,3
DA:108,3
DA:110,0
DA:111,0
DA:113,0
DA:114,0
DA:116,0
DA:121,1
DA:122,1
DA:123,1
DA:124,1
DA:125,1
DA:127,0
DA:128,0
DA:130,0
DA:131,0
DA:133,0
LF:71
LH:34
BRDA:18,0,0,2
BRDA:18,0,1,0
BRDA:44,1,0,1
BRDA:44,1,1,0
BRDA:57,2,0,0
BRDA:57,2,1,1
BRDA:70,3,0,0
BRDA:70,3,1,0
BRDA:83,4,0,0
BRDA:83,4,1,0
BRDA:96,5,0,0
BRDA:96,5,1,0
BRDA:107,6,0,3
BRDA:107,6,1,0
BRDA:107,7,0,3
BRDA:107,7,1,3
BRDA:113,8,0,0
BRDA:113,8,1,0
BRDA:124,9,0,1
BRDA:124,9,1,0
BRDA:124,10,0,1
BRDA:124,10,1,1
BRDA:130,11,0,0
BRDA:130,11,1,0
BRF:24
BRH:9
end_of_record
TN:
SF:controllers\enderecosController.js
FN:3,getById
FN:16,create
FN:50,(anonymous_2)
FN:66,parseEndereco
FN:67,(anonymous_4)
FNF:5
FNH:5
FNDA:2,getById
FNDA:1,create
FNDA:6,(anonymous_2)
FNDA:1,parseEndereco
FNDA:5,(anonymous_4)
DA:4,2
DA:5,2
DA:6,2
DA:7,2
DA:8,1
DA:10,1
DA:12,0
DA:17,1
DA:18,1
DA:20,1
DA:21,1
DA:22,1
DA:23,1
DA:26,1
DA:27,1
DA:29,1
DA:30,1
DA:31,1
DA:32,1
DA:33,1
DA:34,1
DA:35,1
DA:37,1
DA:38,0
DA:39,0
DA:41,1
DA:42,0
DA:43,0
DA:46,1
DA:47,0
DA:50,6
DA:52,1
DA:53,1
DA:54,1
DA:55,1
DA:57,0
DA:58,0
DA:61,0
DA:62,0
DA:67,5
DA:69,1
DA:70,1
DA:71,1
DA:72,1
DA:73,1
DA:75,1
DA:76,1
DA:77,1
DA:78,1
DA:79,1
DA:83,1
DA:84,1
DA:85,1
DA:86,1
DA:87,1
DA:91,1
DA:92,1
DA:93,1
DA:95,1
DA:96,1
DA:97,1
DA:98,1
DA:99,1
DA:100,1
DA:101,1
DA:105,1
LF:66
LH:56
BRDA:7,0,0,1
BRDA:7,0,1,1
BRDA:18,1,0,1
BRDA:18,1,1,0
BRDA:20,2,0,1
BRDA:20,2,1,0
BRDA:20,2,2,0
BRDA:20,2,3,0
BRDA:20,2,4,0
BRDA:21,3,0,1
BRDA:21,3,1,0
BRDA:21,4,0,1
BRDA:21,4,1,1
BRDA:21,4,2,0
BRDA:21,4,3,0
BRDA:30,5,0,1
BRDA:30,5,1,0
BRDA:31,6,0,1
BRDA:31,6,1,0
BRDA:32,7,0,1
BRDA:32,7,1,0
BRDA:33,8,0,1
BRDA:33,8,1,0
BRDA:34,9,0,1
BRDA:34,9,1,0
BRDA:35,10,0,1
BRDA:35,10,1,0
BRDA:37,11,0,0
BRDA:37,11,1,1
BRDA:37,12,0,1
BRDA:37,12,1,0
BRDA:37,12,2,0
BRDA:39,13,0,0
BRDA:39,13,1,0
BRDA:41,14,0,0
BRDA:41,14,1,1
BRDA:41,15,0,1
BRDA:41,15,1,0
BRDA:41,15,2,0
BRDA:43,16,0,0
BRDA:43,16,1,0
BRDA:46,17,0,0
BRDA:46,17,1,1
BRDA:46,18,0,1
BRDA:46,18,1,1
BRDA:46,18,2,1
BRDA:50,19,0,6
BRDA:50,19,1,0
BRDA:57,20,0,0
BRDA:57,20,1,0
BRDA:57,21,0,0
BRDA:57,21,1,0
BRDA:58,22,0,0
BRDA:58,22,1,0
BRDA:58,23,0,0
BRDA:58,23,1,0
BRDA:75,24,0,1
BRDA:75,24,1,0
BRDA:77,25,0,1
BRDA:77,25,1,0
BRDA:83,26,0,1
BRDA:83,26,1,0
BRDA:85,27,0,1
BRDA:85,27,1,0
BRDA:91,28,0,1
BRDA:91,28,1,0
BRDA:92,29,0,1
BRDA:92,29,1,0
BRDA:95,30,0,1
BRDA:95,30,1,0
BRDA:97,31,0,1
BRDA:97,31,1,0
BRDA:99,32,0,1
BRDA:99,32,1,0
BRDA:106,33,0,1
BRDA:106,33,1,0
BRDA:107,34,0,1
BRDA:107,34,1,0
BRDA:108,35,0,1
BRDA:108,35,1,0
BRDA:109,36,0,1
BRDA:109,36,1,0
BRDA:110,37,0,1
BRDA:110,37,1,0
BRDA:111,38,0,1
BRDA:111,38,1,0
BRF:86
BRH:37
end_of_record
TN:
SF:controllers\eventosController.js
FN:4,getAll
FN:13,getById
FN:25,create
FN:74,update
FN:115,deleteEvento
FNF:5
FNH:3
FNDA:2,getAll
FNDA:0,getById
FNDA:3,create
FNDA:0,update
FNDA:2,deleteEvento
DA:5,2
DA:6,2
DA:7,2
DA:9,0
DA:14,0
DA:15,0
DA:16,0
DA:17,0
DA:19,0
DA:26,3
DA:27,3
DA:28,3
DA:30,3
DA:31,3
DA:32,0
DA:35,3
DA:36,3
DA:37,0
DA:40,3
DA:41,1
DA:42,1
DA:43,1
DA:49,1
DA:51,1
DA:54,3
DA:55,2
DA:56,2
DA:59,3
DA:65,3
DA:66,3
DA:68,0
DA:75,0
DA:76,0
DA:78,0
DA:79,0
DA:80,0
DA:81,0
DA:82,0
DA:83,0
DA:84,0
DA:90,0
DA:92,0
DA:95,0
DA:96,0
DA:97,0
DA:100,0
DA:106,0
DA:107,0
DA:109,0
DA:116,2
DA:117,2
DA:118,2
DA:119,2
DA:121,0
DA:126,0
DA:127,0
DA:131,0
LF:57
LH:26
BRDA:20,0,0,0
BRDA:20,0,1,0
BRDA:31,1,0,0
BRDA:31,1,1,3
BRDA:31,2,0,3
BRDA:31,2,1,3
BRDA:31,2,2,3
BRDA:36,3,0,0
BRDA:36,3,1,3
BRDA:40,4,0,1
BRDA:40,4,1,2
BRDA:40,5,0,3
BRDA:40,5,1,3
BRDA:41,6,0,1
BRDA:41,6,1,0
BRDA:42,7,0,1
BRDA:42,7,1,0
BRDA:54,8,0,2
BRDA:54,8,1,1
BRDA:54,9,0,3
BRDA:54,9,1,2
BRDA:56,10,0,2
BRDA:56,10,1,0
BRDA:69,11,0,0
BRDA:69,11,1,0
BRDA:78,12,0,0
BRDA:78,12,1,0
BRDA:78,13,0,0
BRDA:78,13,1,0
BRDA:80,14,0,0
BRDA:80,14,1,0
BRDA:81,15,0,0
BRDA:81,15,1,0
BRDA:81,16,0,0
BRDA:81,16,1,0
BRDA:82,17,0,0
BRDA:82,17,1,0
BRDA:83,18,0,0
BRDA:83,18,1,0
BRDA:95,19,0,0
BRDA:95,19,1,0
BRDA:95,20,0,0
BRDA:95,20,1,0
BRDA:97,21,0,0
BRDA:97,21,1,0
BRDA:110,22,0,0
BRDA:110,22,1,0
BRDA:118,23,0,2
BRDA:118,23,1,0
BRDA:132,24,0,0
BRDA:132,24,1,0
BRF:51
BRH:17
end_of_record
TN:
SF:controllers\figurinhasController.js
FN:3,createFigurinha
FN:8,findAllFigurinha
FN:13,findById
FN:22,updateFigurinha
FN:30,removeFigurinha
FNF:5
FNH:3
FNDA:2,createFigurinha
FNDA:1,findAllFigurinha
FNDA:0,findById
FNDA:0,updateFigurinha
FNDA:1,removeFigurinha
DA:4,2
DA:5,2
DA:9,1
DA:10,1
DA:14,0
DA:15,0
DA:16,0
DA:18,0
DA:23,0
DA:27,0
DA:31,1
DA:32,1
LF:12
LH:6
BRF:0
BRH:0
end_of_record
TN:
SF:controllers\minhasFigurinhasController.js
FN:3,listar
FNF:1
FNH:1
FNDA:1,listar
DA:4,1
DA:5,1
DA:7,1
DA:9,1
DA:11,0
LF:5
LH:4
BRF:0
BRH:0
end_of_record
TN:
SF:controllers\pontosTuristicosController.js
FN:6,listarPublico
FN:17,criarPonto
FN:116,parseEndereco
FN:117,(anonymous_3)
FN:165,atualizarPonto
FN:182,deletarPonto
FNF:6
FNH:6
FNDA:2,listarPublico
FNDA:8,criarPonto
FNDA:4,parseEndereco
FNDA:12,(anonymous_3)
FNDA:2,atualizarPonto
FNDA:2,deletarPonto
DA:7,2
DA:8,2
DA:9,2
DA:12,0
DA:13,0
DA:18,8
DA:19,8
DA:20,8
DA:21,8
DA:25,8
DA:26,8
DA:28,8
DA:29,8
DA:31,8
DA:32,2
DA:33,2
DA:34,2
DA:41,2
DA:45,8
DA:46,3
DA:50,5
DA:51,5
DA:52,5
DA:53,4
DA:54,4
DA:55,4
DA:56,4
DA:57,2
DA:59,2
DA:60,2
DA:61,1
DA:63,1
DA:64,1
DA:69,2
DA:70,2
DA:71,2
DA:72,2
DA:77,2
DA:78,2
DA:81,2
DA:88,2
DA:89,2
DA:90,2
DA:91,2
DA:92,2
DA:94,2
DA:96,2
DA:98,2
DA:99,2
DA:100,2
DA:102,0
DA:103,0
DA:104,0
DA:108,0
DA:110,0
DA:111,0
DA:117,12
DA:119,4
DA:120,4
DA:121,4
DA:122,4
DA:123,4
DA:125,4
DA:126,4
DA:127,4
DA:128,2
DA:129,2
DA:133,4
DA:134,4
DA:135,4
DA:136,2
DA:137,2
DA:141,4
DA:142,4
DA:143,4
DA:145,4
DA:146,4
DA:147,4
DA:148,2
DA:149,2
DA:150,2
DA:151,2
DA:155,4
DA:166,2
DA:167,2
DA:168,2
DA:170,2
DA:171,1
DA:174,1
DA:177,0
DA:178,0
DA:183,2
DA:184,2
DA:185,2
DA:187,2
DA:188,1
DA:191,1
DA:193,0
DA:194,0
LF:99
LH:87
BRDA:12,0,0,0
BRDA:12,0,1,0
BRDA:26,1,0,3
BRDA:26,1,1,5
BRDA:26,2,0,8
BRDA:26,2,1,8
BRDA:26,2,2,8
BRDA:29,3,0,3
BRDA:29,3,1,5
BRDA:31,4,0,2
BRDA:31,4,1,6
BRDA:31,5,0,8
BRDA:31,5,1,5
BRDA:32,6,0,2
BRDA:32,6,1,0
BRDA:33,7,0,2
BRDA:33,7,1,0
BRDA:45,8,0,3
BRDA:45,8,1,5
BRDA:51,9,0,5
BRDA:51,9,1,1
BRDA:51,9,2,1
BRDA:51,9,3,1
BRDA:51,9,4,1
BRDA:52,10,0,4
BRDA:52,10,1,1
BRDA:52,11,0,5
BRDA:52,11,1,5
BRDA:56,12,0,2
BRDA:56,12,1,2
BRDA:56,13,0,4
BRDA:56,13,1,2
BRDA:56,13,2,2
BRDA:70,14,0,2
BRDA:70,14,1,0
BRDA:71,15,0,0
BRDA:71,15,1,2
BRDA:74,16,0,2
BRDA:74,16,1,2
BRDA:102,17,0,0
BRDA:102,17,1,0
BRDA:102,18,0,0
BRDA:102,18,1,0
BRDA:103,19,0,0
BRDA:103,19,1,0
BRDA:104,20,0,0
BRDA:104,20,1,0
BRDA:104,21,0,0
BRDA:104,21,1,0
BRDA:104,22,0,0
BRDA:104,22,1,0
BRDA:104,23,0,0
BRDA:104,23,1,0
BRDA:110,24,0,0
BRDA:110,24,1,0
BRDA:125,25,0,4
BRDA:125,25,1,0
BRDA:127,26,0,2
BRDA:127,26,1,2
BRDA:133,27,0,4
BRDA:133,27,1,0
BRDA:135,28,0,2
BRDA:135,28,1,2
BRDA:141,29,0,4
BRDA:141,29,1,0
BRDA:142,30,0,2
BRDA:142,30,1,2
BRDA:145,31,0,4
BRDA:145,31,1,2
BRDA:147,32,0,2
BRDA:147,32,1,2
BRDA:149,33,0,2
BRDA:149,33,1,0
BRDA:156,34,0,4
BRDA:156,34,1,2
BRDA:157,35,0,4
BRDA:157,35,1,2
BRDA:158,36,0,4
BRDA:158,36,1,2
BRDA:159,37,0,4
BRDA:159,37,1,0
BRDA:160,38,0,4
BRDA:160,38,1,2
BRDA:161,39,0,4
BRDA:161,39,1,2
BRDA:170,40,0,1
BRDA:170,40,1,1
BRDA:187,41,0,1
BRDA:187,41,1,1
BRF:89
BRH:62
end_of_record
TN:
SF:controllers\qrCodeController.js
FN:3,gerarParaPonto
FN:19,gerarParaTodosPontos
FNF:2
FNH:2
FNDA:1,gerarParaPonto
FNDA:1,gerarParaTodosPontos
DA:5,1
DA:6,1
DA:8,1
DA:10,1
DA:13,0
DA:20,1
DA:21,1
DA:22,1
DA:24,0
LF:9
LH:7
BRDA:14,0,0,0
BRDA:14,0,1,0
BRDA:25,1,0,0
BRDA:25,1,1,0
BRF:4
BRH:0
end_of_record
TN:
SF:controllers\qrCodePdfController.js
FN:5,gerarArquivosQr
FN:17,downloadPdf
FN:37,downloadQrCode
FNF:3
FNH:2
FNDA:1,gerarArquivosQr
FNDA:1,downloadPdf
FNDA:0,downloadQrCode
DA:6,1
DA:7,1
DA:9,1
DA:11,1
DA:13,0
DA:18,1
DA:19,1
DA:20,1
DA:22,1
DA:23,1
DA:26,0
DA:27,0
DA:29,0
DA:30,0
DA:32,0
DA:33,0
DA:38,0
DA:39,0
DA:40,0
DA:42,0
DA:43,0
DA:46,0
DA:47,0
DA:49,0
DA:50,0
DA:52,0
DA:53,0
LF:27
LH:9
BRDA:22,0,0,1
BRDA:22,0,1,0
BRDA:42,1,0,0
BRDA:42,1,1,0
BRF:4
BRH:1
end_of_record
TN:
SF:controllers\recompensasController.js
FN:5,getAll
FN:16,getById
FN:26,create
FN:79,update
FN:89,deleteRecompensa
FN:101,uploadImagem
FNF:6
FNH:3
FNDA:2,getAll
FNDA:1,getById
FNDA:1,create
FNDA:0,update
FNDA:0,deleteRecompensa
FNDA:0,uploadImagem
DA:6,2
DA:7,2
DA:9,2
DA:10,2
DA:12,0
DA:17,1
DA:18,1
DA:19,1
DA:20,1
DA:22,0
DA:27,1
DA:29,1
DA:30,1
DA:32,1
DA:33,1
DA:35,1
DA:36,0
DA:39,1
DA:40,1
DA:41,0
DA:44,1
DA:45,0
DA:46,0
DA:47,0
DA:53,0
DA:57,1
DA:58,1
DA:61,0
DA:66,0
DA:67,0
DA:70,0
DA:71,0
DA:73,0
DA:74,0
DA:75,0
DA:80,0
DA:81,0
DA:82,0
DA:83,0
DA:85,0
DA:90,0
DA:91,0
DA:92,0
DA:93,0
DA:97,0
DA:102,0
DA:103,0
DA:105,0
DA:106,0
DA:109,0
DA:110,0
DA:112,0
DA:117,0
LF:53
LH:19
BRDA:35,0,0,0
BRDA:35,0,1,1
BRDA:35,1,0,1
BRDA:35,1,1,1
BRDA:35,1,2,0
BRDA:35,1,3,0
BRDA:40,2,0,0
BRDA:40,2,1,1
BRDA:44,3,0,0
BRDA:44,3,1,1
BRDA:44,4,0,1
BRDA:44,4,1,1
BRDA:45,5,0,0
BRDA:45,5,1,0
BRDA:46,6,0,0
BRDA:46,6,1,0
BRDA:57,7,0,1
BRDA:57,7,1,0
BRDA:66,8,0,0
BRDA:66,8,1,0
BRDA:74,9,0,0
BRDA:74,9,1,0
BRDA:105,10,0,0
BRDA:105,10,1,0
BRF:24
BRH:8
end_of_record
TN:
SF:controllers\resgatesController.js
FN:3,resgatar
FN:22,meusResgates
FNF:2
FNH:2
FNDA:1,resgatar
FNDA:1,meusResgates
DA:4,1
DA:5,1
DA:7,1
DA:13,1
DA:16,0
DA:23,1
DA:24,1
DA:26,1
DA:27,1
DA:33,0
DA:36,0
LF:11
LH:8
BRDA:16,0,0,0
BRDA:16,0,1,0
BRDA:17,1,0,0
BRDA:17,1,1,0
BRDA:26,2,0,1
BRDA:26,2,1,0
BRF:6
BRH:1
end_of_record
TN:
SF:controllers\userController.js
FN:3,login
FN:16,cadastrar
FN:27,getMe
FN:44,updateMe
FN:59,logout
FN:70,getAllUsers
FN:80,forgotPassword
FN:91,resetPassword
FNF:8
FNH:3
FNDA:2,login
FNDA:2,cadastrar
FNDA:2,getMe
FNDA:0,updateMe
FNDA:0,logout
FNDA:0,getAllUsers
FNDA:0,forgotPassword
FNDA:0,resetPassword
DA:4,2
DA:5,2
DA:7,2
DA:9,1
DA:12,1
DA:17,2
DA:18,2
DA:19,1
DA:22,1
DA:23,1
DA:28,2
DA:29,2
DA:31,2
DA:33,2
DA:34,1
DA:37,1
DA:40,0
DA:45,0
DA:46,0
DA:47,0
DA:49,0
DA:51,0
DA:54,0
DA:55,0
DA:60,0
DA:61,0
DA:62,0
DA:63,0
DA:65,0
DA:66,0
DA:71,0
DA:72,0
DA:73,0
DA:75,0
DA:76,0
DA:81,0
DA:82,0
DA:83,0
DA:84,0
DA:86,0
DA:87,0
DA:92,0
DA:93,0
DA:94,0
DA:95,0
DA:97,0
DA:98,0
LF:47
LH:16
BRDA:22,0,0,1
BRDA:22,0,1,0
BRDA:33,1,0,1
BRDA:33,1,1,1
BRDA:54,2,0,0
BRDA:54,2,1,0
BRDA:86,3,0,0
BRDA:86,3,1,0
BRDA:97,4,0,0
BRDA:97,4,1,0
BRF:10
BRH:3
end_of_record
TN:
SF:controllers\userFigurinhaController.js
FN:3,visitar
FNF:1
FNH:1
FNDA:2,visitar
DA:4,2
DA:5,2
DA:6,2
DA:8,2
DA:13,1
DA:15,1
LF:6
LH:6
BRF:0
BRH:0
end_of_record
TN:
SF:controllers\visitasPontoFigController.js
FN:3,visitarViaQr
FNF:1
FNH:1
FNDA:2,visitarViaQr
DA:4,2
DA:5,2
DA:7,2
DA:8,1
DA:11,1
DA:17,1
DA:20,0
LF:7
LH:6
BRDA:7,0,0,1
BRDA:7,0,1,1
BRDA:20,1,0,0
BRDA:20,1,1,0
BRDA:21,2,0,0
BRDA:21,2,1,0
BRF:6
BRH:2
end_of_record
TN:
SF:repositories\empresaRepository.js
FN:4,findAll
FN:12,findById
FN:21,findByUserId
FN:27,findByName
FN:34,create
FN:40,update
FN:47,deleteEmpresa
FN:53,countEventosByEmpresaId
FN:59,countEventosByEmpresaByMonth
FN:78,(anonymous_9)
FNF:10
FNH:4
FNDA:1,findAll
FNDA:1,findById
FNDA:0,findByUserId
FNDA:0,findByName
FNDA:0,create
FNDA:0,update
FNDA:0,deleteEmpresa
FNDA:0,countEventosByEmpresaId
FNDA:1,countEventosByEmpresaByMonth
FNDA:3,(anonymous_9)
DA:5,1
DA:13,1
DA:22,0
DA:28,0
DA:29,0
DA:35,0
DA:41,0
DA:48,0
DA:54,0
DA:60,1
DA:61,1
DA:62,1
DA:64,1
DA:77,1
DA:78,1
DA:79,3
DA:80,3
DA:81,3
DA:83,0
DA:84,0
DA:88,1
LF:21
LH:12
BRDA:28,0,0,0
BRDA:28,0,1,0
BRDA:60,1,0,1
BRDA:60,1,1,0
BRDA:79,2,0,3
BRDA:79,2,1,0
BRDA:84,3,0,0
BRDA:84,3,1,0
BRF:8
BRH:2
end_of_record
TN:
SF:repositories\enderecosRepository.js
FN:3,create
FN:9,findById
FNF:2
FNH:2
FNDA:1,create
FNDA:1,findById
DA:4,1
DA:10,1
LF:2
LH:2
BRF:0
BRH:0
end_of_record
TN:
SF:repositories\eventosRepository.js
FN:3,findAll
FN:12,findByEmpresaId
FN:29,findById
FN:45,create
FN:51,update
FN:64,deleteEvento
FNF:6
FNH:6
FNDA:1,findAll
FNDA:1,findByEmpresaId
FNDA:1,findById
FNDA:1,create
FNDA:1,update
FNDA:1,deleteEvento
DA:4,1
DA:13,1
DA:14,1
DA:15,1
DA:16,1
DA:19,0
DA:30,1
DA:31,1
DA:32,1
DA:33,1
DA:36,0
DA:46,1
DA:52,1
DA:53,0
DA:54,0
DA:55,0
DA:58,1
DA:65,1
DA:66,0
DA:67,0
DA:68,0
DA:71,1
LF:22
LH:14
BRDA:13,0,0,1
BRDA:13,0,1,0
BRDA:30,1,0,1
BRDA:30,1,1,0
BRDA:52,2,0,0
BRDA:52,2,1,1
BRDA:65,3,0,0
BRDA:65,3,1,1
BRF:8
BRH:4
end_of_record
TN:
SF:repositories\figurinhasRepository.js
FN:3,createFigurinha
FN:9,findAllFigurinha
FN:17,findById
FN:25,updateFigurinha
FN:34,removeFigurinha
FNF:5
FNH:3
FNDA:1,createFigurinha
FNDA:1,findAllFigurinha
FNDA:1,findById
FNDA:0,updateFigurinha
FNDA:0,removeFigurinha
DA:4,1
DA:10,1
DA:18,1
DA:26,0
DA:35,0
LF:5
LH:3
BRF:0
BRH:0
end_of_record
TN:
SF:repositories\minhasFigurinhasRepository.js
FN:3,listarPorUsuario
FNF:1
FNH:1
FNDA:1,listarPorUsuario
DA:4,1
LF:1
LH:1
BRF:0
BRH:0
end_of_record
TN:
SF:repositories\pontosTuristicosRepository.js
FN:3,listarTodos
FN:21,criarPonto
FN:27,atualizarPonto
FN:34,deletarPonto
FNF:4
FNH:2
FNDA:1,listarTodos
FNDA:0,criarPonto
FNDA:0,atualizarPonto
FNDA:1,deletarPonto
DA:4,1
DA:22,0
DA:28,0
DA:35,1
DA:36,1
DA:40,1
DA:41,1
DA:43,0
LF:8
LH:5
BRDA:40,0,0,1
BRDA:40,0,1,0
BRF:2
BRH:1
end_of_record
TN:
SF:repositories\qrCodeRepository.js
FN:3,criar
FN:12,findByToken
FN:21,findByPontoId
FNF:3
FNH:3
FNDA:1,criar
FNDA:1,findByToken
FNDA:1,findByPontoId
DA:4,1
DA:13,1
DA:22,1
LF:3
LH:3
BRF:0
BRH:0
end_of_record
TN:
SF:repositories\qrCodepdfRepository.js
FN:3,findByPontoId
FN:10,updateArquivos
FNF:2
FNH:1
FNDA:1,findByPontoId
FNDA:0,updateArquivos
DA:4,1
DA:11,0
LF:2
LH:1
BRF:0
BRH:0
end_of_record
TN:
SF:repositories\recompensasRepository.js
FN:3,findAllByEmpresa
FN:12,findById
FN:27,create
FN:33,update
FN:46,deleteRecompensa
FN:58,updateImagem
FNF:6
FNH:2
FNDA:2,findAllByEmpresa
FNDA:2,findById
FNDA:0,create
FNDA:0,update
FNDA:0,deleteRecompensa
FNDA:0,updateImagem
DA:4,2
DA:13,2
DA:14,2
DA:15,2
DA:16,2
DA:19,0
DA:28,0
DA:34,0
DA:35,0
DA:36,0
DA:37,0
DA:40,0
DA:47,0
DA:48,0
DA:49,0
DA:50,0
DA:53,0
DA:59,0
LF:18
LH:5
BRDA:13,0,0,2
BRDA:13,0,1,0
BRDA:34,1,0,0
BRDA:34,1,1,0
BRDA:47,2,0,0
BRDA:47,2,1,0
BRF:6
BRH:1
end_of_record
TN:
SF:repositories\resgatesRepository.js
FN:3,create
FN:9,findByUsuario
FNF:2
FNH:1
FNDA:1,create
FNDA:0,findByUsuario
DA:4,1
DA:10,0
LF:2
LH:1
BRF:0
BRH:0
end_of_record
TN:
SF:repositories\userFigurinhaRepository.js
FN:3,create
FN:16,findByUsuarioEFigurinha
FN:25,findAllByUsuario
FNF:3
FNH:2
FNDA:1,create
FNDA:1,findByUsuarioEFigurinha
FNDA:0,findAllByUsuario
DA:4,1
DA:17,1
DA:26,0
LF:3
LH:2
BRF:0
BRH:0
end_of_record
TN:
SF:repositories\userRepository.js
FN:4,findById
FN:20,updateMe
FNF:2
FNH:2
FNDA:1,findById
FNDA:1,updateMe
DA:5,1
DA:21,1
LF:2
LH:2
BRF:0
BRH:0
end_of_record
TN:
SF:services\dashboardAdmService.js
FN:3,dashboardAdmin
FN:39,getVisitasPorPonto
FN:54,(anonymous_2)
FN:61,(anonymous_3)
FN:64,getVisitasPorPeriodo
FN:94,(anonymous_5)
FN:104,(anonymous_6)
FN:108,(anonymous_7)
FNF:8
FNH:3
FNDA:1,dashboardAdmin
FNDA:0,getVisitasPorPonto
FNDA:0,(anonymous_2)
FNDA:0,(anonymous_3)
FNDA:1,getVisitasPorPeriodo
FNDA:0,(anonymous_5)
FNDA:1,(anonymous_6)
FNDA:0,(anonymous_7)
DA:14,1
DA:26,1
DA:40,0
DA:54,0
DA:61,0
DA:65,1
DA:66,1
DA:67,1
DA:69,1
DA:70,1
DA:72,1
DA:87,1
DA:88,1
DA:89,1
DA:90,1
DA:91,1
DA:92,1
DA:94,1
DA:95,0
DA:96,0
DA:97,0
DA:98,0
DA:103,1
DA:104,1
DA:108,0
LF:25
LH:17
BRDA:34,0,0,1
BRDA:34,0,1,0
BRDA:57,1,0,0
BRDA:57,1,1,0
BRDA:58,2,0,0
BRDA:58,2,1,0
BRDA:64,3,0,0
BRDA:95,4,0,0
BRDA:95,4,1,0
BRDA:97,5,0,0
BRDA:97,5,1,0
BRF:11
BRH:1
end_of_record
TN:
SF:services\dashboardEmpresaService.js
FN:3,getDashboardEmpresa
FN:41,getResgatesRecentes
FN:52,(anonymous_2)
FN:66,getRecompensasPorEmpresa
FN:76,(anonymous_4)
FNF:5
FNH:1
FNDA:2,getDashboardEmpresa
FNDA:0,getResgatesRecentes
FNDA:0,(anonymous_2)
FNDA:0,getRecompensasPorEmpresa
FNDA:0,(anonymous_4)
DA:4,2
DA:8,2
DA:9,1
DA:10,1
DA:11,1
DA:19,1
DA:29,1
DA:42,0
DA:52,0
DA:67,0
DA:76,0
LF:11
LH:7
BRDA:8,0,0,1
BRDA:8,0,1,1
BRDA:37,1,0,1
BRDA:37,1,1,1
BRDA:37,1,2,1
BRDA:37,1,3,0
BRDA:41,2,0,0
BRDA:54,3,0,0
BRDA:54,3,1,0
BRDA:56,4,0,0
BRDA:56,4,1,0
BRDA:58,5,0,0
BRDA:58,5,1,0
BRDA:61,6,0,0
BRDA:61,6,1,0
BRDA:79,7,0,0
BRDA:79,7,1,0
BRDA:80,8,0,0
BRDA:80,8,1,0
BRDA:81,9,0,0
BRDA:81,9,1,0
BRDA:82,10,0,0
BRDA:82,10,1,0
BRF:23
BRH:5
end_of_record
TN:
SF:services\dashboardUsuarioService.js
FN:3,getDashboardUsuario
FN:34,(anonymous_1)
FNF:2
FNH:1
FNDA:2,getDashboardUsuario
FNDA:0,(anonymous_1)
DA:4,2
DA:12,2
DA:13,1
DA:16,1
DA:20,1
DA:34,1
DA:46,1
LF:7
LH:7
BRDA:12,0,0,1
BRDA:12,0,1,1
BRDA:41,1,0,0
BRDA:41,1,1,0
BRDA:49,2,0,1
BRDA:49,2,1,0
BRF:6
BRH:3
end_of_record
TN:
SF:services\empresaService.js
FN:4,getAll
FN:8,getById
FN:20,create
FN:43,update
FN:61,deleteEmpresa
FN:66,countEventos
FN:72,countEventosByUser
FN:84,countEventosByMonth
FN:90,countMeEventosByMonth
FN:102,getMeEventos
FNF:10
FNH:5
FNDA:0,getAll
FNDA:4,getById
FNDA:2,create
FNDA:0,update
FNDA:0,deleteEmpresa
FNDA:2,countEventos
FNDA:2,countEventosByUser
FNDA:0,countEventosByMonth
FNDA:0,countMeEventosByMonth
FNDA:2,getMeEventos
DA:5,0
DA:9,4
DA:11,4
DA:12,2
DA:13,2
DA:14,2
DA:17,2
DA:26,2
DA:28,2
DA:29,2
DA:30,2
DA:31,2
DA:34,0
DA:44,0
DA:51,0
DA:53,0
DA:62,0
DA:63,0
DA:67,2
DA:68,2
DA:69,2
DA:73,2
DA:74,2
DA:75,2
DA:76,2
DA:77,2
DA:80,0
DA:81,0
DA:85,0
DA:86,0
DA:87,0
DA:91,0
DA:92,0
DA:93,0
DA:94,0
DA:95,0
DA:98,0
DA:99,0
DA:103,2
DA:104,2
DA:105,0
DA:106,0
DA:107,0
DA:110,2
DA:111,2
LF:45
LH:23
BRDA:11,0,0,2
BRDA:11,0,1,2
BRDA:28,1,0,2
BRDA:28,1,1,0
BRDA:28,2,0,2
BRDA:28,2,1,1
BRDA:28,2,2,0
BRDA:28,2,3,0
BRDA:57,3,0,0
BRDA:57,3,1,0
BRDA:74,4,0,2
BRDA:74,4,1,0
BRDA:84,5,0,0
BRDA:90,6,0,0
BRDA:92,7,0,0
BRDA:92,7,1,0
BRDA:104,8,0,0
BRDA:104,8,1,2
BRF:18
BRH:7
end_of_record
TN:
SF:services\eventosService.js
FN:4,getAll
FN:8,getById
FN:20,create
FN:72,parseEndereco
FN:73,(anonymous_4)
FN:128,update
FN:164,deleteEvento
FNF:7
FNH:5
FNDA:0,getAll
FNDA:3,getById
FNDA:2,create
FNDA:1,parseEndereco
FNDA:5,(anonymous_4)
FNDA:0,update
FNDA:2,deleteEvento
DA:5,0
DA:9,3
DA:11,3
DA:12,1
DA:13,1
DA:14,1
DA:17,2
DA:29,2
DA:31,2
DA:32,1
DA:33,1
DA:34,1
DA:36,1
DA:38,1
DA:39,1
DA:41,1
DA:42,0
DA:43,0
DA:44,0
DA:47,1
DA:48,1
DA:51,1
DA:52,0
DA:53,0
DA:54,0
DA:56,1
DA:58,1
DA:62,1
DA:73,5
DA:75,1
DA:76,1
DA:77,1
DA:78,1
DA:79,1
DA:81,1
DA:82,1
DA:83,1
DA:84,1
DA:85,1
DA:89,1
DA:90,1
DA:91,1
DA:92,1
DA:93,1
DA:97,1
DA:98,1
DA:101,1
DA:102,1
DA:105,1
DA:107,1
DA:108,1
DA:110,1
DA:111,1
DA:112,1
DA:113,1
DA:114,1
DA:118,1
DA:129,0
DA:139,0
DA:141,0
DA:143,0
DA:147,0
DA:148,0
DA:149,0
DA:150,0
DA:151,0
DA:154,0
DA:165,2
DA:166,2
DA:167,0
DA:168,0
DA:169,0
DA:172,2
DA:173,1
DA:176,1
DA:177,0
DA:180,1
DA:181,1
DA:182,1
LF:79
LH:58
BRDA:11,0,0,1
BRDA:11,0,1,2
BRDA:31,1,0,1
BRDA:31,1,1,1
BRDA:31,2,0,2
BRDA:31,2,1,2
BRDA:31,2,2,1
BRDA:38,3,0,1
BRDA:38,3,1,0
BRDA:38,4,0,1
BRDA:38,4,1,1
BRDA:41,5,0,0
BRDA:41,5,1,1
BRDA:41,6,0,1
BRDA:41,6,1,1
BRDA:41,6,2,1
BRDA:51,7,0,0
BRDA:51,7,1,1
BRDA:58,8,0,0
BRDA:58,8,1,1
BRDA:81,9,0,1
BRDA:81,9,1,0
BRDA:83,10,0,1
BRDA:83,10,1,0
BRDA:89,11,0,1
BRDA:89,11,1,0
BRDA:91,12,0,1
BRDA:91,12,1,0
BRDA:97,13,0,1
BRDA:97,13,1,0
BRDA:101,14,0,1
BRDA:101,14,1,0
BRDA:107,15,0,1
BRDA:107,15,1,0
BRDA:110,16,0,1
BRDA:110,16,1,0
BRDA:112,17,0,1
BRDA:112,17,1,0
BRDA:119,18,0,1
BRDA:119,18,1,0
BRDA:120,19,0,1
BRDA:120,19,1,0
BRDA:121,20,0,1
BRDA:121,20,1,0
BRDA:122,21,0,1
BRDA:122,21,1,0
BRDA:123,22,0,1
BRDA:123,22,1,0
BRDA:124,23,0,1
BRDA:124,23,1,0
BRDA:141,24,0,0
BRDA:141,24,1,0
BRDA:143,25,0,0
BRDA:143,25,1,0
BRDA:148,26,0,0
BRDA:148,26,1,0
BRDA:148,27,0,0
BRDA:148,27,1,0
BRDA:159,28,0,0
BRDA:159,28,1,0
BRDA:160,29,0,0
BRDA:160,29,1,0
BRDA:166,30,0,0
BRDA:166,30,1,2
BRDA:172,31,0,1
BRDA:172,31,1,1
BRDA:176,32,0,0
BRDA:176,32,1,1
BRDA:176,33,0,1
BRDA:176,33,1,1
BRF:70
BRH:37
end_of_record
TN:
SF:services\figurinhasService.js
FN:3,createFigurinha
FN:7,findAllFigurinha
FN:11,findById
FN:21,updateFigurinha
FN:25,removeFigurinha
FNF:5
FNH:3
FNDA:1,createFigurinha
FNDA:1,findAllFigurinha
FNDA:1,findById
FNDA:0,updateFigurinha
FNDA:0,removeFigurinha
DA:4,1
DA:8,1
DA:12,1
DA:14,1
DA:15,1
DA:18,0
DA:22,0
DA:26,0
LF:8
LH:5
BRDA:14,0,0,1
BRDA:14,0,1,0
BRF:2
BRH:1
end_of_record
TN:
SF:services\minhasFigurinhasService.js
FN:4,listarPorUsuario
FN:12,(anonymous_1)
FN:15,(anonymous_2)
FNF:3
FNH:3
FNDA:1,listarPorUsuario
FNDA:1,(anonymous_1)
FNDA:1,(anonymous_2)
DA:6,1
DA:9,1
DA:11,1
DA:12,1
DA:15,1
DA:20,1
LF:6
LH:6
BRF:0
BRH:0
end_of_record
TN:
SF:services\pontosTuristicosService.js
FN:4,listarPublico
FN:8,criarPonto
FN:30,atualizarPonto
FN:34,deletarPonto
FNF:4
FNH:3
FNDA:1,listarPublico
FNDA:2,criarPonto
FNDA:0,atualizarPonto
FNDA:2,deletarPonto
DA:5,1
DA:9,2
DA:10,2
DA:11,2
DA:12,2
DA:13,1
DA:18,1
DA:19,1
DA:22,0
DA:23,0
DA:24,0
DA:25,0
DA:26,0
DA:31,0
DA:35,2
DA:36,2
DA:37,1
LF:17
LH:11
BRDA:18,0,0,1
BRDA:18,0,1,0
BRDA:18,1,0,1
BRDA:18,1,1,1
BRDA:22,2,0,0
BRDA:22,2,1,0
BRDA:22,3,0,0
BRDA:22,3,1,0
BRDA:23,4,0,0
BRDA:23,4,1,0
BRDA:24,5,0,0
BRDA:24,5,1,0
BRDA:25,6,0,0
BRDA:25,6,1,0
BRDA:36,7,0,1
BRDA:36,7,1,1
BRF:16
BRH:5
end_of_record
TN:
SF:services\qrCodePDFService.js
FN:8,gerarArquivosQr
FNF:1
FNH:1
FNDA:1,gerarArquivosQr
DA:9,1
DA:11,1
DA:12,0
DA:15,1
DA:19,1
DA:20,0
DA:23,1
DA:25,1
DA:26,1
DA:28,1
DA:29,1
DA:31,1
DA:32,1
DA:34,1
DA:35,1
DA:37,1
DA:39,1
DA:40,1
DA:42,1
DA:43,1
DA:44,1
DA:46,1
DA:47,1
DA:49,1
DA:50,1
DA:51,1
DA:54,1
DA:55,1
DA:56,1
DA:57,1
DA:58,1
DA:59,1
DA:60,1
DA:63,1
DA:64,1
DA:66,1
DA:68,1
DA:74,1
LF:38
LH:36
BRDA:11,0,0,0
BRDA:11,0,1,1
BRDA:19,1,0,0
BRDA:19,1,1,1
BRF:4
BRH:2
end_of_record
TN:
SF:services\qrCodeService.js
FN:8,criarQrCode
FN:52,(anonymous_1)
FN:152,criarQrCodesParaTodosPontos
FNF:3
FNH:2
FNDA:3,criarQrCode
FNDA:2,(anonymous_1)
FNDA:0,criarQrCodesParaTodosPontos
DA:10,3
DA:14,3
DA:15,1
DA:18,2
DA:25,2
DA:26,1
DA:27,1
DA:29,1
DA:32,2
DA:34,2
DA:35,2
DA:37,2
DA:38,2
DA:40,2
DA:41,2
DA:43,2
DA:49,2
DA:50,2
DA:52,2
DA:53,2
DA:54,2
DA:55,2
DA:57,2
DA:60,2
DA:61,2
DA:62,0
DA:63,0
DA:64,0
DA:65,0
DA:66,0
DA:71,0
DA:72,0
DA:74,0
DA:78,2
DA:80,2
DA:83,2
DA:84,2
DA:89,2
DA:91,2
DA:93,2
DA:94,2
DA:96,2
DA:97,2
DA:98,2
DA:99,2
DA:101,2
DA:103,2
DA:106,2
DA:108,2
DA:110,2
DA:112,2
DA:113,2
DA:116,2
DA:118,2
DA:119,2
DA:123,2
DA:124,1
DA:132,1
DA:142,2
DA:153,0
DA:159,0
DA:160,0
DA:162,0
DA:163,0
DA:164,0
DA:165,0
DA:172,0
DA:180,0
LF:68
LH:51
BRDA:14,0,0,1
BRDA:14,0,1,2
BRDA:25,1,0,1
BRDA:25,1,1,1
BRDA:61,2,0,0
BRDA:61,2,1,2
BRDA:123,3,0,1
BRDA:123,3,1,1
BRDA:148,4,0,1
BRDA:148,4,1,1
BRF:10
BRH:9
end_of_record
TN:
SF:services\recompensasService.js
FN:3,getAllByEmpresa
FN:7,getById
FN:17,create
FN:54,update
FN:82,deleteRecompensa
FN:87,updateImagem
FNF:6
FNH:2
FNDA:0,getAllByEmpresa
FNDA:1,getById
FNDA:2,create
FNDA:0,update
FNDA:0,deleteRecompensa
FNDA:0,updateImagem
DA:4,0
DA:8,1
DA:10,1
DA:11,1
DA:14,0
DA:25,2
DA:27,2
DA:28,1
DA:31,1
DA:32,1
DA:34,1
DA:35,0
DA:37,1
DA:38,0
DA:41,1
DA:49,1
DA:51,1
DA:55,0
DA:62,0
DA:64,0
DA:65,0
DA:67,0
DA:68,0
DA:70,0
DA:71,0
DA:74,0
DA:83,0
DA:84,0
DA:88,0
DA:89,0
LF:30
LH:13
BRDA:10,0,0,1
BRDA:10,0,1,0
BRDA:27,1,0,1
BRDA:27,1,1,1
BRDA:27,2,0,2
BRDA:27,2,1,2
BRDA:27,2,2,1
BRDA:31,3,0,1
BRDA:31,3,1,0
BRDA:32,4,0,1
BRDA:32,4,1,0
BRDA:34,5,0,0
BRDA:34,5,1,1
BRDA:34,6,0,1
BRDA:34,6,1,1
BRDA:37,7,0,0
BRDA:37,7,1,1
BRDA:37,8,0,1
BRDA:37,8,1,1
BRDA:49,9,0,0
BRDA:49,9,1,1
BRDA:64,10,0,0
BRDA:64,10,1,0
BRDA:65,11,0,0
BRDA:65,11,1,0
BRDA:67,12,0,0
BRDA:67,12,1,0
BRDA:67,13,0,0
BRDA:67,13,1,0
BRDA:70,14,0,0
BRDA:70,14,1,0
BRDA:70,15,0,0
BRDA:70,15,1,0
BRF:33
BRH:15
end_of_record
TN:
SF:services\resgatesService.js
FN:4,resgatarRecompensa
FN:37,(anonymous_1)
FN:68,listarMeusResgates
FNF:3
FNH:3
FNDA:6,resgatarRecompensa
FNDA:1,(anonymous_1)
FNDA:1,listarMeusResgates
DA:6,6
DA:7,1
DA:13,5
DA:17,5
DA:18,1
DA:21,4
DA:22,1
DA:25,3
DA:29,3
DA:30,1
DA:33,2
DA:34,1
DA:37,1
DA:39,1
DA:46,1
DA:53,1
DA:62,1
DA:69,1
LF:18
LH:18
BRDA:6,0,0,1
BRDA:6,0,1,5
BRDA:17,1,0,1
BRDA:17,1,1,4
BRDA:21,2,0,1
BRDA:21,2,1,3
BRDA:29,3,0,1
BRDA:29,3,1,2
BRDA:33,4,0,1
BRDA:33,4,1,1
BRF:10
BRH:10
end_of_record
TN:
SF:services\userService.js
FN:8,login
FN:37,cadastrar
FN:76,getById
FN:88,updateMe
FN:116,logout
FN:130,getAllUsers
FN:149,forgotPassword
FN:167,resetPassword
FNF:8
FNH:8
FNDA:3,login
FNDA:4,cadastrar
FNDA:2,getById
FNDA:2,updateMe
FNDA:1,logout
FNDA:1,getAllUsers
FNDA:2,forgotPassword
FNDA:1,resetPassword
DA:9,3
DA:13,3
DA:14,1
DA:17,2
DA:19,2
DA:20,1
DA:23,1
DA:32,1
DA:34,1
DA:38,4
DA:40,4
DA:41,1
DA:44,3
DA:45,3
DA:46,1
DA:52,2
DA:56,2
DA:57,1
DA:60,1
DA:62,1
DA:71,1
DA:72,1
DA:77,2
DA:81,2
DA:83,1
DA:84,1
DA:90,2
DA:91,2
DA:92,2
DA:94,2
DA:95,1
DA:98,2
DA:99,2
DA:104,1
DA:105,1
DA:108,1
DA:109,1
DA:111,0
DA:117,1
DA:118,1
DA:120,1
DA:127,1
DA:131,1
DA:146,1
DA:150,2
DA:152,2
DA:153,2
DA:154,1
DA:157,1
DA:159,1
DA:160,1
DA:162,0
DA:164,1
DA:168,1
DA:170,1
DA:171,1
DA:173,1
DA:175,1
DA:180,1
DA:182,1
LF:60
LH:58
BRDA:13,0,0,1
BRDA:13,0,1,2
BRDA:19,1,0,1
BRDA:19,1,1,1
BRDA:40,2,0,1
BRDA:40,2,1,3
BRDA:40,3,0,4
BRDA:40,3,1,4
BRDA:40,3,2,3
BRDA:45,4,0,1
BRDA:45,4,1,2
BRDA:56,5,0,1
BRDA:56,5,1,1
BRDA:81,6,0,1
BRDA:81,6,1,1
BRDA:94,7,0,1
BRDA:94,7,1,1
BRDA:108,8,0,1
BRDA:108,8,1,0
BRDA:150,9,0,0
BRDA:150,9,1,2
BRDA:153,10,0,1
BRDA:153,10,1,1
BRDA:168,11,0,0
BRDA:168,11,1,1
BRDA:168,12,0,1
BRDA:168,12,1,1
BRDA:171,13,0,0
BRDA:171,13,1,1
BRF:29
BRH:25
end_of_record
TN:
SF:services\visitasPontoFigService.js
FN:3,visitarViaQr
FNF:1
FNH:1
FNDA:2,visitarViaQr
DA:5,2
DA:6,1
DA:12,1
DA:23,1
DA:24,1
DA:27,0
DA:29,0
DA:30,0
DA:33,0
DA:40,0
DA:41,0
DA:47,0
DA:54,0
DA:63,0
LF:14
LH:5
BRDA:5,0,0,1
BRDA:5,0,1,1
BRDA:23,1,0,1
BRDA:23,1,1,0
BRDA:29,2,0,0
BRDA:29,2,1,0
BRDA:40,3,0,0
BRDA:40,3,1,0
BRF:8
BRH:3
end_of_record
TN:
SF:utils\bcrypt.js
FN:5,hashPassword
FN:10,comparePassword
FNF:2
FNH:2
FNDA:2,hashPassword
FNDA:1,comparePassword
DA:3,1
DA:6,2
DA:7,1
DA:11,1
DA:12,1
LF:5
LH:5
BRDA:3,0,0,1
BRDA:3,0,1,1
BRDA:6,1,0,1
BRDA:6,1,1,1
BRDA:11,2,0,0
BRDA:11,2,1,1
BRF:6
BRH:5
end_of_record
TN:
SF:utils\email.js
FN:21,sendResetPasswordEmail
FNF:1
FNH:1
FNDA:2,sendResetPasswordEmail
DA:3,6
DA:4,6
DA:5,6
DA:6,6
DA:7,6
DA:10,6
DA:11,1
DA:18,5
DA:22,2
DA:23,2
DA:25,2
DA:26,2
DA:27,2
DA:29,2
DA:30,1
DA:31,1
DA:34,1
DA:42,1
LF:18
LH:18
BRDA:7,0,0,6
BRDA:7,0,1,6
BRDA:10,1,0,1
BRDA:10,1,1,5
BRDA:10,2,0,6
BRDA:10,2,1,1
BRDA:10,2,2,1
BRDA:10,2,3,1
BRDA:22,3,0,2
BRDA:22,3,1,2
BRDA:29,4,0,1
BRDA:29,4,1,1
BRF:12
BRH:12
end_of_record
TN:
SF:utils\jwt.js
FN:6,sign
FN:11,verify
FN:16,decode
FNF:3
FNH:2
FNDA:1,sign
FNDA:1,verify
FNDA:0,decode
DA:3,1
DA:4,1
DA:7,1
DA:8,1
DA:12,1
DA:13,0
DA:17,0
LF:7
LH:5
BRDA:3,0,0,1
BRDA:3,0,1,1
BRDA:4,1,0,1
BRDA:4,1,1,1
BRDA:6,2,0,1
BRDA:7,3,0,1
BRDA:7,3,1,1
BRDA:7,4,0,1
BRDA:7,4,1,1
BRDA:12,5,0,1
BRDA:12,5,1,0
BRF:11
BRH:10
end_of_record
TN:
SF:utils\resetTokens.js
FN:7,readStore
FN:16,writeStore
FN:21,createToken
FN:31,findToken
FN:33,(anonymous_4)
FN:39,removeToken
FN:41,(anonymous_6)
FNF:7
FNH:4
FNDA:2,readStore
FNDA:1,writeStore
FNDA:1,createToken
FNDA:1,findToken
FNDA:0,(anonymous_4)
FNDA:0,removeToken
FNDA:0,(anonymous_6)
DA:5,5
DA:8,2
DA:9,2
DA:10,1
DA:12,1
DA:17,1
DA:18,1
DA:22,1
DA:23,1
DA:25,1
DA:26,1
DA:27,1
DA:28,1
DA:32,1
DA:33,1
DA:34,1
DA:35,0
DA:36,0
DA:40,0
DA:41,0
DA:42,0
LF:21
LH:16
BRDA:10,0,0,1
BRDA:10,0,1,0
BRDA:21,1,0,0
BRDA:34,2,0,1
BRDA:34,2,1,0
BRDA:35,3,0,0
BRDA:35,3,1,0
BRF:7
BRH:2
end_of_record
TN:
SF:utils\response.js
FN:1,success
FN:5,error
FNF:2
FNH:2
FNDA:1,success
FNDA:1,error
DA:2,1
DA:6,1
LF:2
LH:2
BRDA:1,0,0,0
BRDA:1,1,0,0
BRDA:5,2,0,0
BRDA:5,3,0,0
BRDA:5,4,0,0
BRF:5
BRH:0
end_of_record
