TN:
SF:controllers\dashboardsController.js
FN:6,dashboardUsuario
FN:23,dashboardAdmin
FN:40,getVisitasPorPonto
FN:57,getVisitasPorPeriodo
FN:75,dashboardEmpresa
FN:99,getResgatesEmpresa
FN:124,getRecompensasEmpresa
FNF:7
FNH:4
FNDA:2,dashboardUsuario
FNDA:1,dashboardAdmin
FNDA:0,getVisitasPorPonto
FNDA:1,getVisitasPorPeriodo
FNDA:1,dashboardEmpresa
FNDA:0,getResgatesEmpresa
FNDA:0,getRecompensasEmpresa
DA:7,2
DA:8,2
DA:9,2
DA:10,1
DA:13,1
DA:14,1
DA:17,0
DA:24,1
DA:25,1
DA:26,1
DA:27,0
DA:30,1
DA:31,1
DA:34,0
DA:41,0
DA:42,0
DA:43,0
DA:44,0
DA:47,0
DA:48,0
DA:51,0
DA:58,1
DA:59,1
DA:60,1
DA:61,0
DA:64,1
DA:65,1
DA:66,1
DA:69,0
DA:76,1
DA:77,1
DA:78,1
DA:79,0
DA:82,1
DA:83,1
DA:85,1
DA:86,1
DA:89,0
DA:90,0
DA:93,0
DA:100,0
DA:101,0
DA:102,0
DA:103,0
DA:106,0
DA:107,0
DA:108,0
DA:110,0
DA:111,0
DA:114,0
DA:115,0
DA:118,0
DA:125,0
DA:126,0
DA:127,0
DA:128,0
DA:131,0
DA:132,0
DA:134,0
DA:135,0
DA:138,0
DA:139,0
DA:142,0
LF:63
LH:24
BRDA:8,0,0,2
BRDA:8,0,1,2
BRDA:9,1,0,1
BRDA:9,1,1,1
BRDA:17,2,0,0
BRDA:17,2,1,0
BRDA:18,3,0,0
BRDA:18,3,1,0
BRDA:25,4,0,1
BRDA:25,4,1,1
BRDA:26,5,0,0
BRDA:26,5,1,1
BRDA:34,6,0,0
BRDA:34,6,1,0
BRDA:35,7,0,0
BRDA:35,7,1,0
BRDA:42,8,0,0
BRDA:42,8,1,0
BRDA:43,9,0,0
BRDA:43,9,1,0
BRDA:52,10,0,0
BRDA:52,10,1,0
BRDA:59,11,0,1
BRDA:59,11,1,1
BRDA:60,12,0,0
BRDA:60,12,1,1
BRDA:65,13,0,1
BRDA:65,13,1,0
BRDA:70,14,0,0
BRDA:70,14,1,0
BRDA:77,15,0,1
BRDA:77,15,1,1
BRDA:78,16,0,0
BRDA:78,16,1,1
BRDA:85,17,0,1
BRDA:85,17,1,0
BRDA:85,18,0,1
BRDA:85,18,1,1
BRDA:93,19,0,0
BRDA:93,19,1,0
BRDA:94,20,0,0
BRDA:94,20,1,0
BRDA:101,21,0,0
BRDA:101,21,1,0
BRDA:102,22,0,0
BRDA:102,22,1,0
BRDA:110,23,0,0
BRDA:110,23,1,0
BRDA:110,24,0,0
BRDA:110,24,1,0
BRDA:114,25,0,0
BRDA:114,25,1,0
BRDA:119,26,0,0
BRDA:119,26,1,0
BRDA:126,27,0,0
BRDA:126,27,1,0
BRDA:127,28,0,0
BRDA:127,28,1,0
BRDA:134,29,0,0
BRDA:134,29,1,0
BRDA:134,30,0,0
BRDA:134,30,1,0
BRDA:143,31,0,0
BRDA:143,31,1,0
BRF:64
BRH:17
end_of_record
TN:
SF:controllers\empresaController.js
FN:3,getAll
FN:12,getById
FN:25,create
FN:38,update
FN:51,deleteEmpresa
FN:64,getEventosCount
FN:77,getMeEventosCount
FN:90,getMeEventos
FN:103,getEventosCountByMonth
FN:120,getMeEventosCountByMonth
FNF:10
FNH:7
FNDA:2,getAll
FNDA:3,getById
FNDA:3,create
FNDA:1,update
FNDA:1,deleteEmpresa
FNDA:0,getEventosCount
FNDA:0,getMeEventosCount
FNDA:0,getMeEventos
FNDA:3,getEventosCountByMonth
FNDA:1,getMeEventosCountByMonth
DA:4,2
DA:5,2
DA:6,2
DA:8,0
DA:13,3
DA:14,3
DA:15,3
DA:16,1
DA:18,2
DA:19,2
DA:21,0
DA:26,3
DA:27,3
DA:31,3
DA:32,2
DA:34,1
DA:39,1
DA:40,1
DA:41,1
DA:42,0
DA:44,1
DA:45,1
DA:47,0
DA:52,1
DA:53,1
DA:54,1
DA:55,0
DA:57,1
DA:58,0
DA:60,1
DA:65,0
DA:66,0
DA:67,0
DA:68,0
DA:70,0
DA:71,0
DA:73,0
DA:78,0
DA:79,0
DA:80,0
DA:81,0
DA:83,0
DA:84,0
DA:86,0
DA:91,0
DA:92,0
DA:93,0
DA:94,0
DA:96,0
DA:97,0
DA:99,0
DA:104,3
DA:105,3
DA:106,3
DA:107,3
DA:108,3
DA:110,0
DA:111,0
DA:113,0
DA:114,0
DA:116,0
DA:121,1
DA:122,1
DA:123,1
DA:124,1
DA:125,1
DA:127,0
DA:128,0
DA:130,0
DA:131,0
DA:133,0
LF:71
LH:34
BRDA:18,0,0,2
BRDA:18,0,1,0
BRDA:44,1,0,1
BRDA:44,1,1,0
BRDA:57,2,0,0
BRDA:57,2,1,1
BRDA:70,3,0,0
BRDA:70,3,1,0
BRDA:83,4,0,0
BRDA:83,4,1,0
BRDA:96,5,0,0
BRDA:96,5,1,0
BRDA:107,6,0,3
BRDA:107,6,1,0
BRDA:107,7,0,3
BRDA:107,7,1,3
BRDA:113,8,0,0
BRDA:113,8,1,0
BRDA:124,9,0,1
BRDA:124,9,1,0
BRDA:124,10,0,1
BRDA:124,10,1,1
BRDA:130,11,0,0
BRDA:130,11,1,0
BRF:24
BRH:9
end_of_record
TN:
SF:controllers\enderecosController.js
FN:3,getById
FN:16,create
FN:49,(anonymous_2)
FN:65,parseEndereco
FN:66,(anonymous_4)
FNF:5
FNH:5
FNDA:2,getById
FNDA:1,create
FNDA:6,(anonymous_2)
FNDA:1,parseEndereco
FNDA:5,(anonymous_4)
DA:4,2
DA:5,2
DA:6,2
DA:7,2
DA:8,1
DA:10,1
DA:12,0
DA:17,1
DA:18,1
DA:20,1
DA:21,1
DA:22,1
DA:23,1
DA:28,1
DA:29,1
DA:30,1
DA:31,1
DA:32,1
DA:33,1
DA:34,1
DA:36,1
DA:37,0
DA:38,0
DA:40,1
DA:41,0
DA:42,0
DA:45,1
DA:46,0
DA:49,6
DA:52,1
DA:53,1
DA:54,1
DA:56,0
DA:57,0
DA:60,0
DA:61,0
DA:66,5
DA:68,1
DA:69,1
DA:70,1
DA:71,1
DA:72,1
DA:74,1
DA:75,1
DA:76,1
DA:77,1
DA:78,1
DA:82,1
DA:83,1
DA:84,1
DA:85,1
DA:86,1
DA:90,1
DA:91,1
DA:92,1
DA:94,1
DA:95,1
DA:96,1
DA:97,1
DA:98,1
DA:99,1
DA:100,1
DA:104,1
LF:63
LH:53
BRDA:7,0,0,1
BRDA:7,0,1,1
BRDA:18,1,0,1
BRDA:18,1,1,0
BRDA:20,2,0,1
BRDA:20,2,1,0
BRDA:20,2,2,0
BRDA:20,2,3,0
BRDA:20,2,4,0
BRDA:21,3,0,1
BRDA:21,3,1,0
BRDA:21,4,0,1
BRDA:21,4,1,1
BRDA:21,4,2,0
BRDA:21,4,3,0
BRDA:29,5,0,1
BRDA:29,5,1,0
BRDA:30,6,0,1
BRDA:30,6,1,0
BRDA:31,7,0,1
BRDA:31,7,1,0
BRDA:32,8,0,1
BRDA:32,8,1,0
BRDA:33,9,0,1
BRDA:33,9,1,0
BRDA:34,10,0,1
BRDA:34,10,1,0
BRDA:36,11,0,0
BRDA:36,11,1,1
BRDA:36,12,0,1
BRDA:36,12,1,0
BRDA:36,12,2,0
BRDA:38,13,0,0
BRDA:38,13,1,0
BRDA:40,14,0,0
BRDA:40,14,1,1
BRDA:40,15,0,1
BRDA:40,15,1,0
BRDA:40,15,2,0
BRDA:42,16,0,0
BRDA:42,16,1,0
BRDA:45,17,0,0
BRDA:45,17,1,1
BRDA:45,18,0,1
BRDA:45,18,1,1
BRDA:45,18,2,1
BRDA:49,19,0,6
BRDA:49,19,1,0
BRDA:56,20,0,0
BRDA:56,20,1,0
BRDA:56,21,0,0
BRDA:56,21,1,0
BRDA:57,22,0,0
BRDA:57,22,1,0
BRDA:57,23,0,0
BRDA:57,23,1,0
BRDA:74,24,0,1
BRDA:74,24,1,0
BRDA:76,25,0,1
BRDA:76,25,1,0
BRDA:82,26,0,1
BRDA:82,26,1,0
BRDA:84,27,0,1
BRDA:84,27,1,0
BRDA:90,28,0,1
BRDA:90,28,1,0
BRDA:91,29,0,1
BRDA:91,29,1,0
BRDA:94,30,0,1
BRDA:94,30,1,0
BRDA:96,31,0,1
BRDA:96,31,1,0
BRDA:98,32,0,1
BRDA:98,32,1,0
BRDA:105,33,0,1
BRDA:105,33,1,0
BRDA:106,34,0,1
BRDA:106,34,1,0
BRDA:107,35,0,1
BRDA:107,35,1,0
BRDA:108,36,0,1
BRDA:108,36,1,0
BRDA:109,37,0,1
BRDA:109,37,1,0
BRDA:110,38,0,1
BRDA:110,38,1,0
BRF:86
BRH:37
end_of_record
TN:
SF:controllers\eventosController.js
FN:5,getAll
FN:8,(anonymous_1)
FN:18,getById
FN:33,create
FN:87,update
FN:134,deleteEvento
FNF:6
FNH:4
FNDA:2,getAll
FNDA:1,(anonymous_1)
FNDA:0,getById
FNDA:3,create
FNDA:0,update
FNDA:2,deleteEvento
DA:6,2
DA:7,2
DA:8,2
DA:12,2
DA:14,0
DA:19,0
DA:20,0
DA:21,0
DA:22,0
DA:23,0
DA:25,0
DA:27,0
DA:34,3
DA:35,3
DA:38,3
DA:39,3
DA:40,0
DA:43,3
DA:44,3
DA:45,0
DA:48,3
DA:49,1
DA:50,1
DA:51,1
DA:57,1
DA:59,1
DA:62,3
DA:63,2
DA:64,2
DA:67,3
DA:73,3
DA:74,3
DA:75,0
DA:78,3
DA:79,3
DA:81,0
DA:88,0
DA:89,0
DA:91,0
DA:92,0
DA:93,0
DA:94,0
DA:95,0
DA:96,0
DA:97,0
DA:98,0
DA:104,0
DA:106,0
DA:109,0
DA:110,0
DA:111,0
DA:114,0
DA:120,0
DA:121,0
DA:122,0
DA:125,0
DA:126,0
DA:128,0
DA:135,2
DA:136,2
DA:137,2
DA:138,2
DA:140,0
DA:145,0
DA:146,0
DA:150,0
LF:66
LH:28
BRDA:8,0,0,2
BRDA:8,0,1,1
BRDA:22,1,0,0
BRDA:22,1,1,0
BRDA:28,2,0,0
BRDA:28,2,1,0
BRDA:35,3,0,3
BRDA:35,3,1,3
BRDA:39,4,0,0
BRDA:39,4,1,3
BRDA:39,5,0,3
BRDA:39,5,1,3
BRDA:39,5,2,3
BRDA:44,6,0,0
BRDA:44,6,1,3
BRDA:48,7,0,1
BRDA:48,7,1,2
BRDA:48,8,0,3
BRDA:48,8,1,3
BRDA:49,9,0,1
BRDA:49,9,1,0
BRDA:50,10,0,1
BRDA:50,10,1,0
BRDA:62,11,0,2
BRDA:62,11,1,1
BRDA:62,12,0,3
BRDA:62,12,1,2
BRDA:64,13,0,2
BRDA:64,13,1,0
BRDA:73,14,0,3
BRDA:73,14,1,3
BRDA:73,14,2,0
BRDA:74,15,0,0
BRDA:74,15,1,3
BRDA:75,16,0,0
BRDA:75,16,1,0
BRDA:75,16,2,0
BRDA:75,16,3,0
BRDA:75,16,4,0
BRDA:75,17,0,0
BRDA:75,17,1,0
BRDA:82,18,0,0
BRDA:82,18,1,0
BRDA:91,19,0,0
BRDA:91,19,1,0
BRDA:91,20,0,0
BRDA:91,20,1,0
BRDA:93,21,0,0
BRDA:93,21,1,0
BRDA:94,22,0,0
BRDA:94,22,1,0
BRDA:95,23,0,0
BRDA:95,23,1,0
BRDA:95,24,0,0
BRDA:95,24,1,0
BRDA:96,25,0,0
BRDA:96,25,1,0
BRDA:97,26,0,0
BRDA:97,26,1,0
BRDA:109,27,0,0
BRDA:109,27,1,0
BRDA:109,28,0,0
BRDA:109,28,1,0
BRDA:111,29,0,0
BRDA:111,29,1,0
BRDA:120,30,0,0
BRDA:120,30,1,0
BRDA:120,30,2,0
BRDA:121,31,0,0
BRDA:121,31,1,0
BRDA:122,32,0,0
BRDA:122,32,1,0
BRDA:122,32,2,0
BRDA:122,32,3,0
BRDA:122,32,4,0
BRDA:122,33,0,0
BRDA:122,33,1,0
BRDA:129,34,0,0
BRDA:129,34,1,0
BRDA:137,35,0,2
BRDA:137,35,1,0
BRDA:151,36,0,0
BRDA:151,36,1,0
BRF:83
BRH:24
end_of_record
TN:
SF:controllers\figurinhasController.js
FN:3,createFigurinha
FN:8,findAllFigurinha
FN:13,findById
FN:22,updateFigurinha
FN:30,removeFigurinha
FNF:5
FNH:3
FNDA:2,createFigurinha
FNDA:1,findAllFigurinha
FNDA:0,findById
FNDA:0,updateFigurinha
FNDA:1,removeFigurinha
DA:4,2
DA:5,2
DA:9,1
DA:10,1
DA:14,0
DA:15,0
DA:16,0
DA:18,0
DA:23,0
DA:27,0
DA:31,1
DA:32,1
LF:12
LH:6
BRF:0
BRH:0
end_of_record
TN:
SF:controllers\minhasFigurinhasController.js
FN:3,listar
FNF:1
FNH:1
FNDA:1,listar
DA:4,1
DA:5,1
DA:7,1
DA:9,1
DA:11,0
LF:5
LH:4
BRF:0
BRH:0
end_of_record
TN:
SF:controllers\pontosTuristicosController.js
FN:6,listarPublico
FN:17,getById
FN:28,criarPonto
FN:117,parseEndereco
FN:118,(anonymous_4)
FN:166,atualizarPonto
FN:183,deletarPonto
FNF:7
FNH:6
FNDA:2,listarPublico
FNDA:0,getById
FNDA:8,criarPonto
FNDA:4,parseEndereco
FNDA:12,(anonymous_4)
FNDA:2,atualizarPonto
FNDA:2,deletarPonto
DA:7,2
DA:8,2
DA:9,2
DA:12,0
DA:13,0
DA:18,0
DA:19,0
DA:20,0
DA:21,0
DA:23,0
DA:24,0
DA:29,8
DA:30,8
DA:31,8
DA:34,8
DA:35,8
DA:37,8
DA:38,8
DA:40,8
DA:41,2
DA:42,2
DA:43,2
DA:50,2
DA:53,8
DA:54,3
DA:57,5
DA:58,5
DA:59,5
DA:60,4
DA:61,4
DA:62,2
DA:64,2
DA:65,2
DA:66,1
DA:68,1
DA:69,1
DA:73,2
DA:74,2
DA:75,2
DA:76,2
DA:81,2
DA:82,2
DA:85,2
DA:91,2
DA:92,2
DA:93,2
DA:94,2
DA:95,2
DA:96,2
DA:100,2
DA:101,2
DA:102,2
DA:104,0
DA:105,0
DA:106,0
DA:110,0
DA:112,0
DA:113,0
DA:118,12
DA:120,4
DA:121,4
DA:122,4
DA:123,4
DA:124,4
DA:126,4
DA:127,4
DA:128,4
DA:129,2
DA:130,2
DA:134,4
DA:135,4
DA:136,4
DA:137,2
DA:138,2
DA:142,4
DA:143,4
DA:144,4
DA:146,4
DA:147,4
DA:148,4
DA:149,2
DA:150,2
DA:151,2
DA:152,2
DA:156,4
DA:167,2
DA:168,2
DA:169,2
DA:171,2
DA:172,1
DA:175,1
DA:178,0
DA:179,0
DA:184,2
DA:185,2
DA:186,2
DA:188,2
DA:189,1
DA:192,1
DA:194,0
DA:195,0
LF:101
LH:83
BRDA:12,0,0,0
BRDA:12,0,1,0
BRDA:23,1,0,0
BRDA:23,1,1,0
BRDA:31,2,0,8
BRDA:31,2,1,8
BRDA:35,3,0,3
BRDA:35,3,1,5
BRDA:35,4,0,8
BRDA:35,4,1,8
BRDA:35,4,2,8
BRDA:38,5,0,3
BRDA:38,5,1,5
BRDA:40,6,0,2
BRDA:40,6,1,6
BRDA:40,7,0,8
BRDA:40,7,1,5
BRDA:41,8,0,2
BRDA:41,8,1,0
BRDA:42,9,0,2
BRDA:42,9,1,0
BRDA:53,10,0,3
BRDA:53,10,1,5
BRDA:58,11,0,5
BRDA:58,11,1,1
BRDA:58,11,2,1
BRDA:58,11,3,1
BRDA:58,11,4,1
BRDA:59,12,0,4
BRDA:59,12,1,1
BRDA:59,13,0,5
BRDA:59,13,1,5
BRDA:61,14,0,2
BRDA:61,14,1,2
BRDA:61,15,0,4
BRDA:61,15,1,2
BRDA:61,15,2,2
BRDA:74,16,0,2
BRDA:74,16,1,0
BRDA:75,17,0,0
BRDA:75,17,1,2
BRDA:78,18,0,2
BRDA:78,18,1,2
BRDA:104,19,0,0
BRDA:104,19,1,0
BRDA:104,20,0,0
BRDA:104,20,1,0
BRDA:105,21,0,0
BRDA:105,21,1,0
BRDA:106,22,0,0
BRDA:106,22,1,0
BRDA:106,23,0,0
BRDA:106,23,1,0
BRDA:106,24,0,0
BRDA:106,24,1,0
BRDA:106,25,0,0
BRDA:106,25,1,0
BRDA:112,26,0,0
BRDA:112,26,1,0
BRDA:126,27,0,4
BRDA:126,27,1,0
BRDA:128,28,0,2
BRDA:128,28,1,2
BRDA:134,29,0,4
BRDA:134,29,1,0
BRDA:136,30,0,2
BRDA:136,30,1,2
BRDA:142,31,0,4
BRDA:142,31,1,0
BRDA:143,32,0,2
BRDA:143,32,1,2
BRDA:146,33,0,4
BRDA:146,33,1,2
BRDA:148,34,0,2
BRDA:148,34,1,2
BRDA:150,35,0,2
BRDA:150,35,1,0
BRDA:157,36,0,4
BRDA:157,36,1,2
BRDA:158,37,0,4
BRDA:158,37,1,2
BRDA:159,38,0,4
BRDA:159,38,1,2
BRDA:160,39,0,4
BRDA:160,39,1,0
BRDA:161,40,0,4
BRDA:161,40,1,2
BRDA:162,41,0,4
BRDA:162,41,1,2
BRDA:171,42,0,1
BRDA:171,42,1,1
BRDA:188,43,0,1
BRDA:188,43,1,1
BRF:93
BRH:64
end_of_record
TN:
SF:controllers\qrCodeController.js
FN:3,gerarParaPonto
FN:19,gerarParaTodosPontos
FNF:2
FNH:2
FNDA:1,gerarParaPonto
FNDA:1,gerarParaTodosPontos
DA:5,1
DA:6,1
DA:8,1
DA:10,1
DA:13,0
DA:20,1
DA:21,1
DA:22,1
DA:24,0
LF:9
LH:7
BRDA:14,0,0,0
BRDA:14,0,1,0
BRDA:25,1,0,0
BRDA:25,1,1,0
BRF:4
BRH:0
end_of_record
TN:
SF:controllers\qrCodePdfController.js
FN:5,gerarArquivosQr
FN:17,downloadPdf
FN:37,downloadQrCode
FNF:3
FNH:2
FNDA:1,gerarArquivosQr
FNDA:1,downloadPdf
FNDA:0,downloadQrCode
DA:6,1
DA:7,1
DA:9,1
DA:11,1
DA:13,0
DA:18,1
DA:19,1
DA:20,1
DA:22,1
DA:23,1
DA:26,0
DA:27,0
DA:29,0
DA:30,0
DA:32,0
DA:33,0
DA:38,0
DA:39,0
DA:40,0
DA:42,0
DA:43,0
DA:46,0
DA:47,0
DA:49,0
DA:50,0
DA:52,0
DA:53,0
LF:27
LH:9
BRDA:22,0,0,1
BRDA:22,0,1,0
BRDA:42,1,0,0
BRDA:42,1,1,0
BRF:4
BRH:1
end_of_record
TN:
SF:controllers\recompensasController.js
FN:6,getAll
FN:11,(anonymous_1)
FN:21,getById
FN:34,create
FN:86,update
FN:104,deleteRecompensa
FN:116,uploadImagem
FNF:7
FNH:3
FNDA:2,getAll
FNDA:0,(anonymous_1)
FNDA:1,getById
FNDA:1,create
FNDA:0,update
FNDA:0,deleteRecompensa
FNDA:0,uploadImagem
DA:7,2
DA:8,2
DA:10,2
DA:11,2
DA:15,2
DA:17,0
DA:22,1
DA:23,1
DA:24,1
DA:25,1
DA:26,0
DA:28,1
DA:30,0
DA:35,1
DA:39,1
DA:40,1
DA:42,1
DA:43,0
DA:46,1
DA:47,1
DA:48,0
DA:51,1
DA:52,0
DA:53,0
DA:54,0
DA:60,0
DA:64,1
DA:65,1
DA:68,0
DA:73,0
DA:74,0
DA:75,0
DA:78,0
DA:79,0
DA:81,0
DA:82,0
DA:87,0
DA:88,0
DA:89,0
DA:91,0
DA:92,0
DA:93,0
DA:96,0
DA:97,0
DA:99,0
DA:100,0
DA:105,0
DA:106,0
DA:107,0
DA:108,0
DA:112,0
DA:117,0
DA:118,0
DA:120,0
DA:121,0
DA:122,0
DA:125,0
DA:126,0
DA:128,0
DA:133,0
LF:60
LH:19
BRDA:11,0,0,2
BRDA:11,0,1,1
BRDA:25,1,0,0
BRDA:25,1,1,1
BRDA:42,2,0,0
BRDA:42,2,1,1
BRDA:42,3,0,1
BRDA:42,3,1,1
BRDA:42,3,2,0
BRDA:42,3,3,0
BRDA:47,4,0,0
BRDA:47,4,1,1
BRDA:51,5,0,0
BRDA:51,5,1,1
BRDA:51,6,0,1
BRDA:51,6,1,1
BRDA:52,7,0,0
BRDA:52,7,1,0
BRDA:53,8,0,0
BRDA:53,8,1,0
BRDA:64,9,0,1
BRDA:64,9,1,0
BRDA:73,10,0,0
BRDA:73,10,1,0
BRDA:73,10,2,0
BRDA:74,11,0,0
BRDA:74,11,1,0
BRDA:75,12,0,0
BRDA:75,12,1,0
BRDA:75,12,2,0
BRDA:75,12,3,0
BRDA:75,12,4,0
BRDA:75,13,0,0
BRDA:75,13,1,0
BRDA:81,14,0,0
BRDA:81,14,1,0
BRDA:91,15,0,0
BRDA:91,15,1,0
BRDA:91,15,2,0
BRDA:92,16,0,0
BRDA:92,16,1,0
BRDA:93,17,0,0
BRDA:93,17,1,0
BRDA:93,17,2,0
BRDA:93,17,3,0
BRDA:93,17,4,0
BRDA:93,18,0,0
BRDA:93,18,1,0
BRDA:99,19,0,0
BRDA:99,19,1,0
BRDA:120,20,0,0
BRDA:120,20,1,0
BRDA:120,20,2,0
BRDA:121,21,0,0
BRDA:121,21,1,0
BRDA:125,22,0,0
BRDA:125,22,1,0
BRDA:125,22,2,0
BRDA:125,22,3,0
BRDA:125,22,4,0
BRDA:125,23,0,0
BRDA:125,23,1,0
BRF:62
BRH:11
end_of_record
TN:
SF:controllers\resgatesController.js
FN:3,resgatar
FN:22,meusResgates
FNF:2
FNH:2
FNDA:1,resgatar
FNDA:1,meusResgates
DA:4,1
DA:5,1
DA:7,1
DA:13,1
DA:16,0
DA:23,1
DA:24,1
DA:26,1
DA:27,1
DA:33,0
DA:36,0
LF:11
LH:8
BRDA:16,0,0,0
BRDA:16,0,1,0
BRDA:17,1,0,0
BRDA:17,1,1,0
BRDA:26,2,0,1
BRDA:26,2,1,0
BRF:6
BRH:1
end_of_record
TN:
SF:controllers\userController.js
FN:3,login
FN:16,cadastrar
FN:27,getMe
FN:44,updateMe
FN:59,logout
FN:70,getAllUsers
FN:80,forgotPassword
FN:91,resetPassword
FN:102,changePassword
FNF:9
FNH:3
FNDA:2,login
FNDA:2,cadastrar
FNDA:2,getMe
FNDA:0,updateMe
FNDA:0,logout
FNDA:0,getAllUsers
FNDA:0,forgotPassword
FNDA:0,resetPassword
FNDA:0,changePassword
DA:4,2
DA:5,2
DA:7,2
DA:9,1
DA:12,1
DA:17,2
DA:18,2
DA:19,1
DA:22,1
DA:23,1
DA:28,2
DA:29,2
DA:31,2
DA:33,2
DA:34,1
DA:37,1
DA:40,0
DA:45,0
DA:46,0
DA:47,0
DA:49,0
DA:51,0
DA:54,0
DA:55,0
DA:60,0
DA:61,0
DA:62,0
DA:63,0
DA:65,0
DA:66,0
DA:71,0
DA:72,0
DA:73,0
DA:75,0
DA:76,0
DA:81,0
DA:82,0
DA:83,0
DA:84,0
DA:86,0
DA:87,0
DA:92,0
DA:93,0
DA:94,0
DA:95,0
DA:97,0
DA:98,0
DA:103,0
DA:104,0
DA:105,0
DA:106,0
DA:107,0
DA:109,0
DA:110,0
LF:54
LH:16
BRDA:22,0,0,1
BRDA:22,0,1,0
BRDA:33,1,0,1
BRDA:33,1,1,1
BRDA:54,2,0,0
BRDA:54,2,1,0
BRDA:86,3,0,0
BRDA:86,3,1,0
BRDA:97,4,0,0
BRDA:97,4,1,0
BRDA:109,5,0,0
BRDA:109,5,1,0
BRF:12
BRH:3
end_of_record
TN:
SF:controllers\userFigurinhaController.js
FN:3,visitar
FNF:1
FNH:1
FNDA:2,visitar
DA:4,2
DA:5,2
DA:6,2
DA:8,2
DA:13,1
DA:15,1
LF:6
LH:6
BRF:0
BRH:0
end_of_record
TN:
SF:controllers\visitasPontoFigController.js
FN:3,visitarViaQr
FNF:1
FNH:1
FNDA:2,visitarViaQr
DA:4,2
DA:5,2
DA:7,2
DA:8,1
DA:11,1
DA:17,1
DA:20,0
LF:7
LH:6
BRDA:7,0,0,1
BRDA:7,0,1,1
BRDA:20,1,0,0
BRDA:20,1,1,0
BRDA:21,2,0,0
BRDA:21,2,1,0
BRF:6
BRH:2
end_of_record
TN:
SF:repositories\empresaRepository.js
FN:4,findAll
FN:12,findById
FN:21,findByUserId
FN:27,findByName
FN:34,create
FN:40,update
FN:47,deleteEmpresa
FN:53,countEventosByEmpresaId
FN:59,countEventosByEmpresaByMonth
FN:78,(anonymous_9)
FNF:10
FNH:4
FNDA:1,findAll
FNDA:1,findById
FNDA:0,findByUserId
FNDA:0,findByName
FNDA:0,create
FNDA:0,update
FNDA:0,deleteEmpresa
FNDA:0,countEventosByEmpresaId
FNDA:1,countEventosByEmpresaByMonth
FNDA:3,(anonymous_9)
DA:5,1
DA:13,1
DA:22,0
DA:28,0
DA:29,0
DA:35,0
DA:41,0
DA:48,0
DA:54,0
DA:60,1
DA:61,1
DA:62,1
DA:64,1
DA:77,1
DA:78,1
DA:79,3
DA:80,3
DA:81,3
DA:83,0
DA:84,0
DA:88,1
LF:21
LH:12
BRDA:28,0,0,0
BRDA:28,0,1,0
BRDA:60,1,0,1
BRDA:60,1,1,0
BRDA:79,2,0,3
BRDA:79,2,1,0
BRDA:84,3,0,0
BRDA:84,3,1,0
BRF:8
BRH:2
end_of_record
TN:
SF:repositories\enderecosRepository.js
FN:3,create
FN:9,findById
FNF:2
FNH:2
FNDA:1,create
FNDA:1,findById
DA:4,1
DA:10,1
LF:2
LH:2
BRF:0
BRH:0
end_of_record
TN:
SF:repositories\eventosRepository.js
FN:3,findAll
FN:12,findByEmpresaId
FN:29,findById
FN:45,create
FN:51,update
FN:64,deleteEvento
FNF:6
FNH:6
FNDA:1,findAll
FNDA:1,findByEmpresaId
FNDA:1,findById
FNDA:1,create
FNDA:1,update
FNDA:1,deleteEvento
DA:4,1
DA:13,1
DA:14,1
DA:15,1
DA:16,1
DA:19,0
DA:30,1
DA:31,1
DA:32,1
DA:33,1
DA:36,0
DA:46,1
DA:52,1
DA:53,0
DA:54,0
DA:55,0
DA:58,1
DA:65,1
DA:66,0
DA:67,0
DA:68,0
DA:71,1
LF:22
LH:14
BRDA:13,0,0,1
BRDA:13,0,1,0
BRDA:30,1,0,1
BRDA:30,1,1,0
BRDA:52,2,0,0
BRDA:52,2,1,1
BRDA:65,3,0,0
BRDA:65,3,1,1
BRF:8
BRH:4
end_of_record
TN:
SF:repositories\figurinhasRepository.js
FN:3,createFigurinha
FN:9,findAllFigurinha
FN:17,findById
FN:25,updateFigurinha
FN:34,removeFigurinha
FNF:5
FNH:3
FNDA:1,createFigurinha
FNDA:1,findAllFigurinha
FNDA:1,findById
FNDA:0,updateFigurinha
FNDA:0,removeFigurinha
DA:4,1
DA:10,1
DA:18,1
DA:26,0
DA:35,0
LF:5
LH:3
BRF:0
BRH:0
end_of_record
TN:
SF:repositories\minhasFigurinhasRepository.js
FN:3,listarPorUsuario
FNF:1
FNH:1
FNDA:1,listarPorUsuario
DA:4,1
LF:1
LH:1
BRF:0
BRH:0
end_of_record
TN:
SF:repositories\pontosTuristicosRepository.js
FN:3,listarTodos
FN:21,findById
FN:47,criarPonto
FN:53,atualizarPonto
FN:60,deletarPonto
FNF:5
FNH:2
FNDA:1,listarTodos
FNDA:0,findById
FNDA:0,criarPonto
FNDA:0,atualizarPonto
FNDA:1,deletarPonto
DA:4,1
DA:22,0
DA:23,0
DA:24,0
DA:25,0
DA:28,0
DA:48,0
DA:54,0
DA:61,1
DA:62,1
DA:66,1
DA:67,1
DA:69,0
LF:13
LH:5
BRDA:22,0,0,0
BRDA:22,0,1,0
BRDA:66,1,0,1
BRDA:66,1,1,0
BRF:4
BRH:1
end_of_record
TN:
SF:repositories\qrCodeRepository.js
FN:3,criar
FN:12,findByToken
FN:21,findByPontoId
FNF:3
FNH:3
FNDA:1,criar
FNDA:1,findByToken
FNDA:1,findByPontoId
DA:4,1
DA:13,1
DA:22,1
LF:3
LH:3
BRF:0
BRH:0
end_of_record
TN:
SF:repositories\qrCodepdfRepository.js
FN:3,findByPontoId
FN:10,updateArquivos
FNF:2
FNH:1
FNDA:1,findByPontoId
FNDA:0,updateArquivos
DA:4,1
DA:11,0
LF:2
LH:1
BRF:0
BRH:0
end_of_record
TN:
SF:repositories\recompensasRepository.js
FN:3,findAllByEmpresa
FN:31,findById
FN:46,create
FN:52,update
FN:65,deleteRecompensa
FN:77,updateImagem
FNF:6
FNH:2
FNDA:2,findAllByEmpresa
FNDA:2,findById
FNDA:0,create
FNDA:0,update
FNDA:0,deleteRecompensa
FNDA:0,updateImagem
DA:4,2
DA:11,2
DA:12,2
DA:23,0
DA:32,2
DA:33,2
DA:34,2
DA:35,2
DA:38,0
DA:47,0
DA:53,0
DA:54,0
DA:55,0
DA:56,0
DA:59,0
DA:66,0
DA:67,0
DA:68,0
DA:69,0
DA:72,0
DA:78,0
LF:21
LH:7
BRDA:11,0,0,2
BRDA:11,0,1,0
BRDA:32,1,0,2
BRDA:32,1,1,0
BRDA:53,2,0,0
BRDA:53,2,1,0
BRDA:66,3,0,0
BRDA:66,3,1,0
BRF:8
BRH:2
end_of_record
TN:
SF:repositories\resgatesRepository.js
FN:3,create
FN:9,findByUsuario
FNF:2
FNH:1
FNDA:1,create
FNDA:0,findByUsuario
DA:4,1
DA:10,0
LF:2
LH:1
BRF:0
BRH:0
end_of_record
TN:
SF:repositories\userFigurinhaRepository.js
FN:3,create
FN:16,findByUsuarioEFigurinha
FN:25,findAllByUsuario
FNF:3
FNH:2
FNDA:1,create
FNDA:1,findByUsuarioEFigurinha
FNDA:0,findAllByUsuario
DA:4,1
DA:17,1
DA:26,0
LF:3
LH:2
BRF:0
BRH:0
end_of_record
TN:
SF:repositories\userRepository.js
FN:4,findById
FN:20,updateMe
FNF:2
FNH:2
FNDA:1,findById
FNDA:1,updateMe
DA:5,1
DA:21,1
LF:2
LH:2
BRF:0
BRH:0
end_of_record
TN:
SF:services\dashboardAdmService.js
FN:3,dashboardAdmin
FN:41,getVisitasPorPonto
FN:56,(anonymous_2)
FN:63,(anonymous_3)
FN:66,getVisitasPorPeriodo
FN:96,(anonymous_5)
FN:106,(anonymous_6)
FN:110,(anonymous_7)
FNF:8
FNH:3
FNDA:1,dashboardAdmin
FNDA:0,getVisitasPorPonto
FNDA:0,(anonymous_2)
FNDA:0,(anonymous_3)
FNDA:1,getVisitasPorPeriodo
FNDA:0,(anonymous_5)
FNDA:1,(anonymous_6)
FNDA:0,(anonymous_7)
DA:14,1
DA:28,1
DA:42,0
DA:56,0
DA:63,0
DA:67,1
DA:68,1
DA:69,1
DA:71,1
DA:72,1
DA:74,1
DA:89,1
DA:90,1
DA:91,1
DA:92,1
DA:93,1
DA:94,1
DA:96,1
DA:97,0
DA:98,0
DA:99,0
DA:100,0
DA:105,1
DA:106,1
DA:110,0
LF:25
LH:17
BRDA:20,0,0,0
BRDA:20,0,1,1
BRDA:34,1,0,1
BRDA:34,1,1,1
BRDA:34,1,2,0
BRDA:34,1,3,1
BRDA:34,2,0,1
BRDA:34,2,1,0
BRDA:36,3,0,1
BRDA:36,3,1,0
BRDA:59,4,0,0
BRDA:59,4,1,0
BRDA:60,5,0,0
BRDA:60,5,1,0
BRDA:66,6,0,0
BRDA:97,7,0,0
BRDA:97,7,1,0
BRDA:99,8,0,0
BRDA:99,8,1,0
BRF:19
BRH:6
end_of_record
TN:
SF:services\dashboardEmpresaService.js
FN:4,getDashboardEmpresa
FN:48,getResgatesRecentes
FN:59,(anonymous_2)
FN:73,getRecompensasPorEmpresa
FN:83,(anonymous_4)
FNF:5
FNH:1
FNDA:2,getDashboardEmpresa
FNDA:0,getResgatesRecentes
FNDA:0,(anonymous_2)
FNDA:0,getRecompensasPorEmpresa
FNDA:0,(anonymous_4)
DA:5,2
DA:9,2
DA:10,1
DA:11,1
DA:12,1
DA:20,1
DA:32,1
DA:36,1
DA:49,0
DA:59,0
DA:74,0
DA:83,0
LF:12
LH:8
BRDA:9,0,0,1
BRDA:9,0,1,1
BRDA:22,1,0,0
BRDA:22,1,1,1
BRDA:32,2,0,1
BRDA:32,2,1,0
BRDA:34,3,0,0
BRDA:34,3,1,0
BRDA:34,3,2,0
BRDA:34,3,3,0
BRDA:44,4,0,1
BRDA:44,4,1,1
BRDA:44,4,2,1
BRDA:44,4,3,0
BRDA:48,5,0,0
BRDA:61,6,0,0
BRDA:61,6,1,0
BRDA:63,7,0,0
BRDA:63,7,1,0
BRDA:65,8,0,0
BRDA:65,8,1,0
BRDA:86,9,0,0
BRDA:86,9,1,0
BRDA:87,10,0,0
BRDA:87,10,1,0
BRDA:89,11,0,0
BRDA:89,11,1,0
BRF:27
BRH:7
end_of_record
TN:
SF:services\dashboardUsuarioService.js
FN:4,getDashboardUsuario
FN:35,(anonymous_1)
FNF:2
FNH:1
FNDA:2,getDashboardUsuario
FNDA:0,(anonymous_1)
DA:5,2
DA:13,2
DA:14,1
DA:17,1
DA:21,1
DA:35,1
DA:45,1
LF:7
LH:7
BRDA:13,0,0,1
BRDA:13,0,1,1
BRDA:48,1,0,1
BRDA:48,1,1,0
BRF:4
BRH:3
end_of_record
TN:
SF:services\empresaService.js
FN:4,getAll
FN:8,getById
FN:20,create
FN:43,update
FN:61,deleteEmpresa
FN:66,countEventos
FN:72,countEventosByUser
FN:84,countEventosByMonth
FN:90,countMeEventosByMonth
FN:102,getMeEventos
FNF:10
FNH:5
FNDA:0,getAll
FNDA:4,getById
FNDA:2,create
FNDA:0,update
FNDA:0,deleteEmpresa
FNDA:2,countEventos
FNDA:2,countEventosByUser
FNDA:0,countEventosByMonth
FNDA:0,countMeEventosByMonth
FNDA:2,getMeEventos
DA:5,0
DA:9,4
DA:11,4
DA:12,2
DA:13,2
DA:14,2
DA:17,2
DA:26,2
DA:28,2
DA:29,2
DA:30,2
DA:31,2
DA:34,0
DA:44,0
DA:51,0
DA:53,0
DA:62,0
DA:63,0
DA:67,2
DA:68,2
DA:69,2
DA:73,2
DA:74,2
DA:75,2
DA:76,2
DA:77,2
DA:80,0
DA:81,0
DA:85,0
DA:86,0
DA:87,0
DA:91,0
DA:92,0
DA:93,0
DA:94,0
DA:95,0
DA:98,0
DA:99,0
DA:103,2
DA:104,2
DA:105,0
DA:106,0
DA:107,0
DA:110,2
DA:111,2
LF:45
LH:23
BRDA:11,0,0,2
BRDA:11,0,1,2
BRDA:28,1,0,2
BRDA:28,1,1,0
BRDA:28,2,0,2
BRDA:28,2,1,1
BRDA:28,2,2,0
BRDA:28,2,3,0
BRDA:57,3,0,0
BRDA:57,3,1,0
BRDA:74,4,0,2
BRDA:74,4,1,0
BRDA:84,5,0,0
BRDA:90,6,0,0
BRDA:92,7,0,0
BRDA:92,7,1,0
BRDA:104,8,0,0
BRDA:104,8,1,2
BRF:18
BRH:7
end_of_record
TN:
SF:services\eventosService.js
FN:4,getAll
FN:8,getById
FN:20,create
FN:77,parseEndereco
FN:78,(anonymous_4)
FN:133,update
FN:174,deleteEvento
FNF:7
FNH:5
FNDA:0,getAll
FNDA:3,getById
FNDA:2,create
FNDA:1,parseEndereco
FNDA:5,(anonymous_4)
FNDA:0,update
FNDA:2,deleteEvento
DA:5,0
DA:9,3
DA:11,3
DA:12,1
DA:13,1
DA:14,1
DA:17,2
DA:30,2
DA:32,2
DA:33,1
DA:34,1
DA:35,1
DA:37,1
DA:39,1
DA:40,1
DA:42,1
DA:43,0
DA:44,0
DA:45,0
DA:48,1
DA:49,1
DA:52,1
DA:53,0
DA:54,0
DA:55,0
DA:57,1
DA:59,1
DA:63,1
DA:72,1
DA:74,1
DA:78,5
DA:80,1
DA:81,1
DA:82,1
DA:83,1
DA:84,1
DA:86,1
DA:87,1
DA:88,1
DA:89,1
DA:90,1
DA:94,1
DA:95,1
DA:96,1
DA:97,1
DA:98,1
DA:102,1
DA:103,1
DA:106,1
DA:107,1
DA:110,1
DA:112,1
DA:113,1
DA:115,1
DA:116,1
DA:117,1
DA:118,1
DA:119,1
DA:123,1
DA:134,0
DA:145,0
DA:147,0
DA:149,0
DA:153,0
DA:154,0
DA:155,0
DA:156,0
DA:157,0
DA:160,0
DA:169,0
DA:171,0
DA:175,2
DA:176,2
DA:177,0
DA:178,0
DA:179,0
DA:182,2
DA:183,1
DA:186,1
DA:187,0
DA:190,1
DA:191,1
DA:192,1
LF:83
LH:60
BRDA:11,0,0,1
BRDA:11,0,1,2
BRDA:32,1,0,1
BRDA:32,1,1,1
BRDA:32,2,0,2
BRDA:32,2,1,2
BRDA:32,2,2,1
BRDA:39,3,0,1
BRDA:39,3,1,0
BRDA:39,4,0,1
BRDA:39,4,1,1
BRDA:42,5,0,0
BRDA:42,5,1,1
BRDA:42,6,0,1
BRDA:42,6,1,1
BRDA:42,6,2,1
BRDA:52,7,0,0
BRDA:52,7,1,1
BRDA:59,8,0,0
BRDA:59,8,1,1
BRDA:72,9,0,0
BRDA:72,9,1,1
BRDA:86,10,0,1
BRDA:86,10,1,0
BRDA:88,11,0,1
BRDA:88,11,1,0
BRDA:94,12,0,1
BRDA:94,12,1,0
BRDA:96,13,0,1
BRDA:96,13,1,0
BRDA:102,14,0,1
BRDA:102,14,1,0
BRDA:106,15,0,1
BRDA:106,15,1,0
BRDA:112,16,0,1
BRDA:112,16,1,0
BRDA:115,17,0,1
BRDA:115,17,1,0
BRDA:117,18,0,1
BRDA:117,18,1,0
BRDA:124,19,0,1
BRDA:124,19,1,0
BRDA:125,20,0,1
BRDA:125,20,1,0
BRDA:126,21,0,1
BRDA:126,21,1,0
BRDA:127,22,0,1
BRDA:127,22,1,0
BRDA:128,23,0,1
BRDA:128,23,1,0
BRDA:129,24,0,1
BRDA:129,24,1,0
BRDA:147,25,0,0
BRDA:147,25,1,0
BRDA:149,26,0,0
BRDA:149,26,1,0
BRDA:154,27,0,0
BRDA:154,27,1,0
BRDA:154,28,0,0
BRDA:154,28,1,0
BRDA:165,29,0,0
BRDA:165,29,1,0
BRDA:166,30,0,0
BRDA:166,30,1,0
BRDA:169,31,0,0
BRDA:169,31,1,0
BRDA:176,32,0,0
BRDA:176,32,1,2
BRDA:182,33,0,1
BRDA:182,33,1,1
BRDA:186,34,0,0
BRDA:186,34,1,1
BRDA:186,35,0,1
BRDA:186,35,1,1
BRF:74
BRH:38
end_of_record
TN:
SF:services\figurinhasService.js
FN:3,createFigurinha
FN:7,findAllFigurinha
FN:11,findById
FN:21,updateFigurinha
FN:25,removeFigurinha
FNF:5
FNH:3
FNDA:1,createFigurinha
FNDA:1,findAllFigurinha
FNDA:1,findById
FNDA:0,updateFigurinha
FNDA:0,removeFigurinha
DA:4,1
DA:8,1
DA:12,1
DA:14,1
DA:15,1
DA:18,0
DA:22,0
DA:26,0
LF:8
LH:5
BRDA:14,0,0,1
BRDA:14,0,1,0
BRF:2
BRH:1
end_of_record
TN:
SF:services\minhasFigurinhasService.js
FN:4,listarPorUsuario
FN:12,(anonymous_1)
FN:15,(anonymous_2)
FNF:3
FNH:3
FNDA:1,listarPorUsuario
FNDA:1,(anonymous_1)
FNDA:1,(anonymous_2)
DA:6,1
DA:9,1
DA:11,1
DA:12,1
DA:15,1
DA:20,1
LF:6
LH:6
BRF:0
BRH:0
end_of_record
TN:
SF:services\pontosTuristicosService.js
FN:4,listarPublico
FN:8,getById
FN:18,criarPonto
FN:40,atualizarPonto
FN:44,deletarPonto
FNF:5
FNH:3
FNDA:1,listarPublico
FNDA:0,getById
FNDA:2,criarPonto
FNDA:0,atualizarPonto
FNDA:2,deletarPonto
DA:5,1
DA:9,0
DA:10,0
DA:11,0
DA:12,0
DA:13,0
DA:15,0
DA:19,2
DA:20,2
DA:21,2
DA:22,2
DA:23,1
DA:28,1
DA:29,1
DA:32,0
DA:33,0
DA:34,0
DA:35,0
DA:36,0
DA:41,0
DA:45,2
DA:46,2
DA:47,1
LF:23
LH:11
BRDA:10,0,0,0
BRDA:10,0,1,0
BRDA:28,1,0,1
BRDA:28,1,1,0
BRDA:28,2,0,1
BRDA:28,2,1,1
BRDA:32,3,0,0
BRDA:32,3,1,0
BRDA:32,4,0,0
BRDA:32,4,1,0
BRDA:33,5,0,0
BRDA:33,5,1,0
BRDA:34,6,0,0
BRDA:34,6,1,0
BRDA:35,7,0,0
BRDA:35,7,1,0
BRDA:46,8,0,1
BRDA:46,8,1,1
BRF:18
BRH:5
end_of_record
TN:
SF:services\qrCodePDFService.js
FN:8,gerarArquivosQr
FNF:1
FNH:1
FNDA:1,gerarArquivosQr
DA:9,1
DA:11,1
DA:12,0
DA:15,1
DA:19,1
DA:20,0
DA:23,1
DA:25,1
DA:26,1
DA:28,1
DA:29,1
DA:31,1
DA:32,1
DA:34,1
DA:35,1
DA:37,1
DA:39,1
DA:40,1
DA:42,1
DA:43,1
DA:44,1
DA:46,1
DA:47,1
DA:49,1
DA:50,1
DA:51,1
DA:54,1
DA:55,1
DA:56,1
DA:57,1
DA:58,1
DA:59,1
DA:60,1
DA:63,1
DA:64,1
DA:66,1
DA:68,1
DA:74,1
LF:38
LH:36
BRDA:11,0,0,0
BRDA:11,0,1,1
BRDA:19,1,0,0
BRDA:19,1,1,1
BRF:4
BRH:2
end_of_record
TN:
SF:services\qrCodeService.js
FN:9,criarQrCode
FN:53,(anonymous_1)
FN:153,criarQrCodesParaTodosPontos
FNF:3
FNH:2
FNDA:3,criarQrCode
FNDA:2,(anonymous_1)
FNDA:0,criarQrCodesParaTodosPontos
DA:11,3
DA:15,3
DA:16,1
DA:19,2
DA:26,2
DA:27,1
DA:28,1
DA:30,1
DA:33,2
DA:35,2
DA:36,2
DA:38,2
DA:39,2
DA:41,2
DA:42,2
DA:44,2
DA:50,2
DA:51,2
DA:53,2
DA:54,2
DA:55,2
DA:56,2
DA:58,2
DA:61,2
DA:62,2
DA:63,0
DA:64,0
DA:65,0
DA:66,0
DA:67,0
DA:72,0
DA:73,0
DA:75,0
DA:79,2
DA:81,2
DA:84,2
DA:85,2
DA:90,2
DA:92,2
DA:94,2
DA:95,2
DA:97,2
DA:98,2
DA:99,2
DA:100,2
DA:102,2
DA:104,2
DA:107,2
DA:109,2
DA:111,2
DA:113,2
DA:114,2
DA:117,2
DA:119,2
DA:120,2
DA:124,2
DA:125,1
DA:133,1
DA:143,2
DA:154,0
DA:160,0
DA:161,0
DA:163,0
DA:164,0
DA:165,0
DA:166,0
DA:173,0
DA:181,0
LF:68
LH:51
BRDA:15,0,0,1
BRDA:15,0,1,2
BRDA:26,1,0,1
BRDA:26,1,1,1
BRDA:33,2,0,2
BRDA:33,2,1,2
BRDA:62,3,0,0
BRDA:62,3,1,2
BRDA:124,4,0,1
BRDA:124,4,1,1
BRDA:149,5,0,1
BRDA:149,5,1,1
BRF:12
BRH:11
end_of_record
TN:
SF:services\recompensasService.js
FN:3,getAllByEmpresa
FN:7,getById
FN:17,create
FN:54,update
FN:87,deleteRecompensa
FN:92,updateImagem
FNF:6
FNH:2
FNDA:0,getAllByEmpresa
FNDA:1,getById
FNDA:2,create
FNDA:0,update
FNDA:0,deleteRecompensa
FNDA:0,updateImagem
DA:4,0
DA:8,1
DA:10,1
DA:11,1
DA:14,0
DA:25,2
DA:27,2
DA:28,1
DA:31,1
DA:32,1
DA:34,1
DA:35,0
DA:37,1
DA:38,0
DA:41,1
DA:49,1
DA:51,1
DA:55,0
DA:63,0
DA:65,0
DA:66,0
DA:68,0
DA:69,0
DA:71,0
DA:72,0
DA:75,0
DA:82,0
DA:84,0
DA:88,0
DA:89,0
DA:93,0
DA:94,0
LF:32
LH:13
BRDA:10,0,0,1
BRDA:10,0,1,0
BRDA:27,1,0,1
BRDA:27,1,1,1
BRDA:27,2,0,2
BRDA:27,2,1,2
BRDA:27,2,2,1
BRDA:31,3,0,1
BRDA:31,3,1,0
BRDA:32,4,0,1
BRDA:32,4,1,0
BRDA:34,5,0,0
BRDA:34,5,1,1
BRDA:34,6,0,1
BRDA:34,6,1,1
BRDA:37,7,0,0
BRDA:37,7,1,1
BRDA:37,8,0,1
BRDA:37,8,1,1
BRDA:49,9,0,0
BRDA:49,9,1,1
BRDA:65,10,0,0
BRDA:65,10,1,0
BRDA:66,11,0,0
BRDA:66,11,1,0
BRDA:68,12,0,0
BRDA:68,12,1,0
BRDA:68,13,0,0
BRDA:68,13,1,0
BRDA:71,14,0,0
BRDA:71,14,1,0
BRDA:71,15,0,0
BRDA:71,15,1,0
BRDA:82,16,0,0
BRDA:82,16,1,0
BRF:35
BRH:15
end_of_record
TN:
SF:services\resgatesService.js
FN:4,resgatarRecompensa
FN:37,(anonymous_1)
FN:68,listarMeusResgates
FNF:3
FNH:3
FNDA:6,resgatarRecompensa
FNDA:1,(anonymous_1)
FNDA:1,listarMeusResgates
DA:6,6
DA:7,1
DA:13,5
DA:17,5
DA:18,1
DA:21,4
DA:22,1
DA:25,3
DA:29,3
DA:30,1
DA:33,2
DA:34,1
DA:37,1
DA:39,1
DA:46,1
DA:53,1
DA:62,1
DA:69,1
LF:18
LH:18
BRDA:6,0,0,1
BRDA:6,0,1,5
BRDA:17,1,0,1
BRDA:17,1,1,4
BRDA:21,2,0,1
BRDA:21,2,1,3
BRDA:29,3,0,1
BRDA:29,3,1,2
BRDA:33,4,0,1
BRDA:33,4,1,1
BRF:10
BRH:10
end_of_record
TN:
SF:services\userService.js
FN:8,login
FN:37,cadastrar
FN:76,getById
FN:88,updateMe
FN:116,logout
FN:130,getAllUsers
FN:149,forgotPassword
FN:167,resetPassword
FN:185,changePassword
FNF:9
FNH:8
FNDA:3,login
FNDA:4,cadastrar
FNDA:2,getById
FNDA:2,updateMe
FNDA:1,logout
FNDA:1,getAllUsers
FNDA:2,forgotPassword
FNDA:1,resetPassword
FNDA:0,changePassword
DA:9,3
DA:13,3
DA:14,1
DA:17,2
DA:19,2
DA:20,1
DA:23,1
DA:32,1
DA:34,1
DA:38,4
DA:40,4
DA:41,1
DA:44,3
DA:45,3
DA:46,1
DA:52,2
DA:56,2
DA:57,1
DA:60,1
DA:62,1
DA:71,1
DA:72,1
DA:77,2
DA:81,2
DA:83,1
DA:84,1
DA:90,2
DA:91,2
DA:92,2
DA:94,2
DA:95,1
DA:98,2
DA:99,2
DA:104,1
DA:105,1
DA:108,1
DA:109,1
DA:111,0
DA:117,1
DA:118,1
DA:120,1
DA:127,1
DA:131,1
DA:146,1
DA:150,2
DA:152,2
DA:153,2
DA:154,1
DA:157,1
DA:159,1
DA:160,1
DA:162,0
DA:164,1
DA:168,1
DA:170,1
DA:171,1
DA:173,1
DA:175,1
DA:180,1
DA:182,1
DA:186,0
DA:187,0
DA:190,0
DA:194,0
DA:195,0
DA:198,0
DA:200,0
DA:201,0
DA:204,0
DA:206,0
DA:211,0
LF:71
LH:58
BRDA:13,0,0,1
BRDA:13,0,1,2
BRDA:19,1,0,1
BRDA:19,1,1,1
BRDA:40,2,0,1
BRDA:40,2,1,3
BRDA:40,3,0,4
BRDA:40,3,1,4
BRDA:40,3,2,3
BRDA:45,4,0,1
BRDA:45,4,1,2
BRDA:56,5,0,1
BRDA:56,5,1,1
BRDA:81,6,0,1
BRDA:81,6,1,1
BRDA:94,7,0,1
BRDA:94,7,1,1
BRDA:108,8,0,1
BRDA:108,8,1,0
BRDA:150,9,0,0
BRDA:150,9,1,2
BRDA:153,10,0,1
BRDA:153,10,1,1
BRDA:168,11,0,0
BRDA:168,11,1,1
BRDA:168,12,0,1
BRDA:168,12,1,1
BRDA:171,13,0,0
BRDA:171,13,1,1
BRDA:186,14,0,0
BRDA:186,14,1,0
BRDA:186,15,0,0
BRDA:186,15,1,0
BRDA:194,16,0,0
BRDA:194,16,1,0
BRDA:200,17,0,0
BRDA:200,17,1,0
BRF:37
BRH:25
end_of_record
TN:
SF:services\visitasPontoFigService.js
FN:3,visitarViaQr
FNF:1
FNH:1
FNDA:2,visitarViaQr
DA:5,2
DA:6,1
DA:12,1
DA:23,1
DA:24,1
DA:27,0
DA:29,0
DA:30,0
DA:33,0
DA:40,0
DA:41,0
DA:47,0
DA:54,0
DA:63,0
LF:14
LH:5
BRDA:5,0,0,1
BRDA:5,0,1,1
BRDA:23,1,0,1
BRDA:23,1,1,0
BRDA:29,2,0,0
BRDA:29,2,1,0
BRDA:40,3,0,0
BRDA:40,3,1,0
BRF:8
BRH:3
end_of_record
TN:
SF:utils\bcrypt.js
FN:18,hashPassword
FN:30,comparePassword
FNF:2
FNH:2
FNDA:2,hashPassword
FNDA:1,comparePassword
DA:4,1
DA:5,1
DA:7,1
DA:8,1
DA:10,1
DA:11,1
DA:19,2
DA:20,1
DA:21,1
DA:31,1
DA:32,1
DA:33,1
LF:12
LH:12
BRDA:8,0,0,0
BRDA:8,0,1,1
BRDA:8,1,0,1
BRDA:8,1,1,0
BRDA:11,2,0,1
BRDA:11,2,1,0
BRDA:11,3,0,1
BRDA:11,3,1,1
BRDA:19,4,0,1
BRDA:19,4,1,1
BRDA:20,5,0,0
BRDA:20,5,1,1
BRDA:31,6,0,0
BRDA:31,6,1,1
BRDA:32,7,0,0
BRDA:32,7,1,1
BRF:16
BRH:10
end_of_record
TN:
SF:utils\email.js
FN:21,sendResetPasswordEmail
FNF:1
FNH:1
FNDA:2,sendResetPasswordEmail
DA:3,6
DA:4,6
DA:5,6
DA:6,6
DA:7,6
DA:10,6
DA:11,1
DA:18,5
DA:22,2
DA:23,2
DA:25,2
DA:26,2
DA:27,2
DA:29,2
DA:31,1
DA:34,1
DA:35,1
DA:43,1
DA:45,0
DA:46,0
LF:20
LH:18
BRDA:7,0,0,6
BRDA:7,0,1,6
BRDA:10,1,0,1
BRDA:10,1,1,5
BRDA:10,2,0,6
BRDA:10,2,1,1
BRDA:10,2,2,1
BRDA:10,2,3,1
BRDA:22,3,0,2
BRDA:22,3,1,2
BRDA:29,4,0,1
BRDA:29,4,1,1
BRF:12
BRH:12
end_of_record
TN:
SF:utils\imageUrl.js
FN:1,buildImageUrl
FNF:1
FNH:1
FNDA:5,buildImageUrl
DA:2,5
DA:3,4
DA:4,4
DA:5,4
DA:6,4
DA:7,4
DA:8,0
LF:7
LH:6
BRDA:2,0,0,1
BRDA:2,0,1,4
BRDA:4,1,0,0
BRDA:4,1,1,4
BRDA:4,2,0,4
BRDA:4,2,1,4
BRDA:4,2,2,4
BRDA:5,3,0,4
BRDA:5,3,1,0
BRDA:6,4,0,0
BRDA:6,4,1,4
BRDA:6,5,0,0
BRDA:6,5,1,0
BRDA:7,6,0,4
BRDA:7,6,1,0
BRF:15
BRH:9
end_of_record
TN:
SF:utils\jwt.js
FN:6,sign
FN:11,verify
FN:16,decode
FNF:3
FNH:2
FNDA:1,sign
FNDA:1,verify
FNDA:0,decode
DA:3,1
DA:4,1
DA:7,1
DA:8,1
DA:12,1
DA:13,0
DA:17,0
LF:7
LH:5
BRDA:3,0,0,1
BRDA:3,0,1,0
BRDA:4,1,0,1
BRDA:4,1,1,1
BRDA:6,2,0,1
BRDA:7,3,0,1
BRDA:7,3,1,1
BRDA:7,4,0,1
BRDA:7,4,1,1
BRDA:12,5,0,1
BRDA:12,5,1,0
BRF:11
BRH:9
end_of_record
TN:
SF:utils\resetTokens.js
FN:7,readStore
FN:16,writeStore
FN:21,createToken
FN:31,findToken
FN:33,(anonymous_4)
FN:39,removeToken
FN:41,(anonymous_6)
FNF:7
FNH:4
FNDA:2,readStore
FNDA:1,writeStore
FNDA:1,createToken
FNDA:1,findToken
FNDA:0,(anonymous_4)
FNDA:0,removeToken
FNDA:0,(anonymous_6)
DA:5,5
DA:8,2
DA:9,2
DA:10,1
DA:12,1
DA:17,1
DA:18,1
DA:22,1
DA:23,1
DA:25,1
DA:26,1
DA:27,1
DA:28,1
DA:32,1
DA:33,1
DA:34,1
DA:35,0
DA:36,0
DA:40,0
DA:41,0
DA:42,0
LF:21
LH:16
BRDA:10,0,0,1
BRDA:10,0,1,0
BRDA:21,1,0,0
BRDA:34,2,0,1
BRDA:34,2,1,0
BRDA:35,3,0,0
BRDA:35,3,1,0
BRF:7
BRH:2
end_of_record
TN:
SF:utils\response.js
FN:1,success
FN:5,error
FNF:2
FNH:2
FNDA:1,success
FNDA:1,error
DA:2,1
DA:6,1
LF:2
LH:2
BRDA:1,0,0,0
BRDA:1,1,0,0
BRDA:5,2,0,0
BRDA:5,3,0,0
BRDA:5,4,0,0
BRF:5
BRH:0
end_of_record
